[0.399s] Invoking command in '/home/fljv/sim/EiRT-AscenD-Robotics/ros2_ws/src/dronehive': AMENT_PREFIX_PATH=/home/fljv/Desktop/new/off_b/EiRT-AscenD-Robotics/ros2_ws/install/dronehive_interfaces:${AMENT_PREFIX_PATH} CMAKE_PREFIX_PATH=/home/fljv/sim/EiRT-AscenD-Robotics/ros2_ws/install/dronehive_interfaces:/home/fljv/sim/EiRT-AscenD-Robotics/ros2_ws/install/hmi_backend LD_LIBRARY_PATH=/home/fljv/Desktop/new/off_b/EiRT-AscenD-Robotics/ros2_ws/install/dronehive_interfaces/lib:${LD_LIBRARY_PATH} PYTHONPATH=/home/fljv/sim/EiRT-AscenD-Robotics/ros2_ws/build/dronehive/prefix_override:/usr/lib/python3/dist-packages/colcon_core/task/python/colcon_distutils_commands:/home/fljv/sim/EiRT-AscenD-Robotics/ros2_ws/install/dronehive/lib/python3.10/site-packages:/home/fljv/Desktop/new/off_b/EiRT-AscenD-Robotics/ros2_ws/install/dronehive_interfaces/local/lib/python3.10/dist-packages:${PYTHONPATH} /usr/bin/python3 -W ignore:setup.py install is deprecated -W ignore:easy_install command is deprecated setup.py egg_info --egg-base ../../build/dronehive build --build-base /home/fljv/sim/EiRT-AscenD-Robotics/ros2_ws/build/dronehive/build install --record /home/fljv/sim/EiRT-AscenD-Robotics/ros2_ws/build/dronehive/install.log --single-version-externally-managed install_data
[0.558s] running egg_info
[0.558s] writing ../../build/dronehive/dronehive.egg-info/PKG-INFO
[0.558s] writing dependency_links to ../../build/dronehive/dronehive.egg-info/dependency_links.txt
[0.558s] writing entry points to ../../build/dronehive/dronehive.egg-info/entry_points.txt
[0.559s] writing requirements to ../../build/dronehive/dronehive.egg-info/requires.txt
[0.559s] writing top-level names to ../../build/dronehive/dronehive.egg-info/top_level.txt
[0.560s] reading manifest file '../../build/dronehive/dronehive.egg-info/SOURCES.txt'
[0.560s] writing manifest file '../../build/dronehive/dronehive.egg-info/SOURCES.txt'
[0.560s] running build
[0.561s] running build_py
[0.561s] copying dronehive/slave_box/slave.py -> /home/fljv/sim/EiRT-AscenD-Robotics/ros2_ws/build/dronehive/build/lib/dronehive/slave_box
[0.561s] copying dronehive/master_box/master.py -> /home/fljv/sim/EiRT-AscenD-Robotics/ros2_ws/build/dronehive/build/lib/dronehive/master_box
[0.561s] running install
[0.561s] running install_lib
[0.562s] copying /home/fljv/sim/EiRT-AscenD-Robotics/ros2_ws/build/dronehive/build/lib/dronehive/slave_box/slave.py -> /home/fljv/sim/EiRT-AscenD-Robotics/ros2_ws/install/dronehive/lib/python3.10/site-packages/dronehive/slave_box
[0.562s] copying /home/fljv/sim/EiRT-AscenD-Robotics/ros2_ws/build/dronehive/build/lib/dronehive/master_box/master.py -> /home/fljv/sim/EiRT-AscenD-Robotics/ros2_ws/install/dronehive/lib/python3.10/site-packages/dronehive/master_box
[0.563s] byte-compiling /home/fljv/sim/EiRT-AscenD-Robotics/ros2_ws/install/dronehive/lib/python3.10/site-packages/dronehive/slave_box/slave.py to slave.cpython-310.pyc
[0.565s] byte-compiling /home/fljv/sim/EiRT-AscenD-Robotics/ros2_ws/install/dronehive/lib/python3.10/site-packages/dronehive/master_box/master.py to master.cpython-310.pyc
[0.568s] running install_data
[0.568s] running install_egg_info
[0.569s] removing '/home/fljv/sim/EiRT-AscenD-Robotics/ros2_ws/install/dronehive/lib/python3.10/site-packages/dronehive-0.0.0-py3.10.egg-info' (and everything under it)
[0.569s] Copying ../../build/dronehive/dronehive.egg-info to /home/fljv/sim/EiRT-AscenD-Robotics/ros2_ws/install/dronehive/lib/python3.10/site-packages/dronehive-0.0.0-py3.10.egg-info
[0.570s] running install_scripts
[0.583s] Installing box_node script to /home/fljv/sim/EiRT-AscenD-Robotics/ros2_ws/install/dronehive/lib/dronehive
[0.583s] Installing dummy_confirm script to /home/fljv/sim/EiRT-AscenD-Robotics/ros2_ws/install/dronehive/lib/dronehive
[0.583s] Installing dummy_drone script to /home/fljv/sim/EiRT-AscenD-Robotics/ros2_ws/install/dronehive/lib/dronehive
[0.583s] Installing offboard script to /home/fljv/sim/EiRT-AscenD-Robotics/ros2_ws/install/dronehive/lib/dronehive
[0.583s] Installing slave_node script to /home/fljv/sim/EiRT-AscenD-Robotics/ros2_ws/install/dronehive/lib/dronehive
[0.584s] writing list of installed files to '/home/fljv/sim/EiRT-AscenD-Robotics/ros2_ws/build/dronehive/install.log'
[0.599s] Invoked command in '/home/fljv/sim/EiRT-AscenD-Robotics/ros2_ws/src/dronehive' returned '0': AMENT_PREFIX_PATH=/home/fljv/Desktop/new/off_b/EiRT-AscenD-Robotics/ros2_ws/install/dronehive_interfaces:${AMENT_PREFIX_PATH} CMAKE_PREFIX_PATH=/home/fljv/sim/EiRT-AscenD-Robotics/ros2_ws/install/dronehive_interfaces:/home/fljv/sim/EiRT-AscenD-Robotics/ros2_ws/install/hmi_backend LD_LIBRARY_PATH=/home/fljv/Desktop/new/off_b/EiRT-AscenD-Robotics/ros2_ws/install/dronehive_interfaces/lib:${LD_LIBRARY_PATH} PYTHONPATH=/home/fljv/sim/EiRT-AscenD-Robotics/ros2_ws/build/dronehive/prefix_override:/usr/lib/python3/dist-packages/colcon_core/task/python/colcon_distutils_commands:/home/fljv/sim/EiRT-AscenD-Robotics/ros2_ws/install/dronehive/lib/python3.10/site-packages:/home/fljv/Desktop/new/off_b/EiRT-AscenD-Robotics/ros2_ws/install/dronehive_interfaces/local/lib/python3.10/dist-packages:${PYTHONPATH} /usr/bin/python3 -W ignore:setup.py install is deprecated -W ignore:easy_install command is deprecated setup.py egg_info --egg-base ../../build/dronehive build --build-base /home/fljv/sim/EiRT-AscenD-Robotics/ros2_ws/build/dronehive/build install --record /home/fljv/sim/EiRT-AscenD-Robotics/ros2_ws/build/dronehive/install.log --single-version-externally-managed install_data
