[0.223s] Invoking command in '/home/samuel/EiRT-AscenD-Robotics/build/hmi_backend': CMAKE_PREFIX_PATH=/home/samuel/EiRT-AscenD-Robotics/install/dronehive_interfaces:/home/samuel/EiRT-AscenD-Robotics/install/hmi_backend:/home/samuel/EiRT-AscenD-Robotics/install/hmi:/home/samuel/EiRT-AscenD-Robotics/ros2_ws/install/hmi_backend:/home/samuel/EiRT-AscenD-Robotics/ros2_ws/install/hmi:/home/samuel/EiRT-AscenD-Robotics/ros2_ws/install/dronehive_interfaces:/home/samuel/EiRT-AscenD-Robotics/install/dronehive:/home/samuel/EiRT-AscenD-Robotics/ros2_ws/install/dronehive:/opt/ros/humble /usr/bin/cmake --build /home/samuel/EiRT-AscenD-Robotics/build/hmi_backend -- -j16 -l16
[0.267s] [ 20%] [34m[1mAutomatic MOC for target backend_node[0m
[0.284s] [ 20%] Built target backend_node_autogen
[0.296s] [35m[1mConsolidate compiler generated dependencies of target backend_node[0m
[0.318s] [100%] Built target backend_node
[0.329s] Invoked command in '/home/samuel/EiRT-AscenD-Robotics/build/hmi_backend' returned '0': CMAKE_PREFIX_PATH=/home/samuel/EiRT-AscenD-Robotics/install/dronehive_interfaces:/home/samuel/EiRT-AscenD-Robotics/install/hmi_backend:/home/samuel/EiRT-AscenD-Robotics/install/hmi:/home/samuel/EiRT-AscenD-Robotics/ros2_ws/install/hmi_backend:/home/samuel/EiRT-AscenD-Robotics/ros2_ws/install/hmi:/home/samuel/EiRT-AscenD-Robotics/ros2_ws/install/dronehive_interfaces:/home/samuel/EiRT-AscenD-Robotics/install/dronehive:/home/samuel/EiRT-AscenD-Robotics/ros2_ws/install/dronehive:/opt/ros/humble /usr/bin/cmake --build /home/samuel/EiRT-AscenD-Robotics/build/hmi_backend -- -j16 -l16
[0.331s] Invoking command in '/home/samuel/EiRT-AscenD-Robotics/build/hmi_backend': CMAKE_PREFIX_PATH=/home/samuel/EiRT-AscenD-Robotics/install/dronehive_interfaces:/home/samuel/EiRT-AscenD-Robotics/install/hmi_backend:/home/samuel/EiRT-AscenD-Robotics/install/hmi:/home/samuel/EiRT-AscenD-Robotics/ros2_ws/install/hmi_backend:/home/samuel/EiRT-AscenD-Robotics/ros2_ws/install/hmi:/home/samuel/EiRT-AscenD-Robotics/ros2_ws/install/dronehive_interfaces:/home/samuel/EiRT-AscenD-Robotics/install/dronehive:/home/samuel/EiRT-AscenD-Robotics/ros2_ws/install/dronehive:/opt/ros/humble /usr/bin/cmake --install /home/samuel/EiRT-AscenD-Robotics/build/hmi_backend
[0.338s] -- Install configuration: ""
[0.338s] -- Up-to-date: /home/samuel/EiRT-AscenD-Robotics/install/hmi_backend/lib/hmi_backend/backend_node
[0.338s] -- Up-to-date: /home/samuel/EiRT-AscenD-Robotics/install/hmi_backend/share/ament_index/resource_index/package_run_dependencies/hmi_backend
[0.338s] -- Up-to-date: /home/samuel/EiRT-AscenD-Robotics/install/hmi_backend/share/ament_index/resource_index/parent_prefix_path/hmi_backend
[0.338s] -- Up-to-date: /home/samuel/EiRT-AscenD-Robotics/install/hmi_backend/share/hmi_backend/environment/ament_prefix_path.sh
[0.338s] -- Up-to-date: /home/samuel/EiRT-AscenD-Robotics/install/hmi_backend/share/hmi_backend/environment/ament_prefix_path.dsv
[0.338s] -- Up-to-date: /home/samuel/EiRT-AscenD-Robotics/install/hmi_backend/share/hmi_backend/environment/path.sh
[0.338s] -- Up-to-date: /home/samuel/EiRT-AscenD-Robotics/install/hmi_backend/share/hmi_backend/environment/path.dsv
[0.338s] -- Up-to-date: /home/samuel/EiRT-AscenD-Robotics/install/hmi_backend/share/hmi_backend/local_setup.bash
[0.338s] -- Up-to-date: /home/samuel/EiRT-AscenD-Robotics/install/hmi_backend/share/hmi_backend/local_setup.sh
[0.338s] -- Up-to-date: /home/samuel/EiRT-AscenD-Robotics/install/hmi_backend/share/hmi_backend/local_setup.zsh
[0.338s] -- Up-to-date: /home/samuel/EiRT-AscenD-Robotics/install/hmi_backend/share/hmi_backend/local_setup.dsv
[0.338s] -- Installing: /home/samuel/EiRT-AscenD-Robotics/install/hmi_backend/share/hmi_backend/package.dsv
[0.339s] -- Up-to-date: /home/samuel/EiRT-AscenD-Robotics/install/hmi_backend/share/ament_index/resource_index/packages/hmi_backend
[0.339s] -- Up-to-date: /home/samuel/EiRT-AscenD-Robotics/install/hmi_backend/share/hmi_backend/cmake/hmi_backendConfig.cmake
[0.339s] -- Up-to-date: /home/samuel/EiRT-AscenD-Robotics/install/hmi_backend/share/hmi_backend/cmake/hmi_backendConfig-version.cmake
[0.339s] -- Up-to-date: /home/samuel/EiRT-AscenD-Robotics/install/hmi_backend/share/hmi_backend/package.xml
[0.341s] Invoked command in '/home/samuel/EiRT-AscenD-Robotics/build/hmi_backend' returned '0': CMAKE_PREFIX_PATH=/home/samuel/EiRT-AscenD-Robotics/install/dronehive_interfaces:/home/samuel/EiRT-AscenD-Robotics/install/hmi_backend:/home/samuel/EiRT-AscenD-Robotics/install/hmi:/home/samuel/EiRT-AscenD-Robotics/ros2_ws/install/hmi_backend:/home/samuel/EiRT-AscenD-Robotics/ros2_ws/install/hmi:/home/samuel/EiRT-AscenD-Robotics/ros2_ws/install/dronehive_interfaces:/home/samuel/EiRT-AscenD-Robotics/install/dronehive:/home/samuel/EiRT-AscenD-Robotics/ros2_ws/install/dronehive:/opt/ros/humble /usr/bin/cmake --install /home/samuel/EiRT-AscenD-Robotics/build/hmi_backend
