[0.082s] DEBUG:colcon:Command line arguments: ['/usr/bin/colcon', 'build']
[0.082s] DEBUG:colcon:Parsed command line arguments: Namespace(log_base=None, log_level=None, verb_name='build', build_base='build', install_base='install', merge_install=False, symlink_install=False, test_result_base=None, continue_on_error=False, executor='parallel', parallel_workers=16, event_handlers=None, ignore_user_meta=False, metas=['./colcon.meta'], base_paths=['.'], packages_ignore=None, packages_ignore_regex=None, paths=None, packages_up_to=None, packages_up_to_regex=None, packages_above=None, packages_above_and_dependencies=None, packages_above_depth=None, packages_select_by_dep=None, packages_skip_by_dep=None, packages_skip_up_to=None, packages_select_build_failed=False, packages_skip_build_finished=False, packages_select_test_failures=False, packages_skip_test_passed=False, packages_select=None, packages_skip=None, packages_select_regex=None, packages_skip_regex=None, packages_start=None, packages_end=None, allow_overriding=[], cmake_args=None, cmake_target=None, cmake_target_skip_unavailable=False, cmake_clean_cache=False, cmake_clean_first=False, cmake_force_configure=False, ament_cmake_args=None, catkin_cmake_args=None, catkin_skip_building_tests=False, mixin_files=None, mixin=None, verb_parser=<colcon_mixin.mixin.mixin_argument.MixinArgumentDecorator object at 0x77aaff36f220>, verb_extension=<colcon_core.verb.build.BuildVerb object at 0x77aaff4b8160>, main=<bound method BuildVerb.main of <colcon_core.verb.build.BuildVerb object at 0x77aaff4b8160>>, mixin_verb=('build',))
[0.216s] Level 1:colcon.colcon_core.package_discovery:discover_packages(colcon_meta) check parameters
[0.216s] Level 1:colcon.colcon_core.package_discovery:discover_packages(recursive) check parameters
[0.216s] Level 1:colcon.colcon_core.package_discovery:discover_packages(ignore) check parameters
[0.216s] Level 1:colcon.colcon_core.package_discovery:discover_packages(path) check parameters
[0.216s] Level 1:colcon.colcon_core.package_discovery:discover_packages(colcon_meta) discover
[0.216s] Level 1:colcon.colcon_core.package_discovery:discover_packages(recursive) discover
[0.216s] INFO:colcon.colcon_core.package_discovery:Crawling recursively for packages in '/home/samuel/EiRT-AscenD-Robotics/ros2_ws/src/hmi'
[0.216s] Level 1:colcon.colcon_core.package_identification:_identify(.) by extensions ['ignore', 'ignore_ament_install']
[0.216s] Level 1:colcon.colcon_core.package_identification:_identify(.) by extension 'ignore'
[0.216s] Level 1:colcon.colcon_core.package_identification:_identify(.) by extension 'ignore_ament_install'
[0.217s] Level 1:colcon.colcon_core.package_identification:_identify(.) by extensions ['colcon_pkg']
[0.217s] Level 1:colcon.colcon_core.package_identification:_identify(.) by extension 'colcon_pkg'
[0.217s] Level 1:colcon.colcon_core.package_identification:_identify(.) by extensions ['colcon_meta']
[0.217s] Level 1:colcon.colcon_core.package_identification:_identify(.) by extension 'colcon_meta'
[0.217s] Level 1:colcon.colcon_core.package_identification:_identify(.) by extensions ['ros']
[0.217s] Level 1:colcon.colcon_core.package_identification:_identify(.) by extension 'ros'
[0.227s] DEBUG:colcon.colcon_core.package_identification:Package '.' with type 'ros.ament_cmake' and name 'hmi'
[0.227s] Level 1:colcon.colcon_core.package_discovery:discover_packages(recursive) using defaults
[0.227s] Level 1:colcon.colcon_core.package_discovery:discover_packages(ignore) discover
[0.227s] Level 1:colcon.colcon_core.package_discovery:discover_packages(ignore) using defaults
[0.227s] Level 1:colcon.colcon_core.package_discovery:discover_packages(path) discover
[0.227s] Level 1:colcon.colcon_core.package_discovery:discover_packages(path) using defaults
[0.249s] Level 1:colcon.colcon_core.package_discovery:discover_packages(prefix_path) check parameters
[0.249s] Level 1:colcon.colcon_core.package_discovery:discover_packages(prefix_path) discover
[0.251s] DEBUG:colcon.colcon_installed_package_information.package_discovery:Found 284 installed packages in /opt/ros/humble
[0.252s] Level 1:colcon.colcon_core.package_discovery:discover_packages(prefix_path) using defaults
[0.280s] Level 5:colcon.colcon_core.verb:set package 'hmi' build argument 'cmake_args' from command line to 'None'
[0.280s] Level 5:colcon.colcon_core.verb:set package 'hmi' build argument 'cmake_target' from command line to 'None'
[0.280s] Level 5:colcon.colcon_core.verb:set package 'hmi' build argument 'cmake_target_skip_unavailable' from command line to 'False'
[0.280s] Level 5:colcon.colcon_core.verb:set package 'hmi' build argument 'cmake_clean_cache' from command line to 'False'
[0.280s] Level 5:colcon.colcon_core.verb:set package 'hmi' build argument 'cmake_clean_first' from command line to 'False'
[0.280s] Level 5:colcon.colcon_core.verb:set package 'hmi' build argument 'cmake_force_configure' from command line to 'False'
[0.280s] Level 5:colcon.colcon_core.verb:set package 'hmi' build argument 'ament_cmake_args' from command line to 'None'
[0.280s] Level 5:colcon.colcon_core.verb:set package 'hmi' build argument 'catkin_cmake_args' from command line to 'None'
[0.280s] Level 5:colcon.colcon_core.verb:set package 'hmi' build argument 'catkin_skip_building_tests' from command line to 'False'
[0.280s] DEBUG:colcon.colcon_core.verb:Building package 'hmi' with the following arguments: {'ament_cmake_args': None, 'build_base': '/home/samuel/EiRT-AscenD-Robotics/ros2_ws/src/hmi/build/hmi', 'catkin_cmake_args': None, 'catkin_skip_building_tests': False, 'cmake_args': None, 'cmake_clean_cache': False, 'cmake_clean_first': False, 'cmake_force_configure': False, 'cmake_target': None, 'cmake_target_skip_unavailable': False, 'install_base': '/home/samuel/EiRT-AscenD-Robotics/ros2_ws/src/hmi/install/hmi', 'merge_install': False, 'path': '/home/samuel/EiRT-AscenD-Robotics/ros2_ws/src/hmi', 'symlink_install': False, 'test_result_base': None}
[0.280s] INFO:colcon.colcon_core.executor:Executing jobs using 'parallel' executor
[0.281s] DEBUG:colcon.colcon_parallel_executor.executor.parallel:run_until_complete
[0.281s] INFO:colcon.colcon_ros.task.ament_cmake.build:Building ROS package in '/home/samuel/EiRT-AscenD-Robotics/ros2_ws/src/hmi' with build type 'ament_cmake'
[0.281s] INFO:colcon.colcon_cmake.task.cmake.build:Building CMake package in '/home/samuel/EiRT-AscenD-Robotics/ros2_ws/src/hmi'
[0.283s] INFO:colcon.colcon_core.plugin_system:Skipping extension 'colcon_core.shell.bat': Not used on non-Windows systems
[0.283s] INFO:colcon.colcon_core.shell:Skip shell extension 'powershell' for command environment: Not usable outside of PowerShell
[0.283s] DEBUG:colcon.colcon_core.shell:Skip shell extension 'dsv' for command environment
[0.290s] DEBUG:colcon.colcon_core.event_handler.log_command:Invoking command in '/home/samuel/EiRT-AscenD-Robotics/ros2_ws/src/hmi/build/hmi': CMAKE_PREFIX_PATH=/opt/ros/humble /usr/bin/cmake /home/samuel/EiRT-AscenD-Robotics/ros2_ws/src/hmi -DCMAKE_INSTALL_PREFIX=/home/samuel/EiRT-AscenD-Robotics/ros2_ws/src/hmi/install/hmi
[1.405s] DEBUG:colcon.colcon_core.event_handler.log_command:Invoked command in '/home/samuel/EiRT-AscenD-Robotics/ros2_ws/src/hmi/build/hmi' returned '0': CMAKE_PREFIX_PATH=/opt/ros/humble /usr/bin/cmake /home/samuel/EiRT-AscenD-Robotics/ros2_ws/src/hmi -DCMAKE_INSTALL_PREFIX=/home/samuel/EiRT-AscenD-Robotics/ros2_ws/src/hmi/install/hmi
[1.407s] DEBUG:colcon.colcon_core.event_handler.log_command:Invoking command in '/home/samuel/EiRT-AscenD-Robotics/ros2_ws/src/hmi/build/hmi': CMAKE_PREFIX_PATH=/opt/ros/humble /usr/bin/cmake --build /home/samuel/EiRT-AscenD-Robotics/ros2_ws/src/hmi/build/hmi -- -j16 -l16
[6.155s] DEBUG:colcon.colcon_core.event_handler.log_command:Invoked command in '/home/samuel/EiRT-AscenD-Robotics/ros2_ws/src/hmi/build/hmi' returned '0': CMAKE_PREFIX_PATH=/opt/ros/humble /usr/bin/cmake --build /home/samuel/EiRT-AscenD-Robotics/ros2_ws/src/hmi/build/hmi -- -j16 -l16
[6.164s] DEBUG:colcon.colcon_core.event_handler.log_command:Invoking command in '/home/samuel/EiRT-AscenD-Robotics/ros2_ws/src/hmi/build/hmi': CMAKE_PREFIX_PATH=/opt/ros/humble /usr/bin/cmake --install /home/samuel/EiRT-AscenD-Robotics/ros2_ws/src/hmi/build/hmi
[6.173s] Level 1:colcon.colcon_core.environment:create_environment_scripts_only(hmi)
[6.174s] DEBUG:colcon.colcon_core.event_handler.log_command:Invoked command in '/home/samuel/EiRT-AscenD-Robotics/ros2_ws/src/hmi/build/hmi' returned '0': CMAKE_PREFIX_PATH=/opt/ros/humble /usr/bin/cmake --install /home/samuel/EiRT-AscenD-Robotics/ros2_ws/src/hmi/build/hmi
[6.176s] Level 1:colcon.colcon_core.environment:checking '/home/samuel/EiRT-AscenD-Robotics/ros2_ws/src/hmi/install/hmi' for CMake module files
[6.176s] Level 1:colcon.colcon_core.environment:checking '/home/samuel/EiRT-AscenD-Robotics/ros2_ws/src/hmi/install/hmi' for CMake config files
[6.176s] Level 1:colcon.colcon_core.shell:create_environment_hook('hmi', 'cmake_prefix_path')
[6.177s] INFO:colcon.colcon_core.shell:Creating environment hook '/home/samuel/EiRT-AscenD-Robotics/ros2_ws/src/hmi/install/hmi/share/hmi/hook/cmake_prefix_path.ps1'
[6.177s] INFO:colcon.colcon_core.shell:Creating environment descriptor '/home/samuel/EiRT-AscenD-Robotics/ros2_ws/src/hmi/install/hmi/share/hmi/hook/cmake_prefix_path.dsv'
[6.177s] INFO:colcon.colcon_core.shell:Creating environment hook '/home/samuel/EiRT-AscenD-Robotics/ros2_ws/src/hmi/install/hmi/share/hmi/hook/cmake_prefix_path.sh'
[6.178s] Level 1:colcon.colcon_core.environment:checking '/home/samuel/EiRT-AscenD-Robotics/ros2_ws/src/hmi/install/hmi/bin'
[6.178s] Level 1:colcon.colcon_core.environment:checking '/home/samuel/EiRT-AscenD-Robotics/ros2_ws/src/hmi/install/hmi/lib/pkgconfig/hmi.pc'
[6.178s] Level 1:colcon.colcon_core.environment:checking '/home/samuel/EiRT-AscenD-Robotics/ros2_ws/src/hmi/install/hmi/lib/python3.10/site-packages'
[6.178s] Level 1:colcon.colcon_core.environment:checking '/home/samuel/EiRT-AscenD-Robotics/ros2_ws/src/hmi/install/hmi/bin'
[6.178s] INFO:colcon.colcon_core.shell:Creating package script '/home/samuel/EiRT-AscenD-Robotics/ros2_ws/src/hmi/install/hmi/share/hmi/package.ps1'
[6.179s] INFO:colcon.colcon_core.shell:Creating package descriptor '/home/samuel/EiRT-AscenD-Robotics/ros2_ws/src/hmi/install/hmi/share/hmi/package.dsv'
[6.179s] INFO:colcon.colcon_core.shell:Creating package script '/home/samuel/EiRT-AscenD-Robotics/ros2_ws/src/hmi/install/hmi/share/hmi/package.sh'
[6.180s] INFO:colcon.colcon_core.shell:Creating package script '/home/samuel/EiRT-AscenD-Robotics/ros2_ws/src/hmi/install/hmi/share/hmi/package.bash'
[6.180s] INFO:colcon.colcon_core.shell:Creating package script '/home/samuel/EiRT-AscenD-Robotics/ros2_ws/src/hmi/install/hmi/share/hmi/package.zsh'
[6.181s] Level 1:colcon.colcon_core.environment:create_file_with_runtime_dependencies(/home/samuel/EiRT-AscenD-Robotics/ros2_ws/src/hmi/install/hmi/share/colcon-core/packages/hmi)
[6.181s] Level 1:colcon.colcon_core.environment:create_environment_scripts_only(hmi)
[6.181s] Level 1:colcon.colcon_core.environment:checking '/home/samuel/EiRT-AscenD-Robotics/ros2_ws/src/hmi/install/hmi' for CMake module files
[6.181s] Level 1:colcon.colcon_core.environment:checking '/home/samuel/EiRT-AscenD-Robotics/ros2_ws/src/hmi/install/hmi' for CMake config files
[6.182s] Level 1:colcon.colcon_core.shell:create_environment_hook('hmi', 'cmake_prefix_path')
[6.182s] INFO:colcon.colcon_core.shell:Creating environment hook '/home/samuel/EiRT-AscenD-Robotics/ros2_ws/src/hmi/install/hmi/share/hmi/hook/cmake_prefix_path.ps1'
[6.182s] INFO:colcon.colcon_core.shell:Creating environment descriptor '/home/samuel/EiRT-AscenD-Robotics/ros2_ws/src/hmi/install/hmi/share/hmi/hook/cmake_prefix_path.dsv'
[6.182s] INFO:colcon.colcon_core.shell:Creating environment hook '/home/samuel/EiRT-AscenD-Robotics/ros2_ws/src/hmi/install/hmi/share/hmi/hook/cmake_prefix_path.sh'
[6.183s] Level 1:colcon.colcon_core.environment:checking '/home/samuel/EiRT-AscenD-Robotics/ros2_ws/src/hmi/install/hmi/bin'
[6.183s] Level 1:colcon.colcon_core.environment:checking '/home/samuel/EiRT-AscenD-Robotics/ros2_ws/src/hmi/install/hmi/lib/pkgconfig/hmi.pc'
[6.183s] Level 1:colcon.colcon_core.environment:checking '/home/samuel/EiRT-AscenD-Robotics/ros2_ws/src/hmi/install/hmi/lib/python3.10/site-packages'
[6.183s] Level 1:colcon.colcon_core.environment:checking '/home/samuel/EiRT-AscenD-Robotics/ros2_ws/src/hmi/install/hmi/bin'
[6.183s] INFO:colcon.colcon_core.shell:Creating package script '/home/samuel/EiRT-AscenD-Robotics/ros2_ws/src/hmi/install/hmi/share/hmi/package.ps1'
[6.183s] INFO:colcon.colcon_core.shell:Creating package descriptor '/home/samuel/EiRT-AscenD-Robotics/ros2_ws/src/hmi/install/hmi/share/hmi/package.dsv'
[6.184s] INFO:colcon.colcon_core.shell:Creating package script '/home/samuel/EiRT-AscenD-Robotics/ros2_ws/src/hmi/install/hmi/share/hmi/package.sh'
[6.184s] INFO:colcon.colcon_core.shell:Creating package script '/home/samuel/EiRT-AscenD-Robotics/ros2_ws/src/hmi/install/hmi/share/hmi/package.bash'
[6.184s] INFO:colcon.colcon_core.shell:Creating package script '/home/samuel/EiRT-AscenD-Robotics/ros2_ws/src/hmi/install/hmi/share/hmi/package.zsh'
[6.185s] Level 1:colcon.colcon_core.environment:create_file_with_runtime_dependencies(/home/samuel/EiRT-AscenD-Robotics/ros2_ws/src/hmi/install/hmi/share/colcon-core/packages/hmi)
[6.185s] DEBUG:colcon.colcon_parallel_executor.executor.parallel:closing loop
[6.185s] DEBUG:colcon.colcon_parallel_executor.executor.parallel:loop closed
[6.185s] DEBUG:colcon.colcon_parallel_executor.executor.parallel:run_until_complete finished with '0'
[6.185s] DEBUG:colcon.colcon_core.event_reactor:joining thread
[6.189s] INFO:colcon.colcon_core.plugin_system:Skipping extension 'colcon_notification.desktop_notification.terminal_notifier': Not used on non-Darwin systems
[6.189s] INFO:colcon.colcon_core.plugin_system:Skipping extension 'colcon_notification.desktop_notification.win32': Not used on non-Windows systems
[6.189s] INFO:colcon.colcon_notification.desktop_notification:Sending desktop notification using 'notify2'
[6.199s] DEBUG:colcon.colcon_core.event_reactor:joined thread
[6.200s] INFO:colcon.colcon_core.shell:Creating prefix script '/home/samuel/EiRT-AscenD-Robotics/ros2_ws/src/hmi/install/local_setup.ps1'
[6.200s] INFO:colcon.colcon_core.shell:Creating prefix util module '/home/samuel/EiRT-AscenD-Robotics/ros2_ws/src/hmi/install/_local_setup_util_ps1.py'
[6.201s] INFO:colcon.colcon_core.shell:Creating prefix chain script '/home/samuel/EiRT-AscenD-Robotics/ros2_ws/src/hmi/install/setup.ps1'
[6.202s] INFO:colcon.colcon_core.shell:Creating prefix script '/home/samuel/EiRT-AscenD-Robotics/ros2_ws/src/hmi/install/local_setup.sh'
[6.203s] INFO:colcon.colcon_core.shell:Creating prefix util module '/home/samuel/EiRT-AscenD-Robotics/ros2_ws/src/hmi/install/_local_setup_util_sh.py'
[6.203s] INFO:colcon.colcon_core.shell:Creating prefix chain script '/home/samuel/EiRT-AscenD-Robotics/ros2_ws/src/hmi/install/setup.sh'
[6.204s] INFO:colcon.colcon_core.shell:Creating prefix script '/home/samuel/EiRT-AscenD-Robotics/ros2_ws/src/hmi/install/local_setup.bash'
[6.204s] INFO:colcon.colcon_core.shell:Creating prefix chain script '/home/samuel/EiRT-AscenD-Robotics/ros2_ws/src/hmi/install/setup.bash'
[6.205s] INFO:colcon.colcon_core.shell:Creating prefix script '/home/samuel/EiRT-AscenD-Robotics/ros2_ws/src/hmi/install/local_setup.zsh'
[6.205s] INFO:colcon.colcon_core.shell:Creating prefix chain script '/home/samuel/EiRT-AscenD-Robotics/ros2_ws/src/hmi/install/setup.zsh'
