[0.412s] Invoking command in '/home/fljv/sim/EiRT-AscenD-Robotics/ros2_ws/src/dronehive': AMENT_PREFIX_PATH=/home/fljv/Desktop/new/off_b/EiRT-AscenD-Robotics/ros2_ws/install/dronehive_interfaces:${AMENT_PREFIX_PATH} CMAKE_PREFIX_PATH=/home/fljv/sim/EiRT-AscenD-Robotics/ros2_ws/install/dronehive_interfaces:/home/fljv/sim/EiRT-AscenD-Robotics/ros2_ws/install/hmi_backend LD_LIBRARY_PATH=/home/fljv/Desktop/new/off_b/EiRT-AscenD-Robotics/ros2_ws/install/dronehive_interfaces/lib:${LD_LIBRARY_PATH} PYTHONPATH=/home/fljv/sim/EiRT-AscenD-Robotics/ros2_ws/build/dronehive/prefix_override:/usr/lib/python3/dist-packages/colcon_core/task/python/colcon_distutils_commands:/home/fljv/sim/EiRT-AscenD-Robotics/ros2_ws/install/dronehive/lib/python3.10/site-packages:/home/fljv/Desktop/new/off_b/EiRT-AscenD-Robotics/ros2_ws/install/dronehive_interfaces/local/lib/python3.10/dist-packages:${PYTHONPATH} /usr/bin/python3 -W ignore:setup.py install is deprecated -W ignore:easy_install command is deprecated setup.py egg_info --egg-base ../../build/dronehive build --build-base /home/fljv/sim/EiRT-AscenD-Robotics/ros2_ws/build/dronehive/build install --record /home/fljv/sim/EiRT-AscenD-Robotics/ros2_ws/build/dronehive/install.log --single-version-externally-managed install_data
[0.561s] running egg_info
[0.561s] writing ../../build/dronehive/dronehive.egg-info/PKG-INFO
[0.561s] writing dependency_links to ../../build/dronehive/dronehive.egg-info/dependency_links.txt
[0.561s] writing entry points to ../../build/dronehive/dronehive.egg-info/entry_points.txt
[0.561s] writing requirements to ../../build/dronehive/dronehive.egg-info/requires.txt
[0.561s] writing top-level names to ../../build/dronehive/dronehive.egg-info/top_level.txt
[0.563s] reading manifest file '../../build/dronehive/dronehive.egg-info/SOURCES.txt'
[0.563s] writing manifest file '../../build/dronehive/dronehive.egg-info/SOURCES.txt'
[0.563s] running build
[0.563s] running build_py
[0.564s] running install
[0.564s] running install_lib
[0.565s] running install_data
[0.565s] copying launch/world_scatter.launch.py -> /home/fljv/sim/EiRT-AscenD-Robotics/ros2_ws/install/dronehive/share/dronehive/launch
[0.565s] running install_egg_info
[0.567s] removing '/home/fljv/sim/EiRT-AscenD-Robotics/ros2_ws/install/dronehive/lib/python3.10/site-packages/dronehive-0.0.0-py3.10.egg-info' (and everything under it)
[0.567s] Copying ../../build/dronehive/dronehive.egg-info to /home/fljv/sim/EiRT-AscenD-Robotics/ros2_ws/install/dronehive/lib/python3.10/site-packages/dronehive-0.0.0-py3.10.egg-info
[0.567s] running install_scripts
[0.580s] Installing box_node script to /home/fljv/sim/EiRT-AscenD-Robotics/ros2_ws/install/dronehive/lib/dronehive
[0.581s] Installing dummy_confirm script to /home/fljv/sim/EiRT-AscenD-Robotics/ros2_ws/install/dronehive/lib/dronehive
[0.581s] Installing dummy_drone script to /home/fljv/sim/EiRT-AscenD-Robotics/ros2_ws/install/dronehive/lib/dronehive
[0.581s] Installing offboard script to /home/fljv/sim/EiRT-AscenD-Robotics/ros2_ws/install/dronehive/lib/dronehive
[0.581s] Installing slave_node script to /home/fljv/sim/EiRT-AscenD-Robotics/ros2_ws/install/dronehive/lib/dronehive
[0.581s] writing list of installed files to '/home/fljv/sim/EiRT-AscenD-Robotics/ros2_ws/build/dronehive/install.log'
[0.595s] Invoked command in '/home/fljv/sim/EiRT-AscenD-Robotics/ros2_ws/src/dronehive' returned '0': AMENT_PREFIX_PATH=/home/fljv/Desktop/new/off_b/EiRT-AscenD-Robotics/ros2_ws/install/dronehive_interfaces:${AMENT_PREFIX_PATH} CMAKE_PREFIX_PATH=/home/fljv/sim/EiRT-AscenD-Robotics/ros2_ws/install/dronehive_interfaces:/home/fljv/sim/EiRT-AscenD-Robotics/ros2_ws/install/hmi_backend LD_LIBRARY_PATH=/home/fljv/Desktop/new/off_b/EiRT-AscenD-Robotics/ros2_ws/install/dronehive_interfaces/lib:${LD_LIBRARY_PATH} PYTHONPATH=/home/fljv/sim/EiRT-AscenD-Robotics/ros2_ws/build/dronehive/prefix_override:/usr/lib/python3/dist-packages/colcon_core/task/python/colcon_distutils_commands:/home/fljv/sim/EiRT-AscenD-Robotics/ros2_ws/install/dronehive/lib/python3.10/site-packages:/home/fljv/Desktop/new/off_b/EiRT-AscenD-Robotics/ros2_ws/install/dronehive_interfaces/local/lib/python3.10/dist-packages:${PYTHONPATH} /usr/bin/python3 -W ignore:setup.py install is deprecated -W ignore:easy_install command is deprecated setup.py egg_info --egg-base ../../build/dronehive build --build-base /home/fljv/sim/EiRT-AscenD-Robotics/ros2_ws/build/dronehive/build install --record /home/fljv/sim/EiRT-AscenD-Robotics/ros2_ws/build/dronehive/install.log --single-version-externally-managed install_data
