[0.100s] DEBUG:colcon:Command line arguments: ['/usr/bin/colcon', 'build']
[0.101s] DEBUG:colcon:Parsed command line arguments: Namespace(log_base=None, log_level=None, verb_name='build', build_base='build', install_base='install', merge_install=False, symlink_install=False, test_result_base=None, continue_on_error=False, executor='parallel', parallel_workers=12, event_handlers=None, ignore_user_meta=False, metas=['./colcon.meta'], base_paths=['.'], packages_ignore=None, packages_ignore_regex=None, paths=None, packages_up_to=None, packages_up_to_regex=None, packages_above=None, packages_above_and_dependencies=None, packages_above_depth=None, packages_select_by_dep=None, packages_skip_by_dep=None, packages_skip_up_to=None, packages_select_build_failed=False, packages_skip_build_finished=False, packages_select_test_failures=False, packages_skip_test_passed=False, packages_select=None, packages_skip=None, packages_select_regex=None, packages_skip_regex=None, packages_start=None, packages_end=None, allow_overriding=[], cmake_args=None, cmake_target=None, cmake_target_skip_unavailable=False, cmake_clean_cache=False, cmake_clean_first=False, cmake_force_configure=False, ament_cmake_args=None, catkin_cmake_args=None, catkin_skip_building_tests=False, verb_parser=<colcon_defaults.argument_parser.defaults.DefaultArgumentsDecorator object at 0x708761617a30>, verb_extension=<colcon_core.verb.build.BuildVerb object at 0x7087616175b0>, main=<bound method BuildVerb.main of <colcon_core.verb.build.BuildVerb object at 0x7087616175b0>>)
[0.239s] Level 1:colcon.colcon_core.package_discovery:discover_packages(colcon_meta) check parameters
[0.239s] Level 1:colcon.colcon_core.package_discovery:discover_packages(recursive) check parameters
[0.239s] Level 1:colcon.colcon_core.package_discovery:discover_packages(ignore) check parameters
[0.239s] Level 1:colcon.colcon_core.package_discovery:discover_packages(path) check parameters
[0.239s] Level 1:colcon.colcon_core.package_discovery:discover_packages(colcon_meta) discover
[0.239s] Level 1:colcon.colcon_core.package_discovery:discover_packages(recursive) discover
[0.239s] INFO:colcon.colcon_core.package_discovery:Crawling recursively for packages in '/home/magnus/AscenD/EiRT-AscenD-Robotics/ros2_ws'
[0.239s] Level 1:colcon.colcon_core.package_identification:_identify(.) by extensions ['ignore', 'ignore_ament_install']
[0.239s] Level 1:colcon.colcon_core.package_identification:_identify(.) by extension 'ignore'
[0.240s] Level 1:colcon.colcon_core.package_identification:_identify(.) by extension 'ignore_ament_install'
[0.240s] Level 1:colcon.colcon_core.package_identification:_identify(.) by extensions ['colcon_pkg']
[0.240s] Level 1:colcon.colcon_core.package_identification:_identify(.) by extension 'colcon_pkg'
[0.240s] Level 1:colcon.colcon_core.package_identification:_identify(.) by extensions ['colcon_meta']
[0.240s] Level 1:colcon.colcon_core.package_identification:_identify(.) by extension 'colcon_meta'
[0.240s] Level 1:colcon.colcon_core.package_identification:_identify(.) by extensions ['ros']
[0.240s] Level 1:colcon.colcon_core.package_identification:_identify(.) by extension 'ros'
[0.250s] Level 1:colcon.colcon_core.package_identification:_identify(.) by extensions ['cmake', 'python']
[0.251s] Level 1:colcon.colcon_core.package_identification:_identify(.) by extension 'cmake'
[0.251s] Level 1:colcon.colcon_core.package_identification:_identify(.) by extension 'python'
[0.251s] Level 1:colcon.colcon_core.package_identification:_identify(.) by extensions ['python_setup_py']
[0.251s] Level 1:colcon.colcon_core.package_identification:_identify(.) by extension 'python_setup_py'
[0.251s] Level 1:colcon.colcon_core.package_identification:_identify(build) by extensions ['ignore', 'ignore_ament_install']
[0.251s] Level 1:colcon.colcon_core.package_identification:_identify(build) by extension 'ignore'
[0.251s] Level 1:colcon.colcon_core.package_identification:_identify(build) ignored
[0.251s] Level 1:colcon.colcon_core.package_identification:_identify(install) by extensions ['ignore', 'ignore_ament_install']
[0.251s] Level 1:colcon.colcon_core.package_identification:_identify(install) by extension 'ignore'
[0.251s] Level 1:colcon.colcon_core.package_identification:_identify(install) ignored
[0.251s] Level 1:colcon.colcon_core.package_identification:_identify(log) by extensions ['ignore', 'ignore_ament_install']
[0.251s] Level 1:colcon.colcon_core.package_identification:_identify(log) by extension 'ignore'
[0.251s] Level 1:colcon.colcon_core.package_identification:_identify(log) ignored
[0.251s] Level 1:colcon.colcon_core.package_identification:_identify(src) by extensions ['ignore', 'ignore_ament_install']
[0.252s] Level 1:colcon.colcon_core.package_identification:_identify(src) by extension 'ignore'
[0.252s] Level 1:colcon.colcon_core.package_identification:_identify(src) by extension 'ignore_ament_install'
[0.252s] Level 1:colcon.colcon_core.package_identification:_identify(src) by extensions ['colcon_pkg']
[0.252s] Level 1:colcon.colcon_core.package_identification:_identify(src) by extension 'colcon_pkg'
[0.252s] Level 1:colcon.colcon_core.package_identification:_identify(src) by extensions ['colcon_meta']
[0.252s] Level 1:colcon.colcon_core.package_identification:_identify(src) by extension 'colcon_meta'
[0.252s] Level 1:colcon.colcon_core.package_identification:_identify(src) by extensions ['ros']
[0.252s] Level 1:colcon.colcon_core.package_identification:_identify(src) by extension 'ros'
[0.252s] Level 1:colcon.colcon_core.package_identification:_identify(src) by extensions ['cmake', 'python']
[0.252s] Level 1:colcon.colcon_core.package_identification:_identify(src) by extension 'cmake'
[0.252s] Level 1:colcon.colcon_core.package_identification:_identify(src) by extension 'python'
[0.252s] Level 1:colcon.colcon_core.package_identification:_identify(src) by extensions ['python_setup_py']
[0.252s] Level 1:colcon.colcon_core.package_identification:_identify(src) by extension 'python_setup_py'
[0.252s] Level 1:colcon.colcon_core.package_identification:_identify(src/dronehive_interfaces) by extensions ['ignore', 'ignore_ament_install']
[0.252s] Level 1:colcon.colcon_core.package_identification:_identify(src/dronehive_interfaces) by extension 'ignore'
[0.252s] Level 1:colcon.colcon_core.package_identification:_identify(src/dronehive_interfaces) by extension 'ignore_ament_install'
[0.252s] Level 1:colcon.colcon_core.package_identification:_identify(src/dronehive_interfaces) by extensions ['colcon_pkg']
[0.252s] Level 1:colcon.colcon_core.package_identification:_identify(src/dronehive_interfaces) by extension 'colcon_pkg'
[0.252s] Level 1:colcon.colcon_core.package_identification:_identify(src/dronehive_interfaces) by extensions ['colcon_meta']
[0.252s] Level 1:colcon.colcon_core.package_identification:_identify(src/dronehive_interfaces) by extension 'colcon_meta'
[0.252s] Level 1:colcon.colcon_core.package_identification:_identify(src/dronehive_interfaces) by extensions ['ros']
[0.252s] Level 1:colcon.colcon_core.package_identification:_identify(src/dronehive_interfaces) by extension 'ros'
[0.255s] DEBUG:colcon.colcon_core.package_identification:Package 'src/dronehive_interfaces' with type 'ros.ament_cmake' and name 'dronehive_interfaces'
[0.255s] Level 1:colcon.colcon_core.package_discovery:discover_packages(recursive) using defaults
[0.255s] Level 1:colcon.colcon_core.package_discovery:discover_packages(ignore) discover
[0.255s] Level 1:colcon.colcon_core.package_discovery:discover_packages(ignore) using defaults
[0.255s] Level 1:colcon.colcon_core.package_discovery:discover_packages(path) discover
[0.255s] Level 1:colcon.colcon_core.package_discovery:discover_packages(path) using defaults
[0.272s] Level 1:colcon.colcon_core.package_discovery:discover_packages(prefix_path) check parameters
[0.273s] Level 1:colcon.colcon_core.package_discovery:discover_packages(prefix_path) discover
[0.275s] DEBUG:colcon.colcon_installed_package_information.package_discovery:Found 271 installed packages in /opt/ros/humble
[0.304s] Level 1:colcon.colcon_core.package_discovery:discover_packages(prefix_path) using defaults
[0.336s] Level 5:colcon.colcon_core.verb:set package 'dronehive_interfaces' build argument 'cmake_args' from command line to 'None'
[0.336s] Level 5:colcon.colcon_core.verb:set package 'dronehive_interfaces' build argument 'cmake_target' from command line to 'None'
[0.336s] Level 5:colcon.colcon_core.verb:set package 'dronehive_interfaces' build argument 'cmake_target_skip_unavailable' from command line to 'False'
[0.336s] Level 5:colcon.colcon_core.verb:set package 'dronehive_interfaces' build argument 'cmake_clean_cache' from command line to 'False'
[0.336s] Level 5:colcon.colcon_core.verb:set package 'dronehive_interfaces' build argument 'cmake_clean_first' from command line to 'False'
[0.336s] Level 5:colcon.colcon_core.verb:set package 'dronehive_interfaces' build argument 'cmake_force_configure' from command line to 'False'
[0.336s] Level 5:colcon.colcon_core.verb:set package 'dronehive_interfaces' build argument 'ament_cmake_args' from command line to 'None'
[0.336s] Level 5:colcon.colcon_core.verb:set package 'dronehive_interfaces' build argument 'catkin_cmake_args' from command line to 'None'
[0.336s] Level 5:colcon.colcon_core.verb:set package 'dronehive_interfaces' build argument 'catkin_skip_building_tests' from command line to 'False'
[0.336s] DEBUG:colcon.colcon_core.verb:Building package 'dronehive_interfaces' with the following arguments: {'ament_cmake_args': None, 'build_base': '/home/magnus/AscenD/EiRT-AscenD-Robotics/ros2_ws/build/dronehive_interfaces', 'catkin_cmake_args': None, 'catkin_skip_building_tests': False, 'cmake_args': None, 'cmake_clean_cache': False, 'cmake_clean_first': False, 'cmake_force_configure': False, 'cmake_target': None, 'cmake_target_skip_unavailable': False, 'install_base': '/home/magnus/AscenD/EiRT-AscenD-Robotics/ros2_ws/install/dronehive_interfaces', 'merge_install': False, 'path': '/home/magnus/AscenD/EiRT-AscenD-Robotics/ros2_ws/src/dronehive_interfaces', 'symlink_install': False, 'test_result_base': None}
[0.336s] INFO:colcon.colcon_core.executor:Executing jobs using 'parallel' executor
[0.338s] DEBUG:colcon.colcon_parallel_executor.executor.parallel:run_until_complete
[0.338s] INFO:colcon.colcon_ros.task.ament_cmake.build:Building ROS package in '/home/magnus/AscenD/EiRT-AscenD-Robotics/ros2_ws/src/dronehive_interfaces' with build type 'ament_cmake'
[0.338s] INFO:colcon.colcon_cmake.task.cmake.build:Building CMake package in '/home/magnus/AscenD/EiRT-AscenD-Robotics/ros2_ws/src/dronehive_interfaces'
[0.340s] INFO:colcon.colcon_core.plugin_system:Skipping extension 'colcon_core.shell.bat': Not used on non-Windows systems
[0.341s] INFO:colcon.colcon_core.shell:Skip shell extension 'powershell' for command environment: Not usable outside of PowerShell
[0.341s] DEBUG:colcon.colcon_core.shell:Skip shell extension 'dsv' for command environment
[0.352s] DEBUG:colcon.colcon_core.event_handler.log_command:Invoking command in '/home/magnus/AscenD/EiRT-AscenD-Robotics/ros2_ws/build/dronehive_interfaces': CMAKE_PREFIX_PATH=/opt/ros/humble /usr/bin/cmake /home/magnus/AscenD/EiRT-AscenD-Robotics/ros2_ws/src/dronehive_interfaces -DCMAKE_INSTALL_PREFIX=/home/magnus/AscenD/EiRT-AscenD-Robotics/ros2_ws/install/dronehive_interfaces
[1.521s] DEBUG:colcon.colcon_core.event_handler.log_command:Invoked command in '/home/magnus/AscenD/EiRT-AscenD-Robotics/ros2_ws/build/dronehive_interfaces' returned '0': CMAKE_PREFIX_PATH=/opt/ros/humble /usr/bin/cmake /home/magnus/AscenD/EiRT-AscenD-Robotics/ros2_ws/src/dronehive_interfaces -DCMAKE_INSTALL_PREFIX=/home/magnus/AscenD/EiRT-AscenD-Robotics/ros2_ws/install/dronehive_interfaces
[1.525s] DEBUG:colcon.colcon_core.event_handler.log_command:Invoking command in '/home/magnus/AscenD/EiRT-AscenD-Robotics/ros2_ws/build/dronehive_interfaces': CMAKE_PREFIX_PATH=/opt/ros/humble /usr/bin/cmake --build /home/magnus/AscenD/EiRT-AscenD-Robotics/ros2_ws/build/dronehive_interfaces -- -j12 -l12
[3.720s] DEBUG:colcon.colcon_core.event_handler.log_command:Invoked command in '/home/magnus/AscenD/EiRT-AscenD-Robotics/ros2_ws/build/dronehive_interfaces' returned '0': CMAKE_PREFIX_PATH=/opt/ros/humble /usr/bin/cmake --build /home/magnus/AscenD/EiRT-AscenD-Robotics/ros2_ws/build/dronehive_interfaces -- -j12 -l12
[3.732s] DEBUG:colcon.colcon_core.event_handler.log_command:Invoking command in '/home/magnus/AscenD/EiRT-AscenD-Robotics/ros2_ws/build/dronehive_interfaces': CMAKE_PREFIX_PATH=/opt/ros/humble /usr/bin/cmake --install /home/magnus/AscenD/EiRT-AscenD-Robotics/ros2_ws/build/dronehive_interfaces
[3.800s] Level 1:colcon.colcon_core.environment:create_environment_scripts_only(dronehive_interfaces)
[3.801s] DEBUG:colcon.colcon_core.event_handler.log_command:Invoked command in '/home/magnus/AscenD/EiRT-AscenD-Robotics/ros2_ws/build/dronehive_interfaces' returned '0': CMAKE_PREFIX_PATH=/opt/ros/humble /usr/bin/cmake --install /home/magnus/AscenD/EiRT-AscenD-Robotics/ros2_ws/build/dronehive_interfaces
[3.802s] Level 1:colcon.colcon_core.environment:checking '/home/magnus/AscenD/EiRT-AscenD-Robotics/ros2_ws/install/dronehive_interfaces' for CMake module files
[3.803s] Level 1:colcon.colcon_core.environment:checking '/home/magnus/AscenD/EiRT-AscenD-Robotics/ros2_ws/install/dronehive_interfaces' for CMake config files
[3.803s] Level 1:colcon.colcon_core.shell:create_environment_hook('dronehive_interfaces', 'cmake_prefix_path')
[3.803s] INFO:colcon.colcon_core.shell:Creating environment hook '/home/magnus/AscenD/EiRT-AscenD-Robotics/ros2_ws/install/dronehive_interfaces/share/dronehive_interfaces/hook/cmake_prefix_path.ps1'
[3.804s] INFO:colcon.colcon_core.shell:Creating environment descriptor '/home/magnus/AscenD/EiRT-AscenD-Robotics/ros2_ws/install/dronehive_interfaces/share/dronehive_interfaces/hook/cmake_prefix_path.dsv'
[3.804s] INFO:colcon.colcon_core.shell:Creating environment hook '/home/magnus/AscenD/EiRT-AscenD-Robotics/ros2_ws/install/dronehive_interfaces/share/dronehive_interfaces/hook/cmake_prefix_path.sh'
[3.805s] Level 1:colcon.colcon_core.environment:checking '/home/magnus/AscenD/EiRT-AscenD-Robotics/ros2_ws/install/dronehive_interfaces/lib'
[3.805s] Level 1:colcon.colcon_core.shell:create_environment_hook('dronehive_interfaces', 'ld_library_path_lib')
[3.805s] INFO:colcon.colcon_core.shell:Creating environment hook '/home/magnus/AscenD/EiRT-AscenD-Robotics/ros2_ws/install/dronehive_interfaces/share/dronehive_interfaces/hook/ld_library_path_lib.ps1'
[3.806s] INFO:colcon.colcon_core.shell:Creating environment descriptor '/home/magnus/AscenD/EiRT-AscenD-Robotics/ros2_ws/install/dronehive_interfaces/share/dronehive_interfaces/hook/ld_library_path_lib.dsv'
[3.806s] INFO:colcon.colcon_core.shell:Creating environment hook '/home/magnus/AscenD/EiRT-AscenD-Robotics/ros2_ws/install/dronehive_interfaces/share/dronehive_interfaces/hook/ld_library_path_lib.sh'
[3.806s] Level 1:colcon.colcon_core.environment:checking '/home/magnus/AscenD/EiRT-AscenD-Robotics/ros2_ws/install/dronehive_interfaces/bin'
[3.806s] Level 1:colcon.colcon_core.environment:checking '/home/magnus/AscenD/EiRT-AscenD-Robotics/ros2_ws/install/dronehive_interfaces/lib/pkgconfig/dronehive_interfaces.pc'
[3.806s] Level 1:colcon.colcon_core.environment:checking '/home/magnus/AscenD/EiRT-AscenD-Robotics/ros2_ws/install/dronehive_interfaces/lib/python3.10/site-packages'
[3.807s] Level 1:colcon.colcon_core.environment:checking '/home/magnus/AscenD/EiRT-AscenD-Robotics/ros2_ws/install/dronehive_interfaces/bin'
[3.807s] INFO:colcon.colcon_core.shell:Creating package script '/home/magnus/AscenD/EiRT-AscenD-Robotics/ros2_ws/install/dronehive_interfaces/share/dronehive_interfaces/package.ps1'
[3.807s] INFO:colcon.colcon_core.shell:Creating package descriptor '/home/magnus/AscenD/EiRT-AscenD-Robotics/ros2_ws/install/dronehive_interfaces/share/dronehive_interfaces/package.dsv'
[3.808s] INFO:colcon.colcon_core.shell:Creating package script '/home/magnus/AscenD/EiRT-AscenD-Robotics/ros2_ws/install/dronehive_interfaces/share/dronehive_interfaces/package.sh'
[3.809s] INFO:colcon.colcon_core.shell:Creating package script '/home/magnus/AscenD/EiRT-AscenD-Robotics/ros2_ws/install/dronehive_interfaces/share/dronehive_interfaces/package.bash'
[3.809s] INFO:colcon.colcon_core.shell:Creating package script '/home/magnus/AscenD/EiRT-AscenD-Robotics/ros2_ws/install/dronehive_interfaces/share/dronehive_interfaces/package.zsh'
[3.810s] Level 1:colcon.colcon_core.environment:create_file_with_runtime_dependencies(/home/magnus/AscenD/EiRT-AscenD-Robotics/ros2_ws/install/dronehive_interfaces/share/colcon-core/packages/dronehive_interfaces)
[3.811s] Level 1:colcon.colcon_core.environment:create_environment_scripts_only(dronehive_interfaces)
[3.811s] Level 1:colcon.colcon_core.environment:checking '/home/magnus/AscenD/EiRT-AscenD-Robotics/ros2_ws/install/dronehive_interfaces' for CMake module files
[3.811s] Level 1:colcon.colcon_core.environment:checking '/home/magnus/AscenD/EiRT-AscenD-Robotics/ros2_ws/install/dronehive_interfaces' for CMake config files
[3.812s] Level 1:colcon.colcon_core.shell:create_environment_hook('dronehive_interfaces', 'cmake_prefix_path')
[3.812s] INFO:colcon.colcon_core.shell:Creating environment hook '/home/magnus/AscenD/EiRT-AscenD-Robotics/ros2_ws/install/dronehive_interfaces/share/dronehive_interfaces/hook/cmake_prefix_path.ps1'
[3.812s] INFO:colcon.colcon_core.shell:Creating environment descriptor '/home/magnus/AscenD/EiRT-AscenD-Robotics/ros2_ws/install/dronehive_interfaces/share/dronehive_interfaces/hook/cmake_prefix_path.dsv'
[3.813s] INFO:colcon.colcon_core.shell:Creating environment hook '/home/magnus/AscenD/EiRT-AscenD-Robotics/ros2_ws/install/dronehive_interfaces/share/dronehive_interfaces/hook/cmake_prefix_path.sh'
[3.813s] Level 1:colcon.colcon_core.environment:checking '/home/magnus/AscenD/EiRT-AscenD-Robotics/ros2_ws/install/dronehive_interfaces/lib'
[3.813s] Level 1:colcon.colcon_core.shell:create_environment_hook('dronehive_interfaces', 'ld_library_path_lib')
[3.813s] INFO:colcon.colcon_core.shell:Creating environment hook '/home/magnus/AscenD/EiRT-AscenD-Robotics/ros2_ws/install/dronehive_interfaces/share/dronehive_interfaces/hook/ld_library_path_lib.ps1'
[3.814s] INFO:colcon.colcon_core.shell:Creating environment descriptor '/home/magnus/AscenD/EiRT-AscenD-Robotics/ros2_ws/install/dronehive_interfaces/share/dronehive_interfaces/hook/ld_library_path_lib.dsv'
[3.814s] INFO:colcon.colcon_core.shell:Creating environment hook '/home/magnus/AscenD/EiRT-AscenD-Robotics/ros2_ws/install/dronehive_interfaces/share/dronehive_interfaces/hook/ld_library_path_lib.sh'
[3.814s] Level 1:colcon.colcon_core.environment:checking '/home/magnus/AscenD/EiRT-AscenD-Robotics/ros2_ws/install/dronehive_interfaces/bin'
[3.814s] Level 1:colcon.colcon_core.environment:checking '/home/magnus/AscenD/EiRT-AscenD-Robotics/ros2_ws/install/dronehive_interfaces/lib/pkgconfig/dronehive_interfaces.pc'
[3.815s] Level 1:colcon.colcon_core.environment:checking '/home/magnus/AscenD/EiRT-AscenD-Robotics/ros2_ws/install/dronehive_interfaces/lib/python3.10/site-packages'
[3.815s] Level 1:colcon.colcon_core.environment:checking '/home/magnus/AscenD/EiRT-AscenD-Robotics/ros2_ws/install/dronehive_interfaces/bin'
[3.815s] INFO:colcon.colcon_core.shell:Creating package script '/home/magnus/AscenD/EiRT-AscenD-Robotics/ros2_ws/install/dronehive_interfaces/share/dronehive_interfaces/package.ps1'
[3.816s] INFO:colcon.colcon_core.shell:Creating package descriptor '/home/magnus/AscenD/EiRT-AscenD-Robotics/ros2_ws/install/dronehive_interfaces/share/dronehive_interfaces/package.dsv'
[3.816s] INFO:colcon.colcon_core.shell:Creating package script '/home/magnus/AscenD/EiRT-AscenD-Robotics/ros2_ws/install/dronehive_interfaces/share/dronehive_interfaces/package.sh'
[3.817s] INFO:colcon.colcon_core.shell:Creating package script '/home/magnus/AscenD/EiRT-AscenD-Robotics/ros2_ws/install/dronehive_interfaces/share/dronehive_interfaces/package.bash'
[3.817s] INFO:colcon.colcon_core.shell:Creating package script '/home/magnus/AscenD/EiRT-AscenD-Robotics/ros2_ws/install/dronehive_interfaces/share/dronehive_interfaces/package.zsh'
[3.817s] Level 1:colcon.colcon_core.environment:create_file_with_runtime_dependencies(/home/magnus/AscenD/EiRT-AscenD-Robotics/ros2_ws/install/dronehive_interfaces/share/colcon-core/packages/dronehive_interfaces)
[3.818s] DEBUG:colcon.colcon_parallel_executor.executor.parallel:closing loop
[3.818s] DEBUG:colcon.colcon_parallel_executor.executor.parallel:loop closed
[3.818s] DEBUG:colcon.colcon_parallel_executor.executor.parallel:run_until_complete finished with '0'
[3.818s] DEBUG:colcon.colcon_core.event_reactor:joining thread
[3.822s] INFO:colcon.colcon_core.plugin_system:Skipping extension 'colcon_notification.desktop_notification.terminal_notifier': Not used on non-Darwin systems
[3.822s] INFO:colcon.colcon_core.plugin_system:Skipping extension 'colcon_notification.desktop_notification.win32': Not used on non-Windows systems
[3.822s] INFO:colcon.colcon_notification.desktop_notification:Sending desktop notification using 'notify2'
[3.837s] DEBUG:colcon.colcon_core.event_reactor:joined thread
[3.837s] INFO:colcon.colcon_core.shell:Creating prefix script '/home/magnus/AscenD/EiRT-AscenD-Robotics/ros2_ws/install/local_setup.ps1'
[3.838s] INFO:colcon.colcon_core.shell:Creating prefix util module '/home/magnus/AscenD/EiRT-AscenD-Robotics/ros2_ws/install/_local_setup_util_ps1.py'
[3.839s] INFO:colcon.colcon_core.shell:Creating prefix chain script '/home/magnus/AscenD/EiRT-AscenD-Robotics/ros2_ws/install/setup.ps1'
[3.840s] INFO:colcon.colcon_core.shell:Creating prefix script '/home/magnus/AscenD/EiRT-AscenD-Robotics/ros2_ws/install/local_setup.sh'
[3.841s] INFO:colcon.colcon_core.shell:Creating prefix util module '/home/magnus/AscenD/EiRT-AscenD-Robotics/ros2_ws/install/_local_setup_util_sh.py'
[3.841s] INFO:colcon.colcon_core.shell:Creating prefix chain script '/home/magnus/AscenD/EiRT-AscenD-Robotics/ros2_ws/install/setup.sh'
[3.842s] INFO:colcon.colcon_core.shell:Creating prefix script '/home/magnus/AscenD/EiRT-AscenD-Robotics/ros2_ws/install/local_setup.bash'
[3.842s] INFO:colcon.colcon_core.shell:Creating prefix chain script '/home/magnus/AscenD/EiRT-AscenD-Robotics/ros2_ws/install/setup.bash'
[3.843s] INFO:colcon.colcon_core.shell:Creating prefix script '/home/magnus/AscenD/EiRT-AscenD-Robotics/ros2_ws/install/local_setup.zsh'
[3.843s] INFO:colcon.colcon_core.shell:Creating prefix chain script '/home/magnus/AscenD/EiRT-AscenD-Robotics/ros2_ws/install/setup.zsh'
