running egg_info
writing ../../build/offboard/offboard.egg-info/PKG-INFO
writing dependency_links to ../../build/offboard/offboard.egg-info/dependency_links.txt
writing entry points to ../../build/offboard/offboard.egg-info/entry_points.txt
writing requirements to ../../build/offboard/offboard.egg-info/requires.txt
writing top-level names to ../../build/offboard/offboard.egg-info/top_level.txt
reading manifest file '../../build/offboard/offboard.egg-info/SOURCES.txt'
writing manifest file '../../build/offboard/offboard.egg-info/SOURCES.txt'
running build
running build_py
copying offboard/offboard.py -> /home/fljv/Desktop/new/off_b/EiRT-AscenD-Robotics/ros2_ws/build/offboard/build/lib/offboard
running install
running install_lib
copying /home/fljv/Desktop/new/off_b/EiRT-AscenD-Robotics/ros2_ws/build/offboard/build/lib/offboard/offboard.py -> /home/fljv/Desktop/new/off_b/EiRT-AscenD-Robotics/ros2_ws/install/offboard/lib/python3.10/site-packages/offboard
byte-compiling /home/fljv/Desktop/new/off_b/EiRT-AscenD-Robotics/ros2_ws/install/offboard/lib/python3.10/site-packages/offboard/offboard.py to offboard.cpython-310.pyc
running install_data
running install_egg_info
removing '/home/fljv/Desktop/new/off_b/EiRT-AscenD-Robotics/ros2_ws/install/offboard/lib/python3.10/site-packages/offboard-0.0.0-py3.10.egg-info' (and everything under it)
Copying ../../build/offboard/offboard.egg-info to /home/fljv/Desktop/new/off_b/EiRT-AscenD-Robotics/ros2_ws/install/offboard/lib/python3.10/site-packages/offboard-0.0.0-py3.10.egg-info
running install_scripts
Installing offboard script to /home/fljv/Desktop/new/off_b/EiRT-AscenD-Robotics/ros2_ws/install/offboard/lib/offboard
Installing serv script to /home/fljv/Desktop/new/off_b/EiRT-AscenD-Robotics/ros2_ws/install/offboard/lib/offboard
writing list of installed files to '/home/fljv/Desktop/new/off_b/EiRT-AscenD-Robotics/ros2_ws/build/offboard/install.log'
