[0.079s] DEBUG:colcon:Command line arguments: ['/usr/bin/colcon', 'build']
[0.079s] DEBUG:colcon:Parsed command line arguments: Namespace(log_base=None, log_level=None, verb_name='build', build_base='build', install_base='install', merge_install=False, symlink_install=False, test_result_base=None, continue_on_error=False, executor='parallel', parallel_workers=16, event_handlers=None, ignore_user_meta=False, metas=['./colcon.meta'], base_paths=['.'], packages_ignore=None, packages_ignore_regex=None, paths=None, packages_up_to=None, packages_up_to_regex=None, packages_above=None, packages_above_and_dependencies=None, packages_above_depth=None, packages_select_by_dep=None, packages_skip_by_dep=None, packages_skip_up_to=None, packages_select_build_failed=False, packages_skip_build_finished=False, packages_select_test_failures=False, packages_skip_test_passed=False, packages_select=None, packages_skip=None, packages_select_regex=None, packages_skip_regex=None, packages_start=None, packages_end=None, allow_overriding=[], cmake_args=None, cmake_target=None, cmake_target_skip_unavailable=False, cmake_clean_cache=False, cmake_clean_first=False, cmake_force_configure=False, ament_cmake_args=None, catkin_cmake_args=None, catkin_skip_building_tests=False, mixin_files=None, mixin=None, verb_parser=<colcon_mixin.mixin.mixin_argument.MixinArgumentDecorator object at 0x732a47b63280>, verb_extension=<colcon_core.verb.build.BuildVerb object at 0x732a47ca81c0>, main=<bound method BuildVerb.main of <colcon_core.verb.build.BuildVerb object at 0x732a47ca81c0>>, mixin_verb=('build',))
[0.210s] Level 1:colcon.colcon_core.package_discovery:discover_packages(colcon_meta) check parameters
[0.211s] Level 1:colcon.colcon_core.package_discovery:discover_packages(recursive) check parameters
[0.211s] Level 1:colcon.colcon_core.package_discovery:discover_packages(ignore) check parameters
[0.211s] Level 1:colcon.colcon_core.package_discovery:discover_packages(path) check parameters
[0.211s] Level 1:colcon.colcon_core.package_discovery:discover_packages(colcon_meta) discover
[0.211s] Level 1:colcon.colcon_core.package_discovery:discover_packages(recursive) discover
[0.211s] INFO:colcon.colcon_core.package_discovery:Crawling recursively for packages in '/home/samuel/EiRT-AscenD-Robotics'
[0.211s] Level 1:colcon.colcon_core.package_identification:_identify(.) by extensions ['ignore', 'ignore_ament_install']
[0.211s] Level 1:colcon.colcon_core.package_identification:_identify(.) by extension 'ignore'
[0.211s] Level 1:colcon.colcon_core.package_identification:_identify(.) by extension 'ignore_ament_install'
[0.211s] Level 1:colcon.colcon_core.package_identification:_identify(.) by extensions ['colcon_pkg']
[0.211s] Level 1:colcon.colcon_core.package_identification:_identify(.) by extension 'colcon_pkg'
[0.211s] Level 1:colcon.colcon_core.package_identification:_identify(.) by extensions ['colcon_meta']
[0.211s] Level 1:colcon.colcon_core.package_identification:_identify(.) by extension 'colcon_meta'
[0.211s] Level 1:colcon.colcon_core.package_identification:_identify(.) by extensions ['ros']
[0.211s] Level 1:colcon.colcon_core.package_identification:_identify(.) by extension 'ros'
[0.218s] Level 1:colcon.colcon_core.package_identification:_identify(.) by extensions ['cmake', 'python']
[0.218s] Level 1:colcon.colcon_core.package_identification:_identify(.) by extension 'cmake'
[0.218s] Level 1:colcon.colcon_core.package_identification:_identify(.) by extension 'python'
[0.218s] Level 1:colcon.colcon_core.package_identification:_identify(.) by extensions ['python_setup_py']
[0.218s] Level 1:colcon.colcon_core.package_identification:_identify(.) by extension 'python_setup_py'
[0.218s] Level 1:colcon.colcon_core.package_identification:_identify(build) by extensions ['ignore', 'ignore_ament_install']
[0.218s] Level 1:colcon.colcon_core.package_identification:_identify(build) by extension 'ignore'
[0.218s] Level 1:colcon.colcon_core.package_identification:_identify(build) ignored
[0.219s] Level 1:colcon.colcon_core.package_identification:_identify(install) by extensions ['ignore', 'ignore_ament_install']
[0.219s] Level 1:colcon.colcon_core.package_identification:_identify(install) by extension 'ignore'
[0.219s] Level 1:colcon.colcon_core.package_identification:_identify(install) ignored
[0.219s] Level 1:colcon.colcon_core.package_identification:_identify(log) by extensions ['ignore', 'ignore_ament_install']
[0.219s] Level 1:colcon.colcon_core.package_identification:_identify(log) by extension 'ignore'
[0.219s] Level 1:colcon.colcon_core.package_identification:_identify(log) ignored
[0.219s] Level 1:colcon.colcon_core.package_identification:_identify(ros2_ws) by extensions ['ignore', 'ignore_ament_install']
[0.219s] Level 1:colcon.colcon_core.package_identification:_identify(ros2_ws) by extension 'ignore'
[0.219s] Level 1:colcon.colcon_core.package_identification:_identify(ros2_ws) by extension 'ignore_ament_install'
[0.219s] Level 1:colcon.colcon_core.package_identification:_identify(ros2_ws) by extensions ['colcon_pkg']
[0.219s] Level 1:colcon.colcon_core.package_identification:_identify(ros2_ws) by extension 'colcon_pkg'
[0.219s] Level 1:colcon.colcon_core.package_identification:_identify(ros2_ws) by extensions ['colcon_meta']
[0.219s] Level 1:colcon.colcon_core.package_identification:_identify(ros2_ws) by extension 'colcon_meta'
[0.219s] Level 1:colcon.colcon_core.package_identification:_identify(ros2_ws) by extensions ['ros']
[0.219s] Level 1:colcon.colcon_core.package_identification:_identify(ros2_ws) by extension 'ros'
[0.219s] Level 1:colcon.colcon_core.package_identification:_identify(ros2_ws) by extensions ['cmake', 'python']
[0.219s] Level 1:colcon.colcon_core.package_identification:_identify(ros2_ws) by extension 'cmake'
[0.219s] Level 1:colcon.colcon_core.package_identification:_identify(ros2_ws) by extension 'python'
[0.219s] Level 1:colcon.colcon_core.package_identification:_identify(ros2_ws) by extensions ['python_setup_py']
[0.219s] Level 1:colcon.colcon_core.package_identification:_identify(ros2_ws) by extension 'python_setup_py'
[0.219s] Level 1:colcon.colcon_core.package_identification:_identify(ros2_ws/build) by extensions ['ignore', 'ignore_ament_install']
[0.219s] Level 1:colcon.colcon_core.package_identification:_identify(ros2_ws/build) by extension 'ignore'
[0.219s] Level 1:colcon.colcon_core.package_identification:_identify(ros2_ws/build) ignored
[0.219s] Level 1:colcon.colcon_core.package_identification:_identify(ros2_ws/install) by extensions ['ignore', 'ignore_ament_install']
[0.219s] Level 1:colcon.colcon_core.package_identification:_identify(ros2_ws/install) by extension 'ignore'
[0.219s] Level 1:colcon.colcon_core.package_identification:_identify(ros2_ws/install) ignored
[0.220s] Level 1:colcon.colcon_core.package_identification:_identify(ros2_ws/log) by extensions ['ignore', 'ignore_ament_install']
[0.220s] Level 1:colcon.colcon_core.package_identification:_identify(ros2_ws/log) by extension 'ignore'
[0.220s] Level 1:colcon.colcon_core.package_identification:_identify(ros2_ws/log) ignored
[0.220s] Level 1:colcon.colcon_core.package_identification:_identify(ros2_ws/src) by extensions ['ignore', 'ignore_ament_install']
[0.220s] Level 1:colcon.colcon_core.package_identification:_identify(ros2_ws/src) by extension 'ignore'
[0.220s] Level 1:colcon.colcon_core.package_identification:_identify(ros2_ws/src) by extension 'ignore_ament_install'
[0.220s] Level 1:colcon.colcon_core.package_identification:_identify(ros2_ws/src) by extensions ['colcon_pkg']
[0.220s] Level 1:colcon.colcon_core.package_identification:_identify(ros2_ws/src) by extension 'colcon_pkg'
[0.220s] Level 1:colcon.colcon_core.package_identification:_identify(ros2_ws/src) by extensions ['colcon_meta']
[0.220s] Level 1:colcon.colcon_core.package_identification:_identify(ros2_ws/src) by extension 'colcon_meta'
[0.220s] Level 1:colcon.colcon_core.package_identification:_identify(ros2_ws/src) by extensions ['ros']
[0.220s] Level 1:colcon.colcon_core.package_identification:_identify(ros2_ws/src) by extension 'ros'
[0.220s] Level 1:colcon.colcon_core.package_identification:_identify(ros2_ws/src) by extensions ['cmake', 'python']
[0.220s] Level 1:colcon.colcon_core.package_identification:_identify(ros2_ws/src) by extension 'cmake'
[0.220s] Level 1:colcon.colcon_core.package_identification:_identify(ros2_ws/src) by extension 'python'
[0.220s] Level 1:colcon.colcon_core.package_identification:_identify(ros2_ws/src) by extensions ['python_setup_py']
[0.220s] Level 1:colcon.colcon_core.package_identification:_identify(ros2_ws/src) by extension 'python_setup_py'
[0.220s] Level 1:colcon.colcon_core.package_identification:_identify(ros2_ws/src/hmi) by extensions ['ignore', 'ignore_ament_install']
[0.220s] Level 1:colcon.colcon_core.package_identification:_identify(ros2_ws/src/hmi) by extension 'ignore'
[0.220s] Level 1:colcon.colcon_core.package_identification:_identify(ros2_ws/src/hmi) by extension 'ignore_ament_install'
[0.220s] Level 1:colcon.colcon_core.package_identification:_identify(ros2_ws/src/hmi) by extensions ['colcon_pkg']
[0.220s] Level 1:colcon.colcon_core.package_identification:_identify(ros2_ws/src/hmi) by extension 'colcon_pkg'
[0.220s] Level 1:colcon.colcon_core.package_identification:_identify(ros2_ws/src/hmi) by extensions ['colcon_meta']
[0.220s] Level 1:colcon.colcon_core.package_identification:_identify(ros2_ws/src/hmi) by extension 'colcon_meta'
[0.220s] Level 1:colcon.colcon_core.package_identification:_identify(ros2_ws/src/hmi) by extensions ['ros']
[0.220s] Level 1:colcon.colcon_core.package_identification:_identify(ros2_ws/src/hmi) by extension 'ros'
[0.223s] DEBUG:colcon.colcon_core.package_identification:Package 'ros2_ws/src/hmi' with type 'ros.ament_cmake' and name 'hmi'
[0.223s] Level 1:colcon.colcon_core.package_identification:_identify(ros2_ws/src/install) by extensions ['ignore', 'ignore_ament_install']
[0.223s] Level 1:colcon.colcon_core.package_identification:_identify(ros2_ws/src/install) by extension 'ignore'
[0.223s] Level 1:colcon.colcon_core.package_identification:_identify(ros2_ws/src/install) ignored
[0.223s] Level 1:colcon.colcon_core.package_identification:_identify(ros2_ws/src/log) by extensions ['ignore', 'ignore_ament_install']
[0.223s] Level 1:colcon.colcon_core.package_identification:_identify(ros2_ws/src/log) by extension 'ignore'
[0.223s] Level 1:colcon.colcon_core.package_identification:_identify(ros2_ws/src/log) ignored
[0.223s] Level 1:colcon.colcon_core.package_discovery:discover_packages(recursive) using defaults
[0.223s] Level 1:colcon.colcon_core.package_discovery:discover_packages(ignore) discover
[0.223s] Level 1:colcon.colcon_core.package_discovery:discover_packages(ignore) using defaults
[0.223s] Level 1:colcon.colcon_core.package_discovery:discover_packages(path) discover
[0.223s] Level 1:colcon.colcon_core.package_discovery:discover_packages(path) using defaults
[0.244s] Level 1:colcon.colcon_core.package_discovery:discover_packages(prefix_path) check parameters
[0.244s] Level 1:colcon.colcon_core.package_discovery:discover_packages(prefix_path) discover
[0.245s] DEBUG:colcon.colcon_installed_package_information.package_discovery:Found 1 installed packages in /home/samuel/EiRT-AscenD-Robotics/ros2_ws/install
[0.246s] DEBUG:colcon.colcon_installed_package_information.package_discovery:Found 284 installed packages in /opt/ros/humble
[0.247s] Level 1:colcon.colcon_core.package_discovery:discover_packages(prefix_path) using defaults
[0.273s] Level 5:colcon.colcon_core.verb:set package 'hmi' build argument 'cmake_args' from command line to 'None'
[0.274s] Level 5:colcon.colcon_core.verb:set package 'hmi' build argument 'cmake_target' from command line to 'None'
[0.274s] Level 5:colcon.colcon_core.verb:set package 'hmi' build argument 'cmake_target_skip_unavailable' from command line to 'False'
[0.274s] Level 5:colcon.colcon_core.verb:set package 'hmi' build argument 'cmake_clean_cache' from command line to 'False'
[0.274s] Level 5:colcon.colcon_core.verb:set package 'hmi' build argument 'cmake_clean_first' from command line to 'False'
[0.274s] Level 5:colcon.colcon_core.verb:set package 'hmi' build argument 'cmake_force_configure' from command line to 'False'
[0.274s] Level 5:colcon.colcon_core.verb:set package 'hmi' build argument 'ament_cmake_args' from command line to 'None'
[0.274s] Level 5:colcon.colcon_core.verb:set package 'hmi' build argument 'catkin_cmake_args' from command line to 'None'
[0.274s] Level 5:colcon.colcon_core.verb:set package 'hmi' build argument 'catkin_skip_building_tests' from command line to 'False'
[0.274s] DEBUG:colcon.colcon_core.verb:Building package 'hmi' with the following arguments: {'ament_cmake_args': None, 'build_base': '/home/samuel/EiRT-AscenD-Robotics/build/hmi', 'catkin_cmake_args': None, 'catkin_skip_building_tests': False, 'cmake_args': None, 'cmake_clean_cache': False, 'cmake_clean_first': False, 'cmake_force_configure': False, 'cmake_target': None, 'cmake_target_skip_unavailable': False, 'install_base': '/home/samuel/EiRT-AscenD-Robotics/install/hmi', 'merge_install': False, 'path': '/home/samuel/EiRT-AscenD-Robotics/ros2_ws/src/hmi', 'symlink_install': False, 'test_result_base': None}
[0.274s] INFO:colcon.colcon_core.executor:Executing jobs using 'parallel' executor
[0.275s] DEBUG:colcon.colcon_parallel_executor.executor.parallel:run_until_complete
[0.275s] INFO:colcon.colcon_ros.task.ament_cmake.build:Building ROS package in '/home/samuel/EiRT-AscenD-Robotics/ros2_ws/src/hmi' with build type 'ament_cmake'
[0.275s] INFO:colcon.colcon_cmake.task.cmake.build:Building CMake package in '/home/samuel/EiRT-AscenD-Robotics/ros2_ws/src/hmi'
[0.277s] INFO:colcon.colcon_core.plugin_system:Skipping extension 'colcon_core.shell.bat': Not used on non-Windows systems
[0.277s] INFO:colcon.colcon_core.shell:Skip shell extension 'powershell' for command environment: Not usable outside of PowerShell
[0.277s] DEBUG:colcon.colcon_core.shell:Skip shell extension 'dsv' for command environment
[0.285s] DEBUG:colcon.colcon_core.event_handler.log_command:Invoking command in '/home/samuel/EiRT-AscenD-Robotics/build/hmi': CMAKE_PREFIX_PATH=${CMAKE_PREFIX_PATH}:/opt/ros/humble /usr/bin/cmake /home/samuel/EiRT-AscenD-Robotics/ros2_ws/src/hmi -DCMAKE_INSTALL_PREFIX=/home/samuel/EiRT-AscenD-Robotics/install/hmi
[1.300s] DEBUG:colcon.colcon_core.event_handler.log_command:Invoked command in '/home/samuel/EiRT-AscenD-Robotics/build/hmi' returned '0': CMAKE_PREFIX_PATH=${CMAKE_PREFIX_PATH}:/opt/ros/humble /usr/bin/cmake /home/samuel/EiRT-AscenD-Robotics/ros2_ws/src/hmi -DCMAKE_INSTALL_PREFIX=/home/samuel/EiRT-AscenD-Robotics/install/hmi
[1.301s] DEBUG:colcon.colcon_core.event_handler.log_command:Invoking command in '/home/samuel/EiRT-AscenD-Robotics/build/hmi': CMAKE_PREFIX_PATH=${CMAKE_PREFIX_PATH}:/opt/ros/humble /usr/bin/cmake --build /home/samuel/EiRT-AscenD-Robotics/build/hmi -- -j16 -l16
[9.829s] DEBUG:colcon.colcon_core.event_handler.log_command:Invoked command in '/home/samuel/EiRT-AscenD-Robotics/build/hmi' returned '0': CMAKE_PREFIX_PATH=${CMAKE_PREFIX_PATH}:/opt/ros/humble /usr/bin/cmake --build /home/samuel/EiRT-AscenD-Robotics/build/hmi -- -j16 -l16
[9.837s] DEBUG:colcon.colcon_core.event_handler.log_command:Invoking command in '/home/samuel/EiRT-AscenD-Robotics/build/hmi': CMAKE_PREFIX_PATH=${CMAKE_PREFIX_PATH}:/opt/ros/humble /usr/bin/cmake --install /home/samuel/EiRT-AscenD-Robotics/build/hmi
[9.847s] Level 1:colcon.colcon_core.environment:create_environment_scripts_only(hmi)
[9.847s] DEBUG:colcon.colcon_core.event_handler.log_command:Invoked command in '/home/samuel/EiRT-AscenD-Robotics/build/hmi' returned '0': CMAKE_PREFIX_PATH=${CMAKE_PREFIX_PATH}:/opt/ros/humble /usr/bin/cmake --install /home/samuel/EiRT-AscenD-Robotics/build/hmi
[9.849s] Level 1:colcon.colcon_core.environment:checking '/home/samuel/EiRT-AscenD-Robotics/install/hmi' for CMake module files
[9.849s] Level 1:colcon.colcon_core.environment:checking '/home/samuel/EiRT-AscenD-Robotics/install/hmi' for CMake config files
[9.849s] Level 1:colcon.colcon_core.shell:create_environment_hook('hmi', 'cmake_prefix_path')
[9.849s] INFO:colcon.colcon_core.shell:Creating environment hook '/home/samuel/EiRT-AscenD-Robotics/install/hmi/share/hmi/hook/cmake_prefix_path.ps1'
[9.850s] INFO:colcon.colcon_core.shell:Creating environment descriptor '/home/samuel/EiRT-AscenD-Robotics/install/hmi/share/hmi/hook/cmake_prefix_path.dsv'
[9.850s] INFO:colcon.colcon_core.shell:Creating environment hook '/home/samuel/EiRT-AscenD-Robotics/install/hmi/share/hmi/hook/cmake_prefix_path.sh'
[9.850s] Level 1:colcon.colcon_core.environment:checking '/home/samuel/EiRT-AscenD-Robotics/install/hmi/bin'
[9.850s] Level 1:colcon.colcon_core.environment:checking '/home/samuel/EiRT-AscenD-Robotics/install/hmi/lib/pkgconfig/hmi.pc'
[9.851s] Level 1:colcon.colcon_core.environment:checking '/home/samuel/EiRT-AscenD-Robotics/install/hmi/lib/python3.10/site-packages'
[9.851s] Level 1:colcon.colcon_core.environment:checking '/home/samuel/EiRT-AscenD-Robotics/install/hmi/bin'
[9.851s] INFO:colcon.colcon_core.shell:Creating package script '/home/samuel/EiRT-AscenD-Robotics/install/hmi/share/hmi/package.ps1'
[9.851s] INFO:colcon.colcon_core.shell:Creating package descriptor '/home/samuel/EiRT-AscenD-Robotics/install/hmi/share/hmi/package.dsv'
[9.852s] INFO:colcon.colcon_core.shell:Creating package script '/home/samuel/EiRT-AscenD-Robotics/install/hmi/share/hmi/package.sh'
[9.852s] INFO:colcon.colcon_core.shell:Creating package script '/home/samuel/EiRT-AscenD-Robotics/install/hmi/share/hmi/package.bash'
[9.853s] INFO:colcon.colcon_core.shell:Creating package script '/home/samuel/EiRT-AscenD-Robotics/install/hmi/share/hmi/package.zsh'
[9.853s] Level 1:colcon.colcon_core.environment:create_file_with_runtime_dependencies(/home/samuel/EiRT-AscenD-Robotics/install/hmi/share/colcon-core/packages/hmi)
[9.854s] Level 1:colcon.colcon_core.environment:create_environment_scripts_only(hmi)
[9.854s] Level 1:colcon.colcon_core.environment:checking '/home/samuel/EiRT-AscenD-Robotics/install/hmi' for CMake module files
[9.855s] Level 1:colcon.colcon_core.environment:checking '/home/samuel/EiRT-AscenD-Robotics/install/hmi' for CMake config files
[9.855s] Level 1:colcon.colcon_core.shell:create_environment_hook('hmi', 'cmake_prefix_path')
[9.855s] INFO:colcon.colcon_core.shell:Creating environment hook '/home/samuel/EiRT-AscenD-Robotics/install/hmi/share/hmi/hook/cmake_prefix_path.ps1'
[9.855s] INFO:colcon.colcon_core.shell:Creating environment descriptor '/home/samuel/EiRT-AscenD-Robotics/install/hmi/share/hmi/hook/cmake_prefix_path.dsv'
[9.855s] INFO:colcon.colcon_core.shell:Creating environment hook '/home/samuel/EiRT-AscenD-Robotics/install/hmi/share/hmi/hook/cmake_prefix_path.sh'
[9.856s] Level 1:colcon.colcon_core.environment:checking '/home/samuel/EiRT-AscenD-Robotics/install/hmi/bin'
[9.856s] Level 1:colcon.colcon_core.environment:checking '/home/samuel/EiRT-AscenD-Robotics/install/hmi/lib/pkgconfig/hmi.pc'
[9.856s] Level 1:colcon.colcon_core.environment:checking '/home/samuel/EiRT-AscenD-Robotics/install/hmi/lib/python3.10/site-packages'
[9.856s] Level 1:colcon.colcon_core.environment:checking '/home/samuel/EiRT-AscenD-Robotics/install/hmi/bin'
[9.856s] INFO:colcon.colcon_core.shell:Creating package script '/home/samuel/EiRT-AscenD-Robotics/install/hmi/share/hmi/package.ps1'
[9.857s] INFO:colcon.colcon_core.shell:Creating package descriptor '/home/samuel/EiRT-AscenD-Robotics/install/hmi/share/hmi/package.dsv'
[9.857s] INFO:colcon.colcon_core.shell:Creating package script '/home/samuel/EiRT-AscenD-Robotics/install/hmi/share/hmi/package.sh'
[9.857s] INFO:colcon.colcon_core.shell:Creating package script '/home/samuel/EiRT-AscenD-Robotics/install/hmi/share/hmi/package.bash'
[9.857s] INFO:colcon.colcon_core.shell:Creating package script '/home/samuel/EiRT-AscenD-Robotics/install/hmi/share/hmi/package.zsh'
[9.858s] Level 1:colcon.colcon_core.environment:create_file_with_runtime_dependencies(/home/samuel/EiRT-AscenD-Robotics/install/hmi/share/colcon-core/packages/hmi)
[9.858s] DEBUG:colcon.colcon_parallel_executor.executor.parallel:closing loop
[9.858s] DEBUG:colcon.colcon_parallel_executor.executor.parallel:loop closed
[9.858s] DEBUG:colcon.colcon_parallel_executor.executor.parallel:run_until_complete finished with '0'
[9.858s] DEBUG:colcon.colcon_core.event_reactor:joining thread
[9.863s] INFO:colcon.colcon_core.plugin_system:Skipping extension 'colcon_notification.desktop_notification.terminal_notifier': Not used on non-Darwin systems
[9.863s] INFO:colcon.colcon_core.plugin_system:Skipping extension 'colcon_notification.desktop_notification.win32': Not used on non-Windows systems
[9.863s] INFO:colcon.colcon_notification.desktop_notification:Sending desktop notification using 'notify2'
[9.872s] DEBUG:colcon.colcon_core.event_reactor:joined thread
[9.873s] INFO:colcon.colcon_core.shell:Creating prefix script '/home/samuel/EiRT-AscenD-Robotics/install/local_setup.ps1'
[9.873s] INFO:colcon.colcon_core.shell:Creating prefix util module '/home/samuel/EiRT-AscenD-Robotics/install/_local_setup_util_ps1.py'
[9.874s] INFO:colcon.colcon_core.shell:Creating prefix chain script '/home/samuel/EiRT-AscenD-Robotics/install/setup.ps1'
[9.875s] INFO:colcon.colcon_core.shell:Creating prefix script '/home/samuel/EiRT-AscenD-Robotics/install/local_setup.sh'
[9.875s] INFO:colcon.colcon_core.shell:Creating prefix util module '/home/samuel/EiRT-AscenD-Robotics/install/_local_setup_util_sh.py'
[9.876s] INFO:colcon.colcon_core.shell:Creating prefix chain script '/home/samuel/EiRT-AscenD-Robotics/install/setup.sh'
[9.876s] INFO:colcon.colcon_core.shell:Creating prefix script '/home/samuel/EiRT-AscenD-Robotics/install/local_setup.bash'
[9.876s] INFO:colcon.colcon_core.shell:Creating prefix chain script '/home/samuel/EiRT-AscenD-Robotics/install/setup.bash'
[9.877s] INFO:colcon.colcon_core.shell:Creating prefix script '/home/samuel/EiRT-AscenD-Robotics/install/local_setup.zsh'
[9.877s] INFO:colcon.colcon_core.shell:Creating prefix chain script '/home/samuel/EiRT-AscenD-Robotics/install/setup.zsh'
