Curr: -0.16125856339931488 -0.14818142354488373 1.7494906187057495 target: -0.15812240540981293 -0.14758220314979553 1.7295764684677124
Curr: -0.16341732442378998 -0.14869795739650726 1.765127420425415 target: -3.0 -3.0 0.9999956209296645
Curr: -0.16545484960079193 -0.14913277328014374 1.7815179824829102 target: -3.0 -3.0 0.9999645885453861
Curr: -0.16705568134784698 -0.14960314333438873 1.7971336841583252 target: -3.0 -3.0 0.9998784417378985
Curr: -0.16821473836898804 -0.15026885271072388 1.8080698251724243 target: -3.0 -3.0 0.999709086897849
Curr: -0.16897109150886536 -0.1511056274175644 1.8125413656234741 target: -3.0 -3.0 0.9994306890410642
Curr: -0.16940125823020935 -0.15236903727054596 1.8097254037857056 target: -3.0 -3.0 0.9990138005409737
Curr: -0.1700640320777893 -0.15310843288898468 1.8038941621780396 target: -3.0 -3.0 0.9984296893698557
Curr: -0.17264556884765625 -0.15299785137176514 1.7996898889541626 target: -3.0 -3.0 0.9976547811463772
Curr: -0.17535518109798431 -0.15316446125507355 1.7916990518569946 target: -3.0 -3.0 0.996658141198657
Curr: -0.17858317494392395 -0.153888538479805 1.7806845903396606 target: -3.0 -3.0 0.9954106187585905
Curr: -0.18267306685447693 -0.155523419380188 1.7673946619033813 target: -3.0 -3.0 0.9938852430554386
Curr: -0.18942008912563324 -0.15936049818992615 1.7488396167755127 target: -3.0 -3.0 0.992058971817714
Curr: -0.19638703763484955 -0.16421766579151154 1.733076810836792 target: -3.0 -3.0 0.9898797350570471
Curr: -0.2048616260290146 -0.17084597051143646 1.7167632579803467 target: -3.0 -3.0 0.9873607303241139
Curr: -0.2149665206670761 -0.1794133484363556 1.7005358934402466 target: -3.0 -3.0 0.9844689788395654
Curr: -0.22670386731624603 -0.18995676934719086 1.6842963695526123 target: -3.0 -3.0 0.981112775551387
Curr: -0.24008026719093323 -0.20242729783058167 1.6680943965911865 target: -3.0 -3.0 0.9773661920369162
Curr: -0.259107381105423 -0.2207794189453125 1.6483180522918701 target: -3.0 -3.0 0.9731340403738032
Curr: -0.27550870180130005 -0.23668242990970612 1.6327966451644897 target: -3.0 -3.0 0.9683761421993768
Curr: -0.29161757230758667 -0.25164058804512024 1.6174590587615967 target: -3.0 -3.0 0.9631195285350946
Curr: -0.3092259466648102 -0.26849034428596497 1.6024154424667358 target: -3.0 -3.0 0.9573140132800421
Curr: -0.3282640278339386 -0.2870950400829315 1.5876809358596802 target: -3.0 -3.0 0.9508996591668031
Curr: -0.34870022535324097 -0.30743879079818726 1.5731297731399536 target: -3.0 -3.0 0.9438855949448967
Curr: -0.376167356967926 -0.3351399898529053 1.555374264717102 target: -3.0 -3.0 0.9362021298188228
Curr: -0.3995788097381592 -0.3590444326400757 1.5412145853042603 target: -3.0 -3.0 0.9279015773594371
Curr: -0.4242804944515228 -0.3843669295310974 1.5269148349761963 target: -3.0 -3.0 0.9188924890031497
Curr: -0.45013749599456787 -0.410974383354187 1.5124731063842773 target: -3.0 -3.0 0.9091808185327689
Curr: -0.4770263433456421 -0.43881383538246155 1.4979896545410156 target: -3.0 -3.0 0.8986729373933569
Curr: -0.5048549175262451 -0.4677483141422272 1.4834073781967163 target: -3.0 -3.0 0.8874102152686152
Curr: -0.5407973527908325 -0.5052628517150879 1.4650698900222778 target: -3.0 -3.0 0.8753671919076969
Curr: -0.5698626637458801 -0.5367297530174255 1.450364112854004 target: -3.0 -3.0 0.8623471855307254
Curr: -0.5979878902435303 -0.570408284664154 1.4358376264572144 target: -3.0 -3.0 0.8487174825097141
Curr: -0.6266188025474548 -0.6047267317771912 1.4213950634002686 target: -3.0 -3.0 0.8340678731466913
Curr: -0.6556469202041626 -0.6395813822746277 1.4069870710372925 target: -3.0 -3.0 0.8183955025902754
Curr: -0.6850095391273499 -0.6748554706573486 1.3923770189285278 target: -3.0 -3.0 0.8020056630074346
Curr: -0.7221121788024902 -0.719414472579956 1.3739393949508667 target: -3.0 -3.0 0.7844890970417175
Curr: -0.7520883083343506 -0.7552774548530579 1.359028935432434 target: -3.0 -3.0 0.7660199217173901
Curr: -0.7822322845458984 -0.7912775278091431 1.3438535928726196 target: -3.0 -3.0 0.7465354752607984
Curr: -0.8124578595161438 -0.8274115324020386 1.3287938833236694 target: -3.0 -3.0 0.7259933109878635
Curr: -0.8427799940109253 -0.8635856509208679 1.3137986660003662 target: -3.0 -3.0 0.7042649571577297
Curr: -0.8731588125228882 -0.8996520042419434 1.2984546422958374 target: -3.0 -3.0 0.6815570253990224
Curr: -0.911069393157959 -0.9445226788520813 1.2787400484085083 target: -3.0 -3.0 0.6577446760894476
Curr: -0.9417151212692261 -0.9809957146644592 1.2631217241287231 target: -3.0 -3.0 0.6324702814933989
Curr: -0.9734333753585815 -1.0193759202957153 1.2486340999603271 target: -3.0 -3.0 0.6064195289828129
Curr: -1.004953384399414 -1.0574275255203247 1.233660340309143 target: -3.0 -3.0 0.5789791758215084
Curr: -1.0363314151763916 -1.0951504707336426 1.2181316614151 target: -3.0 -3.0 0.5499902208306957
Curr: -1.0675159692764282 -1.1325310468673706 1.2019246816635132 target: -3.0 -3.0 0.5202547157645765
Curr: -1.1061139106750488 -1.1787489652633667 1.1809333562850952 target: -3.0 -3.0 0.4889687944413791
Curr: -1.136679768562317 -1.2152043581008911 1.1635828018188477 target: -3.0 -3.0 0.45616822081674113
Curr: -1.1669929027557373 -1.2512354850769043 1.1454695463180542 target: -3.0 -3.0 0.42228508692098254
Curr: -1.1970086097717285 -1.2868019342422485 1.1267430782318115 target: -3.0 -3.0 0.38695385322583287
Curr: -1.2267800569534302 -1.3218978643417358 1.1074305772781372 target: -3.0 -3.0 0.3501288786084378
Curr: -1.2562388181686401 -1.3565114736557007 1.0874783992767334 target: -3.0 -3.0 0.31189895272832635
Curr: -1.2925207614898682 -1.3990293741226196 1.0616679191589355 target: -3.0 -3.0 0.2720528219937164
Curr: -1.3215832710266113 -1.4326961040496826 1.041161298751831 target: -3.0 -3.0 0.23060009589676134
Curr: -1.3517067432403564 -1.4664170742034912 1.0223644971847534 target: -3.0 -3.0 0.1881550758855146
Curr: -1.3813843727111816 -1.499582290649414 1.002520203590393 target: -3.0 -3.0 0.1439823245074413
Curr: -1.4105708599090576 -1.5322006940841675 0.981941282749176 target: -3.0 -3.0 0.09801665279357463
Curr: -1.4392869472503662 -1.5642809867858887 0.960310697555542 target: -3.0 -3.0 0.05038313181437459
Curr: -1.4745055437088013 -1.6035901308059692 0.9317194819450378 target: -3.0 -3.0 0.001335502753253781
Curr: -1.502107858657837 -1.634393572807312 0.9075819253921509 target: -3.0 -3.0 0.0
Curr: -1.5291653871536255 -1.66462242603302 0.8822695016860962 target: -3.0 -3.0 0.0
Curr: -1.5556987524032593 -1.6942704916000366 0.8558706641197205 target: -3.0 -3.0 0.0
Curr: -1.5817022323608398 -1.7233493328094482 0.8288154602050781 target: -3.0 -3.0 0.0
Curr: -1.607197642326355 -1.751866102218628 0.8013859391212463 target: -3.0 -3.0 0.0
Curr: -1.638377070426941 -1.7867043018341064 0.7670523524284363 target: -3.0 -3.0 0.0
Curr: -1.663658618927002 -1.8138972520828247 0.740973949432373 target: -3.0 -3.0 0.0
Curr: -1.690853238105774 -1.840248465538025 0.7178133130073547 target: -3.0 -3.0 0.0
Curr: -1.724002480506897 -1.8725626468658447 0.6892492175102234 target: -3.0 -3.0 0.0
Curr: -1.7434813976287842 -1.8916010856628418 0.672452449798584 target: -3.0 -3.0 0.0
Curr: -1.768935203552246 -1.9165879487991333 0.650305449962616 target: -3.0 -3.0 0.0
Curr: -1.8001060485839844 -1.947224497795105 0.6231227517127991 target: -3.0 -3.0 0.0
Curr: -1.8244438171386719 -1.971228837966919 0.6020185947418213 target: -3.0 -3.0 0.0
Curr: -1.848280906677246 -1.994884729385376 0.5813497304916382 target: -3.0 -3.0 0.0
Curr: -1.8716223239898682 -2.0181994438171387 0.5610640645027161 target: -3.0 -3.0 0.0
Curr: -1.8945019245147705 -2.0412402153015137 0.5418110489845276 target: -3.0 -3.0 0.0
Curr: -1.9169801473617554 -2.063936710357666 0.5229524374008179 target: -3.0 -3.0 0.0
Curr: -1.9444557428359985 -2.091899871826172 0.5000722408294678 target: -3.0 -3.0 0.0
Curr: -1.9669861793518066 -2.113600730895996 0.4833235442638397 target: -3.0 -3.0 0.0
Curr: -1.9919127225875854 -2.133992910385132 0.4689539968967438 target: -3.0 -3.0 0.0
Curr: -2.0162296295166016 -2.1541390419006348 0.45471295714378357 target: -3.0 -3.0 0.0
Curr: -2.0400044918060303 -2.1740479469299316 0.44068458676338196 target: -3.0 -3.0 0.0
