[  7%] [34m[1mAutomatic MOC for target frontend_node[0m
[  7%] Built target frontend_node_autogen
[35m[1mConsolidate compiler generated dependencies of target frontend_node[0m
[ 30%] [32mBuilding CXX object CMakeFiles/frontend_node.dir/src/mainwindow.cpp.o[0m
[ 30%] [32mBuilding CXX object CMakeFiles/frontend_node.dir/src/main.cpp.o[0m
[ 30%] [32mBuilding CXX object CMakeFiles/frontend_node.dir/frontend_node_autogen/mocs_compilation.cpp.o[0m
[ 38%] [32m[1mLinking CXX executable frontend_node[0m
[100%] Built target frontend_node
-- Install configuration: ""
-- Installing: /home/samuel/EiRT-AscenD-Robotics/install/hmi/lib/hmi/frontend_node
-- Set runtime path of "/home/samuel/EiRT-AscenD-Robotics/install/hmi/lib/hmi/frontend_node" to ""
-- Up-to-date: /home/samuel/EiRT-AscenD-Robotics/install/hmi/share/ament_index/resource_index/package_run_dependencies/hmi
-- Up-to-date: /home/samuel/EiRT-AscenD-Robotics/install/hmi/share/ament_index/resource_index/parent_prefix_path/hmi
-- Up-to-date: /home/samuel/EiRT-AscenD-Robotics/install/hmi/share/hmi/environment/ament_prefix_path.sh
-- Up-to-date: /home/samuel/EiRT-AscenD-Robotics/install/hmi/share/hmi/environment/ament_prefix_path.dsv
-- Up-to-date: /home/samuel/EiRT-AscenD-Robotics/install/hmi/share/hmi/environment/path.sh
-- Up-to-date: /home/samuel/EiRT-AscenD-Robotics/install/hmi/share/hmi/environment/path.dsv
-- Up-to-date: /home/samuel/EiRT-AscenD-Robotics/install/hmi/share/hmi/local_setup.bash
-- Up-to-date: /home/samuel/EiRT-AscenD-Robotics/install/hmi/share/hmi/local_setup.sh
-- Up-to-date: /home/samuel/EiRT-AscenD-Robotics/install/hmi/share/hmi/local_setup.zsh
-- Up-to-date: /home/samuel/EiRT-AscenD-Robotics/install/hmi/share/hmi/local_setup.dsv
-- Installing: /home/samuel/EiRT-AscenD-Robotics/install/hmi/share/hmi/package.dsv
-- Up-to-date: /home/samuel/EiRT-AscenD-Robotics/install/hmi/share/ament_index/resource_index/packages/hmi
-- Up-to-date: /home/samuel/EiRT-AscenD-Robotics/install/hmi/share/hmi/cmake/hmiConfig.cmake
-- Up-to-date: /home/samuel/EiRT-AscenD-Robotics/install/hmi/share/hmi/cmake/hmiConfig-version.cmake
-- Up-to-date: /home/samuel/EiRT-AscenD-Robotics/install/hmi/share/hmi/package.xml
