[0.184s] Invoking command in '/home/fljv/sim/EiRT-AscenD-Robotics/ros2_ws/build/hmi_backend': AMENT_PREFIX_PATH=/home/fljv/Desktop/new/off_b/EiRT-AscenD-Robotics/ros2_ws/install/dronehive_interfaces:${AMENT_PREFIX_PATH} CMAKE_PREFIX_PATH=/home/fljv/sim/EiRT-AscenD-Robotics/ros2_ws/install/dronehive_interfaces:/home/fljv/sim/EiRT-AscenD-Robotics/ros2_ws/install/hmi_backend:/home/fljv/sim/EiRT-AscenD-Robotics/ros2_ws/install/offboard:/home/fljv/sim/EiRT-AscenD-Robotics/ros2_ws/install/dronehive:/opt/ros/humble LD_LIBRARY_PATH=/home/fljv/Desktop/new/off_b/EiRT-AscenD-Robotics/ros2_ws/install/dronehive_interfaces/lib:${LD_LIBRARY_PATH} PYTHONPATH=/home/fljv/Desktop/new/off_b/EiRT-AscenD-Robotics/ros2_ws/install/dronehive_interfaces/local/lib/python3.10/dist-packages:${PYTHONPATH} /usr/bin/cmake --build /home/fljv/sim/EiRT-AscenD-Robotics/ros2_ws/build/hmi_backend -- -j20 -l20
[0.189s] [0mCMake Error: The current CMakeCache.txt directory /home/fljv/sim/EiRT-AscenD-Robotics/ros2_ws/build/hmi_backend/CMakeCache.txt is different than the directory /home/fljv/Desktop/new/off_b/EiRT-AscenD-Robotics/ros2_ws/build/hmi_backend where CMakeCache.txt was created. This may result in binaries being created in the wrong place. If you are not sure, reedit the CMakeCache.txt[0m
[0.203s] -- Found ament_cmake: 1.3.12 (/opt/ros/humble/share/ament_cmake/cmake)
[0.298s] -- Found rclcpp: 16.0.16 (/opt/ros/humble/share/rclcpp/cmake)
[0.317s] -- Found rosidl_generator_c: 3.1.7 (/opt/ros/humble/share/rosidl_generator_c/cmake)
[0.318s] -- Found rosidl_adapter: 3.1.7 (/opt/ros/humble/share/rosidl_adapter/cmake)
[0.322s] -- Found rosidl_generator_cpp: 3.1.7 (/opt/ros/humble/share/rosidl_generator_cpp/cmake)
[0.328s] -- Using all available rosidl_typesupport_c: rosidl_typesupport_fastrtps_c;rosidl_typesupport_introspection_c
[0.336s] -- Using all available rosidl_typesupport_cpp: rosidl_typesupport_fastrtps_cpp;rosidl_typesupport_introspection_cpp
[0.358s] -- Found rmw_implementation_cmake: 6.1.2 (/opt/ros/humble/share/rmw_implementation_cmake/cmake)
[0.358s] -- Found rmw_fastrtps_cpp: 6.2.9 (/opt/ros/humble/share/rmw_fastrtps_cpp/cmake)
[0.430s] -- Using RMW implementation 'rmw_fastrtps_cpp' as default
[0.461s] -- Found dronehive_interfaces: 0.0.0 (/home/fljv/Desktop/new/off_b/EiRT-AscenD-Robotics/ros2_ws/install/dronehive_interfaces/share/dronehive_interfaces/cmake)
[0.470s] -- Found ament_lint_auto: 0.12.14 (/opt/ros/humble/share/ament_lint_auto/cmake)
[0.530s] -- Added test 'cppcheck' to perform static code analysis on C / C++ code
[0.531s] -- Configured cppcheck include dirs: /home/fljv/Desktop/new/off_b/EiRT-AscenD-Robotics/ros2_ws/src/hmi_backend/include
[0.531s] -- Configured cppcheck exclude dirs and/or files: 
[0.531s] -- Added test 'lint_cmake' to check CMake code style
[0.531s] -- Added test 'uncrustify' to check C / C++ code style
[0.531s] -- Configured uncrustify additional arguments: 
[0.531s] -- Added test 'xmllint' to check XML markup files
[0.532s] -- Configuring done
[0.550s] -- Generating done
[0.555s] -- Build files have been written to: /home/fljv/Desktop/new/off_b/EiRT-AscenD-Robotics/ros2_ws/build/hmi_backend
[0.588s] [ 20%] [34m[1mAutomatic MOC for target backend_node[0m
[0.607s] [ 20%] Built target backend_node_autogen
[0.621s] [35m[1mConsolidate compiler generated dependencies of target backend_node[0m
[0.638s] [100%] Built target backend_node
