[0.219s] Invoking command in '/home/samuel/EiRT-AscenD-Robotics/build/hmi': CMAKE_PREFIX_PATH=/home/samuel/EiRT-AscenD-Robotics/install/dronehive_interfaces:/home/samuel/EiRT-AscenD-Robotics/install/hmi_backend:/home/samuel/EiRT-AscenD-Robotics/install/hmi:/home/samuel/EiRT-AscenD-Robotics/ros2_ws/install/hmi_backend:/home/samuel/EiRT-AscenD-Robotics/ros2_ws/install/hmi:/home/samuel/EiRT-AscenD-Robotics/ros2_ws/install/dronehive_interfaces:/home/samuel/EiRT-AscenD-Robotics/install/dronehive:/home/samuel/EiRT-AscenD-Robotics/ros2_ws/install/dronehive:/opt/ros/humble /usr/bin/cmake --build /home/samuel/EiRT-AscenD-Robotics/build/hmi -- -j16 -l16
[0.263s] [  7%] [34m[1mAutomatic MOC for target frontend_node[0m
[0.286s] [  7%] Built target frontend_node_autogen
[0.302s] [35m[1mConsolidate compiler generated dependencies of target frontend_node[0m
[0.338s] [ 15%] [32mBuilding CXX object CMakeFiles/frontend_node.dir/src/warehouseframe.cpp.o[0m
[3.283s] [ 23%] [32m[1mLinking CXX executable frontend_node[0m
[4.112s] [100%] Built target frontend_node
[4.124s] Invoked command in '/home/samuel/EiRT-AscenD-Robotics/build/hmi' returned '0': CMAKE_PREFIX_PATH=/home/samuel/EiRT-AscenD-Robotics/install/dronehive_interfaces:/home/samuel/EiRT-AscenD-Robotics/install/hmi_backend:/home/samuel/EiRT-AscenD-Robotics/install/hmi:/home/samuel/EiRT-AscenD-Robotics/ros2_ws/install/hmi_backend:/home/samuel/EiRT-AscenD-Robotics/ros2_ws/install/hmi:/home/samuel/EiRT-AscenD-Robotics/ros2_ws/install/dronehive_interfaces:/home/samuel/EiRT-AscenD-Robotics/install/dronehive:/home/samuel/EiRT-AscenD-Robotics/ros2_ws/install/dronehive:/opt/ros/humble /usr/bin/cmake --build /home/samuel/EiRT-AscenD-Robotics/build/hmi -- -j16 -l16
[4.125s] Invoking command in '/home/samuel/EiRT-AscenD-Robotics/build/hmi': CMAKE_PREFIX_PATH=/home/samuel/EiRT-AscenD-Robotics/install/dronehive_interfaces:/home/samuel/EiRT-AscenD-Robotics/install/hmi_backend:/home/samuel/EiRT-AscenD-Robotics/install/hmi:/home/samuel/EiRT-AscenD-Robotics/ros2_ws/install/hmi_backend:/home/samuel/EiRT-AscenD-Robotics/ros2_ws/install/hmi:/home/samuel/EiRT-AscenD-Robotics/ros2_ws/install/dronehive_interfaces:/home/samuel/EiRT-AscenD-Robotics/install/dronehive:/home/samuel/EiRT-AscenD-Robotics/ros2_ws/install/dronehive:/opt/ros/humble /usr/bin/cmake --install /home/samuel/EiRT-AscenD-Robotics/build/hmi
[4.132s] -- Install configuration: ""
[4.132s] -- Installing: /home/samuel/EiRT-AscenD-Robotics/install/hmi/lib/hmi/frontend_node
[4.144s] -- Set runtime path of "/home/samuel/EiRT-AscenD-Robotics/install/hmi/lib/hmi/frontend_node" to ""
[4.144s] -- Up-to-date: /home/samuel/EiRT-AscenD-Robotics/install/hmi/share/ament_index/resource_index/package_run_dependencies/hmi
[4.144s] -- Up-to-date: /home/samuel/EiRT-AscenD-Robotics/install/hmi/share/ament_index/resource_index/parent_prefix_path/hmi
[4.144s] -- Up-to-date: /home/samuel/EiRT-AscenD-Robotics/install/hmi/share/hmi/environment/ament_prefix_path.sh
[4.144s] -- Up-to-date: /home/samuel/EiRT-AscenD-Robotics/install/hmi/share/hmi/environment/ament_prefix_path.dsv
[4.144s] -- Up-to-date: /home/samuel/EiRT-AscenD-Robotics/install/hmi/share/hmi/environment/path.sh
[4.145s] -- Up-to-date: /home/samuel/EiRT-AscenD-Robotics/install/hmi/share/hmi/environment/path.dsv
[4.145s] -- Up-to-date: /home/samuel/EiRT-AscenD-Robotics/install/hmi/share/hmi/local_setup.bash
[4.145s] -- Up-to-date: /home/samuel/EiRT-AscenD-Robotics/install/hmi/share/hmi/local_setup.sh
[4.145s] -- Up-to-date: /home/samuel/EiRT-AscenD-Robotics/install/hmi/share/hmi/local_setup.zsh
[4.145s] -- Up-to-date: /home/samuel/EiRT-AscenD-Robotics/install/hmi/share/hmi/local_setup.dsv
[4.145s] -- Installing: /home/samuel/EiRT-AscenD-Robotics/install/hmi/share/hmi/package.dsv
[4.145s] -- Up-to-date: /home/samuel/EiRT-AscenD-Robotics/install/hmi/share/ament_index/resource_index/packages/hmi
[4.145s] -- Up-to-date: /home/samuel/EiRT-AscenD-Robotics/install/hmi/share/hmi/cmake/hmiConfig.cmake
[4.145s] -- Up-to-date: /home/samuel/EiRT-AscenD-Robotics/install/hmi/share/hmi/cmake/hmiConfig-version.cmake
[4.145s] -- Up-to-date: /home/samuel/EiRT-AscenD-Robotics/install/hmi/share/hmi/package.xml
[4.146s] Invoked command in '/home/samuel/EiRT-AscenD-Robotics/build/hmi' returned '0': CMAKE_PREFIX_PATH=/home/samuel/EiRT-AscenD-Robotics/install/dronehive_interfaces:/home/samuel/EiRT-AscenD-Robotics/install/hmi_backend:/home/samuel/EiRT-AscenD-Robotics/install/hmi:/home/samuel/EiRT-AscenD-Robotics/ros2_ws/install/hmi_backend:/home/samuel/EiRT-AscenD-Robotics/ros2_ws/install/hmi:/home/samuel/EiRT-AscenD-Robotics/ros2_ws/install/dronehive_interfaces:/home/samuel/EiRT-AscenD-Robotics/install/dronehive:/home/samuel/EiRT-AscenD-Robotics/ros2_ws/install/dronehive:/opt/ros/humble /usr/bin/cmake --install /home/samuel/EiRT-AscenD-Robotics/build/hmi
