[0.224s] Invoking command in '/home/samuel/EiRT-AscenD-Robotics/build/hmi_backend': AMENT_PREFIX_PATH=/home/samuel/EiRT-AscenD-Robotics/install/dronehive_interfaces:${AMENT_PREFIX_PATH} CMAKE_PREFIX_PATH=/home/samuel/EiRT-AscenD-Robotics/install/dronehive_interfaces:/home/samuel/EiRT-AscenD-Robotics/ros2_ws/install/hmi_backend:/home/samuel/EiRT-AscenD-Robotics/ros2_ws/install/hmi:/home/samuel/EiRT-AscenD-Robotics/ros2_ws/install/dronehive_interfaces:/home/samuel/EiRT-AscenD-Robotics/ros2_ws/install/dronehive:/opt/ros/humble LD_LIBRARY_PATH=/home/samuel/EiRT-AscenD-Robotics/install/dronehive_interfaces/lib:${LD_LIBRARY_PATH} PYTHONPATH=/home/samuel/EiRT-AscenD-Robotics/install/dronehive_interfaces/local/lib/python3.10/dist-packages:${PYTHONPATH} /usr/bin/cmake /home/samuel/EiRT-AscenD-Robotics/ros2_ws/src/hmi_backend -DCMAKE_INSTALL_PREFIX=/home/samuel/EiRT-AscenD-Robotics/install/hmi_backend
[0.268s] -- The C compiler identification is GNU 11.4.0
[0.314s] -- The CXX compiler identification is GNU 11.4.0
[0.321s] -- Detecting C compiler ABI info
[0.378s] -- Detecting C compiler ABI info - done
[0.383s] -- Check for working C compiler: /usr/bin/cc - skipped
[0.383s] -- Detecting C compile features
[0.383s] -- Detecting C compile features - done
[0.385s] -- Detecting CXX compiler ABI info
[0.452s] -- Detecting CXX compiler ABI info - done
[0.457s] -- Check for working CXX compiler: /usr/bin/c++ - skipped
[0.457s] -- Detecting CXX compile features
[0.458s] -- Detecting CXX compile features - done
[0.460s] -- Found ament_cmake: 1.3.12 (/opt/ros/humble/share/ament_cmake/cmake)
[0.584s] -- Found Python3: /usr/bin/python3 (found version "3.10.12") found components: Interpreter 
[0.661s] -- Found rclcpp: 16.0.15 (/opt/ros/humble/share/rclcpp/cmake)
[0.701s] -- Found rosidl_generator_c: 3.1.7 (/opt/ros/humble/share/rosidl_generator_c/cmake)
[0.705s] -- Found rosidl_adapter: 3.1.7 (/opt/ros/humble/share/rosidl_adapter/cmake)
[0.712s] -- Found rosidl_generator_cpp: 3.1.7 (/opt/ros/humble/share/rosidl_generator_cpp/cmake)
[0.721s] -- Using all available rosidl_typesupport_c: rosidl_typesupport_fastrtps_c;rosidl_typesupport_introspection_c
[0.734s] -- Using all available rosidl_typesupport_cpp: rosidl_typesupport_fastrtps_cpp;rosidl_typesupport_introspection_cpp
[0.777s] -- Found rmw_implementation_cmake: 6.1.2 (/opt/ros/humble/share/rmw_implementation_cmake/cmake)
[0.780s] -- Found rmw_fastrtps_cpp: 6.2.9 (/opt/ros/humble/share/rmw_fastrtps_cpp/cmake)
[0.880s] -- Found OpenSSL: /usr/lib/x86_64-linux-gnu/libcrypto.so (found version "3.0.2")  
[0.907s] -- Found FastRTPS: /opt/ros/humble/include  
[0.944s] -- Using RMW implementation 'rmw_fastrtps_cpp' as default
[0.955s] -- Looking for pthread.h
[1.017s] -- Looking for pthread.h - found
[1.017s] -- Performing Test CMAKE_HAVE_LIBC_PTHREAD
[1.079s] -- Performing Test CMAKE_HAVE_LIBC_PTHREAD - Success
[1.080s] -- Found Threads: TRUE  
[1.123s] -- Found dronehive_interfaces: 0.0.0 (/home/samuel/EiRT-AscenD-Robotics/install/dronehive_interfaces/share/dronehive_interfaces/cmake)
[1.142s] -- Found ament_lint_auto: 0.12.14 (/opt/ros/humble/share/ament_lint_auto/cmake)
[1.218s] -- Added test 'cppcheck' to perform static code analysis on C / C++ code
[1.218s] -- Configured cppcheck include dirs: /home/samuel/EiRT-AscenD-Robotics/ros2_ws/src/hmi_backend/include
[1.218s] -- Configured cppcheck exclude dirs and/or files: 
[1.219s] -- Added test 'lint_cmake' to check CMake code style
[1.219s] -- Added test 'uncrustify' to check C / C++ code style
[1.220s] -- Configured uncrustify additional arguments: 
[1.220s] -- Added test 'xmllint' to check XML markup files
[1.221s] -- Configuring done
[1.243s] -- Generating done
[1.246s] -- Build files have been written to: /home/samuel/EiRT-AscenD-Robotics/build/hmi_backend
[1.255s] Invoked command in '/home/samuel/EiRT-AscenD-Robotics/build/hmi_backend' returned '0': AMENT_PREFIX_PATH=/home/samuel/EiRT-AscenD-Robotics/install/dronehive_interfaces:${AMENT_PREFIX_PATH} CMAKE_PREFIX_PATH=/home/samuel/EiRT-AscenD-Robotics/install/dronehive_interfaces:/home/samuel/EiRT-AscenD-Robotics/ros2_ws/install/hmi_backend:/home/samuel/EiRT-AscenD-Robotics/ros2_ws/install/hmi:/home/samuel/EiRT-AscenD-Robotics/ros2_ws/install/dronehive_interfaces:/home/samuel/EiRT-AscenD-Robotics/ros2_ws/install/dronehive:/opt/ros/humble LD_LIBRARY_PATH=/home/samuel/EiRT-AscenD-Robotics/install/dronehive_interfaces/lib:${LD_LIBRARY_PATH} PYTHONPATH=/home/samuel/EiRT-AscenD-Robotics/install/dronehive_interfaces/local/lib/python3.10/dist-packages:${PYTHONPATH} /usr/bin/cmake /home/samuel/EiRT-AscenD-Robotics/ros2_ws/src/hmi_backend -DCMAKE_INSTALL_PREFIX=/home/samuel/EiRT-AscenD-Robotics/install/hmi_backend
[1.256s] Invoking command in '/home/samuel/EiRT-AscenD-Robotics/build/hmi_backend': AMENT_PREFIX_PATH=/home/samuel/EiRT-AscenD-Robotics/install/dronehive_interfaces:${AMENT_PREFIX_PATH} CMAKE_PREFIX_PATH=/home/samuel/EiRT-AscenD-Robotics/install/dronehive_interfaces:/home/samuel/EiRT-AscenD-Robotics/ros2_ws/install/hmi_backend:/home/samuel/EiRT-AscenD-Robotics/ros2_ws/install/hmi:/home/samuel/EiRT-AscenD-Robotics/ros2_ws/install/dronehive_interfaces:/home/samuel/EiRT-AscenD-Robotics/ros2_ws/install/dronehive:/opt/ros/humble LD_LIBRARY_PATH=/home/samuel/EiRT-AscenD-Robotics/install/dronehive_interfaces/lib:${LD_LIBRARY_PATH} PYTHONPATH=/home/samuel/EiRT-AscenD-Robotics/install/dronehive_interfaces/local/lib/python3.10/dist-packages:${PYTHONPATH} /usr/bin/cmake --build /home/samuel/EiRT-AscenD-Robotics/build/hmi_backend -- -j16 -l16
[1.305s] [ 20%] [34m[1mAutomatic MOC for target backend_node[0m
[1.332s] [ 20%] Built target backend_node_autogen
[1.351s] [ 80%] [32mBuilding CXX object CMakeFiles/backend_node.dir/backend_node_autogen/mocs_compilation.cpp.o[0m
[1.351s] [ 80%] [32mBuilding CXX object CMakeFiles/backend_node.dir/src/app.cpp.o[0m
[1.351s] [ 80%] [32mBuilding CXX object CMakeFiles/backend_node.dir/src/main.cpp.o[0m
[15.625s] [100%] [32m[1mLinking CXX executable backend_node[0m
[16.244s] [100%] Built target backend_node
[16.255s] Invoked command in '/home/samuel/EiRT-AscenD-Robotics/build/hmi_backend' returned '0': AMENT_PREFIX_PATH=/home/samuel/EiRT-AscenD-Robotics/install/dronehive_interfaces:${AMENT_PREFIX_PATH} CMAKE_PREFIX_PATH=/home/samuel/EiRT-AscenD-Robotics/install/dronehive_interfaces:/home/samuel/EiRT-AscenD-Robotics/ros2_ws/install/hmi_backend:/home/samuel/EiRT-AscenD-Robotics/ros2_ws/install/hmi:/home/samuel/EiRT-AscenD-Robotics/ros2_ws/install/dronehive_interfaces:/home/samuel/EiRT-AscenD-Robotics/ros2_ws/install/dronehive:/opt/ros/humble LD_LIBRARY_PATH=/home/samuel/EiRT-AscenD-Robotics/install/dronehive_interfaces/lib:${LD_LIBRARY_PATH} PYTHONPATH=/home/samuel/EiRT-AscenD-Robotics/install/dronehive_interfaces/local/lib/python3.10/dist-packages:${PYTHONPATH} /usr/bin/cmake --build /home/samuel/EiRT-AscenD-Robotics/build/hmi_backend -- -j16 -l16
[16.257s] Invoking command in '/home/samuel/EiRT-AscenD-Robotics/build/hmi_backend': AMENT_PREFIX_PATH=/home/samuel/EiRT-AscenD-Robotics/install/dronehive_interfaces:${AMENT_PREFIX_PATH} CMAKE_PREFIX_PATH=/home/samuel/EiRT-AscenD-Robotics/install/dronehive_interfaces:/home/samuel/EiRT-AscenD-Robotics/ros2_ws/install/hmi_backend:/home/samuel/EiRT-AscenD-Robotics/ros2_ws/install/hmi:/home/samuel/EiRT-AscenD-Robotics/ros2_ws/install/dronehive_interfaces:/home/samuel/EiRT-AscenD-Robotics/ros2_ws/install/dronehive:/opt/ros/humble LD_LIBRARY_PATH=/home/samuel/EiRT-AscenD-Robotics/install/dronehive_interfaces/lib:${LD_LIBRARY_PATH} PYTHONPATH=/home/samuel/EiRT-AscenD-Robotics/install/dronehive_interfaces/local/lib/python3.10/dist-packages:${PYTHONPATH} /usr/bin/cmake --install /home/samuel/EiRT-AscenD-Robotics/build/hmi_backend
[16.264s] -- Install configuration: ""
[16.264s] -- Installing: /home/samuel/EiRT-AscenD-Robotics/install/hmi_backend/lib/hmi_backend/backend_node
[16.274s] -- Set runtime path of "/home/samuel/EiRT-AscenD-Robotics/install/hmi_backend/lib/hmi_backend/backend_node" to ""
[16.274s] -- Installing: /home/samuel/EiRT-AscenD-Robotics/install/hmi_backend/share/ament_index/resource_index/package_run_dependencies/hmi_backend
[16.274s] -- Installing: /home/samuel/EiRT-AscenD-Robotics/install/hmi_backend/share/ament_index/resource_index/parent_prefix_path/hmi_backend
[16.274s] -- Installing: /home/samuel/EiRT-AscenD-Robotics/install/hmi_backend/share/hmi_backend/environment/ament_prefix_path.sh
[16.274s] -- Installing: /home/samuel/EiRT-AscenD-Robotics/install/hmi_backend/share/hmi_backend/environment/ament_prefix_path.dsv
[16.274s] -- Installing: /home/samuel/EiRT-AscenD-Robotics/install/hmi_backend/share/hmi_backend/environment/path.sh
[16.274s] -- Installing: /home/samuel/EiRT-AscenD-Robotics/install/hmi_backend/share/hmi_backend/environment/path.dsv
[16.275s] -- Installing: /home/samuel/EiRT-AscenD-Robotics/install/hmi_backend/share/hmi_backend/local_setup.bash
[16.275s] -- Installing: /home/samuel/EiRT-AscenD-Robotics/install/hmi_backend/share/hmi_backend/local_setup.sh
[16.275s] -- Installing: /home/samuel/EiRT-AscenD-Robotics/install/hmi_backend/share/hmi_backend/local_setup.zsh
[16.275s] -- Installing: /home/samuel/EiRT-AscenD-Robotics/install/hmi_backend/share/hmi_backend/local_setup.dsv
[16.275s] -- Installing: /home/samuel/EiRT-AscenD-Robotics/install/hmi_backend/share/hmi_backend/package.dsv
[16.275s] -- Installing: /home/samuel/EiRT-AscenD-Robotics/install/hmi_backend/share/ament_index/resource_index/packages/hmi_backend
[16.275s] -- Installing: /home/samuel/EiRT-AscenD-Robotics/install/hmi_backend/share/hmi_backend/cmake/hmi_backendConfig.cmake
[16.275s] -- Installing: /home/samuel/EiRT-AscenD-Robotics/install/hmi_backend/share/hmi_backend/cmake/hmi_backendConfig-version.cmake
[16.276s] -- Installing: /home/samuel/EiRT-AscenD-Robotics/install/hmi_backend/share/hmi_backend/package.xml
[16.278s] Invoked command in '/home/samuel/EiRT-AscenD-Robotics/build/hmi_backend' returned '0': AMENT_PREFIX_PATH=/home/samuel/EiRT-AscenD-Robotics/install/dronehive_interfaces:${AMENT_PREFIX_PATH} CMAKE_PREFIX_PATH=/home/samuel/EiRT-AscenD-Robotics/install/dronehive_interfaces:/home/samuel/EiRT-AscenD-Robotics/ros2_ws/install/hmi_backend:/home/samuel/EiRT-AscenD-Robotics/ros2_ws/install/hmi:/home/samuel/EiRT-AscenD-Robotics/ros2_ws/install/dronehive_interfaces:/home/samuel/EiRT-AscenD-Robotics/ros2_ws/install/dronehive:/opt/ros/humble LD_LIBRARY_PATH=/home/samuel/EiRT-AscenD-Robotics/install/dronehive_interfaces/lib:${LD_LIBRARY_PATH} PYTHONPATH=/home/samuel/EiRT-AscenD-Robotics/install/dronehive_interfaces/local/lib/python3.10/dist-packages:${PYTHONPATH} /usr/bin/cmake --install /home/samuel/EiRT-AscenD-Robotics/build/hmi_backend
