[ 20%] [34m[1mAutomatic MOC for target backend_node[0m
[ 20%] Built target backend_node_autogen
[35m[1mConsolidate compiler generated dependencies of target backend_node[0m
[100%] Built target backend_node
-- Install configuration: ""
-- Installing: /home/fljv/Desktop/new/off_b/EiRT-AscenD-Robotics/ros2_ws/install/hmi_backend/lib/hmi_backend/backend_node
-- Set runtime path of "/home/fljv/Desktop/new/off_b/EiRT-AscenD-Robotics/ros2_ws/install/hmi_backend/lib/hmi_backend/backend_node" to ""
-- Installing: /home/fljv/Desktop/new/off_b/EiRT-AscenD-Robotics/ros2_ws/install/hmi_backend/share/ament_index/resource_index/package_run_dependencies/hmi_backend
-- Installing: /home/fljv/Desktop/new/off_b/EiRT-AscenD-Robotics/ros2_ws/install/hmi_backend/share/ament_index/resource_index/parent_prefix_path/hmi_backend
-- Installing: /home/fljv/Desktop/new/off_b/EiRT-AscenD-Robotics/ros2_ws/install/hmi_backend/share/hmi_backend/environment/ament_prefix_path.sh
-- Installing: /home/fljv/Desktop/new/off_b/EiRT-AscenD-Robotics/ros2_ws/install/hmi_backend/share/hmi_backend/environment/ament_prefix_path.dsv
-- Installing: /home/fljv/Desktop/new/off_b/EiRT-AscenD-Robotics/ros2_ws/install/hmi_backend/share/hmi_backend/environment/path.sh
-- Installing: /home/fljv/Desktop/new/off_b/EiRT-AscenD-Robotics/ros2_ws/install/hmi_backend/share/hmi_backend/environment/path.dsv
-- Installing: /home/fljv/Desktop/new/off_b/EiRT-AscenD-Robotics/ros2_ws/install/hmi_backend/share/hmi_backend/local_setup.bash
-- Installing: /home/fljv/Desktop/new/off_b/EiRT-AscenD-Robotics/ros2_ws/install/hmi_backend/share/hmi_backend/local_setup.sh
-- Installing: /home/fljv/Desktop/new/off_b/EiRT-AscenD-Robotics/ros2_ws/install/hmi_backend/share/hmi_backend/local_setup.zsh
-- Installing: /home/fljv/Desktop/new/off_b/EiRT-AscenD-Robotics/ros2_ws/install/hmi_backend/share/hmi_backend/local_setup.dsv
-- Installing: /home/fljv/Desktop/new/off_b/EiRT-AscenD-Robotics/ros2_ws/install/hmi_backend/share/hmi_backend/package.dsv
-- Installing: /home/fljv/Desktop/new/off_b/EiRT-AscenD-Robotics/ros2_ws/install/hmi_backend/share/ament_index/resource_index/packages/hmi_backend
-- Installing: /home/fljv/Desktop/new/off_b/EiRT-AscenD-Robotics/ros2_ws/install/hmi_backend/share/hmi_backend/cmake/hmi_backendConfig.cmake
-- Installing: /home/fljv/Desktop/new/off_b/EiRT-AscenD-Robotics/ros2_ws/install/hmi_backend/share/hmi_backend/cmake/hmi_backendConfig-version.cmake
-- Installing: /home/fljv/Desktop/new/off_b/EiRT-AscenD-Robotics/ros2_ws/install/hmi_backend/share/hmi_backend/package.xml
