[0.186s] Invoking command in '/home/fljv/Desktop/new/off_b/EiRT-AscenD-Robotics/ros2_ws/build/hmi_backend': AMENT_PREFIX_PATH=/home/fljv/Desktop/new/off_b/EiRT-AscenD-Robotics/ros2_ws/install/dronehive_interfaces:${AMENT_PREFIX_PATH} CMAKE_PREFIX_PATH=/home/fljv/Desktop/new/off_b/EiRT-AscenD-Robotics/ros2_ws/install/dronehive_interfaces:/opt/ros/humble LD_LIBRARY_PATH=/home/fljv/Desktop/new/off_b/EiRT-AscenD-Robotics/ros2_ws/install/dronehive_interfaces/lib:${LD_LIBRARY_PATH} PYTHONPATH=/home/fljv/Desktop/new/off_b/EiRT-AscenD-Robotics/ros2_ws/install/dronehive_interfaces/local/lib/python3.10/dist-packages:${PYTHONPATH} /usr/bin/cmake --build /home/fljv/Desktop/new/off_b/EiRT-AscenD-Robotics/ros2_ws/build/hmi_backend -- -j20 -l20
[0.269s] [ 20%] [34m[1mAutomatic MOC for target backend_node[0m
[0.291s] [ 20%] Built target backend_node_autogen
[0.311s] [35m[1mConsolidate compiler generated dependencies of target backend_node[0m
[0.327s] [100%] Built target backend_node
[0.362s] Invoked command in '/home/fljv/Desktop/new/off_b/EiRT-AscenD-Robotics/ros2_ws/build/hmi_backend' returned '0': AMENT_PREFIX_PATH=/home/fljv/Desktop/new/off_b/EiRT-AscenD-Robotics/ros2_ws/install/dronehive_interfaces:${AMENT_PREFIX_PATH} CMAKE_PREFIX_PATH=/home/fljv/Desktop/new/off_b/EiRT-AscenD-Robotics/ros2_ws/install/dronehive_interfaces:/opt/ros/humble LD_LIBRARY_PATH=/home/fljv/Desktop/new/off_b/EiRT-AscenD-Robotics/ros2_ws/install/dronehive_interfaces/lib:${LD_LIBRARY_PATH} PYTHONPATH=/home/fljv/Desktop/new/off_b/EiRT-AscenD-Robotics/ros2_ws/install/dronehive_interfaces/local/lib/python3.10/dist-packages:${PYTHONPATH} /usr/bin/cmake --build /home/fljv/Desktop/new/off_b/EiRT-AscenD-Robotics/ros2_ws/build/hmi_backend -- -j20 -l20
[0.364s] Invoking command in '/home/fljv/Desktop/new/off_b/EiRT-AscenD-Robotics/ros2_ws/build/hmi_backend': AMENT_PREFIX_PATH=/home/fljv/Desktop/new/off_b/EiRT-AscenD-Robotics/ros2_ws/install/dronehive_interfaces:${AMENT_PREFIX_PATH} CMAKE_PREFIX_PATH=/home/fljv/Desktop/new/off_b/EiRT-AscenD-Robotics/ros2_ws/install/dronehive_interfaces:/opt/ros/humble LD_LIBRARY_PATH=/home/fljv/Desktop/new/off_b/EiRT-AscenD-Robotics/ros2_ws/install/dronehive_interfaces/lib:${LD_LIBRARY_PATH} PYTHONPATH=/home/fljv/Desktop/new/off_b/EiRT-AscenD-Robotics/ros2_ws/install/dronehive_interfaces/local/lib/python3.10/dist-packages:${PYTHONPATH} /usr/bin/cmake --install /home/fljv/Desktop/new/off_b/EiRT-AscenD-Robotics/ros2_ws/build/hmi_backend
[0.371s] -- Install configuration: ""
[0.371s] -- Installing: /home/fljv/Desktop/new/off_b/EiRT-AscenD-Robotics/ros2_ws/install/hmi_backend/lib/hmi_backend/backend_node
[0.682s] -- Set runtime path of "/home/fljv/Desktop/new/off_b/EiRT-AscenD-Robotics/ros2_ws/install/hmi_backend/lib/hmi_backend/backend_node" to ""
[0.682s] -- Installing: /home/fljv/Desktop/new/off_b/EiRT-AscenD-Robotics/ros2_ws/install/hmi_backend/share/ament_index/resource_index/package_run_dependencies/hmi_backend
[0.682s] -- Installing: /home/fljv/Desktop/new/off_b/EiRT-AscenD-Robotics/ros2_ws/install/hmi_backend/share/ament_index/resource_index/parent_prefix_path/hmi_backend
[0.683s] -- Installing: /home/fljv/Desktop/new/off_b/EiRT-AscenD-Robotics/ros2_ws/install/hmi_backend/share/hmi_backend/environment/ament_prefix_path.sh
[0.685s] -- Installing: /home/fljv/Desktop/new/off_b/EiRT-AscenD-Robotics/ros2_ws/install/hmi_backend/share/hmi_backend/environment/ament_prefix_path.dsv
[0.686s] -- Installing: /home/fljv/Desktop/new/off_b/EiRT-AscenD-Robotics/ros2_ws/install/hmi_backend/share/hmi_backend/environment/path.sh
[0.688s] -- Installing: /home/fljv/Desktop/new/off_b/EiRT-AscenD-Robotics/ros2_ws/install/hmi_backend/share/hmi_backend/environment/path.dsv
[0.689s] -- Installing: /home/fljv/Desktop/new/off_b/EiRT-AscenD-Robotics/ros2_ws/install/hmi_backend/share/hmi_backend/local_setup.bash
[0.690s] -- Installing: /home/fljv/Desktop/new/off_b/EiRT-AscenD-Robotics/ros2_ws/install/hmi_backend/share/hmi_backend/local_setup.sh
[0.692s] -- Installing: /home/fljv/Desktop/new/off_b/EiRT-AscenD-Robotics/ros2_ws/install/hmi_backend/share/hmi_backend/local_setup.zsh
[0.692s] -- Installing: /home/fljv/Desktop/new/off_b/EiRT-AscenD-Robotics/ros2_ws/install/hmi_backend/share/hmi_backend/local_setup.dsv
[0.693s] -- Installing: /home/fljv/Desktop/new/off_b/EiRT-AscenD-Robotics/ros2_ws/install/hmi_backend/share/hmi_backend/package.dsv
[0.693s] -- Installing: /home/fljv/Desktop/new/off_b/EiRT-AscenD-Robotics/ros2_ws/install/hmi_backend/share/ament_index/resource_index/packages/hmi_backend
[0.693s] -- Installing: /home/fljv/Desktop/new/off_b/EiRT-AscenD-Robotics/ros2_ws/install/hmi_backend/share/hmi_backend/cmake/hmi_backendConfig.cmake
[0.694s] -- Installing: /home/fljv/Desktop/new/off_b/EiRT-AscenD-Robotics/ros2_ws/install/hmi_backend/share/hmi_backend/cmake/hmi_backendConfig-version.cmake
[0.694s] -- Installing: /home/fljv/Desktop/new/off_b/EiRT-AscenD-Robotics/ros2_ws/install/hmi_backend/share/hmi_backend/package.xml
[0.696s] Invoked command in '/home/fljv/Desktop/new/off_b/EiRT-AscenD-Robotics/ros2_ws/build/hmi_backend' returned '0': AMENT_PREFIX_PATH=/home/fljv/Desktop/new/off_b/EiRT-AscenD-Robotics/ros2_ws/install/dronehive_interfaces:${AMENT_PREFIX_PATH} CMAKE_PREFIX_PATH=/home/fljv/Desktop/new/off_b/EiRT-AscenD-Robotics/ros2_ws/install/dronehive_interfaces:/opt/ros/humble LD_LIBRARY_PATH=/home/fljv/Desktop/new/off_b/EiRT-AscenD-Robotics/ros2_ws/install/dronehive_interfaces/lib:${LD_LIBRARY_PATH} PYTHONPATH=/home/fljv/Desktop/new/off_b/EiRT-AscenD-Robotics/ros2_ws/install/dronehive_interfaces/local/lib/python3.10/dist-packages:${PYTHONPATH} /usr/bin/cmake --install /home/fljv/Desktop/new/off_b/EiRT-AscenD-Robotics/ros2_ws/build/hmi_backend
