[0.905s] Invoking command in '/home/fljv/Desktop/new/off_b/EiRT-AscenD-Robotics/ros2_ws/src/dronehive': AMENT_PREFIX_PATH=/home/fljv/Desktop/new/off_b/EiRT-AscenD-Robotics/ros2_ws/install/dronehive_interfaces:${AMENT_PREFIX_PATH} CMAKE_PREFIX_PATH=/home/fljv/Desktop/new/off_b/EiRT-AscenD-Robotics/ros2_ws/install/dronehive_interfaces LD_LIBRARY_PATH=/home/fljv/Desktop/new/off_b/EiRT-AscenD-Robotics/ros2_ws/install/dronehive_interfaces/lib:${LD_LIBRARY_PATH} PYTHONPATH=/home/fljv/Desktop/new/off_b/EiRT-AscenD-Robotics/ros2_ws/build/dronehive/prefix_override:/usr/lib/python3/dist-packages/colcon_core/task/python/colcon_distutils_commands:/home/fljv/Desktop/new/off_b/EiRT-AscenD-Robotics/ros2_ws/install/dronehive/lib/python3.10/site-packages:/home/fljv/Desktop/new/off_b/EiRT-AscenD-Robotics/ros2_ws/install/dronehive_interfaces/local/lib/python3.10/dist-packages:${PYTHONPATH} /usr/bin/python3 -W ignore:setup.py install is deprecated -W ignore:easy_install command is deprecated setup.py egg_info --egg-base ../../build/dronehive build --build-base /home/fljv/Desktop/new/off_b/EiRT-AscenD-Robotics/ros2_ws/build/dronehive/build install --record /home/fljv/Desktop/new/off_b/EiRT-AscenD-Robotics/ros2_ws/build/dronehive/install.log --single-version-externally-managed install_data
[1.059s] running egg_info
[1.059s] writing ../../build/dronehive/dronehive.egg-info/PKG-INFO
[1.059s] writing dependency_links to ../../build/dronehive/dronehive.egg-info/dependency_links.txt
[1.060s] writing entry points to ../../build/dronehive/dronehive.egg-info/entry_points.txt
[1.060s] writing requirements to ../../build/dronehive/dronehive.egg-info/requires.txt
[1.060s] writing top-level names to ../../build/dronehive/dronehive.egg-info/top_level.txt
[1.061s] reading manifest file '../../build/dronehive/dronehive.egg-info/SOURCES.txt'
[1.062s] writing manifest file '../../build/dronehive/dronehive.egg-info/SOURCES.txt'
[1.063s] running build
[1.063s] running build_py
[1.063s] running install
[1.064s] running install_lib
[1.065s] running install_data
[1.065s] running install_egg_info
[1.066s] removing '/home/fljv/Desktop/new/off_b/EiRT-AscenD-Robotics/ros2_ws/install/dronehive/lib/python3.10/site-packages/dronehive-0.0.0-py3.10.egg-info' (and everything under it)
[1.066s] Copying ../../build/dronehive/dronehive.egg-info to /home/fljv/Desktop/new/off_b/EiRT-AscenD-Robotics/ros2_ws/install/dronehive/lib/python3.10/site-packages/dronehive-0.0.0-py3.10.egg-info
[1.067s] running install_scripts
[1.081s] Installing box_node script to /home/fljv/Desktop/new/off_b/EiRT-AscenD-Robotics/ros2_ws/install/dronehive/lib/dronehive
[1.081s] Installing dummy_confirm script to /home/fljv/Desktop/new/off_b/EiRT-AscenD-Robotics/ros2_ws/install/dronehive/lib/dronehive
[1.081s] Installing dummy_drone script to /home/fljv/Desktop/new/off_b/EiRT-AscenD-Robotics/ros2_ws/install/dronehive/lib/dronehive
[1.081s] Installing dynamixel script to /home/fljv/Desktop/new/off_b/EiRT-AscenD-Robotics/ros2_ws/install/dronehive/lib/dronehive
[1.081s] Installing slave_node script to /home/fljv/Desktop/new/off_b/EiRT-AscenD-Robotics/ros2_ws/install/dronehive/lib/dronehive
[1.082s] writing list of installed files to '/home/fljv/Desktop/new/off_b/EiRT-AscenD-Robotics/ros2_ws/build/dronehive/install.log'
[1.103s] Invoked command in '/home/fljv/Desktop/new/off_b/EiRT-AscenD-Robotics/ros2_ws/src/dronehive' returned '0': AMENT_PREFIX_PATH=/home/fljv/Desktop/new/off_b/EiRT-AscenD-Robotics/ros2_ws/install/dronehive_interfaces:${AMENT_PREFIX_PATH} CMAKE_PREFIX_PATH=/home/fljv/Desktop/new/off_b/EiRT-AscenD-Robotics/ros2_ws/install/dronehive_interfaces LD_LIBRARY_PATH=/home/fljv/Desktop/new/off_b/EiRT-AscenD-Robotics/ros2_ws/install/dronehive_interfaces/lib:${LD_LIBRARY_PATH} PYTHONPATH=/home/fljv/Desktop/new/off_b/EiRT-AscenD-Robotics/ros2_ws/build/dronehive/prefix_override:/usr/lib/python3/dist-packages/colcon_core/task/python/colcon_distutils_commands:/home/fljv/Desktop/new/off_b/EiRT-AscenD-Robotics/ros2_ws/install/dronehive/lib/python3.10/site-packages:/home/fljv/Desktop/new/off_b/EiRT-AscenD-Robotics/ros2_ws/install/dronehive_interfaces/local/lib/python3.10/dist-packages:${PYTHONPATH} /usr/bin/python3 -W ignore:setup.py install is deprecated -W ignore:easy_install command is deprecated setup.py egg_info --egg-base ../../build/dronehive build --build-base /home/fljv/Desktop/new/off_b/EiRT-AscenD-Robotics/ros2_ws/build/dronehive/build install --record /home/fljv/Desktop/new/off_b/EiRT-AscenD-Robotics/ros2_ws/build/dronehive/install.log --single-version-externally-managed install_data
