[0.085s] DEBUG:colcon:Command line arguments: ['/usr/bin/colcon', 'build']
[0.085s] DEBUG:colcon:Parsed command line arguments: Namespace(log_base=None, log_level=None, verb_name='build', build_base='build', install_base='install', merge_install=False, symlink_install=False, test_result_base=None, continue_on_error=False, executor='parallel', parallel_workers=16, event_handlers=None, ignore_user_meta=False, metas=['./colcon.meta'], base_paths=['.'], packages_ignore=None, packages_ignore_regex=None, paths=None, packages_up_to=None, packages_up_to_regex=None, packages_above=None, packages_above_and_dependencies=None, packages_above_depth=None, packages_select_by_dep=None, packages_skip_by_dep=None, packages_skip_up_to=None, packages_select_build_failed=False, packages_skip_build_finished=False, packages_select_test_failures=False, packages_skip_test_passed=False, packages_select=None, packages_skip=None, packages_select_regex=None, packages_skip_regex=None, packages_start=None, packages_end=None, allow_overriding=[], cmake_args=None, cmake_target=None, cmake_target_skip_unavailable=False, cmake_clean_cache=False, cmake_clean_first=False, cmake_force_configure=False, ament_cmake_args=None, catkin_cmake_args=None, catkin_skip_building_tests=False, mixin_files=None, mixin=None, verb_parser=<colcon_mixin.mixin.mixin_argument.MixinArgumentDecorator object at 0x7e585dca9270>, verb_extension=<colcon_core.verb.build.BuildVerb object at 0x7e585dca8d60>, main=<bound method BuildVerb.main of <colcon_core.verb.build.BuildVerb object at 0x7e585dca8d60>>, mixin_verb=('build',))
[0.231s] Level 1:colcon.colcon_core.package_discovery:discover_packages(colcon_meta) check parameters
[0.231s] Level 1:colcon.colcon_core.package_discovery:discover_packages(recursive) check parameters
[0.231s] Level 1:colcon.colcon_core.package_discovery:discover_packages(ignore) check parameters
[0.231s] Level 1:colcon.colcon_core.package_discovery:discover_packages(path) check parameters
[0.231s] Level 1:colcon.colcon_core.package_discovery:discover_packages(colcon_meta) discover
[0.231s] Level 1:colcon.colcon_core.package_discovery:discover_packages(recursive) discover
[0.231s] INFO:colcon.colcon_core.package_discovery:Crawling recursively for packages in '/home/samuel/EiRT-AscenD-Robotics'
[0.231s] Level 1:colcon.colcon_core.package_identification:_identify(.) by extensions ['ignore', 'ignore_ament_install']
[0.231s] Level 1:colcon.colcon_core.package_identification:_identify(.) by extension 'ignore'
[0.231s] Level 1:colcon.colcon_core.package_identification:_identify(.) by extension 'ignore_ament_install'
[0.231s] Level 1:colcon.colcon_core.package_identification:_identify(.) by extensions ['colcon_pkg']
[0.231s] Level 1:colcon.colcon_core.package_identification:_identify(.) by extension 'colcon_pkg'
[0.231s] Level 1:colcon.colcon_core.package_identification:_identify(.) by extensions ['colcon_meta']
[0.232s] Level 1:colcon.colcon_core.package_identification:_identify(.) by extension 'colcon_meta'
[0.232s] Level 1:colcon.colcon_core.package_identification:_identify(.) by extensions ['ros']
[0.232s] Level 1:colcon.colcon_core.package_identification:_identify(.) by extension 'ros'
[0.262s] Level 1:colcon.colcon_core.package_identification:_identify(.) by extensions ['cmake', 'python']
[0.263s] Level 1:colcon.colcon_core.package_identification:_identify(.) by extension 'cmake'
[0.263s] Level 1:colcon.colcon_core.package_identification:_identify(.) by extension 'python'
[0.263s] Level 1:colcon.colcon_core.package_identification:_identify(.) by extensions ['python_setup_py']
[0.263s] Level 1:colcon.colcon_core.package_identification:_identify(.) by extension 'python_setup_py'
[0.263s] Level 1:colcon.colcon_core.package_identification:_identify(build) by extensions ['ignore', 'ignore_ament_install']
[0.263s] Level 1:colcon.colcon_core.package_identification:_identify(build) by extension 'ignore'
[0.263s] Level 1:colcon.colcon_core.package_identification:_identify(build) ignored
[0.263s] Level 1:colcon.colcon_core.package_identification:_identify(install) by extensions ['ignore', 'ignore_ament_install']
[0.263s] Level 1:colcon.colcon_core.package_identification:_identify(install) by extension 'ignore'
[0.263s] Level 1:colcon.colcon_core.package_identification:_identify(install) ignored
[0.263s] Level 1:colcon.colcon_core.package_identification:_identify(log) by extensions ['ignore', 'ignore_ament_install']
[0.263s] Level 1:colcon.colcon_core.package_identification:_identify(log) by extension 'ignore'
[0.263s] Level 1:colcon.colcon_core.package_identification:_identify(log) ignored
[0.263s] Level 1:colcon.colcon_core.package_identification:_identify(ros2_ws) by extensions ['ignore', 'ignore_ament_install']
[0.263s] Level 1:colcon.colcon_core.package_identification:_identify(ros2_ws) by extension 'ignore'
[0.263s] Level 1:colcon.colcon_core.package_identification:_identify(ros2_ws) by extension 'ignore_ament_install'
[0.263s] Level 1:colcon.colcon_core.package_identification:_identify(ros2_ws) by extensions ['colcon_pkg']
[0.263s] Level 1:colcon.colcon_core.package_identification:_identify(ros2_ws) by extension 'colcon_pkg'
[0.264s] Level 1:colcon.colcon_core.package_identification:_identify(ros2_ws) by extensions ['colcon_meta']
[0.264s] Level 1:colcon.colcon_core.package_identification:_identify(ros2_ws) by extension 'colcon_meta'
[0.264s] Level 1:colcon.colcon_core.package_identification:_identify(ros2_ws) by extensions ['ros']
[0.264s] Level 1:colcon.colcon_core.package_identification:_identify(ros2_ws) by extension 'ros'
[0.264s] Level 1:colcon.colcon_core.package_identification:_identify(ros2_ws) by extensions ['cmake', 'python']
[0.264s] Level 1:colcon.colcon_core.package_identification:_identify(ros2_ws) by extension 'cmake'
[0.264s] Level 1:colcon.colcon_core.package_identification:_identify(ros2_ws) by extension 'python'
[0.264s] Level 1:colcon.colcon_core.package_identification:_identify(ros2_ws) by extensions ['python_setup_py']
[0.264s] Level 1:colcon.colcon_core.package_identification:_identify(ros2_ws) by extension 'python_setup_py'
[0.264s] Level 1:colcon.colcon_core.package_identification:_identify(ros2_ws/build) by extensions ['ignore', 'ignore_ament_install']
[0.264s] Level 1:colcon.colcon_core.package_identification:_identify(ros2_ws/build) by extension 'ignore'
[0.264s] Level 1:colcon.colcon_core.package_identification:_identify(ros2_ws/build) ignored
[0.264s] Level 1:colcon.colcon_core.package_identification:_identify(ros2_ws/install) by extensions ['ignore', 'ignore_ament_install']
[0.264s] Level 1:colcon.colcon_core.package_identification:_identify(ros2_ws/install) by extension 'ignore'
[0.264s] Level 1:colcon.colcon_core.package_identification:_identify(ros2_ws/install) ignored
[0.264s] Level 1:colcon.colcon_core.package_identification:_identify(ros2_ws/log) by extensions ['ignore', 'ignore_ament_install']
[0.264s] Level 1:colcon.colcon_core.package_identification:_identify(ros2_ws/log) by extension 'ignore'
[0.264s] Level 1:colcon.colcon_core.package_identification:_identify(ros2_ws/log) ignored
[0.264s] Level 1:colcon.colcon_core.package_identification:_identify(ros2_ws/src) by extensions ['ignore', 'ignore_ament_install']
[0.264s] Level 1:colcon.colcon_core.package_identification:_identify(ros2_ws/src) by extension 'ignore'
[0.264s] Level 1:colcon.colcon_core.package_identification:_identify(ros2_ws/src) by extension 'ignore_ament_install'
[0.264s] Level 1:colcon.colcon_core.package_identification:_identify(ros2_ws/src) by extensions ['colcon_pkg']
[0.265s] Level 1:colcon.colcon_core.package_identification:_identify(ros2_ws/src) by extension 'colcon_pkg'
[0.265s] Level 1:colcon.colcon_core.package_identification:_identify(ros2_ws/src) by extensions ['colcon_meta']
[0.265s] Level 1:colcon.colcon_core.package_identification:_identify(ros2_ws/src) by extension 'colcon_meta'
[0.265s] Level 1:colcon.colcon_core.package_identification:_identify(ros2_ws/src) by extensions ['ros']
[0.265s] Level 1:colcon.colcon_core.package_identification:_identify(ros2_ws/src) by extension 'ros'
[0.265s] Level 1:colcon.colcon_core.package_identification:_identify(ros2_ws/src) by extensions ['cmake', 'python']
[0.265s] Level 1:colcon.colcon_core.package_identification:_identify(ros2_ws/src) by extension 'cmake'
[0.265s] Level 1:colcon.colcon_core.package_identification:_identify(ros2_ws/src) by extension 'python'
[0.265s] Level 1:colcon.colcon_core.package_identification:_identify(ros2_ws/src) by extensions ['python_setup_py']
[0.265s] Level 1:colcon.colcon_core.package_identification:_identify(ros2_ws/src) by extension 'python_setup_py'
[0.265s] Level 1:colcon.colcon_core.package_identification:_identify(ros2_ws/src/dronehive) by extensions ['ignore', 'ignore_ament_install']
[0.265s] Level 1:colcon.colcon_core.package_identification:_identify(ros2_ws/src/dronehive) by extension 'ignore'
[0.265s] Level 1:colcon.colcon_core.package_identification:_identify(ros2_ws/src/dronehive) by extension 'ignore_ament_install'
[0.265s] Level 1:colcon.colcon_core.package_identification:_identify(ros2_ws/src/dronehive) by extensions ['colcon_pkg']
[0.265s] Level 1:colcon.colcon_core.package_identification:_identify(ros2_ws/src/dronehive) by extension 'colcon_pkg'
[0.265s] Level 1:colcon.colcon_core.package_identification:_identify(ros2_ws/src/dronehive) by extensions ['colcon_meta']
[0.265s] Level 1:colcon.colcon_core.package_identification:_identify(ros2_ws/src/dronehive) by extension 'colcon_meta'
[0.265s] Level 1:colcon.colcon_core.package_identification:_identify(ros2_ws/src/dronehive) by extensions ['ros']
[0.265s] Level 1:colcon.colcon_core.package_identification:_identify(ros2_ws/src/dronehive) by extension 'ros'
[0.267s] DEBUG:colcon.colcon_core.package_identification:Package 'ros2_ws/src/dronehive' with type 'ros.ament_python' and name 'dronehive'
[0.267s] Level 1:colcon.colcon_core.package_identification:_identify(ros2_ws/src/dronehive_interfaces) by extensions ['ignore', 'ignore_ament_install']
[0.267s] Level 1:colcon.colcon_core.package_identification:_identify(ros2_ws/src/dronehive_interfaces) by extension 'ignore'
[0.267s] Level 1:colcon.colcon_core.package_identification:_identify(ros2_ws/src/dronehive_interfaces) by extension 'ignore_ament_install'
[0.267s] Level 1:colcon.colcon_core.package_identification:_identify(ros2_ws/src/dronehive_interfaces) by extensions ['colcon_pkg']
[0.267s] Level 1:colcon.colcon_core.package_identification:_identify(ros2_ws/src/dronehive_interfaces) by extension 'colcon_pkg'
[0.267s] Level 1:colcon.colcon_core.package_identification:_identify(ros2_ws/src/dronehive_interfaces) by extensions ['colcon_meta']
[0.267s] Level 1:colcon.colcon_core.package_identification:_identify(ros2_ws/src/dronehive_interfaces) by extension 'colcon_meta'
[0.268s] Level 1:colcon.colcon_core.package_identification:_identify(ros2_ws/src/dronehive_interfaces) by extensions ['ros']
[0.268s] Level 1:colcon.colcon_core.package_identification:_identify(ros2_ws/src/dronehive_interfaces) by extension 'ros'
[0.268s] DEBUG:colcon.colcon_core.package_identification:Package 'ros2_ws/src/dronehive_interfaces' with type 'ros.ament_cmake' and name 'dronehive_interfaces'
[0.268s] Level 1:colcon.colcon_core.package_identification:_identify(ros2_ws/src/hmi) by extensions ['ignore', 'ignore_ament_install']
[0.268s] Level 1:colcon.colcon_core.package_identification:_identify(ros2_ws/src/hmi) by extension 'ignore'
[0.268s] Level 1:colcon.colcon_core.package_identification:_identify(ros2_ws/src/hmi) by extension 'ignore_ament_install'
[0.268s] Level 1:colcon.colcon_core.package_identification:_identify(ros2_ws/src/hmi) by extensions ['colcon_pkg']
[0.268s] Level 1:colcon.colcon_core.package_identification:_identify(ros2_ws/src/hmi) by extension 'colcon_pkg'
[0.268s] Level 1:colcon.colcon_core.package_identification:_identify(ros2_ws/src/hmi) by extensions ['colcon_meta']
[0.268s] Level 1:colcon.colcon_core.package_identification:_identify(ros2_ws/src/hmi) by extension 'colcon_meta'
[0.268s] Level 1:colcon.colcon_core.package_identification:_identify(ros2_ws/src/hmi) by extensions ['ros']
[0.268s] Level 1:colcon.colcon_core.package_identification:_identify(ros2_ws/src/hmi) by extension 'ros'
[0.269s] DEBUG:colcon.colcon_core.package_identification:Package 'ros2_ws/src/hmi' with type 'ros.ament_cmake' and name 'hmi'
[0.269s] Level 1:colcon.colcon_core.package_identification:_identify(ros2_ws/src/hmi_backend) by extensions ['ignore', 'ignore_ament_install']
[0.269s] Level 1:colcon.colcon_core.package_identification:_identify(ros2_ws/src/hmi_backend) by extension 'ignore'
[0.269s] Level 1:colcon.colcon_core.package_identification:_identify(ros2_ws/src/hmi_backend) by extension 'ignore_ament_install'
[0.269s] Level 1:colcon.colcon_core.package_identification:_identify(ros2_ws/src/hmi_backend) by extensions ['colcon_pkg']
[0.269s] Level 1:colcon.colcon_core.package_identification:_identify(ros2_ws/src/hmi_backend) by extension 'colcon_pkg'
[0.269s] Level 1:colcon.colcon_core.package_identification:_identify(ros2_ws/src/hmi_backend) by extensions ['colcon_meta']
[0.269s] Level 1:colcon.colcon_core.package_identification:_identify(ros2_ws/src/hmi_backend) by extension 'colcon_meta'
[0.269s] Level 1:colcon.colcon_core.package_identification:_identify(ros2_ws/src/hmi_backend) by extensions ['ros']
[0.269s] Level 1:colcon.colcon_core.package_identification:_identify(ros2_ws/src/hmi_backend) by extension 'ros'
[0.270s] DEBUG:colcon.colcon_core.package_identification:Package 'ros2_ws/src/hmi_backend' with type 'ros.ament_cmake' and name 'hmi_backend'
[0.270s] Level 1:colcon.colcon_core.package_discovery:discover_packages(recursive) using defaults
[0.270s] Level 1:colcon.colcon_core.package_discovery:discover_packages(ignore) discover
[0.270s] Level 1:colcon.colcon_core.package_discovery:discover_packages(ignore) using defaults
[0.270s] Level 1:colcon.colcon_core.package_discovery:discover_packages(path) discover
[0.270s] Level 1:colcon.colcon_core.package_discovery:discover_packages(path) using defaults
[0.286s] Level 1:colcon.colcon_core.package_discovery:discover_packages(prefix_path) check parameters
[0.286s] Level 1:colcon.colcon_core.package_discovery:discover_packages(prefix_path) discover
[0.288s] DEBUG:colcon.colcon_installed_package_information.package_discovery:Found 4 installed packages in /home/samuel/EiRT-AscenD-Robotics/install
[0.288s] DEBUG:colcon.colcon_installed_package_information.package_discovery:Found 4 installed packages in /home/samuel/EiRT-AscenD-Robotics/ros2_ws/install
[0.289s] DEBUG:colcon.colcon_installed_package_information.package_discovery:Found 285 installed packages in /opt/ros/humble
[0.290s] Level 1:colcon.colcon_core.package_discovery:discover_packages(prefix_path) using defaults
[0.317s] Level 5:colcon.colcon_core.verb:set package 'dronehive_interfaces' build argument 'cmake_args' from command line to 'None'
[0.318s] Level 5:colcon.colcon_core.verb:set package 'dronehive_interfaces' build argument 'cmake_target' from command line to 'None'
[0.318s] Level 5:colcon.colcon_core.verb:set package 'dronehive_interfaces' build argument 'cmake_target_skip_unavailable' from command line to 'False'
[0.318s] Level 5:colcon.colcon_core.verb:set package 'dronehive_interfaces' build argument 'cmake_clean_cache' from command line to 'False'
[0.318s] Level 5:colcon.colcon_core.verb:set package 'dronehive_interfaces' build argument 'cmake_clean_first' from command line to 'False'
[0.318s] Level 5:colcon.colcon_core.verb:set package 'dronehive_interfaces' build argument 'cmake_force_configure' from command line to 'False'
[0.318s] Level 5:colcon.colcon_core.verb:set package 'dronehive_interfaces' build argument 'ament_cmake_args' from command line to 'None'
[0.318s] Level 5:colcon.colcon_core.verb:set package 'dronehive_interfaces' build argument 'catkin_cmake_args' from command line to 'None'
[0.318s] Level 5:colcon.colcon_core.verb:set package 'dronehive_interfaces' build argument 'catkin_skip_building_tests' from command line to 'False'
[0.318s] DEBUG:colcon.colcon_core.verb:Building package 'dronehive_interfaces' with the following arguments: {'ament_cmake_args': None, 'build_base': '/home/samuel/EiRT-AscenD-Robotics/build/dronehive_interfaces', 'catkin_cmake_args': None, 'catkin_skip_building_tests': False, 'cmake_args': None, 'cmake_clean_cache': False, 'cmake_clean_first': False, 'cmake_force_configure': False, 'cmake_target': None, 'cmake_target_skip_unavailable': False, 'install_base': '/home/samuel/EiRT-AscenD-Robotics/install/dronehive_interfaces', 'merge_install': False, 'path': '/home/samuel/EiRT-AscenD-Robotics/ros2_ws/src/dronehive_interfaces', 'symlink_install': False, 'test_result_base': None}
[0.318s] Level 5:colcon.colcon_core.verb:set package 'dronehive' build argument 'cmake_args' from command line to 'None'
[0.318s] Level 5:colcon.colcon_core.verb:set package 'dronehive' build argument 'cmake_target' from command line to 'None'
[0.318s] Level 5:colcon.colcon_core.verb:set package 'dronehive' build argument 'cmake_target_skip_unavailable' from command line to 'False'
[0.318s] Level 5:colcon.colcon_core.verb:set package 'dronehive' build argument 'cmake_clean_cache' from command line to 'False'
[0.318s] Level 5:colcon.colcon_core.verb:set package 'dronehive' build argument 'cmake_clean_first' from command line to 'False'
[0.318s] Level 5:colcon.colcon_core.verb:set package 'dronehive' build argument 'cmake_force_configure' from command line to 'False'
[0.318s] Level 5:colcon.colcon_core.verb:set package 'dronehive' build argument 'ament_cmake_args' from command line to 'None'
[0.318s] Level 5:colcon.colcon_core.verb:set package 'dronehive' build argument 'catkin_cmake_args' from command line to 'None'
[0.318s] Level 5:colcon.colcon_core.verb:set package 'dronehive' build argument 'catkin_skip_building_tests' from command line to 'False'
[0.318s] DEBUG:colcon.colcon_core.verb:Building package 'dronehive' with the following arguments: {'ament_cmake_args': None, 'build_base': '/home/samuel/EiRT-AscenD-Robotics/build/dronehive', 'catkin_cmake_args': None, 'catkin_skip_building_tests': False, 'cmake_args': None, 'cmake_clean_cache': False, 'cmake_clean_first': False, 'cmake_force_configure': False, 'cmake_target': None, 'cmake_target_skip_unavailable': False, 'install_base': '/home/samuel/EiRT-AscenD-Robotics/install/dronehive', 'merge_install': False, 'path': '/home/samuel/EiRT-AscenD-Robotics/ros2_ws/src/dronehive', 'symlink_install': False, 'test_result_base': None}
[0.319s] Level 5:colcon.colcon_core.verb:set package 'hmi' build argument 'cmake_args' from command line to 'None'
[0.319s] Level 5:colcon.colcon_core.verb:set package 'hmi' build argument 'cmake_target' from command line to 'None'
[0.319s] Level 5:colcon.colcon_core.verb:set package 'hmi' build argument 'cmake_target_skip_unavailable' from command line to 'False'
[0.319s] Level 5:colcon.colcon_core.verb:set package 'hmi' build argument 'cmake_clean_cache' from command line to 'False'
[0.319s] Level 5:colcon.colcon_core.verb:set package 'hmi' build argument 'cmake_clean_first' from command line to 'False'
[0.319s] Level 5:colcon.colcon_core.verb:set package 'hmi' build argument 'cmake_force_configure' from command line to 'False'
[0.319s] Level 5:colcon.colcon_core.verb:set package 'hmi' build argument 'ament_cmake_args' from command line to 'None'
[0.319s] Level 5:colcon.colcon_core.verb:set package 'hmi' build argument 'catkin_cmake_args' from command line to 'None'
[0.319s] Level 5:colcon.colcon_core.verb:set package 'hmi' build argument 'catkin_skip_building_tests' from command line to 'False'
[0.319s] DEBUG:colcon.colcon_core.verb:Building package 'hmi' with the following arguments: {'ament_cmake_args': None, 'build_base': '/home/samuel/EiRT-AscenD-Robotics/build/hmi', 'catkin_cmake_args': None, 'catkin_skip_building_tests': False, 'cmake_args': None, 'cmake_clean_cache': False, 'cmake_clean_first': False, 'cmake_force_configure': False, 'cmake_target': None, 'cmake_target_skip_unavailable': False, 'install_base': '/home/samuel/EiRT-AscenD-Robotics/install/hmi', 'merge_install': False, 'path': '/home/samuel/EiRT-AscenD-Robotics/ros2_ws/src/hmi', 'symlink_install': False, 'test_result_base': None}
[0.319s] Level 5:colcon.colcon_core.verb:set package 'hmi_backend' build argument 'cmake_args' from command line to 'None'
[0.319s] Level 5:colcon.colcon_core.verb:set package 'hmi_backend' build argument 'cmake_target' from command line to 'None'
[0.319s] Level 5:colcon.colcon_core.verb:set package 'hmi_backend' build argument 'cmake_target_skip_unavailable' from command line to 'False'
[0.319s] Level 5:colcon.colcon_core.verb:set package 'hmi_backend' build argument 'cmake_clean_cache' from command line to 'False'
[0.319s] Level 5:colcon.colcon_core.verb:set package 'hmi_backend' build argument 'cmake_clean_first' from command line to 'False'
[0.319s] Level 5:colcon.colcon_core.verb:set package 'hmi_backend' build argument 'cmake_force_configure' from command line to 'False'
[0.319s] Level 5:colcon.colcon_core.verb:set package 'hmi_backend' build argument 'ament_cmake_args' from command line to 'None'
[0.319s] Level 5:colcon.colcon_core.verb:set package 'hmi_backend' build argument 'catkin_cmake_args' from command line to 'None'
[0.319s] Level 5:colcon.colcon_core.verb:set package 'hmi_backend' build argument 'catkin_skip_building_tests' from command line to 'False'
[0.319s] DEBUG:colcon.colcon_core.verb:Building package 'hmi_backend' with the following arguments: {'ament_cmake_args': None, 'build_base': '/home/samuel/EiRT-AscenD-Robotics/build/hmi_backend', 'catkin_cmake_args': None, 'catkin_skip_building_tests': False, 'cmake_args': None, 'cmake_clean_cache': False, 'cmake_clean_first': False, 'cmake_force_configure': False, 'cmake_target': None, 'cmake_target_skip_unavailable': False, 'install_base': '/home/samuel/EiRT-AscenD-Robotics/install/hmi_backend', 'merge_install': False, 'path': '/home/samuel/EiRT-AscenD-Robotics/ros2_ws/src/hmi_backend', 'symlink_install': False, 'test_result_base': None}
[0.319s] INFO:colcon.colcon_core.executor:Executing jobs using 'parallel' executor
[0.320s] DEBUG:colcon.colcon_parallel_executor.executor.parallel:run_until_complete
[0.321s] INFO:colcon.colcon_ros.task.ament_cmake.build:Building ROS package in '/home/samuel/EiRT-AscenD-Robotics/ros2_ws/src/dronehive_interfaces' with build type 'ament_cmake'
[0.321s] INFO:colcon.colcon_cmake.task.cmake.build:Building CMake package in '/home/samuel/EiRT-AscenD-Robotics/ros2_ws/src/dronehive_interfaces'
[0.323s] INFO:colcon.colcon_core.plugin_system:Skipping extension 'colcon_core.shell.bat': Not used on non-Windows systems
[0.323s] INFO:colcon.colcon_core.shell:Skip shell extension 'powershell' for command environment: Not usable outside of PowerShell
[0.323s] DEBUG:colcon.colcon_core.shell:Skip shell extension 'dsv' for command environment
[0.332s] DEBUG:colcon.colcon_core.event_handler.log_command:Invoking command in '/home/samuel/EiRT-AscenD-Robotics/build/dronehive_interfaces': CMAKE_PREFIX_PATH=${CMAKE_PREFIX_PATH}:/home/samuel/EiRT-AscenD-Robotics/install/dronehive:/home/samuel/EiRT-AscenD-Robotics/ros2_ws/install/dronehive:/opt/ros/humble /usr/bin/cmake --build /home/samuel/EiRT-AscenD-Robotics/build/dronehive_interfaces -- -j16 -l16
[0.645s] DEBUG:colcon.colcon_core.event_handler.log_command:Invoked command in '/home/samuel/EiRT-AscenD-Robotics/build/dronehive_interfaces' returned '0': CMAKE_PREFIX_PATH=${CMAKE_PREFIX_PATH}:/home/samuel/EiRT-AscenD-Robotics/install/dronehive:/home/samuel/EiRT-AscenD-Robotics/ros2_ws/install/dronehive:/opt/ros/humble /usr/bin/cmake --build /home/samuel/EiRT-AscenD-Robotics/build/dronehive_interfaces -- -j16 -l16
[0.655s] DEBUG:colcon.colcon_core.event_handler.log_command:Invoking command in '/home/samuel/EiRT-AscenD-Robotics/build/dronehive_interfaces': CMAKE_PREFIX_PATH=${CMAKE_PREFIX_PATH}:/home/samuel/EiRT-AscenD-Robotics/install/dronehive:/home/samuel/EiRT-AscenD-Robotics/ros2_ws/install/dronehive:/opt/ros/humble /usr/bin/cmake --install /home/samuel/EiRT-AscenD-Robotics/build/dronehive_interfaces
[0.722s] Level 1:colcon.colcon_core.environment:create_environment_scripts_only(dronehive_interfaces)
[0.723s] DEBUG:colcon.colcon_core.event_handler.log_command:Invoked command in '/home/samuel/EiRT-AscenD-Robotics/build/dronehive_interfaces' returned '0': CMAKE_PREFIX_PATH=${CMAKE_PREFIX_PATH}:/home/samuel/EiRT-AscenD-Robotics/install/dronehive:/home/samuel/EiRT-AscenD-Robotics/ros2_ws/install/dronehive:/opt/ros/humble /usr/bin/cmake --install /home/samuel/EiRT-AscenD-Robotics/build/dronehive_interfaces
[0.725s] Level 1:colcon.colcon_core.environment:checking '/home/samuel/EiRT-AscenD-Robotics/install/dronehive_interfaces' for CMake module files
[0.725s] Level 1:colcon.colcon_core.environment:checking '/home/samuel/EiRT-AscenD-Robotics/install/dronehive_interfaces' for CMake config files
[0.725s] Level 1:colcon.colcon_core.shell:create_environment_hook('dronehive_interfaces', 'cmake_prefix_path')
[0.726s] INFO:colcon.colcon_core.shell:Creating environment hook '/home/samuel/EiRT-AscenD-Robotics/install/dronehive_interfaces/share/dronehive_interfaces/hook/cmake_prefix_path.ps1'
[0.726s] INFO:colcon.colcon_core.shell:Creating environment descriptor '/home/samuel/EiRT-AscenD-Robotics/install/dronehive_interfaces/share/dronehive_interfaces/hook/cmake_prefix_path.dsv'
[0.727s] INFO:colcon.colcon_core.shell:Creating environment hook '/home/samuel/EiRT-AscenD-Robotics/install/dronehive_interfaces/share/dronehive_interfaces/hook/cmake_prefix_path.sh'
[0.727s] Level 1:colcon.colcon_core.environment:checking '/home/samuel/EiRT-AscenD-Robotics/install/dronehive_interfaces/lib'
[0.728s] Level 1:colcon.colcon_core.shell:create_environment_hook('dronehive_interfaces', 'ld_library_path_lib')
[0.728s] INFO:colcon.colcon_core.shell:Creating environment hook '/home/samuel/EiRT-AscenD-Robotics/install/dronehive_interfaces/share/dronehive_interfaces/hook/ld_library_path_lib.ps1'
[0.729s] INFO:colcon.colcon_core.shell:Creating environment descriptor '/home/samuel/EiRT-AscenD-Robotics/install/dronehive_interfaces/share/dronehive_interfaces/hook/ld_library_path_lib.dsv'
[0.729s] INFO:colcon.colcon_core.shell:Creating environment hook '/home/samuel/EiRT-AscenD-Robotics/install/dronehive_interfaces/share/dronehive_interfaces/hook/ld_library_path_lib.sh'
[0.729s] Level 1:colcon.colcon_core.environment:checking '/home/samuel/EiRT-AscenD-Robotics/install/dronehive_interfaces/bin'
[0.729s] Level 1:colcon.colcon_core.environment:checking '/home/samuel/EiRT-AscenD-Robotics/install/dronehive_interfaces/lib/pkgconfig/dronehive_interfaces.pc'
[0.729s] Level 1:colcon.colcon_core.environment:checking '/home/samuel/EiRT-AscenD-Robotics/install/dronehive_interfaces/lib/python3.10/site-packages'
[0.729s] Level 1:colcon.colcon_core.environment:checking '/home/samuel/EiRT-AscenD-Robotics/install/dronehive_interfaces/bin'
[0.730s] INFO:colcon.colcon_core.shell:Creating package script '/home/samuel/EiRT-AscenD-Robotics/install/dronehive_interfaces/share/dronehive_interfaces/package.ps1'
[0.730s] INFO:colcon.colcon_core.shell:Creating package descriptor '/home/samuel/EiRT-AscenD-Robotics/install/dronehive_interfaces/share/dronehive_interfaces/package.dsv'
[0.731s] INFO:colcon.colcon_core.shell:Creating package script '/home/samuel/EiRT-AscenD-Robotics/install/dronehive_interfaces/share/dronehive_interfaces/package.sh'
[0.731s] INFO:colcon.colcon_core.shell:Creating package script '/home/samuel/EiRT-AscenD-Robotics/install/dronehive_interfaces/share/dronehive_interfaces/package.bash'
[0.732s] INFO:colcon.colcon_core.shell:Creating package script '/home/samuel/EiRT-AscenD-Robotics/install/dronehive_interfaces/share/dronehive_interfaces/package.zsh'
[0.732s] Level 1:colcon.colcon_core.environment:create_file_with_runtime_dependencies(/home/samuel/EiRT-AscenD-Robotics/install/dronehive_interfaces/share/colcon-core/packages/dronehive_interfaces)
[0.733s] Level 1:colcon.colcon_core.environment:create_environment_scripts_only(dronehive_interfaces)
[0.733s] Level 1:colcon.colcon_core.environment:checking '/home/samuel/EiRT-AscenD-Robotics/install/dronehive_interfaces' for CMake module files
[0.733s] Level 1:colcon.colcon_core.environment:checking '/home/samuel/EiRT-AscenD-Robotics/install/dronehive_interfaces' for CMake config files
[0.734s] Level 1:colcon.colcon_core.shell:create_environment_hook('dronehive_interfaces', 'cmake_prefix_path')
[0.734s] INFO:colcon.colcon_core.shell:Creating environment hook '/home/samuel/EiRT-AscenD-Robotics/install/dronehive_interfaces/share/dronehive_interfaces/hook/cmake_prefix_path.ps1'
[0.734s] INFO:colcon.colcon_core.shell:Creating environment descriptor '/home/samuel/EiRT-AscenD-Robotics/install/dronehive_interfaces/share/dronehive_interfaces/hook/cmake_prefix_path.dsv'
[0.735s] INFO:colcon.colcon_core.shell:Creating environment hook '/home/samuel/EiRT-AscenD-Robotics/install/dronehive_interfaces/share/dronehive_interfaces/hook/cmake_prefix_path.sh'
[0.735s] Level 1:colcon.colcon_core.environment:checking '/home/samuel/EiRT-AscenD-Robotics/install/dronehive_interfaces/lib'
[0.735s] Level 1:colcon.colcon_core.shell:create_environment_hook('dronehive_interfaces', 'ld_library_path_lib')
[0.735s] INFO:colcon.colcon_core.shell:Creating environment hook '/home/samuel/EiRT-AscenD-Robotics/install/dronehive_interfaces/share/dronehive_interfaces/hook/ld_library_path_lib.ps1'
[0.735s] INFO:colcon.colcon_core.shell:Creating environment descriptor '/home/samuel/EiRT-AscenD-Robotics/install/dronehive_interfaces/share/dronehive_interfaces/hook/ld_library_path_lib.dsv'
[0.736s] INFO:colcon.colcon_core.shell:Creating environment hook '/home/samuel/EiRT-AscenD-Robotics/install/dronehive_interfaces/share/dronehive_interfaces/hook/ld_library_path_lib.sh'
[0.736s] Level 1:colcon.colcon_core.environment:checking '/home/samuel/EiRT-AscenD-Robotics/install/dronehive_interfaces/bin'
[0.736s] Level 1:colcon.colcon_core.environment:checking '/home/samuel/EiRT-AscenD-Robotics/install/dronehive_interfaces/lib/pkgconfig/dronehive_interfaces.pc'
[0.736s] Level 1:colcon.colcon_core.environment:checking '/home/samuel/EiRT-AscenD-Robotics/install/dronehive_interfaces/lib/python3.10/site-packages'
[0.736s] Level 1:colcon.colcon_core.environment:checking '/home/samuel/EiRT-AscenD-Robotics/install/dronehive_interfaces/bin'
[0.737s] INFO:colcon.colcon_core.shell:Creating package script '/home/samuel/EiRT-AscenD-Robotics/install/dronehive_interfaces/share/dronehive_interfaces/package.ps1'
[0.737s] INFO:colcon.colcon_core.shell:Creating package descriptor '/home/samuel/EiRT-AscenD-Robotics/install/dronehive_interfaces/share/dronehive_interfaces/package.dsv'
[0.737s] INFO:colcon.colcon_core.shell:Creating package script '/home/samuel/EiRT-AscenD-Robotics/install/dronehive_interfaces/share/dronehive_interfaces/package.sh'
[0.738s] INFO:colcon.colcon_core.shell:Creating package script '/home/samuel/EiRT-AscenD-Robotics/install/dronehive_interfaces/share/dronehive_interfaces/package.bash'
[0.738s] INFO:colcon.colcon_core.shell:Creating package script '/home/samuel/EiRT-AscenD-Robotics/install/dronehive_interfaces/share/dronehive_interfaces/package.zsh'
[0.738s] Level 1:colcon.colcon_core.environment:create_file_with_runtime_dependencies(/home/samuel/EiRT-AscenD-Robotics/install/dronehive_interfaces/share/colcon-core/packages/dronehive_interfaces)
[0.738s] INFO:colcon.colcon_ros.task.ament_python.build:Building ROS package in '/home/samuel/EiRT-AscenD-Robotics/ros2_ws/src/dronehive' with build type 'ament_python'
[0.738s] Level 1:colcon.colcon_core.shell:create_environment_hook('dronehive', 'ament_prefix_path')
[0.739s] INFO:colcon.colcon_core.shell:Creating environment hook '/home/samuel/EiRT-AscenD-Robotics/install/dronehive/share/dronehive/hook/ament_prefix_path.ps1'
[0.739s] INFO:colcon.colcon_core.shell:Creating environment descriptor '/home/samuel/EiRT-AscenD-Robotics/install/dronehive/share/dronehive/hook/ament_prefix_path.dsv'
[0.740s] INFO:colcon.colcon_core.shell:Creating environment hook '/home/samuel/EiRT-AscenD-Robotics/install/dronehive/share/dronehive/hook/ament_prefix_path.sh'
[0.740s] INFO:colcon.colcon_core.shell:Skip shell extension 'powershell' for command environment: Not usable outside of PowerShell
[0.740s] DEBUG:colcon.colcon_core.shell:Skip shell extension 'dsv' for command environment
[0.744s] INFO:colcon.colcon_ros.task.ament_cmake.build:Building ROS package in '/home/samuel/EiRT-AscenD-Robotics/ros2_ws/src/hmi' with build type 'ament_cmake'
[0.744s] INFO:colcon.colcon_cmake.task.cmake.build:Building CMake package in '/home/samuel/EiRT-AscenD-Robotics/ros2_ws/src/hmi'
[0.744s] INFO:colcon.colcon_core.shell:Skip shell extension 'powershell' for command environment: Not usable outside of PowerShell
[0.744s] DEBUG:colcon.colcon_core.shell:Skip shell extension 'dsv' for command environment
[0.748s] INFO:colcon.colcon_ros.task.ament_cmake.build:Building ROS package in '/home/samuel/EiRT-AscenD-Robotics/ros2_ws/src/hmi_backend' with build type 'ament_cmake'
[0.748s] INFO:colcon.colcon_cmake.task.cmake.build:Building CMake package in '/home/samuel/EiRT-AscenD-Robotics/ros2_ws/src/hmi_backend'
[0.748s] INFO:colcon.colcon_core.shell:Skip shell extension 'powershell' for command environment: Not usable outside of PowerShell
[0.748s] DEBUG:colcon.colcon_core.shell:Skip shell extension 'dsv' for command environment
[0.962s] INFO:colcon.colcon_core.task.python.build:Building Python package in '/home/samuel/EiRT-AscenD-Robotics/ros2_ws/src/dronehive'
[0.963s] INFO:colcon.colcon_core.shell:Skip shell extension 'powershell' for command environment: Not usable outside of PowerShell
[0.963s] DEBUG:colcon.colcon_core.shell:Skip shell extension 'dsv' for command environment
[0.969s] DEBUG:colcon.colcon_core.event_handler.log_command:Invoking command in '/home/samuel/EiRT-AscenD-Robotics/build/hmi': CMAKE_PREFIX_PATH=/home/samuel/EiRT-AscenD-Robotics/install/dronehive_interfaces:/home/samuel/EiRT-AscenD-Robotics/install/hmi_backend:/home/samuel/EiRT-AscenD-Robotics/install/hmi:/home/samuel/EiRT-AscenD-Robotics/ros2_ws/install/hmi_backend:/home/samuel/EiRT-AscenD-Robotics/ros2_ws/install/hmi:/home/samuel/EiRT-AscenD-Robotics/ros2_ws/install/dronehive_interfaces:/home/samuel/EiRT-AscenD-Robotics/install/dronehive:/home/samuel/EiRT-AscenD-Robotics/ros2_ws/install/dronehive:/opt/ros/humble /usr/bin/cmake --build /home/samuel/EiRT-AscenD-Robotics/build/hmi -- -j16 -l16
[0.971s] DEBUG:colcon.colcon_core.event_handler.log_command:Invoking command in '/home/samuel/EiRT-AscenD-Robotics/build/hmi_backend': CMAKE_PREFIX_PATH=/home/samuel/EiRT-AscenD-Robotics/install/dronehive_interfaces:/home/samuel/EiRT-AscenD-Robotics/install/hmi_backend:/home/samuel/EiRT-AscenD-Robotics/install/hmi:/home/samuel/EiRT-AscenD-Robotics/ros2_ws/install/hmi_backend:/home/samuel/EiRT-AscenD-Robotics/ros2_ws/install/hmi:/home/samuel/EiRT-AscenD-Robotics/ros2_ws/install/dronehive_interfaces:/home/samuel/EiRT-AscenD-Robotics/install/dronehive:/home/samuel/EiRT-AscenD-Robotics/ros2_ws/install/dronehive:/opt/ros/humble /usr/bin/cmake --build /home/samuel/EiRT-AscenD-Robotics/build/hmi_backend -- -j16 -l16
[1.075s] DEBUG:colcon.colcon_core.event_handler.log_command:Invoked command in '/home/samuel/EiRT-AscenD-Robotics/build/hmi_backend' returned '0': CMAKE_PREFIX_PATH=/home/samuel/EiRT-AscenD-Robotics/install/dronehive_interfaces:/home/samuel/EiRT-AscenD-Robotics/install/hmi_backend:/home/samuel/EiRT-AscenD-Robotics/install/hmi:/home/samuel/EiRT-AscenD-Robotics/ros2_ws/install/hmi_backend:/home/samuel/EiRT-AscenD-Robotics/ros2_ws/install/hmi:/home/samuel/EiRT-AscenD-Robotics/ros2_ws/install/dronehive_interfaces:/home/samuel/EiRT-AscenD-Robotics/install/dronehive:/home/samuel/EiRT-AscenD-Robotics/ros2_ws/install/dronehive:/opt/ros/humble /usr/bin/cmake --build /home/samuel/EiRT-AscenD-Robotics/build/hmi_backend -- -j16 -l16
[1.077s] DEBUG:colcon.colcon_core.event_handler.log_command:Invoking command in '/home/samuel/EiRT-AscenD-Robotics/build/hmi_backend': CMAKE_PREFIX_PATH=/home/samuel/EiRT-AscenD-Robotics/install/dronehive_interfaces:/home/samuel/EiRT-AscenD-Robotics/install/hmi_backend:/home/samuel/EiRT-AscenD-Robotics/install/hmi:/home/samuel/EiRT-AscenD-Robotics/ros2_ws/install/hmi_backend:/home/samuel/EiRT-AscenD-Robotics/ros2_ws/install/hmi:/home/samuel/EiRT-AscenD-Robotics/ros2_ws/install/dronehive_interfaces:/home/samuel/EiRT-AscenD-Robotics/install/dronehive:/home/samuel/EiRT-AscenD-Robotics/ros2_ws/install/dronehive:/opt/ros/humble /usr/bin/cmake --install /home/samuel/EiRT-AscenD-Robotics/build/hmi_backend
[1.087s] Level 1:colcon.colcon_core.environment:create_environment_scripts_only(hmi_backend)
[1.087s] Level 1:colcon.colcon_core.environment:checking '/home/samuel/EiRT-AscenD-Robotics/install/hmi_backend' for CMake module files
[1.088s] DEBUG:colcon.colcon_core.event_handler.log_command:Invoked command in '/home/samuel/EiRT-AscenD-Robotics/build/hmi_backend' returned '0': CMAKE_PREFIX_PATH=/home/samuel/EiRT-AscenD-Robotics/install/dronehive_interfaces:/home/samuel/EiRT-AscenD-Robotics/install/hmi_backend:/home/samuel/EiRT-AscenD-Robotics/install/hmi:/home/samuel/EiRT-AscenD-Robotics/ros2_ws/install/hmi_backend:/home/samuel/EiRT-AscenD-Robotics/ros2_ws/install/hmi:/home/samuel/EiRT-AscenD-Robotics/ros2_ws/install/dronehive_interfaces:/home/samuel/EiRT-AscenD-Robotics/install/dronehive:/home/samuel/EiRT-AscenD-Robotics/ros2_ws/install/dronehive:/opt/ros/humble /usr/bin/cmake --install /home/samuel/EiRT-AscenD-Robotics/build/hmi_backend
[1.088s] Level 1:colcon.colcon_core.environment:checking '/home/samuel/EiRT-AscenD-Robotics/install/hmi_backend' for CMake config files
[1.088s] Level 1:colcon.colcon_core.shell:create_environment_hook('hmi_backend', 'cmake_prefix_path')
[1.088s] INFO:colcon.colcon_core.shell:Creating environment hook '/home/samuel/EiRT-AscenD-Robotics/install/hmi_backend/share/hmi_backend/hook/cmake_prefix_path.ps1'
[1.089s] INFO:colcon.colcon_core.shell:Creating environment descriptor '/home/samuel/EiRT-AscenD-Robotics/install/hmi_backend/share/hmi_backend/hook/cmake_prefix_path.dsv'
[1.089s] INFO:colcon.colcon_core.shell:Creating environment hook '/home/samuel/EiRT-AscenD-Robotics/install/hmi_backend/share/hmi_backend/hook/cmake_prefix_path.sh'
[1.089s] Level 1:colcon.colcon_core.environment:checking '/home/samuel/EiRT-AscenD-Robotics/install/hmi_backend/lib'
[1.089s] Level 1:colcon.colcon_core.environment:checking '/home/samuel/EiRT-AscenD-Robotics/install/hmi_backend/bin'
[1.089s] Level 1:colcon.colcon_core.environment:checking '/home/samuel/EiRT-AscenD-Robotics/install/hmi_backend/lib/pkgconfig/hmi_backend.pc'
[1.090s] Level 1:colcon.colcon_core.environment:checking '/home/samuel/EiRT-AscenD-Robotics/install/hmi_backend/lib/python3.10/site-packages'
[1.090s] Level 1:colcon.colcon_core.environment:checking '/home/samuel/EiRT-AscenD-Robotics/install/hmi_backend/bin'
[1.090s] INFO:colcon.colcon_core.shell:Creating package script '/home/samuel/EiRT-AscenD-Robotics/install/hmi_backend/share/hmi_backend/package.ps1'
[1.090s] INFO:colcon.colcon_core.shell:Creating package descriptor '/home/samuel/EiRT-AscenD-Robotics/install/hmi_backend/share/hmi_backend/package.dsv'
[1.091s] INFO:colcon.colcon_core.shell:Creating package script '/home/samuel/EiRT-AscenD-Robotics/install/hmi_backend/share/hmi_backend/package.sh'
[1.091s] INFO:colcon.colcon_core.shell:Creating package script '/home/samuel/EiRT-AscenD-Robotics/install/hmi_backend/share/hmi_backend/package.bash'
[1.091s] INFO:colcon.colcon_core.shell:Creating package script '/home/samuel/EiRT-AscenD-Robotics/install/hmi_backend/share/hmi_backend/package.zsh'
[1.092s] Level 1:colcon.colcon_core.environment:create_file_with_runtime_dependencies(/home/samuel/EiRT-AscenD-Robotics/install/hmi_backend/share/colcon-core/packages/hmi_backend)
[1.092s] Level 1:colcon.colcon_core.environment:create_environment_scripts_only(hmi_backend)
[1.092s] Level 1:colcon.colcon_core.environment:checking '/home/samuel/EiRT-AscenD-Robotics/install/hmi_backend' for CMake module files
[1.093s] Level 1:colcon.colcon_core.environment:checking '/home/samuel/EiRT-AscenD-Robotics/install/hmi_backend' for CMake config files
[1.093s] Level 1:colcon.colcon_core.shell:create_environment_hook('hmi_backend', 'cmake_prefix_path')
[1.093s] INFO:colcon.colcon_core.shell:Creating environment hook '/home/samuel/EiRT-AscenD-Robotics/install/hmi_backend/share/hmi_backend/hook/cmake_prefix_path.ps1'
[1.093s] INFO:colcon.colcon_core.shell:Creating environment descriptor '/home/samuel/EiRT-AscenD-Robotics/install/hmi_backend/share/hmi_backend/hook/cmake_prefix_path.dsv'
[1.094s] INFO:colcon.colcon_core.shell:Creating environment hook '/home/samuel/EiRT-AscenD-Robotics/install/hmi_backend/share/hmi_backend/hook/cmake_prefix_path.sh'
[1.094s] Level 1:colcon.colcon_core.environment:checking '/home/samuel/EiRT-AscenD-Robotics/install/hmi_backend/lib'
[1.094s] Level 1:colcon.colcon_core.environment:checking '/home/samuel/EiRT-AscenD-Robotics/install/hmi_backend/bin'
[1.094s] Level 1:colcon.colcon_core.environment:checking '/home/samuel/EiRT-AscenD-Robotics/install/hmi_backend/lib/pkgconfig/hmi_backend.pc'
[1.095s] Level 1:colcon.colcon_core.environment:checking '/home/samuel/EiRT-AscenD-Robotics/install/hmi_backend/lib/python3.10/site-packages'
[1.095s] Level 1:colcon.colcon_core.environment:checking '/home/samuel/EiRT-AscenD-Robotics/install/hmi_backend/bin'
[1.095s] INFO:colcon.colcon_core.shell:Creating package script '/home/samuel/EiRT-AscenD-Robotics/install/hmi_backend/share/hmi_backend/package.ps1'
[1.096s] INFO:colcon.colcon_core.shell:Creating package descriptor '/home/samuel/EiRT-AscenD-Robotics/install/hmi_backend/share/hmi_backend/package.dsv'
[1.096s] INFO:colcon.colcon_core.shell:Creating package script '/home/samuel/EiRT-AscenD-Robotics/install/hmi_backend/share/hmi_backend/package.sh'
[1.096s] INFO:colcon.colcon_core.shell:Creating package script '/home/samuel/EiRT-AscenD-Robotics/install/hmi_backend/share/hmi_backend/package.bash'
[1.096s] INFO:colcon.colcon_core.shell:Creating package script '/home/samuel/EiRT-AscenD-Robotics/install/hmi_backend/share/hmi_backend/package.zsh'
[1.097s] Level 1:colcon.colcon_core.environment:create_file_with_runtime_dependencies(/home/samuel/EiRT-AscenD-Robotics/install/hmi_backend/share/colcon-core/packages/hmi_backend)
[1.288s] DEBUG:colcon.colcon_core.event_handler.log_command:Invoking command in '/home/samuel/EiRT-AscenD-Robotics/ros2_ws/src/dronehive': CMAKE_PREFIX_PATH=/home/samuel/EiRT-AscenD-Robotics/install/dronehive_interfaces:/home/samuel/EiRT-AscenD-Robotics/install/hmi_backend:/home/samuel/EiRT-AscenD-Robotics/install/hmi:/home/samuel/EiRT-AscenD-Robotics/ros2_ws/install/hmi_backend:/home/samuel/EiRT-AscenD-Robotics/ros2_ws/install/hmi:/home/samuel/EiRT-AscenD-Robotics/ros2_ws/install/dronehive_interfaces PYTHONPATH=/home/samuel/EiRT-AscenD-Robotics/build/dronehive/prefix_override:/usr/lib/python3/dist-packages/colcon_core/task/python/colcon_distutils_commands:/home/samuel/EiRT-AscenD-Robotics/install/dronehive/lib/python3.10/site-packages:${PYTHONPATH} /usr/bin/python3 -W ignore:setup.py install is deprecated -W ignore:easy_install command is deprecated setup.py egg_info --egg-base ../../../build/dronehive build --build-base /home/samuel/EiRT-AscenD-Robotics/build/dronehive/build install --record /home/samuel/EiRT-AscenD-Robotics/build/dronehive/install.log --single-version-externally-managed install_data
[1.536s] Level 1:colcon.colcon_core.environment:checking '/home/samuel/EiRT-AscenD-Robotics/install/dronehive' for CMake module files
[1.537s] DEBUG:colcon.colcon_core.event_handler.log_command:Invoked command in '/home/samuel/EiRT-AscenD-Robotics/ros2_ws/src/dronehive' returned '0': CMAKE_PREFIX_PATH=/home/samuel/EiRT-AscenD-Robotics/install/dronehive_interfaces:/home/samuel/EiRT-AscenD-Robotics/install/hmi_backend:/home/samuel/EiRT-AscenD-Robotics/install/hmi:/home/samuel/EiRT-AscenD-Robotics/ros2_ws/install/hmi_backend:/home/samuel/EiRT-AscenD-Robotics/ros2_ws/install/hmi:/home/samuel/EiRT-AscenD-Robotics/ros2_ws/install/dronehive_interfaces PYTHONPATH=/home/samuel/EiRT-AscenD-Robotics/build/dronehive/prefix_override:/usr/lib/python3/dist-packages/colcon_core/task/python/colcon_distutils_commands:/home/samuel/EiRT-AscenD-Robotics/install/dronehive/lib/python3.10/site-packages:${PYTHONPATH} /usr/bin/python3 -W ignore:setup.py install is deprecated -W ignore:easy_install command is deprecated setup.py egg_info --egg-base ../../../build/dronehive build --build-base /home/samuel/EiRT-AscenD-Robotics/build/dronehive/build install --record /home/samuel/EiRT-AscenD-Robotics/build/dronehive/install.log --single-version-externally-managed install_data
[1.537s] Level 1:colcon.colcon_core.environment:checking '/home/samuel/EiRT-AscenD-Robotics/install/dronehive' for CMake config files
[1.537s] Level 1:colcon.colcon_core.environment:checking '/home/samuel/EiRT-AscenD-Robotics/install/dronehive/lib'
[1.537s] Level 1:colcon.colcon_core.environment:checking '/home/samuel/EiRT-AscenD-Robotics/install/dronehive/bin'
[1.537s] Level 1:colcon.colcon_core.environment:checking '/home/samuel/EiRT-AscenD-Robotics/install/dronehive/lib/pkgconfig/dronehive.pc'
[1.538s] Level 1:colcon.colcon_core.environment:checking '/home/samuel/EiRT-AscenD-Robotics/install/dronehive/lib/python3.10/site-packages'
[1.538s] Level 1:colcon.colcon_core.shell:create_environment_hook('dronehive', 'pythonpath')
[1.538s] INFO:colcon.colcon_core.shell:Creating environment hook '/home/samuel/EiRT-AscenD-Robotics/install/dronehive/share/dronehive/hook/pythonpath.ps1'
[1.538s] INFO:colcon.colcon_core.shell:Creating environment descriptor '/home/samuel/EiRT-AscenD-Robotics/install/dronehive/share/dronehive/hook/pythonpath.dsv'
[1.538s] INFO:colcon.colcon_core.shell:Creating environment hook '/home/samuel/EiRT-AscenD-Robotics/install/dronehive/share/dronehive/hook/pythonpath.sh'
[1.539s] Level 1:colcon.colcon_core.environment:checking '/home/samuel/EiRT-AscenD-Robotics/install/dronehive/bin'
[1.539s] Level 1:colcon.colcon_core.environment:create_environment_scripts_only(dronehive)
[1.539s] INFO:colcon.colcon_core.shell:Creating package script '/home/samuel/EiRT-AscenD-Robotics/install/dronehive/share/dronehive/package.ps1'
[1.540s] INFO:colcon.colcon_core.shell:Creating package descriptor '/home/samuel/EiRT-AscenD-Robotics/install/dronehive/share/dronehive/package.dsv'
[1.540s] INFO:colcon.colcon_core.shell:Creating package script '/home/samuel/EiRT-AscenD-Robotics/install/dronehive/share/dronehive/package.sh'
[1.540s] INFO:colcon.colcon_core.shell:Creating package script '/home/samuel/EiRT-AscenD-Robotics/install/dronehive/share/dronehive/package.bash'
[1.540s] INFO:colcon.colcon_core.shell:Creating package script '/home/samuel/EiRT-AscenD-Robotics/install/dronehive/share/dronehive/package.zsh'
[1.541s] Level 1:colcon.colcon_core.environment:create_file_with_runtime_dependencies(/home/samuel/EiRT-AscenD-Robotics/install/dronehive/share/colcon-core/packages/dronehive)
[16.564s] DEBUG:colcon.colcon_core.event_handler.log_command:Invoked command in '/home/samuel/EiRT-AscenD-Robotics/build/hmi' returned '0': CMAKE_PREFIX_PATH=/home/samuel/EiRT-AscenD-Robotics/install/dronehive_interfaces:/home/samuel/EiRT-AscenD-Robotics/install/hmi_backend:/home/samuel/EiRT-AscenD-Robotics/install/hmi:/home/samuel/EiRT-AscenD-Robotics/ros2_ws/install/hmi_backend:/home/samuel/EiRT-AscenD-Robotics/ros2_ws/install/hmi:/home/samuel/EiRT-AscenD-Robotics/ros2_ws/install/dronehive_interfaces:/home/samuel/EiRT-AscenD-Robotics/install/dronehive:/home/samuel/EiRT-AscenD-Robotics/ros2_ws/install/dronehive:/opt/ros/humble /usr/bin/cmake --build /home/samuel/EiRT-AscenD-Robotics/build/hmi -- -j16 -l16
[16.565s] DEBUG:colcon.colcon_core.event_handler.log_command:Invoking command in '/home/samuel/EiRT-AscenD-Robotics/build/hmi': CMAKE_PREFIX_PATH=/home/samuel/EiRT-AscenD-Robotics/install/dronehive_interfaces:/home/samuel/EiRT-AscenD-Robotics/install/hmi_backend:/home/samuel/EiRT-AscenD-Robotics/install/hmi:/home/samuel/EiRT-AscenD-Robotics/ros2_ws/install/hmi_backend:/home/samuel/EiRT-AscenD-Robotics/ros2_ws/install/hmi:/home/samuel/EiRT-AscenD-Robotics/ros2_ws/install/dronehive_interfaces:/home/samuel/EiRT-AscenD-Robotics/install/dronehive:/home/samuel/EiRT-AscenD-Robotics/ros2_ws/install/dronehive:/opt/ros/humble /usr/bin/cmake --install /home/samuel/EiRT-AscenD-Robotics/build/hmi
[16.587s] Level 1:colcon.colcon_core.environment:create_environment_scripts_only(hmi)
[16.588s] Level 1:colcon.colcon_core.environment:checking '/home/samuel/EiRT-AscenD-Robotics/install/hmi' for CMake module files
[16.588s] DEBUG:colcon.colcon_core.event_handler.log_command:Invoked command in '/home/samuel/EiRT-AscenD-Robotics/build/hmi' returned '0': CMAKE_PREFIX_PATH=/home/samuel/EiRT-AscenD-Robotics/install/dronehive_interfaces:/home/samuel/EiRT-AscenD-Robotics/install/hmi_backend:/home/samuel/EiRT-AscenD-Robotics/install/hmi:/home/samuel/EiRT-AscenD-Robotics/ros2_ws/install/hmi_backend:/home/samuel/EiRT-AscenD-Robotics/ros2_ws/install/hmi:/home/samuel/EiRT-AscenD-Robotics/ros2_ws/install/dronehive_interfaces:/home/samuel/EiRT-AscenD-Robotics/install/dronehive:/home/samuel/EiRT-AscenD-Robotics/ros2_ws/install/dronehive:/opt/ros/humble /usr/bin/cmake --install /home/samuel/EiRT-AscenD-Robotics/build/hmi
[16.588s] Level 1:colcon.colcon_core.environment:checking '/home/samuel/EiRT-AscenD-Robotics/install/hmi' for CMake config files
[16.589s] Level 1:colcon.colcon_core.shell:create_environment_hook('hmi', 'cmake_prefix_path')
[16.589s] INFO:colcon.colcon_core.shell:Creating environment hook '/home/samuel/EiRT-AscenD-Robotics/install/hmi/share/hmi/hook/cmake_prefix_path.ps1'
[16.589s] INFO:colcon.colcon_core.shell:Creating environment descriptor '/home/samuel/EiRT-AscenD-Robotics/install/hmi/share/hmi/hook/cmake_prefix_path.dsv'
[16.589s] INFO:colcon.colcon_core.shell:Creating environment hook '/home/samuel/EiRT-AscenD-Robotics/install/hmi/share/hmi/hook/cmake_prefix_path.sh'
[16.590s] Level 1:colcon.colcon_core.environment:checking '/home/samuel/EiRT-AscenD-Robotics/install/hmi/lib'
[16.590s] Level 1:colcon.colcon_core.environment:checking '/home/samuel/EiRT-AscenD-Robotics/install/hmi/bin'
[16.590s] Level 1:colcon.colcon_core.environment:checking '/home/samuel/EiRT-AscenD-Robotics/install/hmi/lib/pkgconfig/hmi.pc'
[16.590s] Level 1:colcon.colcon_core.environment:checking '/home/samuel/EiRT-AscenD-Robotics/install/hmi/lib/python3.10/site-packages'
[16.590s] Level 1:colcon.colcon_core.environment:checking '/home/samuel/EiRT-AscenD-Robotics/install/hmi/bin'
[16.590s] INFO:colcon.colcon_core.shell:Creating package script '/home/samuel/EiRT-AscenD-Robotics/install/hmi/share/hmi/package.ps1'
[16.591s] INFO:colcon.colcon_core.shell:Creating package descriptor '/home/samuel/EiRT-AscenD-Robotics/install/hmi/share/hmi/package.dsv'
[16.591s] INFO:colcon.colcon_core.shell:Creating package script '/home/samuel/EiRT-AscenD-Robotics/install/hmi/share/hmi/package.sh'
[16.591s] INFO:colcon.colcon_core.shell:Creating package script '/home/samuel/EiRT-AscenD-Robotics/install/hmi/share/hmi/package.bash'
[16.592s] INFO:colcon.colcon_core.shell:Creating package script '/home/samuel/EiRT-AscenD-Robotics/install/hmi/share/hmi/package.zsh'
[16.592s] Level 1:colcon.colcon_core.environment:create_file_with_runtime_dependencies(/home/samuel/EiRT-AscenD-Robotics/install/hmi/share/colcon-core/packages/hmi)
[16.592s] Level 1:colcon.colcon_core.environment:create_environment_scripts_only(hmi)
[16.592s] Level 1:colcon.colcon_core.environment:checking '/home/samuel/EiRT-AscenD-Robotics/install/hmi' for CMake module files
[16.593s] Level 1:colcon.colcon_core.environment:checking '/home/samuel/EiRT-AscenD-Robotics/install/hmi' for CMake config files
[16.593s] Level 1:colcon.colcon_core.shell:create_environment_hook('hmi', 'cmake_prefix_path')
[16.593s] INFO:colcon.colcon_core.shell:Creating environment hook '/home/samuel/EiRT-AscenD-Robotics/install/hmi/share/hmi/hook/cmake_prefix_path.ps1'
[16.593s] INFO:colcon.colcon_core.shell:Creating environment descriptor '/home/samuel/EiRT-AscenD-Robotics/install/hmi/share/hmi/hook/cmake_prefix_path.dsv'
[16.593s] INFO:colcon.colcon_core.shell:Creating environment hook '/home/samuel/EiRT-AscenD-Robotics/install/hmi/share/hmi/hook/cmake_prefix_path.sh'
[16.594s] Level 1:colcon.colcon_core.environment:checking '/home/samuel/EiRT-AscenD-Robotics/install/hmi/lib'
[16.594s] Level 1:colcon.colcon_core.environment:checking '/home/samuel/EiRT-AscenD-Robotics/install/hmi/bin'
[16.594s] Level 1:colcon.colcon_core.environment:checking '/home/samuel/EiRT-AscenD-Robotics/install/hmi/lib/pkgconfig/hmi.pc'
[16.594s] Level 1:colcon.colcon_core.environment:checking '/home/samuel/EiRT-AscenD-Robotics/install/hmi/lib/python3.10/site-packages'
[16.594s] Level 1:colcon.colcon_core.environment:checking '/home/samuel/EiRT-AscenD-Robotics/install/hmi/bin'
[16.594s] INFO:colcon.colcon_core.shell:Creating package script '/home/samuel/EiRT-AscenD-Robotics/install/hmi/share/hmi/package.ps1'
[16.595s] INFO:colcon.colcon_core.shell:Creating package descriptor '/home/samuel/EiRT-AscenD-Robotics/install/hmi/share/hmi/package.dsv'
[16.595s] INFO:colcon.colcon_core.shell:Creating package script '/home/samuel/EiRT-AscenD-Robotics/install/hmi/share/hmi/package.sh'
[16.595s] INFO:colcon.colcon_core.shell:Creating package script '/home/samuel/EiRT-AscenD-Robotics/install/hmi/share/hmi/package.bash'
[16.596s] INFO:colcon.colcon_core.shell:Creating package script '/home/samuel/EiRT-AscenD-Robotics/install/hmi/share/hmi/package.zsh'
[16.596s] Level 1:colcon.colcon_core.environment:create_file_with_runtime_dependencies(/home/samuel/EiRT-AscenD-Robotics/install/hmi/share/colcon-core/packages/hmi)
[16.596s] DEBUG:colcon.colcon_parallel_executor.executor.parallel:closing loop
[16.596s] DEBUG:colcon.colcon_parallel_executor.executor.parallel:loop closed
[16.596s] DEBUG:colcon.colcon_parallel_executor.executor.parallel:run_until_complete finished with '0'
[16.596s] DEBUG:colcon.colcon_core.event_reactor:joining thread
[16.601s] INFO:colcon.colcon_core.plugin_system:Skipping extension 'colcon_notification.desktop_notification.terminal_notifier': Not used on non-Darwin systems
[16.601s] INFO:colcon.colcon_core.plugin_system:Skipping extension 'colcon_notification.desktop_notification.win32': Not used on non-Windows systems
[16.601s] INFO:colcon.colcon_notification.desktop_notification:Sending desktop notification using 'notify2'
[16.609s] DEBUG:colcon.colcon_core.event_reactor:joined thread
[16.610s] INFO:colcon.colcon_core.shell:Creating prefix script '/home/samuel/EiRT-AscenD-Robotics/install/local_setup.ps1'
[16.610s] INFO:colcon.colcon_core.shell:Creating prefix util module '/home/samuel/EiRT-AscenD-Robotics/install/_local_setup_util_ps1.py'
[16.611s] INFO:colcon.colcon_core.shell:Creating prefix chain script '/home/samuel/EiRT-AscenD-Robotics/install/setup.ps1'
[16.613s] INFO:colcon.colcon_core.shell:Creating prefix script '/home/samuel/EiRT-AscenD-Robotics/install/local_setup.sh'
[16.613s] INFO:colcon.colcon_core.shell:Creating prefix util module '/home/samuel/EiRT-AscenD-Robotics/install/_local_setup_util_sh.py'
[16.614s] INFO:colcon.colcon_core.shell:Creating prefix chain script '/home/samuel/EiRT-AscenD-Robotics/install/setup.sh'
[16.615s] INFO:colcon.colcon_core.shell:Creating prefix script '/home/samuel/EiRT-AscenD-Robotics/install/local_setup.bash'
[16.615s] INFO:colcon.colcon_core.shell:Creating prefix chain script '/home/samuel/EiRT-AscenD-Robotics/install/setup.bash'
[16.617s] INFO:colcon.colcon_core.shell:Creating prefix script '/home/samuel/EiRT-AscenD-Robotics/install/local_setup.zsh'
[16.617s] INFO:colcon.colcon_core.shell:Creating prefix chain script '/home/samuel/EiRT-AscenD-Robotics/install/setup.zsh'
