[0.117s] DEBUG:colcon:Command line arguments: ['/usr/bin/colcon', 'build']
[0.117s] DEBUG:colcon:Parsed command line arguments: Namespace(log_base=None, log_level=None, verb_name='build', build_base='build', install_base='install', merge_install=False, symlink_install=False, test_result_base=None, continue_on_error=False, executor='parallel', parallel_workers=20, event_handlers=None, ignore_user_meta=False, metas=['./colcon.meta'], base_paths=['.'], packages_ignore=None, packages_ignore_regex=None, paths=None, packages_up_to=None, packages_up_to_regex=None, packages_above=None, packages_above_and_dependencies=None, packages_above_depth=None, packages_select_by_dep=None, packages_skip_by_dep=None, packages_skip_up_to=None, packages_select_build_failed=False, packages_skip_build_finished=False, packages_select_test_failures=False, packages_skip_test_passed=False, packages_select=None, packages_skip=None, packages_select_regex=None, packages_skip_regex=None, packages_start=None, packages_end=None, allow_overriding=[], cmake_args=None, cmake_target=None, cmake_target_skip_unavailable=False, cmake_clean_cache=False, cmake_clean_first=False, cmake_force_configure=False, ament_cmake_args=None, catkin_cmake_args=None, catkin_skip_building_tests=False, mixin_files=None, mixin=None, verb_parser=<colcon_mixin.mixin.mixin_argument.MixinArgumentDecorator object at 0x77ee3016bc10>, verb_extension=<colcon_core.verb.build.BuildVerb object at 0x77ee3016b610>, main=<bound method BuildVerb.main of <colcon_core.verb.build.BuildVerb object at 0x77ee3016b610>>, mixin_verb=('build',))
[0.221s] Level 1:colcon.colcon_core.package_discovery:discover_packages(colcon_meta) check parameters
[0.221s] Level 1:colcon.colcon_core.package_discovery:discover_packages(recursive) check parameters
[0.221s] Level 1:colcon.colcon_core.package_discovery:discover_packages(ignore) check parameters
[0.221s] Level 1:colcon.colcon_core.package_discovery:discover_packages(path) check parameters
[0.221s] Level 1:colcon.colcon_core.package_discovery:discover_packages(colcon_meta) discover
[0.221s] Level 1:colcon.colcon_core.package_discovery:discover_packages(recursive) discover
[0.221s] INFO:colcon.colcon_core.package_discovery:Crawling recursively for packages in '/home/fljv/sim/EiRT-AscenD-Robotics/ros2_ws'
[0.221s] Level 1:colcon.colcon_core.package_identification:_identify(.) by extensions ['ignore', 'ignore_ament_install']
[0.221s] Level 1:colcon.colcon_core.package_identification:_identify(.) by extension 'ignore'
[0.221s] Level 1:colcon.colcon_core.package_identification:_identify(.) by extension 'ignore_ament_install'
[0.221s] Level 1:colcon.colcon_core.package_identification:_identify(.) by extensions ['colcon_pkg']
[0.221s] Level 1:colcon.colcon_core.package_identification:_identify(.) by extension 'colcon_pkg'
[0.222s] Level 1:colcon.colcon_core.package_identification:_identify(.) by extensions ['colcon_meta']
[0.222s] Level 1:colcon.colcon_core.package_identification:_identify(.) by extension 'colcon_meta'
[0.222s] Level 1:colcon.colcon_core.package_identification:_identify(.) by extensions ['ros']
[0.222s] Level 1:colcon.colcon_core.package_identification:_identify(.) by extension 'ros'
[0.242s] Level 1:colcon.colcon_core.package_identification:_identify(.) by extensions ['cmake', 'python']
[0.243s] Level 1:colcon.colcon_core.package_identification:_identify(.) by extension 'cmake'
[0.243s] Level 1:colcon.colcon_core.package_identification:_identify(.) by extension 'python'
[0.243s] Level 1:colcon.colcon_core.package_identification:_identify(.) by extensions ['python_setup_py']
[0.243s] Level 1:colcon.colcon_core.package_identification:_identify(.) by extension 'python_setup_py'
[0.243s] Level 1:colcon.colcon_core.package_identification:_identify(build) by extensions ['ignore', 'ignore_ament_install']
[0.243s] Level 1:colcon.colcon_core.package_identification:_identify(build) by extension 'ignore'
[0.243s] Level 1:colcon.colcon_core.package_identification:_identify(build) ignored
[0.243s] Level 1:colcon.colcon_core.package_identification:_identify(install) by extensions ['ignore', 'ignore_ament_install']
[0.243s] Level 1:colcon.colcon_core.package_identification:_identify(install) by extension 'ignore'
[0.243s] Level 1:colcon.colcon_core.package_identification:_identify(install) ignored
[0.243s] Level 1:colcon.colcon_core.package_identification:_identify(log) by extensions ['ignore', 'ignore_ament_install']
[0.243s] Level 1:colcon.colcon_core.package_identification:_identify(log) by extension 'ignore'
[0.243s] Level 1:colcon.colcon_core.package_identification:_identify(log) ignored
[0.243s] Level 1:colcon.colcon_core.package_identification:_identify(src) by extensions ['ignore', 'ignore_ament_install']
[0.243s] Level 1:colcon.colcon_core.package_identification:_identify(src) by extension 'ignore'
[0.243s] Level 1:colcon.colcon_core.package_identification:_identify(src) by extension 'ignore_ament_install'
[0.243s] Level 1:colcon.colcon_core.package_identification:_identify(src) by extensions ['colcon_pkg']
[0.243s] Level 1:colcon.colcon_core.package_identification:_identify(src) by extension 'colcon_pkg'
[0.243s] Level 1:colcon.colcon_core.package_identification:_identify(src) by extensions ['colcon_meta']
[0.243s] Level 1:colcon.colcon_core.package_identification:_identify(src) by extension 'colcon_meta'
[0.243s] Level 1:colcon.colcon_core.package_identification:_identify(src) by extensions ['ros']
[0.243s] Level 1:colcon.colcon_core.package_identification:_identify(src) by extension 'ros'
[0.243s] Level 1:colcon.colcon_core.package_identification:_identify(src) by extensions ['cmake', 'python']
[0.243s] Level 1:colcon.colcon_core.package_identification:_identify(src) by extension 'cmake'
[0.243s] Level 1:colcon.colcon_core.package_identification:_identify(src) by extension 'python'
[0.243s] Level 1:colcon.colcon_core.package_identification:_identify(src) by extensions ['python_setup_py']
[0.243s] Level 1:colcon.colcon_core.package_identification:_identify(src) by extension 'python_setup_py'
[0.243s] Level 1:colcon.colcon_core.package_identification:_identify(src/dronehive) by extensions ['ignore', 'ignore_ament_install']
[0.244s] Level 1:colcon.colcon_core.package_identification:_identify(src/dronehive) by extension 'ignore'
[0.244s] Level 1:colcon.colcon_core.package_identification:_identify(src/dronehive) by extension 'ignore_ament_install'
[0.244s] Level 1:colcon.colcon_core.package_identification:_identify(src/dronehive) by extensions ['colcon_pkg']
[0.244s] Level 1:colcon.colcon_core.package_identification:_identify(src/dronehive) by extension 'colcon_pkg'
[0.244s] Level 1:colcon.colcon_core.package_identification:_identify(src/dronehive) by extensions ['colcon_meta']
[0.244s] Level 1:colcon.colcon_core.package_identification:_identify(src/dronehive) by extension 'colcon_meta'
[0.244s] Level 1:colcon.colcon_core.package_identification:_identify(src/dronehive) by extensions ['ros']
[0.244s] Level 1:colcon.colcon_core.package_identification:_identify(src/dronehive) by extension 'ros'
[0.245s] DEBUG:colcon.colcon_core.package_identification:Package 'src/dronehive' with type 'ros.ament_python' and name 'dronehive'
[0.246s] Level 1:colcon.colcon_core.package_identification:_identify(src/dronehive_interfaces) by extensions ['ignore', 'ignore_ament_install']
[0.246s] Level 1:colcon.colcon_core.package_identification:_identify(src/dronehive_interfaces) by extension 'ignore'
[0.246s] Level 1:colcon.colcon_core.package_identification:_identify(src/dronehive_interfaces) by extension 'ignore_ament_install'
[0.246s] Level 1:colcon.colcon_core.package_identification:_identify(src/dronehive_interfaces) by extensions ['colcon_pkg']
[0.246s] Level 1:colcon.colcon_core.package_identification:_identify(src/dronehive_interfaces) by extension 'colcon_pkg'
[0.246s] Level 1:colcon.colcon_core.package_identification:_identify(src/dronehive_interfaces) by extensions ['colcon_meta']
[0.246s] Level 1:colcon.colcon_core.package_identification:_identify(src/dronehive_interfaces) by extension 'colcon_meta'
[0.246s] Level 1:colcon.colcon_core.package_identification:_identify(src/dronehive_interfaces) by extensions ['ros']
[0.246s] Level 1:colcon.colcon_core.package_identification:_identify(src/dronehive_interfaces) by extension 'ros'
[0.246s] DEBUG:colcon.colcon_core.package_identification:Package 'src/dronehive_interfaces' with type 'ros.ament_cmake' and name 'dronehive_interfaces'
[0.246s] Level 1:colcon.colcon_core.package_identification:_identify(src/eit-playground) by extensions ['ignore', 'ignore_ament_install']
[0.246s] Level 1:colcon.colcon_core.package_identification:_identify(src/eit-playground) by extension 'ignore'
[0.246s] Level 1:colcon.colcon_core.package_identification:_identify(src/eit-playground) by extension 'ignore_ament_install'
[0.246s] Level 1:colcon.colcon_core.package_identification:_identify(src/eit-playground) by extensions ['colcon_pkg']
[0.246s] Level 1:colcon.colcon_core.package_identification:_identify(src/eit-playground) by extension 'colcon_pkg'
[0.246s] Level 1:colcon.colcon_core.package_identification:_identify(src/eit-playground) by extensions ['colcon_meta']
[0.246s] Level 1:colcon.colcon_core.package_identification:_identify(src/eit-playground) by extension 'colcon_meta'
[0.246s] Level 1:colcon.colcon_core.package_identification:_identify(src/eit-playground) by extensions ['ros']
[0.246s] Level 1:colcon.colcon_core.package_identification:_identify(src/eit-playground) by extension 'ros'
[0.246s] Level 1:colcon.colcon_core.package_identification:_identify(src/eit-playground) by extensions ['cmake', 'python']
[0.246s] Level 1:colcon.colcon_core.package_identification:_identify(src/eit-playground) by extension 'cmake'
[0.246s] Level 1:colcon.colcon_core.package_identification:_identify(src/eit-playground) by extension 'python'
[0.246s] Level 1:colcon.colcon_core.package_identification:_identify(src/eit-playground) by extensions ['python_setup_py']
[0.246s] Level 1:colcon.colcon_core.package_identification:_identify(src/eit-playground) by extension 'python_setup_py'
[0.247s] Level 1:colcon.colcon_core.package_identification:_identify(src/hmi) by extensions ['ignore', 'ignore_ament_install']
[0.247s] Level 1:colcon.colcon_core.package_identification:_identify(src/hmi) by extension 'ignore'
[0.247s] Level 1:colcon.colcon_core.package_identification:_identify(src/hmi) by extension 'ignore_ament_install'
[0.247s] Level 1:colcon.colcon_core.package_identification:_identify(src/hmi) by extensions ['colcon_pkg']
[0.247s] Level 1:colcon.colcon_core.package_identification:_identify(src/hmi) by extension 'colcon_pkg'
[0.247s] Level 1:colcon.colcon_core.package_identification:_identify(src/hmi) by extensions ['colcon_meta']
[0.247s] Level 1:colcon.colcon_core.package_identification:_identify(src/hmi) by extension 'colcon_meta'
[0.247s] Level 1:colcon.colcon_core.package_identification:_identify(src/hmi) by extensions ['ros']
[0.247s] Level 1:colcon.colcon_core.package_identification:_identify(src/hmi) by extension 'ros'
[0.247s] DEBUG:colcon.colcon_core.package_identification:Package 'src/hmi' with type 'ros.ament_cmake' and name 'hmi'
[0.247s] Level 1:colcon.colcon_core.package_identification:_identify(src/hmi_backend) by extensions ['ignore', 'ignore_ament_install']
[0.247s] Level 1:colcon.colcon_core.package_identification:_identify(src/hmi_backend) by extension 'ignore'
[0.247s] Level 1:colcon.colcon_core.package_identification:_identify(src/hmi_backend) by extension 'ignore_ament_install'
[0.247s] Level 1:colcon.colcon_core.package_identification:_identify(src/hmi_backend) by extensions ['colcon_pkg']
[0.247s] Level 1:colcon.colcon_core.package_identification:_identify(src/hmi_backend) by extension 'colcon_pkg'
[0.247s] Level 1:colcon.colcon_core.package_identification:_identify(src/hmi_backend) by extensions ['colcon_meta']
[0.247s] Level 1:colcon.colcon_core.package_identification:_identify(src/hmi_backend) by extension 'colcon_meta'
[0.247s] Level 1:colcon.colcon_core.package_identification:_identify(src/hmi_backend) by extensions ['ros']
[0.247s] Level 1:colcon.colcon_core.package_identification:_identify(src/hmi_backend) by extension 'ros'
[0.248s] DEBUG:colcon.colcon_core.package_identification:Package 'src/hmi_backend' with type 'ros.ament_cmake' and name 'hmi_backend'
[0.248s] Level 1:colcon.colcon_core.package_identification:_identify(src/offboard) by extensions ['ignore', 'ignore_ament_install']
[0.248s] Level 1:colcon.colcon_core.package_identification:_identify(src/offboard) by extension 'ignore'
[0.248s] Level 1:colcon.colcon_core.package_identification:_identify(src/offboard) by extension 'ignore_ament_install'
[0.248s] Level 1:colcon.colcon_core.package_identification:_identify(src/offboard) by extensions ['colcon_pkg']
[0.248s] Level 1:colcon.colcon_core.package_identification:_identify(src/offboard) by extension 'colcon_pkg'
[0.248s] Level 1:colcon.colcon_core.package_identification:_identify(src/offboard) by extensions ['colcon_meta']
[0.248s] Level 1:colcon.colcon_core.package_identification:_identify(src/offboard) by extension 'colcon_meta'
[0.248s] Level 1:colcon.colcon_core.package_identification:_identify(src/offboard) by extensions ['ros']
[0.248s] Level 1:colcon.colcon_core.package_identification:_identify(src/offboard) by extension 'ros'
[0.249s] DEBUG:colcon.colcon_core.package_identification:Package 'src/offboard' with type 'ros.ament_python' and name 'offboard'
[0.249s] Level 1:colcon.colcon_core.package_identification:_identify(src/scripts) by extensions ['ignore', 'ignore_ament_install']
[0.249s] Level 1:colcon.colcon_core.package_identification:_identify(src/scripts) by extension 'ignore'
[0.249s] Level 1:colcon.colcon_core.package_identification:_identify(src/scripts) by extension 'ignore_ament_install'
[0.249s] Level 1:colcon.colcon_core.package_identification:_identify(src/scripts) by extensions ['colcon_pkg']
[0.249s] Level 1:colcon.colcon_core.package_identification:_identify(src/scripts) by extension 'colcon_pkg'
[0.249s] Level 1:colcon.colcon_core.package_identification:_identify(src/scripts) by extensions ['colcon_meta']
[0.249s] Level 1:colcon.colcon_core.package_identification:_identify(src/scripts) by extension 'colcon_meta'
[0.249s] Level 1:colcon.colcon_core.package_identification:_identify(src/scripts) by extensions ['ros']
[0.249s] Level 1:colcon.colcon_core.package_identification:_identify(src/scripts) by extension 'ros'
[0.249s] Level 1:colcon.colcon_core.package_identification:_identify(src/scripts) by extensions ['cmake', 'python']
[0.249s] Level 1:colcon.colcon_core.package_identification:_identify(src/scripts) by extension 'cmake'
[0.249s] Level 1:colcon.colcon_core.package_identification:_identify(src/scripts) by extension 'python'
[0.249s] Level 1:colcon.colcon_core.package_identification:_identify(src/scripts) by extensions ['python_setup_py']
[0.249s] Level 1:colcon.colcon_core.package_identification:_identify(src/scripts) by extension 'python_setup_py'
[0.249s] Level 1:colcon.colcon_core.package_discovery:discover_packages(recursive) using defaults
[0.249s] Level 1:colcon.colcon_core.package_discovery:discover_packages(ignore) discover
[0.249s] Level 1:colcon.colcon_core.package_discovery:discover_packages(ignore) using defaults
[0.249s] Level 1:colcon.colcon_core.package_discovery:discover_packages(path) discover
[0.249s] Level 1:colcon.colcon_core.package_discovery:discover_packages(path) using defaults
[0.263s] Level 1:colcon.colcon_core.package_discovery:discover_packages(prefix_path) check parameters
[0.263s] Level 1:colcon.colcon_core.package_discovery:discover_packages(prefix_path) discover
[0.268s] DEBUG:colcon.colcon_installed_package_information.package_discovery:Found 5 installed packages in /home/fljv/sim/EiRT-AscenD-Robotics/ros2_ws/install
[0.269s] DEBUG:colcon.colcon_installed_package_information.package_discovery:Found 383 installed packages in /opt/ros/humble
[0.270s] Level 1:colcon.colcon_core.package_discovery:discover_packages(prefix_path) using defaults
[0.301s] Level 5:colcon.colcon_core.verb:set package 'dronehive_interfaces' build argument 'cmake_args' from command line to 'None'
[0.301s] Level 5:colcon.colcon_core.verb:set package 'dronehive_interfaces' build argument 'cmake_target' from command line to 'None'
[0.301s] Level 5:colcon.colcon_core.verb:set package 'dronehive_interfaces' build argument 'cmake_target_skip_unavailable' from command line to 'False'
[0.301s] Level 5:colcon.colcon_core.verb:set package 'dronehive_interfaces' build argument 'cmake_clean_cache' from command line to 'False'
[0.301s] Level 5:colcon.colcon_core.verb:set package 'dronehive_interfaces' build argument 'cmake_clean_first' from command line to 'False'
[0.301s] Level 5:colcon.colcon_core.verb:set package 'dronehive_interfaces' build argument 'cmake_force_configure' from command line to 'False'
[0.301s] Level 5:colcon.colcon_core.verb:set package 'dronehive_interfaces' build argument 'ament_cmake_args' from command line to 'None'
[0.301s] Level 5:colcon.colcon_core.verb:set package 'dronehive_interfaces' build argument 'catkin_cmake_args' from command line to 'None'
[0.301s] Level 5:colcon.colcon_core.verb:set package 'dronehive_interfaces' build argument 'catkin_skip_building_tests' from command line to 'False'
[0.301s] DEBUG:colcon.colcon_core.verb:Building package 'dronehive_interfaces' with the following arguments: {'ament_cmake_args': None, 'build_base': '/home/fljv/sim/EiRT-AscenD-Robotics/ros2_ws/build/dronehive_interfaces', 'catkin_cmake_args': None, 'catkin_skip_building_tests': False, 'cmake_args': None, 'cmake_clean_cache': False, 'cmake_clean_first': False, 'cmake_force_configure': False, 'cmake_target': None, 'cmake_target_skip_unavailable': False, 'install_base': '/home/fljv/sim/EiRT-AscenD-Robotics/ros2_ws/install/dronehive_interfaces', 'merge_install': False, 'path': '/home/fljv/sim/EiRT-AscenD-Robotics/ros2_ws/src/dronehive_interfaces', 'symlink_install': False, 'test_result_base': None}
[0.302s] Level 5:colcon.colcon_core.verb:set package 'dronehive' build argument 'cmake_args' from command line to 'None'
[0.302s] Level 5:colcon.colcon_core.verb:set package 'dronehive' build argument 'cmake_target' from command line to 'None'
[0.302s] Level 5:colcon.colcon_core.verb:set package 'dronehive' build argument 'cmake_target_skip_unavailable' from command line to 'False'
[0.302s] Level 5:colcon.colcon_core.verb:set package 'dronehive' build argument 'cmake_clean_cache' from command line to 'False'
[0.302s] Level 5:colcon.colcon_core.verb:set package 'dronehive' build argument 'cmake_clean_first' from command line to 'False'
[0.302s] Level 5:colcon.colcon_core.verb:set package 'dronehive' build argument 'cmake_force_configure' from command line to 'False'
[0.302s] Level 5:colcon.colcon_core.verb:set package 'dronehive' build argument 'ament_cmake_args' from command line to 'None'
[0.302s] Level 5:colcon.colcon_core.verb:set package 'dronehive' build argument 'catkin_cmake_args' from command line to 'None'
[0.302s] Level 5:colcon.colcon_core.verb:set package 'dronehive' build argument 'catkin_skip_building_tests' from command line to 'False'
[0.302s] DEBUG:colcon.colcon_core.verb:Building package 'dronehive' with the following arguments: {'ament_cmake_args': None, 'build_base': '/home/fljv/sim/EiRT-AscenD-Robotics/ros2_ws/build/dronehive', 'catkin_cmake_args': None, 'catkin_skip_building_tests': False, 'cmake_args': None, 'cmake_clean_cache': False, 'cmake_clean_first': False, 'cmake_force_configure': False, 'cmake_target': None, 'cmake_target_skip_unavailable': False, 'install_base': '/home/fljv/sim/EiRT-AscenD-Robotics/ros2_ws/install/dronehive', 'merge_install': False, 'path': '/home/fljv/sim/EiRT-AscenD-Robotics/ros2_ws/src/dronehive', 'symlink_install': False, 'test_result_base': None}
[0.302s] Level 5:colcon.colcon_core.verb:set package 'hmi' build argument 'cmake_args' from command line to 'None'
[0.302s] Level 5:colcon.colcon_core.verb:set package 'hmi' build argument 'cmake_target' from command line to 'None'
[0.302s] Level 5:colcon.colcon_core.verb:set package 'hmi' build argument 'cmake_target_skip_unavailable' from command line to 'False'
[0.302s] Level 5:colcon.colcon_core.verb:set package 'hmi' build argument 'cmake_clean_cache' from command line to 'False'
[0.302s] Level 5:colcon.colcon_core.verb:set package 'hmi' build argument 'cmake_clean_first' from command line to 'False'
[0.302s] Level 5:colcon.colcon_core.verb:set package 'hmi' build argument 'cmake_force_configure' from command line to 'False'
[0.302s] Level 5:colcon.colcon_core.verb:set package 'hmi' build argument 'ament_cmake_args' from command line to 'None'
[0.302s] Level 5:colcon.colcon_core.verb:set package 'hmi' build argument 'catkin_cmake_args' from command line to 'None'
[0.302s] Level 5:colcon.colcon_core.verb:set package 'hmi' build argument 'catkin_skip_building_tests' from command line to 'False'
[0.302s] DEBUG:colcon.colcon_core.verb:Building package 'hmi' with the following arguments: {'ament_cmake_args': None, 'build_base': '/home/fljv/sim/EiRT-AscenD-Robotics/ros2_ws/build/hmi', 'catkin_cmake_args': None, 'catkin_skip_building_tests': False, 'cmake_args': None, 'cmake_clean_cache': False, 'cmake_clean_first': False, 'cmake_force_configure': False, 'cmake_target': None, 'cmake_target_skip_unavailable': False, 'install_base': '/home/fljv/sim/EiRT-AscenD-Robotics/ros2_ws/install/hmi', 'merge_install': False, 'path': '/home/fljv/sim/EiRT-AscenD-Robotics/ros2_ws/src/hmi', 'symlink_install': False, 'test_result_base': None}
[0.302s] Level 5:colcon.colcon_core.verb:set package 'hmi_backend' build argument 'cmake_args' from command line to 'None'
[0.302s] Level 5:colcon.colcon_core.verb:set package 'hmi_backend' build argument 'cmake_target' from command line to 'None'
[0.302s] Level 5:colcon.colcon_core.verb:set package 'hmi_backend' build argument 'cmake_target_skip_unavailable' from command line to 'False'
[0.302s] Level 5:colcon.colcon_core.verb:set package 'hmi_backend' build argument 'cmake_clean_cache' from command line to 'False'
[0.302s] Level 5:colcon.colcon_core.verb:set package 'hmi_backend' build argument 'cmake_clean_first' from command line to 'False'
[0.302s] Level 5:colcon.colcon_core.verb:set package 'hmi_backend' build argument 'cmake_force_configure' from command line to 'False'
[0.302s] Level 5:colcon.colcon_core.verb:set package 'hmi_backend' build argument 'ament_cmake_args' from command line to 'None'
[0.302s] Level 5:colcon.colcon_core.verb:set package 'hmi_backend' build argument 'catkin_cmake_args' from command line to 'None'
[0.302s] Level 5:colcon.colcon_core.verb:set package 'hmi_backend' build argument 'catkin_skip_building_tests' from command line to 'False'
[0.302s] DEBUG:colcon.colcon_core.verb:Building package 'hmi_backend' with the following arguments: {'ament_cmake_args': None, 'build_base': '/home/fljv/sim/EiRT-AscenD-Robotics/ros2_ws/build/hmi_backend', 'catkin_cmake_args': None, 'catkin_skip_building_tests': False, 'cmake_args': None, 'cmake_clean_cache': False, 'cmake_clean_first': False, 'cmake_force_configure': False, 'cmake_target': None, 'cmake_target_skip_unavailable': False, 'install_base': '/home/fljv/sim/EiRT-AscenD-Robotics/ros2_ws/install/hmi_backend', 'merge_install': False, 'path': '/home/fljv/sim/EiRT-AscenD-Robotics/ros2_ws/src/hmi_backend', 'symlink_install': False, 'test_result_base': None}
[0.303s] Level 5:colcon.colcon_core.verb:set package 'offboard' build argument 'cmake_args' from command line to 'None'
[0.303s] Level 5:colcon.colcon_core.verb:set package 'offboard' build argument 'cmake_target' from command line to 'None'
[0.303s] Level 5:colcon.colcon_core.verb:set package 'offboard' build argument 'cmake_target_skip_unavailable' from command line to 'False'
[0.303s] Level 5:colcon.colcon_core.verb:set package 'offboard' build argument 'cmake_clean_cache' from command line to 'False'
[0.303s] Level 5:colcon.colcon_core.verb:set package 'offboard' build argument 'cmake_clean_first' from command line to 'False'
[0.303s] Level 5:colcon.colcon_core.verb:set package 'offboard' build argument 'cmake_force_configure' from command line to 'False'
[0.303s] Level 5:colcon.colcon_core.verb:set package 'offboard' build argument 'ament_cmake_args' from command line to 'None'
[0.303s] Level 5:colcon.colcon_core.verb:set package 'offboard' build argument 'catkin_cmake_args' from command line to 'None'
[0.303s] Level 5:colcon.colcon_core.verb:set package 'offboard' build argument 'catkin_skip_building_tests' from command line to 'False'
[0.303s] DEBUG:colcon.colcon_core.verb:Building package 'offboard' with the following arguments: {'ament_cmake_args': None, 'build_base': '/home/fljv/sim/EiRT-AscenD-Robotics/ros2_ws/build/offboard', 'catkin_cmake_args': None, 'catkin_skip_building_tests': False, 'cmake_args': None, 'cmake_clean_cache': False, 'cmake_clean_first': False, 'cmake_force_configure': False, 'cmake_target': None, 'cmake_target_skip_unavailable': False, 'install_base': '/home/fljv/sim/EiRT-AscenD-Robotics/ros2_ws/install/offboard', 'merge_install': False, 'path': '/home/fljv/sim/EiRT-AscenD-Robotics/ros2_ws/src/offboard', 'symlink_install': False, 'test_result_base': None}
[0.303s] INFO:colcon.colcon_core.executor:Executing jobs using 'parallel' executor
[0.304s] DEBUG:colcon.colcon_parallel_executor.executor.parallel:run_until_complete
[0.304s] INFO:colcon.colcon_ros.task.ament_cmake.build:Building ROS package in '/home/fljv/sim/EiRT-AscenD-Robotics/ros2_ws/src/dronehive_interfaces' with build type 'ament_cmake'
[0.304s] INFO:colcon.colcon_cmake.task.cmake.build:Building CMake package in '/home/fljv/sim/EiRT-AscenD-Robotics/ros2_ws/src/dronehive_interfaces'
[0.314s] INFO:colcon.colcon_core.plugin_system:Skipping extension 'colcon_core.shell.bat': Not used on non-Windows systems
[0.314s] INFO:colcon.colcon_core.shell:Skip shell extension 'powershell' for command environment: Not usable outside of PowerShell
[0.314s] DEBUG:colcon.colcon_core.shell:Skip shell extension 'dsv' for command environment
[0.327s] DEBUG:colcon.colcon_core.event_handler.log_command:Invoking command in '/home/fljv/sim/EiRT-AscenD-Robotics/ros2_ws/build/dronehive_interfaces': CMAKE_PREFIX_PATH=${CMAKE_PREFIX_PATH}:/home/fljv/sim/EiRT-AscenD-Robotics/ros2_ws/install/offboard:/home/fljv/sim/EiRT-AscenD-Robotics/ros2_ws/install/dronehive:/opt/ros/humble /usr/bin/cmake --build /home/fljv/sim/EiRT-AscenD-Robotics/ros2_ws/build/dronehive_interfaces -- -j20 -l20
[2.763s] DEBUG:colcon.colcon_core.event_handler.log_command:Invoked command in '/home/fljv/sim/EiRT-AscenD-Robotics/ros2_ws/build/dronehive_interfaces' returned '0': CMAKE_PREFIX_PATH=${CMAKE_PREFIX_PATH}:/home/fljv/sim/EiRT-AscenD-Robotics/ros2_ws/install/offboard:/home/fljv/sim/EiRT-AscenD-Robotics/ros2_ws/install/dronehive:/opt/ros/humble /usr/bin/cmake --build /home/fljv/sim/EiRT-AscenD-Robotics/ros2_ws/build/dronehive_interfaces -- -j20 -l20
[2.772s] DEBUG:colcon.colcon_core.event_handler.log_command:Invoking command in '/home/fljv/sim/EiRT-AscenD-Robotics/ros2_ws/build/dronehive_interfaces': CMAKE_PREFIX_PATH=${CMAKE_PREFIX_PATH}:/home/fljv/sim/EiRT-AscenD-Robotics/ros2_ws/install/offboard:/home/fljv/sim/EiRT-AscenD-Robotics/ros2_ws/install/dronehive:/opt/ros/humble /usr/bin/cmake --install /home/fljv/sim/EiRT-AscenD-Robotics/ros2_ws/build/dronehive_interfaces
[2.969s] Level 1:colcon.colcon_core.environment:create_environment_scripts_only(dronehive_interfaces)
[2.970s] DEBUG:colcon.colcon_core.event_handler.log_command:Invoked command in '/home/fljv/sim/EiRT-AscenD-Robotics/ros2_ws/build/dronehive_interfaces' returned '0': CMAKE_PREFIX_PATH=${CMAKE_PREFIX_PATH}:/home/fljv/sim/EiRT-AscenD-Robotics/ros2_ws/install/offboard:/home/fljv/sim/EiRT-AscenD-Robotics/ros2_ws/install/dronehive:/opt/ros/humble /usr/bin/cmake --install /home/fljv/sim/EiRT-AscenD-Robotics/ros2_ws/build/dronehive_interfaces
[2.979s] Level 1:colcon.colcon_core.environment:checking '/home/fljv/sim/EiRT-AscenD-Robotics/ros2_ws/install/dronehive_interfaces' for CMake module files
[2.979s] Level 1:colcon.colcon_core.environment:checking '/home/fljv/sim/EiRT-AscenD-Robotics/ros2_ws/install/dronehive_interfaces' for CMake config files
[2.980s] Level 1:colcon.colcon_core.shell:create_environment_hook('dronehive_interfaces', 'cmake_prefix_path')
[2.980s] INFO:colcon.colcon_core.shell:Creating environment hook '/home/fljv/sim/EiRT-AscenD-Robotics/ros2_ws/install/dronehive_interfaces/share/dronehive_interfaces/hook/cmake_prefix_path.ps1'
[2.982s] INFO:colcon.colcon_core.shell:Creating environment descriptor '/home/fljv/sim/EiRT-AscenD-Robotics/ros2_ws/install/dronehive_interfaces/share/dronehive_interfaces/hook/cmake_prefix_path.dsv'
[2.983s] INFO:colcon.colcon_core.shell:Creating environment hook '/home/fljv/sim/EiRT-AscenD-Robotics/ros2_ws/install/dronehive_interfaces/share/dronehive_interfaces/hook/cmake_prefix_path.sh'
[2.984s] Level 1:colcon.colcon_core.environment:checking '/home/fljv/sim/EiRT-AscenD-Robotics/ros2_ws/install/dronehive_interfaces/lib'
[2.984s] Level 1:colcon.colcon_core.shell:create_environment_hook('dronehive_interfaces', 'ld_library_path_lib')
[2.984s] INFO:colcon.colcon_core.shell:Creating environment hook '/home/fljv/sim/EiRT-AscenD-Robotics/ros2_ws/install/dronehive_interfaces/share/dronehive_interfaces/hook/ld_library_path_lib.ps1'
[2.985s] INFO:colcon.colcon_core.shell:Creating environment descriptor '/home/fljv/sim/EiRT-AscenD-Robotics/ros2_ws/install/dronehive_interfaces/share/dronehive_interfaces/hook/ld_library_path_lib.dsv'
[2.985s] INFO:colcon.colcon_core.shell:Creating environment hook '/home/fljv/sim/EiRT-AscenD-Robotics/ros2_ws/install/dronehive_interfaces/share/dronehive_interfaces/hook/ld_library_path_lib.sh'
[2.985s] Level 1:colcon.colcon_core.environment:checking '/home/fljv/sim/EiRT-AscenD-Robotics/ros2_ws/install/dronehive_interfaces/bin'
[2.985s] Level 1:colcon.colcon_core.environment:checking '/home/fljv/sim/EiRT-AscenD-Robotics/ros2_ws/install/dronehive_interfaces/lib/pkgconfig/dronehive_interfaces.pc'
[2.986s] Level 1:colcon.colcon_core.environment:checking '/home/fljv/sim/EiRT-AscenD-Robotics/ros2_ws/install/dronehive_interfaces/lib/python3.10/site-packages'
[2.986s] Level 1:colcon.colcon_core.environment:checking '/home/fljv/sim/EiRT-AscenD-Robotics/ros2_ws/install/dronehive_interfaces/bin'
[2.986s] INFO:colcon.colcon_core.shell:Creating package script '/home/fljv/sim/EiRT-AscenD-Robotics/ros2_ws/install/dronehive_interfaces/share/dronehive_interfaces/package.ps1'
[2.987s] INFO:colcon.colcon_core.shell:Creating package descriptor '/home/fljv/sim/EiRT-AscenD-Robotics/ros2_ws/install/dronehive_interfaces/share/dronehive_interfaces/package.dsv'
[2.988s] INFO:colcon.colcon_core.shell:Creating package script '/home/fljv/sim/EiRT-AscenD-Robotics/ros2_ws/install/dronehive_interfaces/share/dronehive_interfaces/package.sh'
[2.989s] INFO:colcon.colcon_core.shell:Creating package script '/home/fljv/sim/EiRT-AscenD-Robotics/ros2_ws/install/dronehive_interfaces/share/dronehive_interfaces/package.bash'
[2.990s] INFO:colcon.colcon_core.shell:Creating package script '/home/fljv/sim/EiRT-AscenD-Robotics/ros2_ws/install/dronehive_interfaces/share/dronehive_interfaces/package.zsh'
[2.992s] Level 1:colcon.colcon_core.environment:create_file_with_runtime_dependencies(/home/fljv/sim/EiRT-AscenD-Robotics/ros2_ws/install/dronehive_interfaces/share/colcon-core/packages/dronehive_interfaces)
[2.992s] Level 1:colcon.colcon_core.environment:create_environment_scripts_only(dronehive_interfaces)
[2.992s] Level 1:colcon.colcon_core.environment:checking '/home/fljv/sim/EiRT-AscenD-Robotics/ros2_ws/install/dronehive_interfaces' for CMake module files
[2.993s] Level 1:colcon.colcon_core.environment:checking '/home/fljv/sim/EiRT-AscenD-Robotics/ros2_ws/install/dronehive_interfaces' for CMake config files
[2.993s] Level 1:colcon.colcon_core.shell:create_environment_hook('dronehive_interfaces', 'cmake_prefix_path')
[2.994s] INFO:colcon.colcon_core.shell:Creating environment hook '/home/fljv/sim/EiRT-AscenD-Robotics/ros2_ws/install/dronehive_interfaces/share/dronehive_interfaces/hook/cmake_prefix_path.ps1'
[2.994s] INFO:colcon.colcon_core.shell:Creating environment descriptor '/home/fljv/sim/EiRT-AscenD-Robotics/ros2_ws/install/dronehive_interfaces/share/dronehive_interfaces/hook/cmake_prefix_path.dsv'
[2.994s] INFO:colcon.colcon_core.shell:Creating environment hook '/home/fljv/sim/EiRT-AscenD-Robotics/ros2_ws/install/dronehive_interfaces/share/dronehive_interfaces/hook/cmake_prefix_path.sh'
[2.994s] Level 1:colcon.colcon_core.environment:checking '/home/fljv/sim/EiRT-AscenD-Robotics/ros2_ws/install/dronehive_interfaces/lib'
[2.994s] Level 1:colcon.colcon_core.shell:create_environment_hook('dronehive_interfaces', 'ld_library_path_lib')
[2.995s] INFO:colcon.colcon_core.shell:Creating environment hook '/home/fljv/sim/EiRT-AscenD-Robotics/ros2_ws/install/dronehive_interfaces/share/dronehive_interfaces/hook/ld_library_path_lib.ps1'
[2.995s] INFO:colcon.colcon_core.shell:Creating environment descriptor '/home/fljv/sim/EiRT-AscenD-Robotics/ros2_ws/install/dronehive_interfaces/share/dronehive_interfaces/hook/ld_library_path_lib.dsv'
[2.995s] INFO:colcon.colcon_core.shell:Creating environment hook '/home/fljv/sim/EiRT-AscenD-Robotics/ros2_ws/install/dronehive_interfaces/share/dronehive_interfaces/hook/ld_library_path_lib.sh'
[2.995s] Level 1:colcon.colcon_core.environment:checking '/home/fljv/sim/EiRT-AscenD-Robotics/ros2_ws/install/dronehive_interfaces/bin'
[2.995s] Level 1:colcon.colcon_core.environment:checking '/home/fljv/sim/EiRT-AscenD-Robotics/ros2_ws/install/dronehive_interfaces/lib/pkgconfig/dronehive_interfaces.pc'
[2.995s] Level 1:colcon.colcon_core.environment:checking '/home/fljv/sim/EiRT-AscenD-Robotics/ros2_ws/install/dronehive_interfaces/lib/python3.10/site-packages'
[2.996s] Level 1:colcon.colcon_core.environment:checking '/home/fljv/sim/EiRT-AscenD-Robotics/ros2_ws/install/dronehive_interfaces/bin'
[2.996s] INFO:colcon.colcon_core.shell:Creating package script '/home/fljv/sim/EiRT-AscenD-Robotics/ros2_ws/install/dronehive_interfaces/share/dronehive_interfaces/package.ps1'
[2.996s] INFO:colcon.colcon_core.shell:Creating package descriptor '/home/fljv/sim/EiRT-AscenD-Robotics/ros2_ws/install/dronehive_interfaces/share/dronehive_interfaces/package.dsv'
[2.996s] INFO:colcon.colcon_core.shell:Creating package script '/home/fljv/sim/EiRT-AscenD-Robotics/ros2_ws/install/dronehive_interfaces/share/dronehive_interfaces/package.sh'
[2.997s] INFO:colcon.colcon_core.shell:Creating package script '/home/fljv/sim/EiRT-AscenD-Robotics/ros2_ws/install/dronehive_interfaces/share/dronehive_interfaces/package.bash'
[2.997s] INFO:colcon.colcon_core.shell:Creating package script '/home/fljv/sim/EiRT-AscenD-Robotics/ros2_ws/install/dronehive_interfaces/share/dronehive_interfaces/package.zsh'
[2.997s] Level 1:colcon.colcon_core.environment:create_file_with_runtime_dependencies(/home/fljv/sim/EiRT-AscenD-Robotics/ros2_ws/install/dronehive_interfaces/share/colcon-core/packages/dronehive_interfaces)
[2.997s] INFO:colcon.colcon_ros.task.ament_python.build:Building ROS package in '/home/fljv/sim/EiRT-AscenD-Robotics/ros2_ws/src/dronehive' with build type 'ament_python'
[2.997s] Level 1:colcon.colcon_core.shell:create_environment_hook('dronehive', 'ament_prefix_path')
[2.997s] INFO:colcon.colcon_core.shell:Creating environment hook '/home/fljv/sim/EiRT-AscenD-Robotics/ros2_ws/install/dronehive/share/dronehive/hook/ament_prefix_path.ps1'
[2.998s] INFO:colcon.colcon_core.shell:Creating environment descriptor '/home/fljv/sim/EiRT-AscenD-Robotics/ros2_ws/install/dronehive/share/dronehive/hook/ament_prefix_path.dsv'
[2.998s] INFO:colcon.colcon_core.shell:Creating environment hook '/home/fljv/sim/EiRT-AscenD-Robotics/ros2_ws/install/dronehive/share/dronehive/hook/ament_prefix_path.sh'
[2.998s] INFO:colcon.colcon_core.shell:Skip shell extension 'powershell' for command environment: Not usable outside of PowerShell
[2.999s] DEBUG:colcon.colcon_core.shell:Skip shell extension 'dsv' for command environment
[3.001s] INFO:colcon.colcon_ros.task.ament_cmake.build:Building ROS package in '/home/fljv/sim/EiRT-AscenD-Robotics/ros2_ws/src/hmi' with build type 'ament_cmake'
[3.001s] INFO:colcon.colcon_cmake.task.cmake.build:Building CMake package in '/home/fljv/sim/EiRT-AscenD-Robotics/ros2_ws/src/hmi'
[3.001s] INFO:colcon.colcon_core.shell:Skip shell extension 'powershell' for command environment: Not usable outside of PowerShell
[3.001s] DEBUG:colcon.colcon_core.shell:Skip shell extension 'dsv' for command environment
[3.003s] INFO:colcon.colcon_ros.task.ament_cmake.build:Building ROS package in '/home/fljv/sim/EiRT-AscenD-Robotics/ros2_ws/src/hmi_backend' with build type 'ament_cmake'
[3.003s] INFO:colcon.colcon_cmake.task.cmake.build:Building CMake package in '/home/fljv/sim/EiRT-AscenD-Robotics/ros2_ws/src/hmi_backend'
[3.003s] INFO:colcon.colcon_core.shell:Skip shell extension 'powershell' for command environment: Not usable outside of PowerShell
[3.003s] DEBUG:colcon.colcon_core.shell:Skip shell extension 'dsv' for command environment
[3.005s] INFO:colcon.colcon_ros.task.ament_python.build:Building ROS package in '/home/fljv/sim/EiRT-AscenD-Robotics/ros2_ws/src/offboard' with build type 'ament_python'
[3.005s] Level 1:colcon.colcon_core.shell:create_environment_hook('offboard', 'ament_prefix_path')
[3.005s] INFO:colcon.colcon_core.shell:Creating environment hook '/home/fljv/sim/EiRT-AscenD-Robotics/ros2_ws/install/offboard/share/offboard/hook/ament_prefix_path.ps1'
[3.006s] INFO:colcon.colcon_core.shell:Creating environment descriptor '/home/fljv/sim/EiRT-AscenD-Robotics/ros2_ws/install/offboard/share/offboard/hook/ament_prefix_path.dsv'
[3.006s] INFO:colcon.colcon_core.shell:Creating environment hook '/home/fljv/sim/EiRT-AscenD-Robotics/ros2_ws/install/offboard/share/offboard/hook/ament_prefix_path.sh'
[3.006s] INFO:colcon.colcon_core.shell:Skip shell extension 'powershell' for command environment: Not usable outside of PowerShell
[3.006s] DEBUG:colcon.colcon_core.shell:Skip shell extension 'dsv' for command environment
[3.179s] INFO:colcon.colcon_core.task.python.build:Building Python package in '/home/fljv/sim/EiRT-AscenD-Robotics/ros2_ws/src/dronehive'
[3.179s] INFO:colcon.colcon_core.shell:Skip shell extension 'powershell' for command environment: Not usable outside of PowerShell
[3.179s] DEBUG:colcon.colcon_core.shell:Skip shell extension 'dsv' for command environment
[3.185s] DEBUG:colcon.colcon_core.event_handler.log_command:Invoking command in '/home/fljv/sim/EiRT-AscenD-Robotics/ros2_ws/build/hmi': AMENT_PREFIX_PATH=/home/fljv/Desktop/new/off_b/EiRT-AscenD-Robotics/ros2_ws/install/dronehive_interfaces:${AMENT_PREFIX_PATH} CMAKE_PREFIX_PATH=/home/fljv/sim/EiRT-AscenD-Robotics/ros2_ws/install/dronehive_interfaces:/home/fljv/sim/EiRT-AscenD-Robotics/ros2_ws/install/hmi_backend:/home/fljv/sim/EiRT-AscenD-Robotics/ros2_ws/install/offboard:/home/fljv/sim/EiRT-AscenD-Robotics/ros2_ws/install/dronehive:/opt/ros/humble LD_LIBRARY_PATH=/home/fljv/Desktop/new/off_b/EiRT-AscenD-Robotics/ros2_ws/install/dronehive_interfaces/lib:${LD_LIBRARY_PATH} PYTHONPATH=/home/fljv/Desktop/new/off_b/EiRT-AscenD-Robotics/ros2_ws/install/dronehive_interfaces/local/lib/python3.10/dist-packages:${PYTHONPATH} /usr/bin/cmake /home/fljv/sim/EiRT-AscenD-Robotics/ros2_ws/src/hmi -DCMAKE_INSTALL_PREFIX=/home/fljv/sim/EiRT-AscenD-Robotics/ros2_ws/install/hmi
[3.189s] DEBUG:colcon.colcon_core.event_handler.log_command:Invoking command in '/home/fljv/sim/EiRT-AscenD-Robotics/ros2_ws/build/hmi_backend': AMENT_PREFIX_PATH=/home/fljv/Desktop/new/off_b/EiRT-AscenD-Robotics/ros2_ws/install/dronehive_interfaces:${AMENT_PREFIX_PATH} CMAKE_PREFIX_PATH=/home/fljv/sim/EiRT-AscenD-Robotics/ros2_ws/install/dronehive_interfaces:/home/fljv/sim/EiRT-AscenD-Robotics/ros2_ws/install/hmi_backend:/home/fljv/sim/EiRT-AscenD-Robotics/ros2_ws/install/offboard:/home/fljv/sim/EiRT-AscenD-Robotics/ros2_ws/install/dronehive:/opt/ros/humble LD_LIBRARY_PATH=/home/fljv/Desktop/new/off_b/EiRT-AscenD-Robotics/ros2_ws/install/dronehive_interfaces/lib:${LD_LIBRARY_PATH} PYTHONPATH=/home/fljv/Desktop/new/off_b/EiRT-AscenD-Robotics/ros2_ws/install/dronehive_interfaces/local/lib/python3.10/dist-packages:${PYTHONPATH} /usr/bin/cmake --build /home/fljv/sim/EiRT-AscenD-Robotics/ros2_ws/build/hmi_backend -- -j20 -l20
[3.362s] INFO:colcon.colcon_core.task.python.build:Building Python package in '/home/fljv/sim/EiRT-AscenD-Robotics/ros2_ws/src/offboard'
[3.362s] INFO:colcon.colcon_core.shell:Skip shell extension 'powershell' for command environment: Not usable outside of PowerShell
[3.362s] DEBUG:colcon.colcon_core.shell:Skip shell extension 'dsv' for command environment
[3.368s] DEBUG:colcon.colcon_core.event_handler.log_command:Invoked command in '/home/fljv/sim/EiRT-AscenD-Robotics/ros2_ws/build/hmi' returned '1': AMENT_PREFIX_PATH=/home/fljv/Desktop/new/off_b/EiRT-AscenD-Robotics/ros2_ws/install/dronehive_interfaces:${AMENT_PREFIX_PATH} CMAKE_PREFIX_PATH=/home/fljv/sim/EiRT-AscenD-Robotics/ros2_ws/install/dronehive_interfaces:/home/fljv/sim/EiRT-AscenD-Robotics/ros2_ws/install/hmi_backend:/home/fljv/sim/EiRT-AscenD-Robotics/ros2_ws/install/offboard:/home/fljv/sim/EiRT-AscenD-Robotics/ros2_ws/install/dronehive:/opt/ros/humble LD_LIBRARY_PATH=/home/fljv/Desktop/new/off_b/EiRT-AscenD-Robotics/ros2_ws/install/dronehive_interfaces/lib:${LD_LIBRARY_PATH} PYTHONPATH=/home/fljv/Desktop/new/off_b/EiRT-AscenD-Robotics/ros2_ws/install/dronehive_interfaces/local/lib/python3.10/dist-packages:${PYTHONPATH} /usr/bin/cmake /home/fljv/sim/EiRT-AscenD-Robotics/ros2_ws/src/hmi -DCMAKE_INSTALL_PREFIX=/home/fljv/sim/EiRT-AscenD-Robotics/ros2_ws/install/hmi
[3.378s] Level 1:colcon.colcon_core.environment:create_environment_scripts_only(hmi)
[3.378s] Level 1:colcon.colcon_core.environment:checking '/home/fljv/sim/EiRT-AscenD-Robotics/ros2_ws/install/hmi' for CMake module files
[3.379s] Level 1:colcon.colcon_core.environment:checking '/home/fljv/sim/EiRT-AscenD-Robotics/ros2_ws/install/hmi' for CMake config files
[3.379s] Level 1:colcon.colcon_core.environment:checking '/home/fljv/sim/EiRT-AscenD-Robotics/ros2_ws/install/hmi/bin'
[3.379s] Level 1:colcon.colcon_core.environment:checking '/home/fljv/sim/EiRT-AscenD-Robotics/ros2_ws/install/hmi/lib/pkgconfig/hmi.pc'
[3.379s] Level 1:colcon.colcon_core.environment:checking '/home/fljv/sim/EiRT-AscenD-Robotics/ros2_ws/install/hmi/lib/python3.10/site-packages'
[3.380s] Level 1:colcon.colcon_core.environment:checking '/home/fljv/sim/EiRT-AscenD-Robotics/ros2_ws/install/hmi/bin'
[3.380s] INFO:colcon.colcon_core.shell:Creating package script '/home/fljv/sim/EiRT-AscenD-Robotics/ros2_ws/install/hmi/share/hmi/package.ps1'
[3.380s] INFO:colcon.colcon_core.shell:Creating package descriptor '/home/fljv/sim/EiRT-AscenD-Robotics/ros2_ws/install/hmi/share/hmi/package.dsv'
[3.380s] INFO:colcon.colcon_core.shell:Creating package script '/home/fljv/sim/EiRT-AscenD-Robotics/ros2_ws/install/hmi/share/hmi/package.sh'
[3.381s] INFO:colcon.colcon_core.shell:Creating package script '/home/fljv/sim/EiRT-AscenD-Robotics/ros2_ws/install/hmi/share/hmi/package.bash'
[3.381s] INFO:colcon.colcon_core.shell:Creating package script '/home/fljv/sim/EiRT-AscenD-Robotics/ros2_ws/install/hmi/share/hmi/package.zsh'
[3.381s] Level 1:colcon.colcon_core.environment:create_file_with_runtime_dependencies(/home/fljv/sim/EiRT-AscenD-Robotics/ros2_ws/install/hmi/share/colcon-core/packages/hmi)
[4.087s] DEBUG:colcon.colcon_parallel_executor.executor.parallel:closing loop
[4.087s] DEBUG:colcon.colcon_parallel_executor.executor.parallel:loop closed
[4.087s] DEBUG:colcon.colcon_parallel_executor.executor.parallel:run_until_complete finished with '1'
[4.088s] DEBUG:colcon.colcon_core.event_reactor:joining thread
[4.102s] INFO:colcon.colcon_core.plugin_system:Skipping extension 'colcon_notification.desktop_notification.terminal_notifier': Not used on non-Darwin systems
[4.102s] INFO:colcon.colcon_core.plugin_system:Skipping extension 'colcon_notification.desktop_notification.win32': Not used on non-Windows systems
[4.102s] INFO:colcon.colcon_notification.desktop_notification:Sending desktop notification using 'notify2'
[4.124s] DEBUG:colcon.colcon_core.event_reactor:joined thread
[4.125s] INFO:colcon.colcon_core.shell:Creating prefix script '/home/fljv/sim/EiRT-AscenD-Robotics/ros2_ws/install/local_setup.ps1'
[4.127s] INFO:colcon.colcon_core.shell:Creating prefix util module '/home/fljv/sim/EiRT-AscenD-Robotics/ros2_ws/install/_local_setup_util_ps1.py'
[4.129s] INFO:colcon.colcon_core.shell:Creating prefix chain script '/home/fljv/sim/EiRT-AscenD-Robotics/ros2_ws/install/setup.ps1'
[4.132s] INFO:colcon.colcon_core.shell:Creating prefix script '/home/fljv/sim/EiRT-AscenD-Robotics/ros2_ws/install/local_setup.sh'
[4.134s] INFO:colcon.colcon_core.shell:Creating prefix util module '/home/fljv/sim/EiRT-AscenD-Robotics/ros2_ws/install/_local_setup_util_sh.py'
[4.135s] INFO:colcon.colcon_core.shell:Creating prefix chain script '/home/fljv/sim/EiRT-AscenD-Robotics/ros2_ws/install/setup.sh'
[4.137s] INFO:colcon.colcon_core.shell:Creating prefix script '/home/fljv/sim/EiRT-AscenD-Robotics/ros2_ws/install/local_setup.bash'
[4.138s] INFO:colcon.colcon_core.shell:Creating prefix chain script '/home/fljv/sim/EiRT-AscenD-Robotics/ros2_ws/install/setup.bash'
[4.139s] INFO:colcon.colcon_core.shell:Creating prefix script '/home/fljv/sim/EiRT-AscenD-Robotics/ros2_ws/install/local_setup.zsh'
[4.141s] INFO:colcon.colcon_core.shell:Creating prefix chain script '/home/fljv/sim/EiRT-AscenD-Robotics/ros2_ws/install/setup.zsh'
