[6.391s] DEBUG:colcon:Command line arguments: ['/usr/bin/colcon', 'build', '--packages-select', 'dronehive']
[6.391s] DEBUG:colcon:Parsed command line arguments: Namespace(log_base=None, log_level=None, verb_name='build', build_base='build', install_base='install', merge_install=False, symlink_install=False, test_result_base=None, continue_on_error=False, executor='parallel', parallel_workers=20, event_handlers=None, ignore_user_meta=False, metas=['./colcon.meta'], base_paths=['.'], packages_ignore=None, packages_ignore_regex=None, paths=None, packages_up_to=None, packages_up_to_regex=None, packages_above=None, packages_above_and_dependencies=None, packages_above_depth=None, packages_select_by_dep=None, packages_skip_by_dep=None, packages_skip_up_to=None, packages_select_build_failed=False, packages_skip_build_finished=False, packages_select_test_failures=False, packages_skip_test_passed=False, packages_select=['dronehive'], packages_skip=None, packages_select_regex=None, packages_skip_regex=None, packages_start=None, packages_end=None, allow_overriding=[], cmake_args=None, cmake_target=None, cmake_target_skip_unavailable=False, cmake_clean_cache=False, cmake_clean_first=False, cmake_force_configure=False, ament_cmake_args=None, catkin_cmake_args=None, catkin_skip_building_tests=False, mixin_files=None, mixin=None, verb_parser=<colcon_mixin.mixin.mixin_argument.MixinArgumentDecorator object at 0x729db0167c40>, verb_extension=<colcon_core.verb.build.BuildVerb object at 0x729db0167640>, main=<bound method BuildVerb.main of <colcon_core.verb.build.BuildVerb object at 0x729db0167640>>, mixin_verb=('build',))
[7.241s] Level 1:colcon.colcon_core.package_discovery:discover_packages(colcon_meta) check parameters
[7.241s] Level 1:colcon.colcon_core.package_discovery:discover_packages(recursive) check parameters
[7.241s] Level 1:colcon.colcon_core.package_discovery:discover_packages(ignore) check parameters
[7.241s] Level 1:colcon.colcon_core.package_discovery:discover_packages(path) check parameters
[7.241s] Level 1:colcon.colcon_core.package_discovery:discover_packages(colcon_meta) discover
[7.241s] Level 1:colcon.colcon_core.package_discovery:discover_packages(recursive) discover
[7.241s] INFO:colcon.colcon_core.package_discovery:Crawling recursively for packages in '/home/fljv/sim/EiRT-AscenD-Robotics/ros2_ws'
[7.241s] Level 1:colcon.colcon_core.package_identification:_identify(.) by extensions ['ignore', 'ignore_ament_install']
[7.242s] Level 1:colcon.colcon_core.package_identification:_identify(.) by extension 'ignore'
[7.242s] Level 1:colcon.colcon_core.package_identification:_identify(.) by extension 'ignore_ament_install'
[7.242s] Level 1:colcon.colcon_core.package_identification:_identify(.) by extensions ['colcon_pkg']
[7.242s] Level 1:colcon.colcon_core.package_identification:_identify(.) by extension 'colcon_pkg'
[7.242s] Level 1:colcon.colcon_core.package_identification:_identify(.) by extensions ['colcon_meta']
[7.242s] Level 1:colcon.colcon_core.package_identification:_identify(.) by extension 'colcon_meta'
[7.242s] Level 1:colcon.colcon_core.package_identification:_identify(.) by extensions ['ros']
[7.242s] Level 1:colcon.colcon_core.package_identification:_identify(.) by extension 'ros'
[7.336s] Level 1:colcon.colcon_core.package_identification:_identify(.) by extensions ['cmake', 'python']
[7.336s] Level 1:colcon.colcon_core.package_identification:_identify(.) by extension 'cmake'
[7.336s] Level 1:colcon.colcon_core.package_identification:_identify(.) by extension 'python'
[7.336s] Level 1:colcon.colcon_core.package_identification:_identify(.) by extensions ['python_setup_py']
[7.336s] Level 1:colcon.colcon_core.package_identification:_identify(.) by extension 'python_setup_py'
[7.336s] Level 1:colcon.colcon_core.package_identification:_identify(build) by extensions ['ignore', 'ignore_ament_install']
[7.336s] Level 1:colcon.colcon_core.package_identification:_identify(build) by extension 'ignore'
[7.336s] Level 1:colcon.colcon_core.package_identification:_identify(build) ignored
[7.336s] Level 1:colcon.colcon_core.package_identification:_identify(install) by extensions ['ignore', 'ignore_ament_install']
[7.336s] Level 1:colcon.colcon_core.package_identification:_identify(install) by extension 'ignore'
[7.336s] Level 1:colcon.colcon_core.package_identification:_identify(install) ignored
[7.337s] Level 1:colcon.colcon_core.package_identification:_identify(log) by extensions ['ignore', 'ignore_ament_install']
[7.337s] Level 1:colcon.colcon_core.package_identification:_identify(log) by extension 'ignore'
[7.337s] Level 1:colcon.colcon_core.package_identification:_identify(log) ignored
[7.337s] Level 1:colcon.colcon_core.package_identification:_identify(src) by extensions ['ignore', 'ignore_ament_install']
[7.337s] Level 1:colcon.colcon_core.package_identification:_identify(src) by extension 'ignore'
[7.337s] Level 1:colcon.colcon_core.package_identification:_identify(src) by extension 'ignore_ament_install'
[7.337s] Level 1:colcon.colcon_core.package_identification:_identify(src) by extensions ['colcon_pkg']
[7.337s] Level 1:colcon.colcon_core.package_identification:_identify(src) by extension 'colcon_pkg'
[7.337s] Level 1:colcon.colcon_core.package_identification:_identify(src) by extensions ['colcon_meta']
[7.337s] Level 1:colcon.colcon_core.package_identification:_identify(src) by extension 'colcon_meta'
[7.337s] Level 1:colcon.colcon_core.package_identification:_identify(src) by extensions ['ros']
[7.337s] Level 1:colcon.colcon_core.package_identification:_identify(src) by extension 'ros'
[7.337s] Level 1:colcon.colcon_core.package_identification:_identify(src) by extensions ['cmake', 'python']
[7.337s] Level 1:colcon.colcon_core.package_identification:_identify(src) by extension 'cmake'
[7.337s] Level 1:colcon.colcon_core.package_identification:_identify(src) by extension 'python'
[7.337s] Level 1:colcon.colcon_core.package_identification:_identify(src) by extensions ['python_setup_py']
[7.337s] Level 1:colcon.colcon_core.package_identification:_identify(src) by extension 'python_setup_py'
[7.337s] Level 1:colcon.colcon_core.package_identification:_identify(src/dronehive) by extensions ['ignore', 'ignore_ament_install']
[7.337s] Level 1:colcon.colcon_core.package_identification:_identify(src/dronehive) by extension 'ignore'
[7.337s] Level 1:colcon.colcon_core.package_identification:_identify(src/dronehive) by extension 'ignore_ament_install'
[7.337s] Level 1:colcon.colcon_core.package_identification:_identify(src/dronehive) by extensions ['colcon_pkg']
[7.337s] Level 1:colcon.colcon_core.package_identification:_identify(src/dronehive) by extension 'colcon_pkg'
[7.337s] Level 1:colcon.colcon_core.package_identification:_identify(src/dronehive) by extensions ['colcon_meta']
[7.337s] Level 1:colcon.colcon_core.package_identification:_identify(src/dronehive) by extension 'colcon_meta'
[7.337s] Level 1:colcon.colcon_core.package_identification:_identify(src/dronehive) by extensions ['ros']
[7.337s] Level 1:colcon.colcon_core.package_identification:_identify(src/dronehive) by extension 'ros'
[7.350s] DEBUG:colcon.colcon_core.package_identification:Package 'src/dronehive' with type 'ros.ament_python' and name 'dronehive'
[7.350s] Level 1:colcon.colcon_core.package_identification:_identify(src/dronehive_interfaces) by extensions ['ignore', 'ignore_ament_install']
[7.350s] Level 1:colcon.colcon_core.package_identification:_identify(src/dronehive_interfaces) by extension 'ignore'
[7.351s] Level 1:colcon.colcon_core.package_identification:_identify(src/dronehive_interfaces) by extension 'ignore_ament_install'
[7.351s] Level 1:colcon.colcon_core.package_identification:_identify(src/dronehive_interfaces) by extensions ['colcon_pkg']
[7.351s] Level 1:colcon.colcon_core.package_identification:_identify(src/dronehive_interfaces) by extension 'colcon_pkg'
[7.351s] Level 1:colcon.colcon_core.package_identification:_identify(src/dronehive_interfaces) by extensions ['colcon_meta']
[7.351s] Level 1:colcon.colcon_core.package_identification:_identify(src/dronehive_interfaces) by extension 'colcon_meta'
[7.351s] Level 1:colcon.colcon_core.package_identification:_identify(src/dronehive_interfaces) by extensions ['ros']
[7.351s] Level 1:colcon.colcon_core.package_identification:_identify(src/dronehive_interfaces) by extension 'ros'
[7.354s] DEBUG:colcon.colcon_core.package_identification:Package 'src/dronehive_interfaces' with type 'ros.ament_cmake' and name 'dronehive_interfaces'
[7.354s] Level 1:colcon.colcon_core.package_identification:_identify(src/eit-playground) by extensions ['ignore', 'ignore_ament_install']
[7.354s] Level 1:colcon.colcon_core.package_identification:_identify(src/eit-playground) by extension 'ignore'
[7.354s] Level 1:colcon.colcon_core.package_identification:_identify(src/eit-playground) by extension 'ignore_ament_install'
[7.354s] Level 1:colcon.colcon_core.package_identification:_identify(src/eit-playground) by extensions ['colcon_pkg']
[7.354s] Level 1:colcon.colcon_core.package_identification:_identify(src/eit-playground) by extension 'colcon_pkg'
[7.354s] Level 1:colcon.colcon_core.package_identification:_identify(src/eit-playground) by extensions ['colcon_meta']
[7.354s] Level 1:colcon.colcon_core.package_identification:_identify(src/eit-playground) by extension 'colcon_meta'
[7.354s] Level 1:colcon.colcon_core.package_identification:_identify(src/eit-playground) by extensions ['ros']
[7.354s] Level 1:colcon.colcon_core.package_identification:_identify(src/eit-playground) by extension 'ros'
[7.354s] Level 1:colcon.colcon_core.package_identification:_identify(src/eit-playground) by extensions ['cmake', 'python']
[7.354s] Level 1:colcon.colcon_core.package_identification:_identify(src/eit-playground) by extension 'cmake'
[7.354s] Level 1:colcon.colcon_core.package_identification:_identify(src/eit-playground) by extension 'python'
[7.354s] Level 1:colcon.colcon_core.package_identification:_identify(src/eit-playground) by extensions ['python_setup_py']
[7.354s] Level 1:colcon.colcon_core.package_identification:_identify(src/eit-playground) by extension 'python_setup_py'
[7.354s] Level 1:colcon.colcon_core.package_identification:_identify(src/hmi) by extensions ['ignore', 'ignore_ament_install']
[7.354s] Level 1:colcon.colcon_core.package_identification:_identify(src/hmi) by extension 'ignore'
[7.354s] Level 1:colcon.colcon_core.package_identification:_identify(src/hmi) by extension 'ignore_ament_install'
[7.354s] Level 1:colcon.colcon_core.package_identification:_identify(src/hmi) by extensions ['colcon_pkg']
[7.354s] Level 1:colcon.colcon_core.package_identification:_identify(src/hmi) by extension 'colcon_pkg'
[7.354s] Level 1:colcon.colcon_core.package_identification:_identify(src/hmi) by extensions ['colcon_meta']
[7.354s] Level 1:colcon.colcon_core.package_identification:_identify(src/hmi) by extension 'colcon_meta'
[7.354s] Level 1:colcon.colcon_core.package_identification:_identify(src/hmi) by extensions ['ros']
[7.354s] Level 1:colcon.colcon_core.package_identification:_identify(src/hmi) by extension 'ros'
[7.357s] DEBUG:colcon.colcon_core.package_identification:Package 'src/hmi' with type 'ros.ament_cmake' and name 'hmi'
[7.357s] Level 1:colcon.colcon_core.package_identification:_identify(src/hmi_backend) by extensions ['ignore', 'ignore_ament_install']
[7.357s] Level 1:colcon.colcon_core.package_identification:_identify(src/hmi_backend) by extension 'ignore'
[7.357s] Level 1:colcon.colcon_core.package_identification:_identify(src/hmi_backend) by extension 'ignore_ament_install'
[7.357s] Level 1:colcon.colcon_core.package_identification:_identify(src/hmi_backend) by extensions ['colcon_pkg']
[7.357s] Level 1:colcon.colcon_core.package_identification:_identify(src/hmi_backend) by extension 'colcon_pkg'
[7.357s] Level 1:colcon.colcon_core.package_identification:_identify(src/hmi_backend) by extensions ['colcon_meta']
[7.357s] Level 1:colcon.colcon_core.package_identification:_identify(src/hmi_backend) by extension 'colcon_meta'
[7.357s] Level 1:colcon.colcon_core.package_identification:_identify(src/hmi_backend) by extensions ['ros']
[7.357s] Level 1:colcon.colcon_core.package_identification:_identify(src/hmi_backend) by extension 'ros'
[7.361s] DEBUG:colcon.colcon_core.package_identification:Package 'src/hmi_backend' with type 'ros.ament_cmake' and name 'hmi_backend'
[7.361s] Level 1:colcon.colcon_core.package_identification:_identify(src/offboard) by extensions ['ignore', 'ignore_ament_install']
[7.361s] Level 1:colcon.colcon_core.package_identification:_identify(src/offboard) by extension 'ignore'
[7.361s] Level 1:colcon.colcon_core.package_identification:_identify(src/offboard) by extension 'ignore_ament_install'
[7.361s] Level 1:colcon.colcon_core.package_identification:_identify(src/offboard) by extensions ['colcon_pkg']
[7.361s] Level 1:colcon.colcon_core.package_identification:_identify(src/offboard) by extension 'colcon_pkg'
[7.361s] Level 1:colcon.colcon_core.package_identification:_identify(src/offboard) by extensions ['colcon_meta']
[7.361s] Level 1:colcon.colcon_core.package_identification:_identify(src/offboard) by extension 'colcon_meta'
[7.361s] Level 1:colcon.colcon_core.package_identification:_identify(src/offboard) by extensions ['ros']
[7.361s] Level 1:colcon.colcon_core.package_identification:_identify(src/offboard) by extension 'ros'
[7.364s] DEBUG:colcon.colcon_core.package_identification:Package 'src/offboard' with type 'ros.ament_python' and name 'offboard'
[7.364s] Level 1:colcon.colcon_core.package_identification:_identify(src/scripts) by extensions ['ignore', 'ignore_ament_install']
[7.365s] Level 1:colcon.colcon_core.package_identification:_identify(src/scripts) by extension 'ignore'
[7.365s] Level 1:colcon.colcon_core.package_identification:_identify(src/scripts) by extension 'ignore_ament_install'
[7.365s] Level 1:colcon.colcon_core.package_identification:_identify(src/scripts) by extensions ['colcon_pkg']
[7.365s] Level 1:colcon.colcon_core.package_identification:_identify(src/scripts) by extension 'colcon_pkg'
[7.365s] Level 1:colcon.colcon_core.package_identification:_identify(src/scripts) by extensions ['colcon_meta']
[7.365s] Level 1:colcon.colcon_core.package_identification:_identify(src/scripts) by extension 'colcon_meta'
[7.365s] Level 1:colcon.colcon_core.package_identification:_identify(src/scripts) by extensions ['ros']
[7.365s] Level 1:colcon.colcon_core.package_identification:_identify(src/scripts) by extension 'ros'
[7.365s] Level 1:colcon.colcon_core.package_identification:_identify(src/scripts) by extensions ['cmake', 'python']
[7.365s] Level 1:colcon.colcon_core.package_identification:_identify(src/scripts) by extension 'cmake'
[7.365s] Level 1:colcon.colcon_core.package_identification:_identify(src/scripts) by extension 'python'
[7.365s] Level 1:colcon.colcon_core.package_identification:_identify(src/scripts) by extensions ['python_setup_py']
[7.365s] Level 1:colcon.colcon_core.package_identification:_identify(src/scripts) by extension 'python_setup_py'
[7.365s] Level 1:colcon.colcon_core.package_discovery:discover_packages(recursive) using defaults
[7.365s] Level 1:colcon.colcon_core.package_discovery:discover_packages(ignore) discover
[7.365s] Level 1:colcon.colcon_core.package_discovery:discover_packages(ignore) using defaults
[7.365s] Level 1:colcon.colcon_core.package_discovery:discover_packages(path) discover
[7.365s] Level 1:colcon.colcon_core.package_discovery:discover_packages(path) using defaults
[7.465s] INFO:colcon.colcon_core.package_selection:Skipping not selected package 'dronehive_interfaces' in 'src/dronehive_interfaces'
[7.465s] INFO:colcon.colcon_core.package_selection:Skipping not selected package 'hmi' in 'src/hmi'
[7.465s] INFO:colcon.colcon_core.package_selection:Skipping not selected package 'hmi_backend' in 'src/hmi_backend'
[7.465s] INFO:colcon.colcon_core.package_selection:Skipping not selected package 'offboard' in 'src/offboard'
[7.468s] Level 1:colcon.colcon_core.package_discovery:discover_packages(prefix_path) check parameters
[7.468s] Level 1:colcon.colcon_core.package_discovery:discover_packages(prefix_path) discover
[7.477s] DEBUG:colcon.colcon_installed_package_information.package_discovery:Found 5 installed packages in /home/fljv/sim/EiRT-AscenD-Robotics/ros2_ws/install
[7.480s] DEBUG:colcon.colcon_installed_package_information.package_discovery:Found 383 installed packages in /opt/ros/humble
[7.483s] Level 1:colcon.colcon_core.package_discovery:discover_packages(prefix_path) using defaults
[7.520s] Level 5:colcon.colcon_core.verb:set package 'dronehive' build argument 'cmake_args' from command line to 'None'
[7.520s] Level 5:colcon.colcon_core.verb:set package 'dronehive' build argument 'cmake_target' from command line to 'None'
[7.520s] Level 5:colcon.colcon_core.verb:set package 'dronehive' build argument 'cmake_target_skip_unavailable' from command line to 'False'
[7.520s] Level 5:colcon.colcon_core.verb:set package 'dronehive' build argument 'cmake_clean_cache' from command line to 'False'
[7.520s] Level 5:colcon.colcon_core.verb:set package 'dronehive' build argument 'cmake_clean_first' from command line to 'False'
[7.520s] Level 5:colcon.colcon_core.verb:set package 'dronehive' build argument 'cmake_force_configure' from command line to 'False'
[7.520s] Level 5:colcon.colcon_core.verb:set package 'dronehive' build argument 'ament_cmake_args' from command line to 'None'
[7.520s] Level 5:colcon.colcon_core.verb:set package 'dronehive' build argument 'catkin_cmake_args' from command line to 'None'
[7.520s] Level 5:colcon.colcon_core.verb:set package 'dronehive' build argument 'catkin_skip_building_tests' from command line to 'False'
[7.520s] DEBUG:colcon.colcon_core.verb:Building package 'dronehive' with the following arguments: {'ament_cmake_args': None, 'build_base': '/home/fljv/sim/EiRT-AscenD-Robotics/ros2_ws/build/dronehive', 'catkin_cmake_args': None, 'catkin_skip_building_tests': False, 'cmake_args': None, 'cmake_clean_cache': False, 'cmake_clean_first': False, 'cmake_force_configure': False, 'cmake_target': None, 'cmake_target_skip_unavailable': False, 'install_base': '/home/fljv/sim/EiRT-AscenD-Robotics/ros2_ws/install/dronehive', 'merge_install': False, 'path': '/home/fljv/sim/EiRT-AscenD-Robotics/ros2_ws/src/dronehive', 'symlink_install': False, 'test_result_base': None}
[7.520s] INFO:colcon.colcon_core.executor:Executing jobs using 'parallel' executor
[7.521s] DEBUG:colcon.colcon_parallel_executor.executor.parallel:run_until_complete
[7.521s] INFO:colcon.colcon_ros.task.ament_python.build:Building ROS package in '/home/fljv/sim/EiRT-AscenD-Robotics/ros2_ws/src/dronehive' with build type 'ament_python'
[7.521s] Level 1:colcon.colcon_core.shell:create_environment_hook('dronehive', 'ament_prefix_path')
[7.536s] INFO:colcon.colcon_core.plugin_system:Skipping extension 'colcon_core.shell.bat': Not used on non-Windows systems
[7.537s] INFO:colcon.colcon_core.shell:Creating environment hook '/home/fljv/sim/EiRT-AscenD-Robotics/ros2_ws/install/dronehive/share/dronehive/hook/ament_prefix_path.ps1'
[7.539s] INFO:colcon.colcon_core.shell:Creating environment descriptor '/home/fljv/sim/EiRT-AscenD-Robotics/ros2_ws/install/dronehive/share/dronehive/hook/ament_prefix_path.dsv'
[7.540s] INFO:colcon.colcon_core.shell:Creating environment hook '/home/fljv/sim/EiRT-AscenD-Robotics/ros2_ws/install/dronehive/share/dronehive/hook/ament_prefix_path.sh'
[7.542s] INFO:colcon.colcon_core.shell:Skip shell extension 'powershell' for command environment: Not usable outside of PowerShell
[7.542s] DEBUG:colcon.colcon_core.shell:Skip shell extension 'dsv' for command environment
[7.740s] INFO:colcon.colcon_core.task.python.build:Building Python package in '/home/fljv/sim/EiRT-AscenD-Robotics/ros2_ws/src/dronehive'
[7.741s] INFO:colcon.colcon_core.shell:Skip shell extension 'powershell' for command environment: Not usable outside of PowerShell
[7.741s] DEBUG:colcon.colcon_core.shell:Skip shell extension 'dsv' for command environment
[8.227s] DEBUG:colcon.colcon_core.event_handler.log_command:Invoking command in '/home/fljv/sim/EiRT-AscenD-Robotics/ros2_ws/src/dronehive': AMENT_PREFIX_PATH=/home/fljv/Desktop/new/off_b/EiRT-AscenD-Robotics/ros2_ws/install/dronehive_interfaces:${AMENT_PREFIX_PATH} CMAKE_PREFIX_PATH=/home/fljv/sim/EiRT-AscenD-Robotics/ros2_ws/install/dronehive_interfaces:/home/fljv/sim/EiRT-AscenD-Robotics/ros2_ws/install/hmi_backend LD_LIBRARY_PATH=/home/fljv/Desktop/new/off_b/EiRT-AscenD-Robotics/ros2_ws/install/dronehive_interfaces/lib:${LD_LIBRARY_PATH} PYTHONPATH=/home/fljv/sim/EiRT-AscenD-Robotics/ros2_ws/build/dronehive/prefix_override:/usr/lib/python3/dist-packages/colcon_core/task/python/colcon_distutils_commands:/home/fljv/sim/EiRT-AscenD-Robotics/ros2_ws/install/dronehive/lib/python3.10/site-packages:/home/fljv/Desktop/new/off_b/EiRT-AscenD-Robotics/ros2_ws/install/dronehive_interfaces/local/lib/python3.10/dist-packages:${PYTHONPATH} /usr/bin/python3 -W ignore:setup.py install is deprecated -W ignore:easy_install command is deprecated setup.py egg_info --egg-base ../../build/dronehive build --build-base /home/fljv/sim/EiRT-AscenD-Robotics/ros2_ws/build/dronehive/build install --record /home/fljv/sim/EiRT-AscenD-Robotics/ros2_ws/build/dronehive/install.log --single-version-externally-managed install_data
[8.415s] DEBUG:colcon.colcon_core.event_handler.log_command:Invoked command in '/home/fljv/sim/EiRT-AscenD-Robotics/ros2_ws/src/dronehive' returned '0': AMENT_PREFIX_PATH=/home/fljv/Desktop/new/off_b/EiRT-AscenD-Robotics/ros2_ws/install/dronehive_interfaces:${AMENT_PREFIX_PATH} CMAKE_PREFIX_PATH=/home/fljv/sim/EiRT-AscenD-Robotics/ros2_ws/install/dronehive_interfaces:/home/fljv/sim/EiRT-AscenD-Robotics/ros2_ws/install/hmi_backend LD_LIBRARY_PATH=/home/fljv/Desktop/new/off_b/EiRT-AscenD-Robotics/ros2_ws/install/dronehive_interfaces/lib:${LD_LIBRARY_PATH} PYTHONPATH=/home/fljv/sim/EiRT-AscenD-Robotics/ros2_ws/build/dronehive/prefix_override:/usr/lib/python3/dist-packages/colcon_core/task/python/colcon_distutils_commands:/home/fljv/sim/EiRT-AscenD-Robotics/ros2_ws/install/dronehive/lib/python3.10/site-packages:/home/fljv/Desktop/new/off_b/EiRT-AscenD-Robotics/ros2_ws/install/dronehive_interfaces/local/lib/python3.10/dist-packages:${PYTHONPATH} /usr/bin/python3 -W ignore:setup.py install is deprecated -W ignore:easy_install command is deprecated setup.py egg_info --egg-base ../../build/dronehive build --build-base /home/fljv/sim/EiRT-AscenD-Robotics/ros2_ws/build/dronehive/build install --record /home/fljv/sim/EiRT-AscenD-Robotics/ros2_ws/build/dronehive/install.log --single-version-externally-managed install_data
[8.428s] Level 1:colcon.colcon_core.environment:checking '/home/fljv/sim/EiRT-AscenD-Robotics/ros2_ws/install/dronehive' for CMake module files
[8.428s] Level 1:colcon.colcon_core.environment:checking '/home/fljv/sim/EiRT-AscenD-Robotics/ros2_ws/install/dronehive' for CMake config files
[8.429s] Level 1:colcon.colcon_core.environment:checking '/home/fljv/sim/EiRT-AscenD-Robotics/ros2_ws/install/dronehive/lib'
[8.429s] Level 1:colcon.colcon_core.environment:checking '/home/fljv/sim/EiRT-AscenD-Robotics/ros2_ws/install/dronehive/bin'
[8.429s] Level 1:colcon.colcon_core.environment:checking '/home/fljv/sim/EiRT-AscenD-Robotics/ros2_ws/install/dronehive/lib/pkgconfig/dronehive.pc'
[8.429s] Level 1:colcon.colcon_core.environment:checking '/home/fljv/sim/EiRT-AscenD-Robotics/ros2_ws/install/dronehive/lib/python3.10/site-packages'
[8.429s] Level 1:colcon.colcon_core.shell:create_environment_hook('dronehive', 'pythonpath')
[8.429s] INFO:colcon.colcon_core.shell:Creating environment hook '/home/fljv/sim/EiRT-AscenD-Robotics/ros2_ws/install/dronehive/share/dronehive/hook/pythonpath.ps1'
[8.429s] INFO:colcon.colcon_core.shell:Creating environment descriptor '/home/fljv/sim/EiRT-AscenD-Robotics/ros2_ws/install/dronehive/share/dronehive/hook/pythonpath.dsv'
[8.430s] INFO:colcon.colcon_core.shell:Creating environment hook '/home/fljv/sim/EiRT-AscenD-Robotics/ros2_ws/install/dronehive/share/dronehive/hook/pythonpath.sh'
[8.430s] Level 1:colcon.colcon_core.environment:checking '/home/fljv/sim/EiRT-AscenD-Robotics/ros2_ws/install/dronehive/bin'
[8.430s] Level 1:colcon.colcon_core.environment:create_environment_scripts_only(dronehive)
[8.430s] INFO:colcon.colcon_core.shell:Creating package script '/home/fljv/sim/EiRT-AscenD-Robotics/ros2_ws/install/dronehive/share/dronehive/package.ps1'
[8.432s] INFO:colcon.colcon_core.shell:Creating package descriptor '/home/fljv/sim/EiRT-AscenD-Robotics/ros2_ws/install/dronehive/share/dronehive/package.dsv'
[8.433s] INFO:colcon.colcon_core.shell:Creating package script '/home/fljv/sim/EiRT-AscenD-Robotics/ros2_ws/install/dronehive/share/dronehive/package.sh'
[8.434s] INFO:colcon.colcon_core.shell:Creating package script '/home/fljv/sim/EiRT-AscenD-Robotics/ros2_ws/install/dronehive/share/dronehive/package.bash'
[8.439s] INFO:colcon.colcon_core.shell:Creating package script '/home/fljv/sim/EiRT-AscenD-Robotics/ros2_ws/install/dronehive/share/dronehive/package.zsh'
[8.441s] Level 1:colcon.colcon_core.environment:create_file_with_runtime_dependencies(/home/fljv/sim/EiRT-AscenD-Robotics/ros2_ws/install/dronehive/share/colcon-core/packages/dronehive)
[8.441s] DEBUG:colcon.colcon_parallel_executor.executor.parallel:closing loop
[8.441s] DEBUG:colcon.colcon_parallel_executor.executor.parallel:loop closed
[8.441s] DEBUG:colcon.colcon_parallel_executor.executor.parallel:run_until_complete finished with '0'
[8.441s] DEBUG:colcon.colcon_core.event_reactor:joining thread
[8.451s] INFO:colcon.colcon_core.plugin_system:Skipping extension 'colcon_notification.desktop_notification.terminal_notifier': Not used on non-Darwin systems
[8.451s] INFO:colcon.colcon_core.plugin_system:Skipping extension 'colcon_notification.desktop_notification.win32': Not used on non-Windows systems
[8.452s] INFO:colcon.colcon_notification.desktop_notification:Sending desktop notification using 'notify2'
[8.463s] DEBUG:colcon.colcon_core.event_reactor:joined thread
[8.463s] INFO:colcon.colcon_core.shell:Creating prefix script '/home/fljv/sim/EiRT-AscenD-Robotics/ros2_ws/install/local_setup.ps1'
[8.464s] INFO:colcon.colcon_core.shell:Creating prefix util module '/home/fljv/sim/EiRT-AscenD-Robotics/ros2_ws/install/_local_setup_util_ps1.py'
[8.466s] INFO:colcon.colcon_core.shell:Creating prefix chain script '/home/fljv/sim/EiRT-AscenD-Robotics/ros2_ws/install/setup.ps1'
[8.468s] INFO:colcon.colcon_core.shell:Creating prefix script '/home/fljv/sim/EiRT-AscenD-Robotics/ros2_ws/install/local_setup.sh'
[8.469s] INFO:colcon.colcon_core.shell:Creating prefix util module '/home/fljv/sim/EiRT-AscenD-Robotics/ros2_ws/install/_local_setup_util_sh.py'
[8.470s] INFO:colcon.colcon_core.shell:Creating prefix chain script '/home/fljv/sim/EiRT-AscenD-Robotics/ros2_ws/install/setup.sh'
[8.471s] INFO:colcon.colcon_core.shell:Creating prefix script '/home/fljv/sim/EiRT-AscenD-Robotics/ros2_ws/install/local_setup.bash'
[8.472s] INFO:colcon.colcon_core.shell:Creating prefix chain script '/home/fljv/sim/EiRT-AscenD-Robotics/ros2_ws/install/setup.bash'
[8.473s] INFO:colcon.colcon_core.shell:Creating prefix script '/home/fljv/sim/EiRT-AscenD-Robotics/ros2_ws/install/local_setup.zsh'
[8.477s] INFO:colcon.colcon_core.shell:Creating prefix chain script '/home/fljv/sim/EiRT-AscenD-Robotics/ros2_ws/install/setup.zsh'
