[0.409s] Invoking command in '/home/fljv/Desktop/new/off_b/EiRT-AscenD-Robotics/ros2_ws/src/offboard': PYTHONPATH=/home/fljv/Desktop/new/off_b/EiRT-AscenD-Robotics/ros2_ws/build/offboard/prefix_override:/usr/lib/python3/dist-packages/colcon_core/task/python/colcon_distutils_commands:/home/fljv/Desktop/new/off_b/EiRT-AscenD-Robotics/ros2_ws/install/offboard/lib/python3.10/site-packages:${PYTHONPATH} /usr/bin/python3 -W ignore:setup.py install is deprecated -W ignore:easy_install command is deprecated setup.py egg_info --egg-base ../../build/offboard build --build-base /home/fljv/Desktop/new/off_b/EiRT-AscenD-Robotics/ros2_ws/build/offboard/build install --record /home/fljv/Desktop/new/off_b/EiRT-AscenD-Robotics/ros2_ws/build/offboard/install.log --single-version-externally-managed install_data
[0.577s] running egg_info
[0.577s] writing ../../build/offboard/offboard.egg-info/PKG-INFO
[0.577s] writing dependency_links to ../../build/offboard/offboard.egg-info/dependency_links.txt
[0.577s] writing entry points to ../../build/offboard/offboard.egg-info/entry_points.txt
[0.578s] writing requirements to ../../build/offboard/offboard.egg-info/requires.txt
[0.578s] writing top-level names to ../../build/offboard/offboard.egg-info/top_level.txt
[0.579s] reading manifest file '../../build/offboard/offboard.egg-info/SOURCES.txt'
[0.591s] writing manifest file '../../build/offboard/offboard.egg-info/SOURCES.txt'
[0.592s] running build
[0.592s] running build_py
[0.592s] copying offboard/offboard.py -> /home/fljv/Desktop/new/off_b/EiRT-AscenD-Robotics/ros2_ws/build/offboard/build/lib/offboard
[0.592s] running install
[0.592s] running install_lib
[0.592s] copying /home/fljv/Desktop/new/off_b/EiRT-AscenD-Robotics/ros2_ws/build/offboard/build/lib/offboard/offboard.py -> /home/fljv/Desktop/new/off_b/EiRT-AscenD-Robotics/ros2_ws/install/offboard/lib/python3.10/site-packages/offboard
[0.593s] byte-compiling /home/fljv/Desktop/new/off_b/EiRT-AscenD-Robotics/ros2_ws/install/offboard/lib/python3.10/site-packages/offboard/offboard.py to offboard.cpython-310.pyc
[0.594s] running install_data
[0.594s] running install_egg_info
[0.595s] removing '/home/fljv/Desktop/new/off_b/EiRT-AscenD-Robotics/ros2_ws/install/offboard/lib/python3.10/site-packages/offboard-0.0.0-py3.10.egg-info' (and everything under it)
[0.595s] Copying ../../build/offboard/offboard.egg-info to /home/fljv/Desktop/new/off_b/EiRT-AscenD-Robotics/ros2_ws/install/offboard/lib/python3.10/site-packages/offboard-0.0.0-py3.10.egg-info
[0.597s] running install_scripts
[0.610s] Installing offboard script to /home/fljv/Desktop/new/off_b/EiRT-AscenD-Robotics/ros2_ws/install/offboard/lib/offboard
[0.610s] Installing serv script to /home/fljv/Desktop/new/off_b/EiRT-AscenD-Robotics/ros2_ws/install/offboard/lib/offboard
[0.610s] writing list of installed files to '/home/fljv/Desktop/new/off_b/EiRT-AscenD-Robotics/ros2_ws/build/offboard/install.log'
[0.626s] Invoked command in '/home/fljv/Desktop/new/off_b/EiRT-AscenD-Robotics/ros2_ws/src/offboard' returned '0': PYTHONPATH=/home/fljv/Desktop/new/off_b/EiRT-AscenD-Robotics/ros2_ws/build/offboard/prefix_override:/usr/lib/python3/dist-packages/colcon_core/task/python/colcon_distutils_commands:/home/fljv/Desktop/new/off_b/EiRT-AscenD-Robotics/ros2_ws/install/offboard/lib/python3.10/site-packages:${PYTHONPATH} /usr/bin/python3 -W ignore:setup.py install is deprecated -W ignore:easy_install command is deprecated setup.py egg_info --egg-base ../../build/offboard build --build-base /home/fljv/Desktop/new/off_b/EiRT-AscenD-Robotics/ros2_ws/build/offboard/build install --record /home/fljv/Desktop/new/off_b/EiRT-AscenD-Robotics/ros2_ws/build/offboard/install.log --single-version-externally-managed install_data
