[0.541s] Invoking command in '/home/samuel/EiRT-AscenD-Robotics/ros2_ws/src/dronehive': AMENT_PREFIX_PATH=/home/samuel/EiRT-AscenD-Robotics/install/dronehive_interfaces:${AMENT_PREFIX_PATH} CMAKE_PREFIX_PATH=/home/samuel/EiRT-AscenD-Robotics/install/dronehive_interfaces:${CMAKE_PREFIX_PATH} LD_LIBRARY_PATH=/home/samuel/EiRT-AscenD-Robotics/install/dronehive_interfaces/lib:${LD_LIBRARY_PATH} PYTHONPATH=/home/samuel/EiRT-AscenD-Robotics/build/dronehive/prefix_override:/usr/lib/python3/dist-packages/colcon_core/task/python/colcon_distutils_commands:/home/samuel/EiRT-AscenD-Robotics/install/dronehive/lib/python3.10/site-packages:/home/samuel/EiRT-AscenD-Robotics/install/dronehive_interfaces/local/lib/python3.10/dist-packages:${PYTHONPATH} /usr/bin/python3 -W ignore:setup.py install is deprecated -W ignore:easy_install command is deprecated setup.py egg_info --egg-base ../../../build/dronehive build --build-base /home/samuel/EiRT-AscenD-Robotics/build/dronehive/build install --record /home/samuel/EiRT-AscenD-Robotics/build/dronehive/install.log --single-version-externally-managed install_data
[0.743s] running egg_info
[0.744s] writing ../../../build/dronehive/dronehive.egg-info/PKG-INFO
[0.744s] writing dependency_links to ../../../build/dronehive/dronehive.egg-info/dependency_links.txt
[0.744s] writing entry points to ../../../build/dronehive/dronehive.egg-info/entry_points.txt
[0.744s] writing requirements to ../../../build/dronehive/dronehive.egg-info/requires.txt
[0.744s] writing top-level names to ../../../build/dronehive/dronehive.egg-info/top_level.txt
[0.747s] reading manifest file '../../../build/dronehive/dronehive.egg-info/SOURCES.txt'
[0.748s] writing manifest file '../../../build/dronehive/dronehive.egg-info/SOURCES.txt'
[0.748s] running build
[0.748s] running build_py
[0.749s] running install
[0.749s] running install_lib
[0.751s] running install_data
[0.751s] running install_egg_info
[0.753s] removing '/home/samuel/EiRT-AscenD-Robotics/install/dronehive/lib/python3.10/site-packages/dronehive-0.0.0-py3.10.egg-info' (and everything under it)
[0.753s] Copying ../../../build/dronehive/dronehive.egg-info to /home/samuel/EiRT-AscenD-Robotics/install/dronehive/lib/python3.10/site-packages/dronehive-0.0.0-py3.10.egg-info
[0.754s] running install_scripts
[0.771s] Installing box_node script to /home/samuel/EiRT-AscenD-Robotics/install/dronehive/lib/dronehive
[0.771s] Installing dummy_confirm script to /home/samuel/EiRT-AscenD-Robotics/install/dronehive/lib/dronehive
[0.771s] Installing dummy_drone script to /home/samuel/EiRT-AscenD-Robotics/install/dronehive/lib/dronehive
[0.771s] Installing slave_node script to /home/samuel/EiRT-AscenD-Robotics/install/dronehive/lib/dronehive
[0.772s] writing list of installed files to '/home/samuel/EiRT-AscenD-Robotics/build/dronehive/install.log'
[0.800s] Invoked command in '/home/samuel/EiRT-AscenD-Robotics/ros2_ws/src/dronehive' returned '0': AMENT_PREFIX_PATH=/home/samuel/EiRT-AscenD-Robotics/install/dronehive_interfaces:${AMENT_PREFIX_PATH} CMAKE_PREFIX_PATH=/home/samuel/EiRT-AscenD-Robotics/install/dronehive_interfaces:${CMAKE_PREFIX_PATH} LD_LIBRARY_PATH=/home/samuel/EiRT-AscenD-Robotics/install/dronehive_interfaces/lib:${LD_LIBRARY_PATH} PYTHONPATH=/home/samuel/EiRT-AscenD-Robotics/build/dronehive/prefix_override:/usr/lib/python3/dist-packages/colcon_core/task/python/colcon_distutils_commands:/home/samuel/EiRT-AscenD-Robotics/install/dronehive/lib/python3.10/site-packages:/home/samuel/EiRT-AscenD-Robotics/install/dronehive_interfaces/local/lib/python3.10/dist-packages:${PYTHONPATH} /usr/bin/python3 -W ignore:setup.py install is deprecated -W ignore:easy_install command is deprecated setup.py egg_info --egg-base ../../../build/dronehive build --build-base /home/samuel/EiRT-AscenD-Robotics/build/dronehive/build install --record /home/samuel/EiRT-AscenD-Robotics/build/dronehive/install.log --single-version-externally-managed install_data
