[0.515s] Invoking command in '/home/samuel/EiRT-AscenD-Robotics/ros2_ws/src/dronehive': CMAKE_PREFIX_PATH=/home/samuel/EiRT-AscenD-Robotics/install/dronehive_interfaces:/home/samuel/EiRT-AscenD-Robotics/install/hmi_backend:/home/samuel/EiRT-AscenD-Robotics/install/hmi:/home/samuel/EiRT-AscenD-Robotics/ros2_ws/install/hmi_backend:/home/samuel/EiRT-AscenD-Robotics/ros2_ws/install/hmi:/home/samuel/EiRT-AscenD-Robotics/ros2_ws/install/dronehive_interfaces PYTHONPATH=/home/samuel/EiRT-AscenD-Robotics/build/dronehive/prefix_override:/usr/lib/python3/dist-packages/colcon_core/task/python/colcon_distutils_commands:/home/samuel/EiRT-AscenD-Robotics/install/dronehive/lib/python3.10/site-packages:${PYTHONPATH} /usr/bin/python3 -W ignore:setup.py install is deprecated -W ignore:easy_install command is deprecated setup.py egg_info --egg-base ../../../build/dronehive build --build-base /home/samuel/EiRT-AscenD-Robotics/build/dronehive/build install --record /home/samuel/EiRT-AscenD-Robotics/build/dronehive/install.log --single-version-externally-managed install_data
[0.713s] running egg_info
[0.713s] creating ../../../build/dronehive/dronehive.egg-info
[0.713s] writing ../../../build/dronehive/dronehive.egg-info/PKG-INFO
[0.713s] writing dependency_links to ../../../build/dronehive/dronehive.egg-info/dependency_links.txt
[0.713s] writing entry points to ../../../build/dronehive/dronehive.egg-info/entry_points.txt
[0.713s] writing requirements to ../../../build/dronehive/dronehive.egg-info/requires.txt
[0.713s] writing top-level names to ../../../build/dronehive/dronehive.egg-info/top_level.txt
[0.714s] writing manifest file '../../../build/dronehive/dronehive.egg-info/SOURCES.txt'
[0.716s] reading manifest file '../../../build/dronehive/dronehive.egg-info/SOURCES.txt'
[0.717s] writing manifest file '../../../build/dronehive/dronehive.egg-info/SOURCES.txt'
[0.717s] running build
[0.717s] running build_py
[0.717s] creating /home/samuel/EiRT-AscenD-Robotics/build/dronehive/build
[0.717s] creating /home/samuel/EiRT-AscenD-Robotics/build/dronehive/build/lib
[0.717s] creating /home/samuel/EiRT-AscenD-Robotics/build/dronehive/build/lib/dronehive
[0.717s] copying dronehive/box_node.py -> /home/samuel/EiRT-AscenD-Robotics/build/dronehive/build/lib/dronehive
[0.717s] copying dronehive/slave_box_node.py -> /home/samuel/EiRT-AscenD-Robotics/build/dronehive/build/lib/dronehive
[0.717s] copying dronehive/dummy.py -> /home/samuel/EiRT-AscenD-Robotics/build/dronehive/build/lib/dronehive
[0.717s] copying dronehive/dummy_drone.py -> /home/samuel/EiRT-AscenD-Robotics/build/dronehive/build/lib/dronehive
[0.717s] copying dronehive/__init__.py -> /home/samuel/EiRT-AscenD-Robotics/build/dronehive/build/lib/dronehive
[0.717s] creating /home/samuel/EiRT-AscenD-Robotics/build/dronehive/build/lib/dronehive/master_box
[0.717s] copying dronehive/master_box/__init__.py -> /home/samuel/EiRT-AscenD-Robotics/build/dronehive/build/lib/dronehive/master_box
[0.717s] copying dronehive/master_box/master.py -> /home/samuel/EiRT-AscenD-Robotics/build/dronehive/build/lib/dronehive/master_box
[0.718s] creating /home/samuel/EiRT-AscenD-Robotics/build/dronehive/build/lib/dronehive/utils
[0.718s] copying dronehive/utils/topics.py -> /home/samuel/EiRT-AscenD-Robotics/build/dronehive/build/lib/dronehive/utils
[0.718s] copying dronehive/utils/initialiser.py -> /home/samuel/EiRT-AscenD-Robotics/build/dronehive/build/lib/dronehive/utils
[0.718s] copying dronehive/utils/client_manager.py -> /home/samuel/EiRT-AscenD-Robotics/build/dronehive/build/lib/dronehive/utils
[0.718s] copying dronehive/utils/utm.py -> /home/samuel/EiRT-AscenD-Robotics/build/dronehive/build/lib/dronehive/utils
[0.718s] copying dronehive/utils/__init__.py -> /home/samuel/EiRT-AscenD-Robotics/build/dronehive/build/lib/dronehive/utils
[0.718s] copying dronehive/utils/transverse_mercator.py -> /home/samuel/EiRT-AscenD-Robotics/build/dronehive/build/lib/dronehive/utils
[0.718s] copying dronehive/utils/config.py -> /home/samuel/EiRT-AscenD-Robotics/build/dronehive/build/lib/dronehive/utils
[0.718s] creating /home/samuel/EiRT-AscenD-Robotics/build/dronehive/build/lib/dronehive/slave_box
[0.718s] copying dronehive/slave_box/slave.py -> /home/samuel/EiRT-AscenD-Robotics/build/dronehive/build/lib/dronehive/slave_box
[0.719s] copying dronehive/slave_box/__init__.py -> /home/samuel/EiRT-AscenD-Robotics/build/dronehive/build/lib/dronehive/slave_box
[0.719s] running install
[0.719s] running install_lib
[0.720s] creating /home/samuel/EiRT-AscenD-Robotics/install/dronehive/lib/python3.10/site-packages/dronehive
[0.720s] copying /home/samuel/EiRT-AscenD-Robotics/build/dronehive/build/lib/dronehive/box_node.py -> /home/samuel/EiRT-AscenD-Robotics/install/dronehive/lib/python3.10/site-packages/dronehive
[0.720s] copying /home/samuel/EiRT-AscenD-Robotics/build/dronehive/build/lib/dronehive/slave_box_node.py -> /home/samuel/EiRT-AscenD-Robotics/install/dronehive/lib/python3.10/site-packages/dronehive
[0.720s] copying /home/samuel/EiRT-AscenD-Robotics/build/dronehive/build/lib/dronehive/dummy.py -> /home/samuel/EiRT-AscenD-Robotics/install/dronehive/lib/python3.10/site-packages/dronehive
[0.720s] creating /home/samuel/EiRT-AscenD-Robotics/install/dronehive/lib/python3.10/site-packages/dronehive/master_box
[0.720s] copying /home/samuel/EiRT-AscenD-Robotics/build/dronehive/build/lib/dronehive/master_box/__init__.py -> /home/samuel/EiRT-AscenD-Robotics/install/dronehive/lib/python3.10/site-packages/dronehive/master_box
[0.720s] copying /home/samuel/EiRT-AscenD-Robotics/build/dronehive/build/lib/dronehive/master_box/master.py -> /home/samuel/EiRT-AscenD-Robotics/install/dronehive/lib/python3.10/site-packages/dronehive/master_box
[0.720s] creating /home/samuel/EiRT-AscenD-Robotics/install/dronehive/lib/python3.10/site-packages/dronehive/utils
[0.720s] copying /home/samuel/EiRT-AscenD-Robotics/build/dronehive/build/lib/dronehive/utils/topics.py -> /home/samuel/EiRT-AscenD-Robotics/install/dronehive/lib/python3.10/site-packages/dronehive/utils
[0.720s] copying /home/samuel/EiRT-AscenD-Robotics/build/dronehive/build/lib/dronehive/utils/initialiser.py -> /home/samuel/EiRT-AscenD-Robotics/install/dronehive/lib/python3.10/site-packages/dronehive/utils
[0.721s] copying /home/samuel/EiRT-AscenD-Robotics/build/dronehive/build/lib/dronehive/utils/client_manager.py -> /home/samuel/EiRT-AscenD-Robotics/install/dronehive/lib/python3.10/site-packages/dronehive/utils
[0.721s] copying /home/samuel/EiRT-AscenD-Robotics/build/dronehive/build/lib/dronehive/utils/utm.py -> /home/samuel/EiRT-AscenD-Robotics/install/dronehive/lib/python3.10/site-packages/dronehive/utils
[0.721s] copying /home/samuel/EiRT-AscenD-Robotics/build/dronehive/build/lib/dronehive/utils/__init__.py -> /home/samuel/EiRT-AscenD-Robotics/install/dronehive/lib/python3.10/site-packages/dronehive/utils
[0.721s] copying /home/samuel/EiRT-AscenD-Robotics/build/dronehive/build/lib/dronehive/utils/transverse_mercator.py -> /home/samuel/EiRT-AscenD-Robotics/install/dronehive/lib/python3.10/site-packages/dronehive/utils
[0.721s] copying /home/samuel/EiRT-AscenD-Robotics/build/dronehive/build/lib/dronehive/utils/config.py -> /home/samuel/EiRT-AscenD-Robotics/install/dronehive/lib/python3.10/site-packages/dronehive/utils
[0.721s] copying /home/samuel/EiRT-AscenD-Robotics/build/dronehive/build/lib/dronehive/dummy_drone.py -> /home/samuel/EiRT-AscenD-Robotics/install/dronehive/lib/python3.10/site-packages/dronehive
[0.721s] copying /home/samuel/EiRT-AscenD-Robotics/build/dronehive/build/lib/dronehive/__init__.py -> /home/samuel/EiRT-AscenD-Robotics/install/dronehive/lib/python3.10/site-packages/dronehive
[0.721s] creating /home/samuel/EiRT-AscenD-Robotics/install/dronehive/lib/python3.10/site-packages/dronehive/slave_box
[0.721s] copying /home/samuel/EiRT-AscenD-Robotics/build/dronehive/build/lib/dronehive/slave_box/slave.py -> /home/samuel/EiRT-AscenD-Robotics/install/dronehive/lib/python3.10/site-packages/dronehive/slave_box
[0.721s] copying /home/samuel/EiRT-AscenD-Robotics/build/dronehive/build/lib/dronehive/slave_box/__init__.py -> /home/samuel/EiRT-AscenD-Robotics/install/dronehive/lib/python3.10/site-packages/dronehive/slave_box
[0.722s] byte-compiling /home/samuel/EiRT-AscenD-Robotics/install/dronehive/lib/python3.10/site-packages/dronehive/box_node.py to box_node.cpython-310.pyc
[0.722s] byte-compiling /home/samuel/EiRT-AscenD-Robotics/install/dronehive/lib/python3.10/site-packages/dronehive/slave_box_node.py to slave_box_node.cpython-310.pyc
[0.723s] byte-compiling /home/samuel/EiRT-AscenD-Robotics/install/dronehive/lib/python3.10/site-packages/dronehive/dummy.py to dummy.cpython-310.pyc
[0.724s] byte-compiling /home/samuel/EiRT-AscenD-Robotics/install/dronehive/lib/python3.10/site-packages/dronehive/master_box/__init__.py to __init__.cpython-310.pyc
[0.724s] byte-compiling /home/samuel/EiRT-AscenD-Robotics/install/dronehive/lib/python3.10/site-packages/dronehive/master_box/master.py to master.cpython-310.pyc
[0.726s] byte-compiling /home/samuel/EiRT-AscenD-Robotics/install/dronehive/lib/python3.10/site-packages/dronehive/utils/topics.py to topics.cpython-310.pyc
[0.726s] byte-compiling /home/samuel/EiRT-AscenD-Robotics/install/dronehive/lib/python3.10/site-packages/dronehive/utils/initialiser.py to initialiser.cpython-310.pyc
[0.726s] byte-compiling /home/samuel/EiRT-AscenD-Robotics/install/dronehive/lib/python3.10/site-packages/dronehive/utils/client_manager.py to client_manager.cpython-310.pyc
[0.727s] byte-compiling /home/samuel/EiRT-AscenD-Robotics/install/dronehive/lib/python3.10/site-packages/dronehive/utils/utm.py to utm.cpython-310.pyc
[0.727s] byte-compiling /home/samuel/EiRT-AscenD-Robotics/install/dronehive/lib/python3.10/site-packages/dronehive/utils/__init__.py to __init__.cpython-310.pyc
[0.727s] byte-compiling /home/samuel/EiRT-AscenD-Robotics/install/dronehive/lib/python3.10/site-packages/dronehive/utils/transverse_mercator.py to transverse_mercator.cpython-310.pyc
[0.728s] byte-compiling /home/samuel/EiRT-AscenD-Robotics/install/dronehive/lib/python3.10/site-packages/dronehive/utils/config.py to config.cpython-310.pyc
[0.728s] byte-compiling /home/samuel/EiRT-AscenD-Robotics/install/dronehive/lib/python3.10/site-packages/dronehive/dummy_drone.py to dummy_drone.cpython-310.pyc
[0.729s] byte-compiling /home/samuel/EiRT-AscenD-Robotics/install/dronehive/lib/python3.10/site-packages/dronehive/__init__.py to __init__.cpython-310.pyc
[0.729s] byte-compiling /home/samuel/EiRT-AscenD-Robotics/install/dronehive/lib/python3.10/site-packages/dronehive/slave_box/slave.py to slave.cpython-310.pyc
[0.729s] byte-compiling /home/samuel/EiRT-AscenD-Robotics/install/dronehive/lib/python3.10/site-packages/dronehive/slave_box/__init__.py to __init__.cpython-310.pyc
[0.730s] running install_data
[0.730s] creating /home/samuel/EiRT-AscenD-Robotics/install/dronehive/share/ament_index
[0.730s] creating /home/samuel/EiRT-AscenD-Robotics/install/dronehive/share/ament_index/resource_index
[0.730s] creating /home/samuel/EiRT-AscenD-Robotics/install/dronehive/share/ament_index/resource_index/packages
[0.730s] copying resource/dronehive -> /home/samuel/EiRT-AscenD-Robotics/install/dronehive/share/ament_index/resource_index/packages
[0.730s] copying package.xml -> /home/samuel/EiRT-AscenD-Robotics/install/dronehive/share/dronehive
[0.730s] running install_egg_info
[0.731s] Copying ../../../build/dronehive/dronehive.egg-info to /home/samuel/EiRT-AscenD-Robotics/install/dronehive/lib/python3.10/site-packages/dronehive-0.0.0-py3.10.egg-info
[0.732s] running install_scripts
[0.747s] Installing box_node script to /home/samuel/EiRT-AscenD-Robotics/install/dronehive/lib/dronehive
[0.747s] Installing dummy_confirm script to /home/samuel/EiRT-AscenD-Robotics/install/dronehive/lib/dronehive
[0.747s] Installing dummy_drone script to /home/samuel/EiRT-AscenD-Robotics/install/dronehive/lib/dronehive
[0.747s] Installing slave_node script to /home/samuel/EiRT-AscenD-Robotics/install/dronehive/lib/dronehive
[0.748s] writing list of installed files to '/home/samuel/EiRT-AscenD-Robotics/build/dronehive/install.log'
[0.768s] Invoked command in '/home/samuel/EiRT-AscenD-Robotics/ros2_ws/src/dronehive' returned '0': CMAKE_PREFIX_PATH=/home/samuel/EiRT-AscenD-Robotics/install/dronehive_interfaces:/home/samuel/EiRT-AscenD-Robotics/install/hmi_backend:/home/samuel/EiRT-AscenD-Robotics/install/hmi:/home/samuel/EiRT-AscenD-Robotics/ros2_ws/install/hmi_backend:/home/samuel/EiRT-AscenD-Robotics/ros2_ws/install/hmi:/home/samuel/EiRT-AscenD-Robotics/ros2_ws/install/dronehive_interfaces PYTHONPATH=/home/samuel/EiRT-AscenD-Robotics/build/dronehive/prefix_override:/usr/lib/python3/dist-packages/colcon_core/task/python/colcon_distutils_commands:/home/samuel/EiRT-AscenD-Robotics/install/dronehive/lib/python3.10/site-packages:${PYTHONPATH} /usr/bin/python3 -W ignore:setup.py install is deprecated -W ignore:easy_install command is deprecated setup.py egg_info --egg-base ../../../build/dronehive build --build-base /home/samuel/EiRT-AscenD-Robotics/build/dronehive/build install --record /home/samuel/EiRT-AscenD-Robotics/build/dronehive/install.log --single-version-externally-managed install_data
