[0.219s] Invoking command in '/home/samuel/EiRT-AscenD-Robotics/build/hmi_backend': CMAKE_PREFIX_PATH=/home/samuel/EiRT-AscenD-Robotics/install/dronehive_interfaces:/home/samuel/EiRT-AscenD-Robotics/install/hmi_backend:/home/samuel/EiRT-AscenD-Robotics/install/hmi:/home/samuel/EiRT-AscenD-Robotics/ros2_ws/install/hmi_backend:/home/samuel/EiRT-AscenD-Robotics/ros2_ws/install/hmi:/home/samuel/EiRT-AscenD-Robotics/ros2_ws/install/dronehive_interfaces:/home/samuel/EiRT-AscenD-Robotics/install/dronehive:/home/samuel/EiRT-AscenD-Robotics/ros2_ws/install/dronehive:/opt/ros/humble /usr/bin/cmake --build /home/samuel/EiRT-AscenD-Robotics/build/hmi_backend -- -j16 -l16
[0.264s] [ 20%] [34m[1mAutomatic MOC for target backend_node[0m
[0.282s] [ 20%] Built target backend_node_autogen
[0.308s] [100%] Built target backend_node
[0.320s] Invoked command in '/home/samuel/EiRT-AscenD-Robotics/build/hmi_backend' returned '0': CMAKE_PREFIX_PATH=/home/samuel/EiRT-AscenD-Robotics/install/dronehive_interfaces:/home/samuel/EiRT-AscenD-Robotics/install/hmi_backend:/home/samuel/EiRT-AscenD-Robotics/install/hmi:/home/samuel/EiRT-AscenD-Robotics/ros2_ws/install/hmi_backend:/home/samuel/EiRT-AscenD-Robotics/ros2_ws/install/hmi:/home/samuel/EiRT-AscenD-Robotics/ros2_ws/install/dronehive_interfaces:/home/samuel/EiRT-AscenD-Robotics/install/dronehive:/home/samuel/EiRT-AscenD-Robotics/ros2_ws/install/dronehive:/opt/ros/humble /usr/bin/cmake --build /home/samuel/EiRT-AscenD-Robotics/build/hmi_backend -- -j16 -l16
[0.321s] Invoking command in '/home/samuel/EiRT-AscenD-Robotics/build/hmi_backend': CMAKE_PREFIX_PATH=/home/samuel/EiRT-AscenD-Robotics/install/dronehive_interfaces:/home/samuel/EiRT-AscenD-Robotics/install/hmi_backend:/home/samuel/EiRT-AscenD-Robotics/install/hmi:/home/samuel/EiRT-AscenD-Robotics/ros2_ws/install/hmi_backend:/home/samuel/EiRT-AscenD-Robotics/ros2_ws/install/hmi:/home/samuel/EiRT-AscenD-Robotics/ros2_ws/install/dronehive_interfaces:/home/samuel/EiRT-AscenD-Robotics/install/dronehive:/home/samuel/EiRT-AscenD-Robotics/ros2_ws/install/dronehive:/opt/ros/humble /usr/bin/cmake --install /home/samuel/EiRT-AscenD-Robotics/build/hmi_backend
[0.328s] -- Install configuration: ""
[0.328s] -- Up-to-date: /home/samuel/EiRT-AscenD-Robotics/install/hmi_backend/lib/hmi_backend/backend_node
[0.328s] -- Up-to-date: /home/samuel/EiRT-AscenD-Robotics/install/hmi_backend/share/ament_index/resource_index/package_run_dependencies/hmi_backend
[0.328s] -- Up-to-date: /home/samuel/EiRT-AscenD-Robotics/install/hmi_backend/share/ament_index/resource_index/parent_prefix_path/hmi_backend
[0.328s] -- Up-to-date: /home/samuel/EiRT-AscenD-Robotics/install/hmi_backend/share/hmi_backend/environment/ament_prefix_path.sh
[0.328s] -- Up-to-date: /home/samuel/EiRT-AscenD-Robotics/install/hmi_backend/share/hmi_backend/environment/ament_prefix_path.dsv
[0.328s] -- Up-to-date: /home/samuel/EiRT-AscenD-Robotics/install/hmi_backend/share/hmi_backend/environment/path.sh
[0.328s] -- Up-to-date: /home/samuel/EiRT-AscenD-Robotics/install/hmi_backend/share/hmi_backend/environment/path.dsv
[0.328s] -- Up-to-date: /home/samuel/EiRT-AscenD-Robotics/install/hmi_backend/share/hmi_backend/local_setup.bash
[0.329s] -- Up-to-date: /home/samuel/EiRT-AscenD-Robotics/install/hmi_backend/share/hmi_backend/local_setup.sh
[0.329s] -- Up-to-date: /home/samuel/EiRT-AscenD-Robotics/install/hmi_backend/share/hmi_backend/local_setup.zsh
[0.329s] -- Up-to-date: /home/samuel/EiRT-AscenD-Robotics/install/hmi_backend/share/hmi_backend/local_setup.dsv
[0.329s] -- Installing: /home/samuel/EiRT-AscenD-Robotics/install/hmi_backend/share/hmi_backend/package.dsv
[0.329s] -- Up-to-date: /home/samuel/EiRT-AscenD-Robotics/install/hmi_backend/share/ament_index/resource_index/packages/hmi_backend
[0.329s] -- Up-to-date: /home/samuel/EiRT-AscenD-Robotics/install/hmi_backend/share/hmi_backend/cmake/hmi_backendConfig.cmake
[0.329s] -- Up-to-date: /home/samuel/EiRT-AscenD-Robotics/install/hmi_backend/share/hmi_backend/cmake/hmi_backendConfig-version.cmake
[0.329s] -- Up-to-date: /home/samuel/EiRT-AscenD-Robotics/install/hmi_backend/share/hmi_backend/package.xml
[0.330s] Invoked command in '/home/samuel/EiRT-AscenD-Robotics/build/hmi_backend' returned '0': CMAKE_PREFIX_PATH=/home/samuel/EiRT-AscenD-Robotics/install/dronehive_interfaces:/home/samuel/EiRT-AscenD-Robotics/install/hmi_backend:/home/samuel/EiRT-AscenD-Robotics/install/hmi:/home/samuel/EiRT-AscenD-Robotics/ros2_ws/install/hmi_backend:/home/samuel/EiRT-AscenD-Robotics/ros2_ws/install/hmi:/home/samuel/EiRT-AscenD-Robotics/ros2_ws/install/dronehive_interfaces:/home/samuel/EiRT-AscenD-Robotics/install/dronehive:/home/samuel/EiRT-AscenD-Robotics/ros2_ws/install/dronehive:/opt/ros/humble /usr/bin/cmake --install /home/samuel/EiRT-AscenD-Robotics/build/hmi_backend
