[0.014s] Invoking command in '/home/magnus/AscenD/EiRT-AscenD-Robotics/ros2_ws/build/dronehive_interfaces': CMAKE_PREFIX_PATH=/opt/ros/humble /usr/bin/cmake /home/magnus/AscenD/EiRT-AscenD-Robotics/ros2_ws/src/dronehive_interfaces -DCMAKE_INSTALL_PREFIX=/home/magnus/AscenD/EiRT-AscenD-Robotics/ros2_ws/install/dronehive_interfaces
[0.286s] -- The C compiler identification is GNU 11.4.0
[0.481s] -- The CXX compiler identification is GNU 11.4.0
[0.502s] -- Detecting C compiler ABI info
[0.620s] -- Detecting C compiler ABI info - done
[0.629s] -- Check for working C compiler: /usr/bin/cc - skipped
[0.630s] -- Detecting C compile features
[0.633s] -- Detecting C compile features - done
[0.638s] -- Detecting CXX compiler ABI info
[0.759s] -- Detecting CXX compiler ABI info - done
[0.766s] -- Check for working CXX compiler: /usr/bin/c++ - skipped
[0.766s] -- Detecting CXX compile features
[0.767s] -- Detecting CXX compile features - done
[0.778s] -- Found ament_cmake: 1.3.12 (/opt/ros/humble/share/ament_cmake/cmake)
[0.969s] -- Found Python3: /usr/bin/python3 (found version "3.10.12") found components: Interpreter 
[1.116s] -- Found rosidl_default_generators: 1.2.0 (/opt/ros/humble/share/rosidl_default_generators/cmake)
[1.124s] -- Using all available rosidl_typesupport_c: rosidl_typesupport_fastrtps_c;rosidl_typesupport_introspection_c
[1.137s] -- Found rosidl_adapter: 3.1.7 (/opt/ros/humble/share/rosidl_adapter/cmake)
[1.215s] -- Using all available rosidl_typesupport_cpp: rosidl_typesupport_fastrtps_cpp;rosidl_typesupport_introspection_cpp
[1.280s] -- Found ament_lint_auto: 0.12.14 (/opt/ros/humble/share/ament_lint_auto/cmake)
[1.564s] [31mCMake Error at /opt/ros/humble/share/rosidl_adapter/cmake/rosidl_adapt_interfaces.cmake:59 (message):
[1.564s]   execute_process(/usr/bin/python3 -m rosidl_adapter --package-name
[1.564s]   dronehive_interfaces --arguments-file
[1.564s]   /home/magnus/AscenD/EiRT-AscenD-Robotics/ros2_ws/build/dronehive_interfaces/rosidl_adapter__arguments__dronehive_interfaces.json
[1.564s]   --output-dir
[1.565s]   /home/magnus/AscenD/EiRT-AscenD-Robotics/ros2_ws/build/dronehive_interfaces/rosidl_adapter/dronehive_interfaces
[1.565s]   --output-file
[1.565s]   /home/magnus/AscenD/EiRT-AscenD-Robotics/ros2_ws/build/dronehive_interfaces/rosidl_adapter/dronehive_interfaces.idls)
[1.565s]   returned error code 1:
[1.565s] 
[1.565s]   Traceback (most recent call last):
[1.565s] 
[1.566s]     File "/usr/lib/python3.10/runpy.py", line 196, in _run_module_as_main
[1.566s]       return _run_code(code, main_globals, None,
[1.566s]     File "/usr/lib/python3.10/runpy.py", line 86, in _run_code
[1.566s]       exec(code, run_globals)
[1.566s]     File "/opt/ros/humble/local/lib/python3.10/dist-packages/rosidl_adapter/__main__.py", line 19, in <module>
[1.566s]       sys.exit(main())
[1.566s]     File "/opt/ros/humble/local/lib/python3.10/dist-packages/rosidl_adapter/main.py", line 53, in main
[1.566s]       abs_idl_file = convert_to_idl(
[1.566s]     File "/opt/ros/humble/local/lib/python3.10/dist-packages/rosidl_adapter/__init__.py", line 24, in convert_to_idl
[1.566s]       return convert_srv_to_idl(
[1.566s]     File "/opt/ros/humble/local/lib/python3.10/dist-packages/rosidl_adapter/srv/__init__.py", line 28, in convert_srv_to_idl
[1.566s]       srv = parse_service_string(package_name, input_file.stem, content)
[1.566s]     File "/opt/ros/humble/local/lib/python3.10/dist-packages/rosidl_adapter/parser.py", line 850, in parse_service_string
[1.566s]       raise InvalidServiceSpecification(
[1.566s] 
[1.566s]   rosidl_adapter.parser.InvalidServiceSpecification: Could not find separator
[1.566s]   '---' between request and response
[1.566s] 
[1.566s] Call Stack (most recent call first):
[1.566s]   /opt/ros/humble/share/rosidl_cmake/cmake/rosidl_generate_interfaces.cmake:130 (rosidl_adapt_interfaces)
[1.566s]   CMakeLists.txt:27 (rosidl_generate_interfaces)
[1.566s] 
[1.566s] [0m
[1.567s] -- Configuring incomplete, errors occurred!
[1.567s] See also "/home/magnus/AscenD/EiRT-AscenD-Robotics/ros2_ws/build/dronehive_interfaces/CMakeFiles/CMakeOutput.log".
[1.574s] Invoked command in '/home/magnus/AscenD/EiRT-AscenD-Robotics/ros2_ws/build/dronehive_interfaces' returned '1': CMAKE_PREFIX_PATH=/opt/ros/humble /usr/bin/cmake /home/magnus/AscenD/EiRT-AscenD-Robotics/ros2_ws/src/dronehive_interfaces -DCMAKE_INSTALL_PREFIX=/home/magnus/AscenD/EiRT-AscenD-Robotics/ros2_ws/install/dronehive_interfaces
