[ 20%] [34m[1mAutomatic MOC for target backend_node[0m
[ 20%] Built target backend_node_autogen
[100%] Built target backend_node
-- Install configuration: ""
-- Up-to-date: /home/samuel/EiRT-AscenD-Robotics/install/hmi_backend/lib/hmi_backend/backend_node
-- Up-to-date: /home/samuel/EiRT-AscenD-Robotics/install/hmi_backend/share/ament_index/resource_index/package_run_dependencies/hmi_backend
-- Up-to-date: /home/samuel/EiRT-AscenD-Robotics/install/hmi_backend/share/ament_index/resource_index/parent_prefix_path/hmi_backend
-- Up-to-date: /home/samuel/EiRT-AscenD-Robotics/install/hmi_backend/share/hmi_backend/environment/ament_prefix_path.sh
-- Up-to-date: /home/samuel/EiRT-AscenD-Robotics/install/hmi_backend/share/hmi_backend/environment/ament_prefix_path.dsv
-- Up-to-date: /home/samuel/EiRT-AscenD-Robotics/install/hmi_backend/share/hmi_backend/environment/path.sh
-- Up-to-date: /home/samuel/EiRT-AscenD-Robotics/install/hmi_backend/share/hmi_backend/environment/path.dsv
-- Up-to-date: /home/samuel/EiRT-AscenD-Robotics/install/hmi_backend/share/hmi_backend/local_setup.bash
-- Up-to-date: /home/samuel/EiRT-AscenD-Robotics/install/hmi_backend/share/hmi_backend/local_setup.sh
-- Up-to-date: /home/samuel/EiRT-AscenD-Robotics/install/hmi_backend/share/hmi_backend/local_setup.zsh
-- Up-to-date: /home/samuel/EiRT-AscenD-Robotics/install/hmi_backend/share/hmi_backend/local_setup.dsv
-- Installing: /home/samuel/EiRT-AscenD-Robotics/install/hmi_backend/share/hmi_backend/package.dsv
-- Up-to-date: /home/samuel/EiRT-AscenD-Robotics/install/hmi_backend/share/ament_index/resource_index/packages/hmi_backend
-- Up-to-date: /home/samuel/EiRT-AscenD-Robotics/install/hmi_backend/share/hmi_backend/cmake/hmi_backendConfig.cmake
-- Up-to-date: /home/samuel/EiRT-AscenD-Robotics/install/hmi_backend/share/hmi_backend/cmake/hmi_backendConfig-version.cmake
-- Up-to-date: /home/samuel/EiRT-AscenD-Robotics/install/hmi_backend/share/hmi_backend/package.xml
