[0.226s] Invoking command in '/home/samuel/EiRT-AscenD-Robotics/build/hmi_backend': AMENT_PREFIX_PATH=/home/samuel/EiRT-AscenD-Robotics/install/dronehive_interfaces:${AMENT_PREFIX_PATH} CMAKE_PREFIX_PATH=/home/samuel/EiRT-AscenD-Robotics/install/dronehive_interfaces:/home/samuel/EiRT-AscenD-Robotics/ros2_ws/install/hmi_backend:/home/samuel/EiRT-AscenD-Robotics/ros2_ws/install/hmi:/home/samuel/EiRT-AscenD-Robotics/ros2_ws/install/dronehive_interfaces:/home/samuel/EiRT-AscenD-Robotics/ros2_ws/install/dronehive:/opt/ros/humble LD_LIBRARY_PATH=/home/samuel/EiRT-AscenD-Robotics/install/dronehive_interfaces/lib:${LD_LIBRARY_PATH} PYTHONPATH=/home/samuel/EiRT-AscenD-Robotics/install/dronehive_interfaces/local/lib/python3.10/dist-packages:${PYTHONPATH} /usr/bin/cmake --build /home/samuel/EiRT-AscenD-Robotics/build/hmi_backend -- -j16 -l16
[0.268s] [ 20%] [34m[1mAutomatic MOC for target backend_node[0m
[0.286s] [ 20%] Built target backend_node_autogen
[0.311s] [100%] Built target backend_node
[0.322s] Invoked command in '/home/samuel/EiRT-AscenD-Robotics/build/hmi_backend' returned '0': AMENT_PREFIX_PATH=/home/samuel/EiRT-AscenD-Robotics/install/dronehive_interfaces:${AMENT_PREFIX_PATH} CMAKE_PREFIX_PATH=/home/samuel/EiRT-AscenD-Robotics/install/dronehive_interfaces:/home/samuel/EiRT-AscenD-Robotics/ros2_ws/install/hmi_backend:/home/samuel/EiRT-AscenD-Robotics/ros2_ws/install/hmi:/home/samuel/EiRT-AscenD-Robotics/ros2_ws/install/dronehive_interfaces:/home/samuel/EiRT-AscenD-Robotics/ros2_ws/install/dronehive:/opt/ros/humble LD_LIBRARY_PATH=/home/samuel/EiRT-AscenD-Robotics/install/dronehive_interfaces/lib:${LD_LIBRARY_PATH} PYTHONPATH=/home/samuel/EiRT-AscenD-Robotics/install/dronehive_interfaces/local/lib/python3.10/dist-packages:${PYTHONPATH} /usr/bin/cmake --build /home/samuel/EiRT-AscenD-Robotics/build/hmi_backend -- -j16 -l16
[0.324s] Invoking command in '/home/samuel/EiRT-AscenD-Robotics/build/hmi_backend': AMENT_PREFIX_PATH=/home/samuel/EiRT-AscenD-Robotics/install/dronehive_interfaces:${AMENT_PREFIX_PATH} CMAKE_PREFIX_PATH=/home/samuel/EiRT-AscenD-Robotics/install/dronehive_interfaces:/home/samuel/EiRT-AscenD-Robotics/ros2_ws/install/hmi_backend:/home/samuel/EiRT-AscenD-Robotics/ros2_ws/install/hmi:/home/samuel/EiRT-AscenD-Robotics/ros2_ws/install/dronehive_interfaces:/home/samuel/EiRT-AscenD-Robotics/ros2_ws/install/dronehive:/opt/ros/humble LD_LIBRARY_PATH=/home/samuel/EiRT-AscenD-Robotics/install/dronehive_interfaces/lib:${LD_LIBRARY_PATH} PYTHONPATH=/home/samuel/EiRT-AscenD-Robotics/install/dronehive_interfaces/local/lib/python3.10/dist-packages:${PYTHONPATH} /usr/bin/cmake --install /home/samuel/EiRT-AscenD-Robotics/build/hmi_backend
[0.330s] -- Install configuration: ""
[0.330s] -- Up-to-date: /home/samuel/EiRT-AscenD-Robotics/install/hmi_backend/lib/hmi_backend/backend_node
[0.330s] -- Up-to-date: /home/samuel/EiRT-AscenD-Robotics/install/hmi_backend/share/ament_index/resource_index/package_run_dependencies/hmi_backend
[0.330s] -- Up-to-date: /home/samuel/EiRT-AscenD-Robotics/install/hmi_backend/share/ament_index/resource_index/parent_prefix_path/hmi_backend
[0.331s] -- Up-to-date: /home/samuel/EiRT-AscenD-Robotics/install/hmi_backend/share/hmi_backend/environment/ament_prefix_path.sh
[0.331s] -- Up-to-date: /home/samuel/EiRT-AscenD-Robotics/install/hmi_backend/share/hmi_backend/environment/ament_prefix_path.dsv
[0.331s] -- Up-to-date: /home/samuel/EiRT-AscenD-Robotics/install/hmi_backend/share/hmi_backend/environment/path.sh
[0.331s] -- Up-to-date: /home/samuel/EiRT-AscenD-Robotics/install/hmi_backend/share/hmi_backend/environment/path.dsv
[0.331s] -- Up-to-date: /home/samuel/EiRT-AscenD-Robotics/install/hmi_backend/share/hmi_backend/local_setup.bash
[0.331s] -- Up-to-date: /home/samuel/EiRT-AscenD-Robotics/install/hmi_backend/share/hmi_backend/local_setup.sh
[0.331s] -- Up-to-date: /home/samuel/EiRT-AscenD-Robotics/install/hmi_backend/share/hmi_backend/local_setup.zsh
[0.331s] -- Up-to-date: /home/samuel/EiRT-AscenD-Robotics/install/hmi_backend/share/hmi_backend/local_setup.dsv
[0.331s] -- Installing: /home/samuel/EiRT-AscenD-Robotics/install/hmi_backend/share/hmi_backend/package.dsv
[0.331s] -- Up-to-date: /home/samuel/EiRT-AscenD-Robotics/install/hmi_backend/share/ament_index/resource_index/packages/hmi_backend
[0.331s] -- Up-to-date: /home/samuel/EiRT-AscenD-Robotics/install/hmi_backend/share/hmi_backend/cmake/hmi_backendConfig.cmake
[0.331s] -- Up-to-date: /home/samuel/EiRT-AscenD-Robotics/install/hmi_backend/share/hmi_backend/cmake/hmi_backendConfig-version.cmake
[0.331s] -- Up-to-date: /home/samuel/EiRT-AscenD-Robotics/install/hmi_backend/share/hmi_backend/package.xml
[0.333s] Invoked command in '/home/samuel/EiRT-AscenD-Robotics/build/hmi_backend' returned '0': AMENT_PREFIX_PATH=/home/samuel/EiRT-AscenD-Robotics/install/dronehive_interfaces:${AMENT_PREFIX_PATH} CMAKE_PREFIX_PATH=/home/samuel/EiRT-AscenD-Robotics/install/dronehive_interfaces:/home/samuel/EiRT-AscenD-Robotics/ros2_ws/install/hmi_backend:/home/samuel/EiRT-AscenD-Robotics/ros2_ws/install/hmi:/home/samuel/EiRT-AscenD-Robotics/ros2_ws/install/dronehive_interfaces:/home/samuel/EiRT-AscenD-Robotics/ros2_ws/install/dronehive:/opt/ros/humble LD_LIBRARY_PATH=/home/samuel/EiRT-AscenD-Robotics/install/dronehive_interfaces/lib:${LD_LIBRARY_PATH} PYTHONPATH=/home/samuel/EiRT-AscenD-Robotics/install/dronehive_interfaces/local/lib/python3.10/dist-packages:${PYTHONPATH} /usr/bin/cmake --install /home/samuel/EiRT-AscenD-Robotics/build/hmi_backend
