[0.132s] DEBUG:colcon:Command line arguments: ['/usr/bin/colcon', 'build']
[0.132s] DEBUG:colcon:Parsed command line arguments: Namespace(log_base=None, log_level=None, verb_name='build', build_base='build', install_base='install', merge_install=False, symlink_install=False, test_result_base=None, continue_on_error=False, executor='parallel', parallel_workers=20, event_handlers=None, ignore_user_meta=False, metas=['./colcon.meta'], base_paths=['.'], packages_ignore=None, packages_ignore_regex=None, paths=None, packages_up_to=None, packages_up_to_regex=None, packages_above=None, packages_above_and_dependencies=None, packages_above_depth=None, packages_select_by_dep=None, packages_skip_by_dep=None, packages_skip_up_to=None, packages_select_build_failed=False, packages_skip_build_finished=False, packages_select_test_failures=False, packages_skip_test_passed=False, packages_select=None, packages_skip=None, packages_select_regex=None, packages_skip_regex=None, packages_start=None, packages_end=None, allow_overriding=[], cmake_args=None, cmake_target=None, cmake_target_skip_unavailable=False, cmake_clean_cache=False, cmake_clean_first=False, cmake_force_configure=False, ament_cmake_args=None, catkin_cmake_args=None, catkin_skip_building_tests=False, mixin_files=None, mixin=None, verb_parser=<colcon_mixin.mixin.mixin_argument.MixinArgumentDecorator object at 0x71b28a15ad10>, verb_extension=<colcon_core.verb.build.BuildVerb object at 0x71b28a15a710>, main=<bound method BuildVerb.main of <colcon_core.verb.build.BuildVerb object at 0x71b28a15a710>>, mixin_verb=('build',))
[0.235s] Level 1:colcon.colcon_core.package_discovery:discover_packages(colcon_meta) check parameters
[0.235s] Level 1:colcon.colcon_core.package_discovery:discover_packages(recursive) check parameters
[0.235s] Level 1:colcon.colcon_core.package_discovery:discover_packages(ignore) check parameters
[0.235s] Level 1:colcon.colcon_core.package_discovery:discover_packages(path) check parameters
[0.235s] Level 1:colcon.colcon_core.package_discovery:discover_packages(colcon_meta) discover
[0.235s] Level 1:colcon.colcon_core.package_discovery:discover_packages(recursive) discover
[0.235s] INFO:colcon.colcon_core.package_discovery:Crawling recursively for packages in '/home/fljv/Desktop/new/off_b/EiRT-AscenD-Robotics/ros2_ws'
[0.236s] Level 1:colcon.colcon_core.package_identification:_identify(.) by extensions ['ignore', 'ignore_ament_install']
[0.236s] Level 1:colcon.colcon_core.package_identification:_identify(.) by extension 'ignore'
[0.236s] Level 1:colcon.colcon_core.package_identification:_identify(.) by extension 'ignore_ament_install'
[0.236s] Level 1:colcon.colcon_core.package_identification:_identify(.) by extensions ['colcon_pkg']
[0.236s] Level 1:colcon.colcon_core.package_identification:_identify(.) by extension 'colcon_pkg'
[0.236s] Level 1:colcon.colcon_core.package_identification:_identify(.) by extensions ['colcon_meta']
[0.236s] Level 1:colcon.colcon_core.package_identification:_identify(.) by extension 'colcon_meta'
[0.236s] Level 1:colcon.colcon_core.package_identification:_identify(.) by extensions ['ros']
[0.236s] Level 1:colcon.colcon_core.package_identification:_identify(.) by extension 'ros'
[0.257s] Level 1:colcon.colcon_core.package_identification:_identify(.) by extensions ['cmake', 'python']
[0.257s] Level 1:colcon.colcon_core.package_identification:_identify(.) by extension 'cmake'
[0.257s] Level 1:colcon.colcon_core.package_identification:_identify(.) by extension 'python'
[0.257s] Level 1:colcon.colcon_core.package_identification:_identify(.) by extensions ['python_setup_py']
[0.257s] Level 1:colcon.colcon_core.package_identification:_identify(.) by extension 'python_setup_py'
[0.257s] Level 1:colcon.colcon_core.package_identification:_identify(build) by extensions ['ignore', 'ignore_ament_install']
[0.257s] Level 1:colcon.colcon_core.package_identification:_identify(build) by extension 'ignore'
[0.257s] Level 1:colcon.colcon_core.package_identification:_identify(build) ignored
[0.257s] Level 1:colcon.colcon_core.package_identification:_identify(install) by extensions ['ignore', 'ignore_ament_install']
[0.257s] Level 1:colcon.colcon_core.package_identification:_identify(install) by extension 'ignore'
[0.257s] Level 1:colcon.colcon_core.package_identification:_identify(install) ignored
[0.257s] Level 1:colcon.colcon_core.package_identification:_identify(log) by extensions ['ignore', 'ignore_ament_install']
[0.257s] Level 1:colcon.colcon_core.package_identification:_identify(log) by extension 'ignore'
[0.257s] Level 1:colcon.colcon_core.package_identification:_identify(log) ignored
[0.257s] Level 1:colcon.colcon_core.package_identification:_identify(src) by extensions ['ignore', 'ignore_ament_install']
[0.257s] Level 1:colcon.colcon_core.package_identification:_identify(src) by extension 'ignore'
[0.257s] Level 1:colcon.colcon_core.package_identification:_identify(src) by extension 'ignore_ament_install'
[0.257s] Level 1:colcon.colcon_core.package_identification:_identify(src) by extensions ['colcon_pkg']
[0.257s] Level 1:colcon.colcon_core.package_identification:_identify(src) by extension 'colcon_pkg'
[0.257s] Level 1:colcon.colcon_core.package_identification:_identify(src) by extensions ['colcon_meta']
[0.257s] Level 1:colcon.colcon_core.package_identification:_identify(src) by extension 'colcon_meta'
[0.257s] Level 1:colcon.colcon_core.package_identification:_identify(src) by extensions ['ros']
[0.257s] Level 1:colcon.colcon_core.package_identification:_identify(src) by extension 'ros'
[0.258s] Level 1:colcon.colcon_core.package_identification:_identify(src) by extensions ['cmake', 'python']
[0.258s] Level 1:colcon.colcon_core.package_identification:_identify(src) by extension 'cmake'
[0.258s] Level 1:colcon.colcon_core.package_identification:_identify(src) by extension 'python'
[0.258s] Level 1:colcon.colcon_core.package_identification:_identify(src) by extensions ['python_setup_py']
[0.258s] Level 1:colcon.colcon_core.package_identification:_identify(src) by extension 'python_setup_py'
[0.258s] Level 1:colcon.colcon_core.package_identification:_identify(src/dronehive) by extensions ['ignore', 'ignore_ament_install']
[0.258s] Level 1:colcon.colcon_core.package_identification:_identify(src/dronehive) by extension 'ignore'
[0.258s] Level 1:colcon.colcon_core.package_identification:_identify(src/dronehive) by extension 'ignore_ament_install'
[0.258s] Level 1:colcon.colcon_core.package_identification:_identify(src/dronehive) by extensions ['colcon_pkg']
[0.258s] Level 1:colcon.colcon_core.package_identification:_identify(src/dronehive) by extension 'colcon_pkg'
[0.258s] Level 1:colcon.colcon_core.package_identification:_identify(src/dronehive) by extensions ['colcon_meta']
[0.258s] Level 1:colcon.colcon_core.package_identification:_identify(src/dronehive) by extension 'colcon_meta'
[0.258s] Level 1:colcon.colcon_core.package_identification:_identify(src/dronehive) by extensions ['ros']
[0.258s] Level 1:colcon.colcon_core.package_identification:_identify(src/dronehive) by extension 'ros'
[0.260s] DEBUG:colcon.colcon_core.package_identification:Package 'src/dronehive' with type 'ros.ament_python' and name 'dronehive'
[0.260s] Level 1:colcon.colcon_core.package_identification:_identify(src/dronehive_interfaces) by extensions ['ignore', 'ignore_ament_install']
[0.260s] Level 1:colcon.colcon_core.package_identification:_identify(src/dronehive_interfaces) by extension 'ignore'
[0.260s] Level 1:colcon.colcon_core.package_identification:_identify(src/dronehive_interfaces) by extension 'ignore_ament_install'
[0.260s] Level 1:colcon.colcon_core.package_identification:_identify(src/dronehive_interfaces) by extensions ['colcon_pkg']
[0.260s] Level 1:colcon.colcon_core.package_identification:_identify(src/dronehive_interfaces) by extension 'colcon_pkg'
[0.260s] Level 1:colcon.colcon_core.package_identification:_identify(src/dronehive_interfaces) by extensions ['colcon_meta']
[0.260s] Level 1:colcon.colcon_core.package_identification:_identify(src/dronehive_interfaces) by extension 'colcon_meta'
[0.260s] Level 1:colcon.colcon_core.package_identification:_identify(src/dronehive_interfaces) by extensions ['ros']
[0.260s] Level 1:colcon.colcon_core.package_identification:_identify(src/dronehive_interfaces) by extension 'ros'
[0.260s] DEBUG:colcon.colcon_core.package_identification:Package 'src/dronehive_interfaces' with type 'ros.ament_cmake' and name 'dronehive_interfaces'
[0.260s] Level 1:colcon.colcon_core.package_identification:_identify(src/eit-playground) by extensions ['ignore', 'ignore_ament_install']
[0.260s] Level 1:colcon.colcon_core.package_identification:_identify(src/eit-playground) by extension 'ignore'
[0.260s] Level 1:colcon.colcon_core.package_identification:_identify(src/eit-playground) by extension 'ignore_ament_install'
[0.260s] Level 1:colcon.colcon_core.package_identification:_identify(src/eit-playground) by extensions ['colcon_pkg']
[0.260s] Level 1:colcon.colcon_core.package_identification:_identify(src/eit-playground) by extension 'colcon_pkg'
[0.260s] Level 1:colcon.colcon_core.package_identification:_identify(src/eit-playground) by extensions ['colcon_meta']
[0.260s] Level 1:colcon.colcon_core.package_identification:_identify(src/eit-playground) by extension 'colcon_meta'
[0.260s] Level 1:colcon.colcon_core.package_identification:_identify(src/eit-playground) by extensions ['ros']
[0.260s] Level 1:colcon.colcon_core.package_identification:_identify(src/eit-playground) by extension 'ros'
[0.261s] Level 1:colcon.colcon_core.package_identification:_identify(src/eit-playground) by extensions ['cmake', 'python']
[0.261s] Level 1:colcon.colcon_core.package_identification:_identify(src/eit-playground) by extension 'cmake'
[0.261s] Level 1:colcon.colcon_core.package_identification:_identify(src/eit-playground) by extension 'python'
[0.261s] Level 1:colcon.colcon_core.package_identification:_identify(src/eit-playground) by extensions ['python_setup_py']
[0.261s] Level 1:colcon.colcon_core.package_identification:_identify(src/eit-playground) by extension 'python_setup_py'
[0.261s] Level 1:colcon.colcon_core.package_identification:_identify(src/hmi) by extensions ['ignore', 'ignore_ament_install']
[0.261s] Level 1:colcon.colcon_core.package_identification:_identify(src/hmi) by extension 'ignore'
[0.261s] Level 1:colcon.colcon_core.package_identification:_identify(src/hmi) by extension 'ignore_ament_install'
[0.261s] Level 1:colcon.colcon_core.package_identification:_identify(src/hmi) by extensions ['colcon_pkg']
[0.261s] Level 1:colcon.colcon_core.package_identification:_identify(src/hmi) by extension 'colcon_pkg'
[0.261s] Level 1:colcon.colcon_core.package_identification:_identify(src/hmi) by extensions ['colcon_meta']
[0.261s] Level 1:colcon.colcon_core.package_identification:_identify(src/hmi) by extension 'colcon_meta'
[0.261s] Level 1:colcon.colcon_core.package_identification:_identify(src/hmi) by extensions ['ros']
[0.261s] Level 1:colcon.colcon_core.package_identification:_identify(src/hmi) by extension 'ros'
[0.261s] DEBUG:colcon.colcon_core.package_identification:Package 'src/hmi' with type 'ros.ament_cmake' and name 'hmi'
[0.261s] Level 1:colcon.colcon_core.package_identification:_identify(src/hmi_backend) by extensions ['ignore', 'ignore_ament_install']
[0.261s] Level 1:colcon.colcon_core.package_identification:_identify(src/hmi_backend) by extension 'ignore'
[0.261s] Level 1:colcon.colcon_core.package_identification:_identify(src/hmi_backend) by extension 'ignore_ament_install'
[0.261s] Level 1:colcon.colcon_core.package_identification:_identify(src/hmi_backend) by extensions ['colcon_pkg']
[0.261s] Level 1:colcon.colcon_core.package_identification:_identify(src/hmi_backend) by extension 'colcon_pkg'
[0.261s] Level 1:colcon.colcon_core.package_identification:_identify(src/hmi_backend) by extensions ['colcon_meta']
[0.262s] Level 1:colcon.colcon_core.package_identification:_identify(src/hmi_backend) by extension 'colcon_meta'
[0.262s] Level 1:colcon.colcon_core.package_identification:_identify(src/hmi_backend) by extensions ['ros']
[0.262s] Level 1:colcon.colcon_core.package_identification:_identify(src/hmi_backend) by extension 'ros'
[0.262s] DEBUG:colcon.colcon_core.package_identification:Package 'src/hmi_backend' with type 'ros.ament_cmake' and name 'hmi_backend'
[0.262s] Level 1:colcon.colcon_core.package_identification:_identify(src/offboard) by extensions ['ignore', 'ignore_ament_install']
[0.262s] Level 1:colcon.colcon_core.package_identification:_identify(src/offboard) by extension 'ignore'
[0.262s] Level 1:colcon.colcon_core.package_identification:_identify(src/offboard) by extension 'ignore_ament_install'
[0.262s] Level 1:colcon.colcon_core.package_identification:_identify(src/offboard) by extensions ['colcon_pkg']
[0.262s] Level 1:colcon.colcon_core.package_identification:_identify(src/offboard) by extension 'colcon_pkg'
[0.262s] Level 1:colcon.colcon_core.package_identification:_identify(src/offboard) by extensions ['colcon_meta']
[0.262s] Level 1:colcon.colcon_core.package_identification:_identify(src/offboard) by extension 'colcon_meta'
[0.262s] Level 1:colcon.colcon_core.package_identification:_identify(src/offboard) by extensions ['ros']
[0.262s] Level 1:colcon.colcon_core.package_identification:_identify(src/offboard) by extension 'ros'
[0.263s] DEBUG:colcon.colcon_core.package_identification:Package 'src/offboard' with type 'ros.ament_python' and name 'offboard'
[0.263s] Level 1:colcon.colcon_core.package_discovery:discover_packages(recursive) using defaults
[0.263s] Level 1:colcon.colcon_core.package_discovery:discover_packages(ignore) discover
[0.263s] Level 1:colcon.colcon_core.package_discovery:discover_packages(ignore) using defaults
[0.263s] Level 1:colcon.colcon_core.package_discovery:discover_packages(path) discover
[0.263s] Level 1:colcon.colcon_core.package_discovery:discover_packages(path) using defaults
[0.277s] Level 1:colcon.colcon_core.package_discovery:discover_packages(prefix_path) check parameters
[0.277s] Level 1:colcon.colcon_core.package_discovery:discover_packages(prefix_path) discover
[0.281s] DEBUG:colcon.colcon_installed_package_information.package_discovery:Found 383 installed packages in /opt/ros/humble
[0.283s] Level 1:colcon.colcon_core.package_discovery:discover_packages(prefix_path) using defaults
[0.313s] Level 5:colcon.colcon_core.verb:set package 'dronehive_interfaces' build argument 'cmake_args' from command line to 'None'
[0.314s] Level 5:colcon.colcon_core.verb:set package 'dronehive_interfaces' build argument 'cmake_target' from command line to 'None'
[0.314s] Level 5:colcon.colcon_core.verb:set package 'dronehive_interfaces' build argument 'cmake_target_skip_unavailable' from command line to 'False'
[0.314s] Level 5:colcon.colcon_core.verb:set package 'dronehive_interfaces' build argument 'cmake_clean_cache' from command line to 'False'
[0.314s] Level 5:colcon.colcon_core.verb:set package 'dronehive_interfaces' build argument 'cmake_clean_first' from command line to 'False'
[0.314s] Level 5:colcon.colcon_core.verb:set package 'dronehive_interfaces' build argument 'cmake_force_configure' from command line to 'False'
[0.314s] Level 5:colcon.colcon_core.verb:set package 'dronehive_interfaces' build argument 'ament_cmake_args' from command line to 'None'
[0.314s] Level 5:colcon.colcon_core.verb:set package 'dronehive_interfaces' build argument 'catkin_cmake_args' from command line to 'None'
[0.314s] Level 5:colcon.colcon_core.verb:set package 'dronehive_interfaces' build argument 'catkin_skip_building_tests' from command line to 'False'
[0.314s] DEBUG:colcon.colcon_core.verb:Building package 'dronehive_interfaces' with the following arguments: {'ament_cmake_args': None, 'build_base': '/home/fljv/Desktop/new/off_b/EiRT-AscenD-Robotics/ros2_ws/build/dronehive_interfaces', 'catkin_cmake_args': None, 'catkin_skip_building_tests': False, 'cmake_args': None, 'cmake_clean_cache': False, 'cmake_clean_first': False, 'cmake_force_configure': False, 'cmake_target': None, 'cmake_target_skip_unavailable': False, 'install_base': '/home/fljv/Desktop/new/off_b/EiRT-AscenD-Robotics/ros2_ws/install/dronehive_interfaces', 'merge_install': False, 'path': '/home/fljv/Desktop/new/off_b/EiRT-AscenD-Robotics/ros2_ws/src/dronehive_interfaces', 'symlink_install': False, 'test_result_base': None}
[0.314s] Level 5:colcon.colcon_core.verb:set package 'dronehive' build argument 'cmake_args' from command line to 'None'
[0.314s] Level 5:colcon.colcon_core.verb:set package 'dronehive' build argument 'cmake_target' from command line to 'None'
[0.314s] Level 5:colcon.colcon_core.verb:set package 'dronehive' build argument 'cmake_target_skip_unavailable' from command line to 'False'
[0.314s] Level 5:colcon.colcon_core.verb:set package 'dronehive' build argument 'cmake_clean_cache' from command line to 'False'
[0.314s] Level 5:colcon.colcon_core.verb:set package 'dronehive' build argument 'cmake_clean_first' from command line to 'False'
[0.314s] Level 5:colcon.colcon_core.verb:set package 'dronehive' build argument 'cmake_force_configure' from command line to 'False'
[0.314s] Level 5:colcon.colcon_core.verb:set package 'dronehive' build argument 'ament_cmake_args' from command line to 'None'
[0.314s] Level 5:colcon.colcon_core.verb:set package 'dronehive' build argument 'catkin_cmake_args' from command line to 'None'
[0.314s] Level 5:colcon.colcon_core.verb:set package 'dronehive' build argument 'catkin_skip_building_tests' from command line to 'False'
[0.314s] DEBUG:colcon.colcon_core.verb:Building package 'dronehive' with the following arguments: {'ament_cmake_args': None, 'build_base': '/home/fljv/Desktop/new/off_b/EiRT-AscenD-Robotics/ros2_ws/build/dronehive', 'catkin_cmake_args': None, 'catkin_skip_building_tests': False, 'cmake_args': None, 'cmake_clean_cache': False, 'cmake_clean_first': False, 'cmake_force_configure': False, 'cmake_target': None, 'cmake_target_skip_unavailable': False, 'install_base': '/home/fljv/Desktop/new/off_b/EiRT-AscenD-Robotics/ros2_ws/install/dronehive', 'merge_install': False, 'path': '/home/fljv/Desktop/new/off_b/EiRT-AscenD-Robotics/ros2_ws/src/dronehive', 'symlink_install': False, 'test_result_base': None}
[0.314s] Level 5:colcon.colcon_core.verb:set package 'hmi' build argument 'cmake_args' from command line to 'None'
[0.314s] Level 5:colcon.colcon_core.verb:set package 'hmi' build argument 'cmake_target' from command line to 'None'
[0.314s] Level 5:colcon.colcon_core.verb:set package 'hmi' build argument 'cmake_target_skip_unavailable' from command line to 'False'
[0.314s] Level 5:colcon.colcon_core.verb:set package 'hmi' build argument 'cmake_clean_cache' from command line to 'False'
[0.314s] Level 5:colcon.colcon_core.verb:set package 'hmi' build argument 'cmake_clean_first' from command line to 'False'
[0.314s] Level 5:colcon.colcon_core.verb:set package 'hmi' build argument 'cmake_force_configure' from command line to 'False'
[0.314s] Level 5:colcon.colcon_core.verb:set package 'hmi' build argument 'ament_cmake_args' from command line to 'None'
[0.314s] Level 5:colcon.colcon_core.verb:set package 'hmi' build argument 'catkin_cmake_args' from command line to 'None'
[0.314s] Level 5:colcon.colcon_core.verb:set package 'hmi' build argument 'catkin_skip_building_tests' from command line to 'False'
[0.314s] DEBUG:colcon.colcon_core.verb:Building package 'hmi' with the following arguments: {'ament_cmake_args': None, 'build_base': '/home/fljv/Desktop/new/off_b/EiRT-AscenD-Robotics/ros2_ws/build/hmi', 'catkin_cmake_args': None, 'catkin_skip_building_tests': False, 'cmake_args': None, 'cmake_clean_cache': False, 'cmake_clean_first': False, 'cmake_force_configure': False, 'cmake_target': None, 'cmake_target_skip_unavailable': False, 'install_base': '/home/fljv/Desktop/new/off_b/EiRT-AscenD-Robotics/ros2_ws/install/hmi', 'merge_install': False, 'path': '/home/fljv/Desktop/new/off_b/EiRT-AscenD-Robotics/ros2_ws/src/hmi', 'symlink_install': False, 'test_result_base': None}
[0.315s] Level 5:colcon.colcon_core.verb:set package 'hmi_backend' build argument 'cmake_args' from command line to 'None'
[0.315s] Level 5:colcon.colcon_core.verb:set package 'hmi_backend' build argument 'cmake_target' from command line to 'None'
[0.315s] Level 5:colcon.colcon_core.verb:set package 'hmi_backend' build argument 'cmake_target_skip_unavailable' from command line to 'False'
[0.315s] Level 5:colcon.colcon_core.verb:set package 'hmi_backend' build argument 'cmake_clean_cache' from command line to 'False'
[0.315s] Level 5:colcon.colcon_core.verb:set package 'hmi_backend' build argument 'cmake_clean_first' from command line to 'False'
[0.315s] Level 5:colcon.colcon_core.verb:set package 'hmi_backend' build argument 'cmake_force_configure' from command line to 'False'
[0.315s] Level 5:colcon.colcon_core.verb:set package 'hmi_backend' build argument 'ament_cmake_args' from command line to 'None'
[0.315s] Level 5:colcon.colcon_core.verb:set package 'hmi_backend' build argument 'catkin_cmake_args' from command line to 'None'
[0.315s] Level 5:colcon.colcon_core.verb:set package 'hmi_backend' build argument 'catkin_skip_building_tests' from command line to 'False'
[0.315s] DEBUG:colcon.colcon_core.verb:Building package 'hmi_backend' with the following arguments: {'ament_cmake_args': None, 'build_base': '/home/fljv/Desktop/new/off_b/EiRT-AscenD-Robotics/ros2_ws/build/hmi_backend', 'catkin_cmake_args': None, 'catkin_skip_building_tests': False, 'cmake_args': None, 'cmake_clean_cache': False, 'cmake_clean_first': False, 'cmake_force_configure': False, 'cmake_target': None, 'cmake_target_skip_unavailable': False, 'install_base': '/home/fljv/Desktop/new/off_b/EiRT-AscenD-Robotics/ros2_ws/install/hmi_backend', 'merge_install': False, 'path': '/home/fljv/Desktop/new/off_b/EiRT-AscenD-Robotics/ros2_ws/src/hmi_backend', 'symlink_install': False, 'test_result_base': None}
[0.315s] Level 5:colcon.colcon_core.verb:set package 'offboard' build argument 'cmake_args' from command line to 'None'
[0.315s] Level 5:colcon.colcon_core.verb:set package 'offboard' build argument 'cmake_target' from command line to 'None'
[0.315s] Level 5:colcon.colcon_core.verb:set package 'offboard' build argument 'cmake_target_skip_unavailable' from command line to 'False'
[0.315s] Level 5:colcon.colcon_core.verb:set package 'offboard' build argument 'cmake_clean_cache' from command line to 'False'
[0.315s] Level 5:colcon.colcon_core.verb:set package 'offboard' build argument 'cmake_clean_first' from command line to 'False'
[0.315s] Level 5:colcon.colcon_core.verb:set package 'offboard' build argument 'cmake_force_configure' from command line to 'False'
[0.315s] Level 5:colcon.colcon_core.verb:set package 'offboard' build argument 'ament_cmake_args' from command line to 'None'
[0.315s] Level 5:colcon.colcon_core.verb:set package 'offboard' build argument 'catkin_cmake_args' from command line to 'None'
[0.315s] Level 5:colcon.colcon_core.verb:set package 'offboard' build argument 'catkin_skip_building_tests' from command line to 'False'
[0.315s] DEBUG:colcon.colcon_core.verb:Building package 'offboard' with the following arguments: {'ament_cmake_args': None, 'build_base': '/home/fljv/Desktop/new/off_b/EiRT-AscenD-Robotics/ros2_ws/build/offboard', 'catkin_cmake_args': None, 'catkin_skip_building_tests': False, 'cmake_args': None, 'cmake_clean_cache': False, 'cmake_clean_first': False, 'cmake_force_configure': False, 'cmake_target': None, 'cmake_target_skip_unavailable': False, 'install_base': '/home/fljv/Desktop/new/off_b/EiRT-AscenD-Robotics/ros2_ws/install/offboard', 'merge_install': False, 'path': '/home/fljv/Desktop/new/off_b/EiRT-AscenD-Robotics/ros2_ws/src/offboard', 'symlink_install': False, 'test_result_base': None}
[0.315s] INFO:colcon.colcon_core.executor:Executing jobs using 'parallel' executor
[0.316s] DEBUG:colcon.colcon_parallel_executor.executor.parallel:run_until_complete
[0.316s] INFO:colcon.colcon_ros.task.ament_cmake.build:Building ROS package in '/home/fljv/Desktop/new/off_b/EiRT-AscenD-Robotics/ros2_ws/src/dronehive_interfaces' with build type 'ament_cmake'
[0.316s] INFO:colcon.colcon_cmake.task.cmake.build:Building CMake package in '/home/fljv/Desktop/new/off_b/EiRT-AscenD-Robotics/ros2_ws/src/dronehive_interfaces'
[0.324s] INFO:colcon.colcon_core.plugin_system:Skipping extension 'colcon_core.shell.bat': Not used on non-Windows systems
[0.324s] INFO:colcon.colcon_core.shell:Skip shell extension 'powershell' for command environment: Not usable outside of PowerShell
[0.324s] DEBUG:colcon.colcon_core.shell:Skip shell extension 'dsv' for command environment
[0.333s] DEBUG:colcon.colcon_core.event_handler.log_command:Invoking command in '/home/fljv/Desktop/new/off_b/EiRT-AscenD-Robotics/ros2_ws/build/dronehive_interfaces': CMAKE_PREFIX_PATH=/opt/ros/humble /usr/bin/cmake --build /home/fljv/Desktop/new/off_b/EiRT-AscenD-Robotics/ros2_ws/build/dronehive_interfaces -- -j20 -l20
[0.938s] DEBUG:colcon.colcon_core.event_handler.log_command:Invoked command in '/home/fljv/Desktop/new/off_b/EiRT-AscenD-Robotics/ros2_ws/build/dronehive_interfaces' returned '0': CMAKE_PREFIX_PATH=/opt/ros/humble /usr/bin/cmake --build /home/fljv/Desktop/new/off_b/EiRT-AscenD-Robotics/ros2_ws/build/dronehive_interfaces -- -j20 -l20
[0.952s] DEBUG:colcon.colcon_core.event_handler.log_command:Invoking command in '/home/fljv/Desktop/new/off_b/EiRT-AscenD-Robotics/ros2_ws/build/dronehive_interfaces': CMAKE_PREFIX_PATH=/opt/ros/humble /usr/bin/cmake --install /home/fljv/Desktop/new/off_b/EiRT-AscenD-Robotics/ros2_ws/build/dronehive_interfaces
[1.087s] Level 1:colcon.colcon_core.environment:create_environment_scripts_only(dronehive_interfaces)
[1.087s] DEBUG:colcon.colcon_core.event_handler.log_command:Invoked command in '/home/fljv/Desktop/new/off_b/EiRT-AscenD-Robotics/ros2_ws/build/dronehive_interfaces' returned '0': CMAKE_PREFIX_PATH=/opt/ros/humble /usr/bin/cmake --install /home/fljv/Desktop/new/off_b/EiRT-AscenD-Robotics/ros2_ws/build/dronehive_interfaces
[1.098s] Level 1:colcon.colcon_core.environment:checking '/home/fljv/Desktop/new/off_b/EiRT-AscenD-Robotics/ros2_ws/install/dronehive_interfaces' for CMake module files
[1.098s] Level 1:colcon.colcon_core.environment:checking '/home/fljv/Desktop/new/off_b/EiRT-AscenD-Robotics/ros2_ws/install/dronehive_interfaces' for CMake config files
[1.099s] Level 1:colcon.colcon_core.shell:create_environment_hook('dronehive_interfaces', 'cmake_prefix_path')
[1.099s] INFO:colcon.colcon_core.shell:Creating environment hook '/home/fljv/Desktop/new/off_b/EiRT-AscenD-Robotics/ros2_ws/install/dronehive_interfaces/share/dronehive_interfaces/hook/cmake_prefix_path.ps1'
[1.100s] INFO:colcon.colcon_core.shell:Creating environment descriptor '/home/fljv/Desktop/new/off_b/EiRT-AscenD-Robotics/ros2_ws/install/dronehive_interfaces/share/dronehive_interfaces/hook/cmake_prefix_path.dsv'
[1.101s] INFO:colcon.colcon_core.shell:Creating environment hook '/home/fljv/Desktop/new/off_b/EiRT-AscenD-Robotics/ros2_ws/install/dronehive_interfaces/share/dronehive_interfaces/hook/cmake_prefix_path.sh'
[1.103s] Level 1:colcon.colcon_core.environment:checking '/home/fljv/Desktop/new/off_b/EiRT-AscenD-Robotics/ros2_ws/install/dronehive_interfaces/lib'
[1.103s] Level 1:colcon.colcon_core.shell:create_environment_hook('dronehive_interfaces', 'ld_library_path_lib')
[1.103s] INFO:colcon.colcon_core.shell:Creating environment hook '/home/fljv/Desktop/new/off_b/EiRT-AscenD-Robotics/ros2_ws/install/dronehive_interfaces/share/dronehive_interfaces/hook/ld_library_path_lib.ps1'
[1.103s] INFO:colcon.colcon_core.shell:Creating environment descriptor '/home/fljv/Desktop/new/off_b/EiRT-AscenD-Robotics/ros2_ws/install/dronehive_interfaces/share/dronehive_interfaces/hook/ld_library_path_lib.dsv'
[1.103s] INFO:colcon.colcon_core.shell:Creating environment hook '/home/fljv/Desktop/new/off_b/EiRT-AscenD-Robotics/ros2_ws/install/dronehive_interfaces/share/dronehive_interfaces/hook/ld_library_path_lib.sh'
[1.103s] Level 1:colcon.colcon_core.environment:checking '/home/fljv/Desktop/new/off_b/EiRT-AscenD-Robotics/ros2_ws/install/dronehive_interfaces/bin'
[1.103s] Level 1:colcon.colcon_core.environment:checking '/home/fljv/Desktop/new/off_b/EiRT-AscenD-Robotics/ros2_ws/install/dronehive_interfaces/lib/pkgconfig/dronehive_interfaces.pc'
[1.104s] Level 1:colcon.colcon_core.environment:checking '/home/fljv/Desktop/new/off_b/EiRT-AscenD-Robotics/ros2_ws/install/dronehive_interfaces/lib/python3.10/site-packages'
[1.104s] Level 1:colcon.colcon_core.environment:checking '/home/fljv/Desktop/new/off_b/EiRT-AscenD-Robotics/ros2_ws/install/dronehive_interfaces/bin'
[1.104s] INFO:colcon.colcon_core.shell:Creating package script '/home/fljv/Desktop/new/off_b/EiRT-AscenD-Robotics/ros2_ws/install/dronehive_interfaces/share/dronehive_interfaces/package.ps1'
[1.105s] INFO:colcon.colcon_core.shell:Creating package descriptor '/home/fljv/Desktop/new/off_b/EiRT-AscenD-Robotics/ros2_ws/install/dronehive_interfaces/share/dronehive_interfaces/package.dsv'
[1.106s] INFO:colcon.colcon_core.shell:Creating package script '/home/fljv/Desktop/new/off_b/EiRT-AscenD-Robotics/ros2_ws/install/dronehive_interfaces/share/dronehive_interfaces/package.sh'
[1.108s] INFO:colcon.colcon_core.shell:Creating package script '/home/fljv/Desktop/new/off_b/EiRT-AscenD-Robotics/ros2_ws/install/dronehive_interfaces/share/dronehive_interfaces/package.bash'
[1.109s] INFO:colcon.colcon_core.shell:Creating package script '/home/fljv/Desktop/new/off_b/EiRT-AscenD-Robotics/ros2_ws/install/dronehive_interfaces/share/dronehive_interfaces/package.zsh'
[1.111s] Level 1:colcon.colcon_core.environment:create_file_with_runtime_dependencies(/home/fljv/Desktop/new/off_b/EiRT-AscenD-Robotics/ros2_ws/install/dronehive_interfaces/share/colcon-core/packages/dronehive_interfaces)
[1.111s] Level 1:colcon.colcon_core.environment:create_environment_scripts_only(dronehive_interfaces)
[1.111s] Level 1:colcon.colcon_core.environment:checking '/home/fljv/Desktop/new/off_b/EiRT-AscenD-Robotics/ros2_ws/install/dronehive_interfaces' for CMake module files
[1.112s] Level 1:colcon.colcon_core.environment:checking '/home/fljv/Desktop/new/off_b/EiRT-AscenD-Robotics/ros2_ws/install/dronehive_interfaces' for CMake config files
[1.112s] Level 1:colcon.colcon_core.shell:create_environment_hook('dronehive_interfaces', 'cmake_prefix_path')
[1.112s] INFO:colcon.colcon_core.shell:Creating environment hook '/home/fljv/Desktop/new/off_b/EiRT-AscenD-Robotics/ros2_ws/install/dronehive_interfaces/share/dronehive_interfaces/hook/cmake_prefix_path.ps1'
[1.113s] INFO:colcon.colcon_core.shell:Creating environment descriptor '/home/fljv/Desktop/new/off_b/EiRT-AscenD-Robotics/ros2_ws/install/dronehive_interfaces/share/dronehive_interfaces/hook/cmake_prefix_path.dsv'
[1.113s] INFO:colcon.colcon_core.shell:Creating environment hook '/home/fljv/Desktop/new/off_b/EiRT-AscenD-Robotics/ros2_ws/install/dronehive_interfaces/share/dronehive_interfaces/hook/cmake_prefix_path.sh'
[1.113s] Level 1:colcon.colcon_core.environment:checking '/home/fljv/Desktop/new/off_b/EiRT-AscenD-Robotics/ros2_ws/install/dronehive_interfaces/lib'
[1.113s] Level 1:colcon.colcon_core.shell:create_environment_hook('dronehive_interfaces', 'ld_library_path_lib')
[1.113s] INFO:colcon.colcon_core.shell:Creating environment hook '/home/fljv/Desktop/new/off_b/EiRT-AscenD-Robotics/ros2_ws/install/dronehive_interfaces/share/dronehive_interfaces/hook/ld_library_path_lib.ps1'
[1.114s] INFO:colcon.colcon_core.shell:Creating environment descriptor '/home/fljv/Desktop/new/off_b/EiRT-AscenD-Robotics/ros2_ws/install/dronehive_interfaces/share/dronehive_interfaces/hook/ld_library_path_lib.dsv'
[1.114s] INFO:colcon.colcon_core.shell:Creating environment hook '/home/fljv/Desktop/new/off_b/EiRT-AscenD-Robotics/ros2_ws/install/dronehive_interfaces/share/dronehive_interfaces/hook/ld_library_path_lib.sh'
[1.114s] Level 1:colcon.colcon_core.environment:checking '/home/fljv/Desktop/new/off_b/EiRT-AscenD-Robotics/ros2_ws/install/dronehive_interfaces/bin'
[1.114s] Level 1:colcon.colcon_core.environment:checking '/home/fljv/Desktop/new/off_b/EiRT-AscenD-Robotics/ros2_ws/install/dronehive_interfaces/lib/pkgconfig/dronehive_interfaces.pc'
[1.114s] Level 1:colcon.colcon_core.environment:checking '/home/fljv/Desktop/new/off_b/EiRT-AscenD-Robotics/ros2_ws/install/dronehive_interfaces/lib/python3.10/site-packages'
[1.114s] Level 1:colcon.colcon_core.environment:checking '/home/fljv/Desktop/new/off_b/EiRT-AscenD-Robotics/ros2_ws/install/dronehive_interfaces/bin'
[1.115s] INFO:colcon.colcon_core.shell:Creating package script '/home/fljv/Desktop/new/off_b/EiRT-AscenD-Robotics/ros2_ws/install/dronehive_interfaces/share/dronehive_interfaces/package.ps1'
[1.115s] INFO:colcon.colcon_core.shell:Creating package descriptor '/home/fljv/Desktop/new/off_b/EiRT-AscenD-Robotics/ros2_ws/install/dronehive_interfaces/share/dronehive_interfaces/package.dsv'
[1.115s] INFO:colcon.colcon_core.shell:Creating package script '/home/fljv/Desktop/new/off_b/EiRT-AscenD-Robotics/ros2_ws/install/dronehive_interfaces/share/dronehive_interfaces/package.sh'
[1.115s] INFO:colcon.colcon_core.shell:Creating package script '/home/fljv/Desktop/new/off_b/EiRT-AscenD-Robotics/ros2_ws/install/dronehive_interfaces/share/dronehive_interfaces/package.bash'
[1.116s] INFO:colcon.colcon_core.shell:Creating package script '/home/fljv/Desktop/new/off_b/EiRT-AscenD-Robotics/ros2_ws/install/dronehive_interfaces/share/dronehive_interfaces/package.zsh'
[1.116s] Level 1:colcon.colcon_core.environment:create_file_with_runtime_dependencies(/home/fljv/Desktop/new/off_b/EiRT-AscenD-Robotics/ros2_ws/install/dronehive_interfaces/share/colcon-core/packages/dronehive_interfaces)
[1.116s] INFO:colcon.colcon_ros.task.ament_python.build:Building ROS package in '/home/fljv/Desktop/new/off_b/EiRT-AscenD-Robotics/ros2_ws/src/dronehive' with build type 'ament_python'
[1.116s] Level 1:colcon.colcon_core.shell:create_environment_hook('dronehive', 'ament_prefix_path')
[1.116s] INFO:colcon.colcon_core.shell:Creating environment hook '/home/fljv/Desktop/new/off_b/EiRT-AscenD-Robotics/ros2_ws/install/dronehive/share/dronehive/hook/ament_prefix_path.ps1'
[1.117s] INFO:colcon.colcon_core.shell:Creating environment descriptor '/home/fljv/Desktop/new/off_b/EiRT-AscenD-Robotics/ros2_ws/install/dronehive/share/dronehive/hook/ament_prefix_path.dsv'
[1.117s] INFO:colcon.colcon_core.shell:Creating environment hook '/home/fljv/Desktop/new/off_b/EiRT-AscenD-Robotics/ros2_ws/install/dronehive/share/dronehive/hook/ament_prefix_path.sh'
[1.118s] INFO:colcon.colcon_core.shell:Skip shell extension 'powershell' for command environment: Not usable outside of PowerShell
[1.118s] DEBUG:colcon.colcon_core.shell:Skip shell extension 'dsv' for command environment
[1.119s] INFO:colcon.colcon_ros.task.ament_cmake.build:Building ROS package in '/home/fljv/Desktop/new/off_b/EiRT-AscenD-Robotics/ros2_ws/src/hmi' with build type 'ament_cmake'
[1.119s] INFO:colcon.colcon_cmake.task.cmake.build:Building CMake package in '/home/fljv/Desktop/new/off_b/EiRT-AscenD-Robotics/ros2_ws/src/hmi'
[1.120s] INFO:colcon.colcon_core.shell:Skip shell extension 'powershell' for command environment: Not usable outside of PowerShell
[1.120s] DEBUG:colcon.colcon_core.shell:Skip shell extension 'dsv' for command environment
[1.121s] INFO:colcon.colcon_ros.task.ament_cmake.build:Building ROS package in '/home/fljv/Desktop/new/off_b/EiRT-AscenD-Robotics/ros2_ws/src/hmi_backend' with build type 'ament_cmake'
[1.121s] INFO:colcon.colcon_cmake.task.cmake.build:Building CMake package in '/home/fljv/Desktop/new/off_b/EiRT-AscenD-Robotics/ros2_ws/src/hmi_backend'
[1.122s] INFO:colcon.colcon_core.shell:Skip shell extension 'powershell' for command environment: Not usable outside of PowerShell
[1.122s] DEBUG:colcon.colcon_core.shell:Skip shell extension 'dsv' for command environment
[1.123s] INFO:colcon.colcon_ros.task.ament_python.build:Building ROS package in '/home/fljv/Desktop/new/off_b/EiRT-AscenD-Robotics/ros2_ws/src/offboard' with build type 'ament_python'
[1.123s] Level 1:colcon.colcon_core.shell:create_environment_hook('offboard', 'ament_prefix_path')
[1.124s] INFO:colcon.colcon_core.shell:Creating environment hook '/home/fljv/Desktop/new/off_b/EiRT-AscenD-Robotics/ros2_ws/install/offboard/share/offboard/hook/ament_prefix_path.ps1'
[1.124s] INFO:colcon.colcon_core.shell:Creating environment descriptor '/home/fljv/Desktop/new/off_b/EiRT-AscenD-Robotics/ros2_ws/install/offboard/share/offboard/hook/ament_prefix_path.dsv'
[1.124s] INFO:colcon.colcon_core.shell:Creating environment hook '/home/fljv/Desktop/new/off_b/EiRT-AscenD-Robotics/ros2_ws/install/offboard/share/offboard/hook/ament_prefix_path.sh'
[1.124s] INFO:colcon.colcon_core.shell:Skip shell extension 'powershell' for command environment: Not usable outside of PowerShell
[1.124s] DEBUG:colcon.colcon_core.shell:Skip shell extension 'dsv' for command environment
[1.300s] INFO:colcon.colcon_core.task.python.build:Building Python package in '/home/fljv/Desktop/new/off_b/EiRT-AscenD-Robotics/ros2_ws/src/dronehive'
[1.300s] INFO:colcon.colcon_core.shell:Skip shell extension 'powershell' for command environment: Not usable outside of PowerShell
[1.300s] DEBUG:colcon.colcon_core.shell:Skip shell extension 'dsv' for command environment
[1.305s] DEBUG:colcon.colcon_core.event_handler.log_command:Invoking command in '/home/fljv/Desktop/new/off_b/EiRT-AscenD-Robotics/ros2_ws/build/hmi': AMENT_PREFIX_PATH=/home/fljv/Desktop/new/off_b/EiRT-AscenD-Robotics/ros2_ws/install/dronehive_interfaces:${AMENT_PREFIX_PATH} CMAKE_PREFIX_PATH=/home/fljv/Desktop/new/off_b/EiRT-AscenD-Robotics/ros2_ws/install/dronehive_interfaces:/opt/ros/humble LD_LIBRARY_PATH=/home/fljv/Desktop/new/off_b/EiRT-AscenD-Robotics/ros2_ws/install/dronehive_interfaces/lib:${LD_LIBRARY_PATH} PYTHONPATH=/home/fljv/Desktop/new/off_b/EiRT-AscenD-Robotics/ros2_ws/install/dronehive_interfaces/local/lib/python3.10/dist-packages:${PYTHONPATH} /usr/bin/cmake /home/fljv/Desktop/new/off_b/EiRT-AscenD-Robotics/ros2_ws/src/hmi -DCMAKE_INSTALL_PREFIX=/home/fljv/Desktop/new/off_b/EiRT-AscenD-Robotics/ros2_ws/install/hmi
[1.308s] DEBUG:colcon.colcon_core.event_handler.log_command:Invoking command in '/home/fljv/Desktop/new/off_b/EiRT-AscenD-Robotics/ros2_ws/build/hmi_backend': AMENT_PREFIX_PATH=/home/fljv/Desktop/new/off_b/EiRT-AscenD-Robotics/ros2_ws/install/dronehive_interfaces:${AMENT_PREFIX_PATH} CMAKE_PREFIX_PATH=/home/fljv/Desktop/new/off_b/EiRT-AscenD-Robotics/ros2_ws/install/dronehive_interfaces:/opt/ros/humble LD_LIBRARY_PATH=/home/fljv/Desktop/new/off_b/EiRT-AscenD-Robotics/ros2_ws/install/dronehive_interfaces/lib:${LD_LIBRARY_PATH} PYTHONPATH=/home/fljv/Desktop/new/off_b/EiRT-AscenD-Robotics/ros2_ws/install/dronehive_interfaces/local/lib/python3.10/dist-packages:${PYTHONPATH} /usr/bin/cmake --build /home/fljv/Desktop/new/off_b/EiRT-AscenD-Robotics/ros2_ws/build/hmi_backend -- -j20 -l20
[1.477s] INFO:colcon.colcon_core.task.python.build:Building Python package in '/home/fljv/Desktop/new/off_b/EiRT-AscenD-Robotics/ros2_ws/src/offboard'
[1.478s] INFO:colcon.colcon_core.shell:Skip shell extension 'powershell' for command environment: Not usable outside of PowerShell
[1.478s] DEBUG:colcon.colcon_core.shell:Skip shell extension 'dsv' for command environment
[1.484s] DEBUG:colcon.colcon_core.event_handler.log_command:Invoked command in '/home/fljv/Desktop/new/off_b/EiRT-AscenD-Robotics/ros2_ws/build/hmi_backend' returned '0': AMENT_PREFIX_PATH=/home/fljv/Desktop/new/off_b/EiRT-AscenD-Robotics/ros2_ws/install/dronehive_interfaces:${AMENT_PREFIX_PATH} CMAKE_PREFIX_PATH=/home/fljv/Desktop/new/off_b/EiRT-AscenD-Robotics/ros2_ws/install/dronehive_interfaces:/opt/ros/humble LD_LIBRARY_PATH=/home/fljv/Desktop/new/off_b/EiRT-AscenD-Robotics/ros2_ws/install/dronehive_interfaces/lib:${LD_LIBRARY_PATH} PYTHONPATH=/home/fljv/Desktop/new/off_b/EiRT-AscenD-Robotics/ros2_ws/install/dronehive_interfaces/local/lib/python3.10/dist-packages:${PYTHONPATH} /usr/bin/cmake --build /home/fljv/Desktop/new/off_b/EiRT-AscenD-Robotics/ros2_ws/build/hmi_backend -- -j20 -l20
[1.486s] DEBUG:colcon.colcon_core.event_handler.log_command:Invoking command in '/home/fljv/Desktop/new/off_b/EiRT-AscenD-Robotics/ros2_ws/build/hmi_backend': AMENT_PREFIX_PATH=/home/fljv/Desktop/new/off_b/EiRT-AscenD-Robotics/ros2_ws/install/dronehive_interfaces:${AMENT_PREFIX_PATH} CMAKE_PREFIX_PATH=/home/fljv/Desktop/new/off_b/EiRT-AscenD-Robotics/ros2_ws/install/dronehive_interfaces:/opt/ros/humble LD_LIBRARY_PATH=/home/fljv/Desktop/new/off_b/EiRT-AscenD-Robotics/ros2_ws/install/dronehive_interfaces/lib:${LD_LIBRARY_PATH} PYTHONPATH=/home/fljv/Desktop/new/off_b/EiRT-AscenD-Robotics/ros2_ws/install/dronehive_interfaces/local/lib/python3.10/dist-packages:${PYTHONPATH} /usr/bin/cmake --install /home/fljv/Desktop/new/off_b/EiRT-AscenD-Robotics/ros2_ws/build/hmi_backend
[1.817s] Level 1:colcon.colcon_core.environment:create_environment_scripts_only(hmi_backend)
[1.817s] Level 1:colcon.colcon_core.environment:checking '/home/fljv/Desktop/new/off_b/EiRT-AscenD-Robotics/ros2_ws/install/hmi_backend' for CMake module files
[1.818s] DEBUG:colcon.colcon_core.event_handler.log_command:Invoked command in '/home/fljv/Desktop/new/off_b/EiRT-AscenD-Robotics/ros2_ws/build/hmi_backend' returned '0': AMENT_PREFIX_PATH=/home/fljv/Desktop/new/off_b/EiRT-AscenD-Robotics/ros2_ws/install/dronehive_interfaces:${AMENT_PREFIX_PATH} CMAKE_PREFIX_PATH=/home/fljv/Desktop/new/off_b/EiRT-AscenD-Robotics/ros2_ws/install/dronehive_interfaces:/opt/ros/humble LD_LIBRARY_PATH=/home/fljv/Desktop/new/off_b/EiRT-AscenD-Robotics/ros2_ws/install/dronehive_interfaces/lib:${LD_LIBRARY_PATH} PYTHONPATH=/home/fljv/Desktop/new/off_b/EiRT-AscenD-Robotics/ros2_ws/install/dronehive_interfaces/local/lib/python3.10/dist-packages:${PYTHONPATH} /usr/bin/cmake --install /home/fljv/Desktop/new/off_b/EiRT-AscenD-Robotics/ros2_ws/build/hmi_backend
[1.818s] Level 1:colcon.colcon_core.environment:checking '/home/fljv/Desktop/new/off_b/EiRT-AscenD-Robotics/ros2_ws/install/hmi_backend' for CMake config files
[1.818s] Level 1:colcon.colcon_core.shell:create_environment_hook('hmi_backend', 'cmake_prefix_path')
[1.819s] INFO:colcon.colcon_core.shell:Creating environment hook '/home/fljv/Desktop/new/off_b/EiRT-AscenD-Robotics/ros2_ws/install/hmi_backend/share/hmi_backend/hook/cmake_prefix_path.ps1'
[1.819s] INFO:colcon.colcon_core.shell:Creating environment descriptor '/home/fljv/Desktop/new/off_b/EiRT-AscenD-Robotics/ros2_ws/install/hmi_backend/share/hmi_backend/hook/cmake_prefix_path.dsv'
[1.819s] INFO:colcon.colcon_core.shell:Creating environment hook '/home/fljv/Desktop/new/off_b/EiRT-AscenD-Robotics/ros2_ws/install/hmi_backend/share/hmi_backend/hook/cmake_prefix_path.sh'
[1.819s] Level 1:colcon.colcon_core.environment:checking '/home/fljv/Desktop/new/off_b/EiRT-AscenD-Robotics/ros2_ws/install/hmi_backend/lib'
[1.819s] Level 1:colcon.colcon_core.environment:checking '/home/fljv/Desktop/new/off_b/EiRT-AscenD-Robotics/ros2_ws/install/hmi_backend/bin'
[1.820s] Level 1:colcon.colcon_core.environment:checking '/home/fljv/Desktop/new/off_b/EiRT-AscenD-Robotics/ros2_ws/install/hmi_backend/lib/pkgconfig/hmi_backend.pc'
[1.820s] Level 1:colcon.colcon_core.environment:checking '/home/fljv/Desktop/new/off_b/EiRT-AscenD-Robotics/ros2_ws/install/hmi_backend/lib/python3.10/site-packages'
[1.820s] Level 1:colcon.colcon_core.environment:checking '/home/fljv/Desktop/new/off_b/EiRT-AscenD-Robotics/ros2_ws/install/hmi_backend/bin'
[1.820s] INFO:colcon.colcon_core.shell:Creating package script '/home/fljv/Desktop/new/off_b/EiRT-AscenD-Robotics/ros2_ws/install/hmi_backend/share/hmi_backend/package.ps1'
[1.820s] INFO:colcon.colcon_core.shell:Creating package descriptor '/home/fljv/Desktop/new/off_b/EiRT-AscenD-Robotics/ros2_ws/install/hmi_backend/share/hmi_backend/package.dsv'
[1.821s] INFO:colcon.colcon_core.shell:Creating package script '/home/fljv/Desktop/new/off_b/EiRT-AscenD-Robotics/ros2_ws/install/hmi_backend/share/hmi_backend/package.sh'
[1.821s] INFO:colcon.colcon_core.shell:Creating package script '/home/fljv/Desktop/new/off_b/EiRT-AscenD-Robotics/ros2_ws/install/hmi_backend/share/hmi_backend/package.bash'
[1.821s] INFO:colcon.colcon_core.shell:Creating package script '/home/fljv/Desktop/new/off_b/EiRT-AscenD-Robotics/ros2_ws/install/hmi_backend/share/hmi_backend/package.zsh'
[1.821s] Level 1:colcon.colcon_core.environment:create_file_with_runtime_dependencies(/home/fljv/Desktop/new/off_b/EiRT-AscenD-Robotics/ros2_ws/install/hmi_backend/share/colcon-core/packages/hmi_backend)
[1.821s] Level 1:colcon.colcon_core.environment:create_environment_scripts_only(hmi_backend)
[1.822s] Level 1:colcon.colcon_core.environment:checking '/home/fljv/Desktop/new/off_b/EiRT-AscenD-Robotics/ros2_ws/install/hmi_backend' for CMake module files
[1.822s] Level 1:colcon.colcon_core.environment:checking '/home/fljv/Desktop/new/off_b/EiRT-AscenD-Robotics/ros2_ws/install/hmi_backend' for CMake config files
[1.822s] Level 1:colcon.colcon_core.shell:create_environment_hook('hmi_backend', 'cmake_prefix_path')
[1.822s] INFO:colcon.colcon_core.shell:Creating environment hook '/home/fljv/Desktop/new/off_b/EiRT-AscenD-Robotics/ros2_ws/install/hmi_backend/share/hmi_backend/hook/cmake_prefix_path.ps1'
[1.822s] INFO:colcon.colcon_core.shell:Creating environment descriptor '/home/fljv/Desktop/new/off_b/EiRT-AscenD-Robotics/ros2_ws/install/hmi_backend/share/hmi_backend/hook/cmake_prefix_path.dsv'
[1.823s] INFO:colcon.colcon_core.shell:Creating environment hook '/home/fljv/Desktop/new/off_b/EiRT-AscenD-Robotics/ros2_ws/install/hmi_backend/share/hmi_backend/hook/cmake_prefix_path.sh'
[1.823s] Level 1:colcon.colcon_core.environment:checking '/home/fljv/Desktop/new/off_b/EiRT-AscenD-Robotics/ros2_ws/install/hmi_backend/lib'
[1.823s] Level 1:colcon.colcon_core.environment:checking '/home/fljv/Desktop/new/off_b/EiRT-AscenD-Robotics/ros2_ws/install/hmi_backend/bin'
[1.823s] Level 1:colcon.colcon_core.environment:checking '/home/fljv/Desktop/new/off_b/EiRT-AscenD-Robotics/ros2_ws/install/hmi_backend/lib/pkgconfig/hmi_backend.pc'
[1.823s] Level 1:colcon.colcon_core.environment:checking '/home/fljv/Desktop/new/off_b/EiRT-AscenD-Robotics/ros2_ws/install/hmi_backend/lib/python3.10/site-packages'
[1.823s] Level 1:colcon.colcon_core.environment:checking '/home/fljv/Desktop/new/off_b/EiRT-AscenD-Robotics/ros2_ws/install/hmi_backend/bin'
[1.823s] INFO:colcon.colcon_core.shell:Creating package script '/home/fljv/Desktop/new/off_b/EiRT-AscenD-Robotics/ros2_ws/install/hmi_backend/share/hmi_backend/package.ps1'
[1.824s] INFO:colcon.colcon_core.shell:Creating package descriptor '/home/fljv/Desktop/new/off_b/EiRT-AscenD-Robotics/ros2_ws/install/hmi_backend/share/hmi_backend/package.dsv'
[1.824s] INFO:colcon.colcon_core.shell:Creating package script '/home/fljv/Desktop/new/off_b/EiRT-AscenD-Robotics/ros2_ws/install/hmi_backend/share/hmi_backend/package.sh'
[1.824s] INFO:colcon.colcon_core.shell:Creating package script '/home/fljv/Desktop/new/off_b/EiRT-AscenD-Robotics/ros2_ws/install/hmi_backend/share/hmi_backend/package.bash'
[1.824s] INFO:colcon.colcon_core.shell:Creating package script '/home/fljv/Desktop/new/off_b/EiRT-AscenD-Robotics/ros2_ws/install/hmi_backend/share/hmi_backend/package.zsh'
[1.825s] Level 1:colcon.colcon_core.environment:create_file_with_runtime_dependencies(/home/fljv/Desktop/new/off_b/EiRT-AscenD-Robotics/ros2_ws/install/hmi_backend/share/colcon-core/packages/hmi_backend)
[2.022s] DEBUG:colcon.colcon_core.event_handler.log_command:Invoking command in '/home/fljv/Desktop/new/off_b/EiRT-AscenD-Robotics/ros2_ws/src/dronehive': AMENT_PREFIX_PATH=/home/fljv/Desktop/new/off_b/EiRT-AscenD-Robotics/ros2_ws/install/dronehive_interfaces:${AMENT_PREFIX_PATH} CMAKE_PREFIX_PATH=/home/fljv/Desktop/new/off_b/EiRT-AscenD-Robotics/ros2_ws/install/dronehive_interfaces LD_LIBRARY_PATH=/home/fljv/Desktop/new/off_b/EiRT-AscenD-Robotics/ros2_ws/install/dronehive_interfaces/lib:${LD_LIBRARY_PATH} PYTHONPATH=/home/fljv/Desktop/new/off_b/EiRT-AscenD-Robotics/ros2_ws/build/dronehive/prefix_override:/usr/lib/python3/dist-packages/colcon_core/task/python/colcon_distutils_commands:/home/fljv/Desktop/new/off_b/EiRT-AscenD-Robotics/ros2_ws/install/dronehive/lib/python3.10/site-packages:/home/fljv/Desktop/new/off_b/EiRT-AscenD-Robotics/ros2_ws/install/dronehive_interfaces/local/lib/python3.10/dist-packages:${PYTHONPATH} /usr/bin/python3 -W ignore:setup.py install is deprecated -W ignore:easy_install command is deprecated setup.py egg_info --egg-base ../../build/dronehive build --build-base /home/fljv/Desktop/new/off_b/EiRT-AscenD-Robotics/ros2_ws/build/dronehive/build install --record /home/fljv/Desktop/new/off_b/EiRT-AscenD-Robotics/ros2_ws/build/dronehive/install.log --single-version-externally-managed install_data
[2.023s] DEBUG:colcon.colcon_core.event_handler.log_command:Invoking command in '/home/fljv/Desktop/new/off_b/EiRT-AscenD-Robotics/ros2_ws/src/offboard': AMENT_PREFIX_PATH=/home/fljv/Desktop/new/off_b/EiRT-AscenD-Robotics/ros2_ws/install/dronehive_interfaces:${AMENT_PREFIX_PATH} CMAKE_PREFIX_PATH=/home/fljv/Desktop/new/off_b/EiRT-AscenD-Robotics/ros2_ws/install/dronehive_interfaces LD_LIBRARY_PATH=/home/fljv/Desktop/new/off_b/EiRT-AscenD-Robotics/ros2_ws/install/dronehive_interfaces/lib:${LD_LIBRARY_PATH} PYTHONPATH=/home/fljv/Desktop/new/off_b/EiRT-AscenD-Robotics/ros2_ws/build/offboard/prefix_override:/usr/lib/python3/dist-packages/colcon_core/task/python/colcon_distutils_commands:/home/fljv/Desktop/new/off_b/EiRT-AscenD-Robotics/ros2_ws/install/offboard/lib/python3.10/site-packages:/home/fljv/Desktop/new/off_b/EiRT-AscenD-Robotics/ros2_ws/install/dronehive_interfaces/local/lib/python3.10/dist-packages:${PYTHONPATH} /usr/bin/python3 -W ignore:setup.py install is deprecated -W ignore:easy_install command is deprecated setup.py egg_info --egg-base ../../build/offboard build --build-base /home/fljv/Desktop/new/off_b/EiRT-AscenD-Robotics/ros2_ws/build/offboard/build install --record /home/fljv/Desktop/new/off_b/EiRT-AscenD-Robotics/ros2_ws/build/offboard/install.log --single-version-externally-managed install_data
[2.211s] Level 1:colcon.colcon_core.environment:checking '/home/fljv/Desktop/new/off_b/EiRT-AscenD-Robotics/ros2_ws/install/offboard' for CMake module files
[2.212s] DEBUG:colcon.colcon_core.event_handler.log_command:Invoked command in '/home/fljv/Desktop/new/off_b/EiRT-AscenD-Robotics/ros2_ws/src/offboard' returned '0': AMENT_PREFIX_PATH=/home/fljv/Desktop/new/off_b/EiRT-AscenD-Robotics/ros2_ws/install/dronehive_interfaces:${AMENT_PREFIX_PATH} CMAKE_PREFIX_PATH=/home/fljv/Desktop/new/off_b/EiRT-AscenD-Robotics/ros2_ws/install/dronehive_interfaces LD_LIBRARY_PATH=/home/fljv/Desktop/new/off_b/EiRT-AscenD-Robotics/ros2_ws/install/dronehive_interfaces/lib:${LD_LIBRARY_PATH} PYTHONPATH=/home/fljv/Desktop/new/off_b/EiRT-AscenD-Robotics/ros2_ws/build/offboard/prefix_override:/usr/lib/python3/dist-packages/colcon_core/task/python/colcon_distutils_commands:/home/fljv/Desktop/new/off_b/EiRT-AscenD-Robotics/ros2_ws/install/offboard/lib/python3.10/site-packages:/home/fljv/Desktop/new/off_b/EiRT-AscenD-Robotics/ros2_ws/install/dronehive_interfaces/local/lib/python3.10/dist-packages:${PYTHONPATH} /usr/bin/python3 -W ignore:setup.py install is deprecated -W ignore:easy_install command is deprecated setup.py egg_info --egg-base ../../build/offboard build --build-base /home/fljv/Desktop/new/off_b/EiRT-AscenD-Robotics/ros2_ws/build/offboard/build install --record /home/fljv/Desktop/new/off_b/EiRT-AscenD-Robotics/ros2_ws/build/offboard/install.log --single-version-externally-managed install_data
[2.212s] Level 1:colcon.colcon_core.environment:checking '/home/fljv/Desktop/new/off_b/EiRT-AscenD-Robotics/ros2_ws/install/offboard' for CMake config files
[2.213s] Level 1:colcon.colcon_core.environment:checking '/home/fljv/Desktop/new/off_b/EiRT-AscenD-Robotics/ros2_ws/install/offboard/lib'
[2.213s] Level 1:colcon.colcon_core.environment:checking '/home/fljv/Desktop/new/off_b/EiRT-AscenD-Robotics/ros2_ws/install/offboard/bin'
[2.213s] Level 1:colcon.colcon_core.environment:checking '/home/fljv/Desktop/new/off_b/EiRT-AscenD-Robotics/ros2_ws/install/offboard/lib/pkgconfig/offboard.pc'
[2.213s] Level 1:colcon.colcon_core.environment:checking '/home/fljv/Desktop/new/off_b/EiRT-AscenD-Robotics/ros2_ws/install/offboard/lib/python3.10/site-packages'
[2.213s] Level 1:colcon.colcon_core.shell:create_environment_hook('offboard', 'pythonpath')
[2.213s] INFO:colcon.colcon_core.shell:Creating environment hook '/home/fljv/Desktop/new/off_b/EiRT-AscenD-Robotics/ros2_ws/install/offboard/share/offboard/hook/pythonpath.ps1'
[2.214s] INFO:colcon.colcon_core.shell:Creating environment descriptor '/home/fljv/Desktop/new/off_b/EiRT-AscenD-Robotics/ros2_ws/install/offboard/share/offboard/hook/pythonpath.dsv'
[2.214s] INFO:colcon.colcon_core.shell:Creating environment hook '/home/fljv/Desktop/new/off_b/EiRT-AscenD-Robotics/ros2_ws/install/offboard/share/offboard/hook/pythonpath.sh'
[2.215s] Level 1:colcon.colcon_core.environment:checking '/home/fljv/Desktop/new/off_b/EiRT-AscenD-Robotics/ros2_ws/install/offboard/bin'
[2.215s] Level 1:colcon.colcon_core.environment:create_environment_scripts_only(offboard)
[2.216s] INFO:colcon.colcon_core.shell:Creating package script '/home/fljv/Desktop/new/off_b/EiRT-AscenD-Robotics/ros2_ws/install/offboard/share/offboard/package.ps1'
[2.216s] INFO:colcon.colcon_core.shell:Creating package descriptor '/home/fljv/Desktop/new/off_b/EiRT-AscenD-Robotics/ros2_ws/install/offboard/share/offboard/package.dsv'
[2.217s] INFO:colcon.colcon_core.shell:Creating package script '/home/fljv/Desktop/new/off_b/EiRT-AscenD-Robotics/ros2_ws/install/offboard/share/offboard/package.sh'
[2.217s] INFO:colcon.colcon_core.shell:Creating package script '/home/fljv/Desktop/new/off_b/EiRT-AscenD-Robotics/ros2_ws/install/offboard/share/offboard/package.bash'
[2.218s] INFO:colcon.colcon_core.shell:Creating package script '/home/fljv/Desktop/new/off_b/EiRT-AscenD-Robotics/ros2_ws/install/offboard/share/offboard/package.zsh'
[2.218s] Level 1:colcon.colcon_core.environment:create_file_with_runtime_dependencies(/home/fljv/Desktop/new/off_b/EiRT-AscenD-Robotics/ros2_ws/install/offboard/share/colcon-core/packages/offboard)
[2.220s] Level 1:colcon.colcon_core.environment:checking '/home/fljv/Desktop/new/off_b/EiRT-AscenD-Robotics/ros2_ws/install/dronehive' for CMake module files
[2.220s] DEBUG:colcon.colcon_core.event_handler.log_command:Invoked command in '/home/fljv/Desktop/new/off_b/EiRT-AscenD-Robotics/ros2_ws/src/dronehive' returned '0': AMENT_PREFIX_PATH=/home/fljv/Desktop/new/off_b/EiRT-AscenD-Robotics/ros2_ws/install/dronehive_interfaces:${AMENT_PREFIX_PATH} CMAKE_PREFIX_PATH=/home/fljv/Desktop/new/off_b/EiRT-AscenD-Robotics/ros2_ws/install/dronehive_interfaces LD_LIBRARY_PATH=/home/fljv/Desktop/new/off_b/EiRT-AscenD-Robotics/ros2_ws/install/dronehive_interfaces/lib:${LD_LIBRARY_PATH} PYTHONPATH=/home/fljv/Desktop/new/off_b/EiRT-AscenD-Robotics/ros2_ws/build/dronehive/prefix_override:/usr/lib/python3/dist-packages/colcon_core/task/python/colcon_distutils_commands:/home/fljv/Desktop/new/off_b/EiRT-AscenD-Robotics/ros2_ws/install/dronehive/lib/python3.10/site-packages:/home/fljv/Desktop/new/off_b/EiRT-AscenD-Robotics/ros2_ws/install/dronehive_interfaces/local/lib/python3.10/dist-packages:${PYTHONPATH} /usr/bin/python3 -W ignore:setup.py install is deprecated -W ignore:easy_install command is deprecated setup.py egg_info --egg-base ../../build/dronehive build --build-base /home/fljv/Desktop/new/off_b/EiRT-AscenD-Robotics/ros2_ws/build/dronehive/build install --record /home/fljv/Desktop/new/off_b/EiRT-AscenD-Robotics/ros2_ws/build/dronehive/install.log --single-version-externally-managed install_data
[2.221s] Level 1:colcon.colcon_core.environment:checking '/home/fljv/Desktop/new/off_b/EiRT-AscenD-Robotics/ros2_ws/install/dronehive' for CMake config files
[2.221s] Level 1:colcon.colcon_core.environment:checking '/home/fljv/Desktop/new/off_b/EiRT-AscenD-Robotics/ros2_ws/install/dronehive/lib'
[2.221s] Level 1:colcon.colcon_core.environment:checking '/home/fljv/Desktop/new/off_b/EiRT-AscenD-Robotics/ros2_ws/install/dronehive/bin'
[2.221s] Level 1:colcon.colcon_core.environment:checking '/home/fljv/Desktop/new/off_b/EiRT-AscenD-Robotics/ros2_ws/install/dronehive/lib/pkgconfig/dronehive.pc'
[2.222s] Level 1:colcon.colcon_core.environment:checking '/home/fljv/Desktop/new/off_b/EiRT-AscenD-Robotics/ros2_ws/install/dronehive/lib/python3.10/site-packages'
[2.222s] Level 1:colcon.colcon_core.shell:create_environment_hook('dronehive', 'pythonpath')
[2.222s] INFO:colcon.colcon_core.shell:Creating environment hook '/home/fljv/Desktop/new/off_b/EiRT-AscenD-Robotics/ros2_ws/install/dronehive/share/dronehive/hook/pythonpath.ps1'
[2.222s] INFO:colcon.colcon_core.shell:Creating environment descriptor '/home/fljv/Desktop/new/off_b/EiRT-AscenD-Robotics/ros2_ws/install/dronehive/share/dronehive/hook/pythonpath.dsv'
[2.223s] INFO:colcon.colcon_core.shell:Creating environment hook '/home/fljv/Desktop/new/off_b/EiRT-AscenD-Robotics/ros2_ws/install/dronehive/share/dronehive/hook/pythonpath.sh'
[2.224s] Level 1:colcon.colcon_core.environment:checking '/home/fljv/Desktop/new/off_b/EiRT-AscenD-Robotics/ros2_ws/install/dronehive/bin'
[2.224s] Level 1:colcon.colcon_core.environment:create_environment_scripts_only(dronehive)
[2.224s] INFO:colcon.colcon_core.shell:Creating package script '/home/fljv/Desktop/new/off_b/EiRT-AscenD-Robotics/ros2_ws/install/dronehive/share/dronehive/package.ps1'
[2.225s] INFO:colcon.colcon_core.shell:Creating package descriptor '/home/fljv/Desktop/new/off_b/EiRT-AscenD-Robotics/ros2_ws/install/dronehive/share/dronehive/package.dsv'
[2.225s] INFO:colcon.colcon_core.shell:Creating package script '/home/fljv/Desktop/new/off_b/EiRT-AscenD-Robotics/ros2_ws/install/dronehive/share/dronehive/package.sh'
[2.226s] INFO:colcon.colcon_core.shell:Creating package script '/home/fljv/Desktop/new/off_b/EiRT-AscenD-Robotics/ros2_ws/install/dronehive/share/dronehive/package.bash'
[2.226s] INFO:colcon.colcon_core.shell:Creating package script '/home/fljv/Desktop/new/off_b/EiRT-AscenD-Robotics/ros2_ws/install/dronehive/share/dronehive/package.zsh'
[2.227s] Level 1:colcon.colcon_core.environment:create_file_with_runtime_dependencies(/home/fljv/Desktop/new/off_b/EiRT-AscenD-Robotics/ros2_ws/install/dronehive/share/colcon-core/packages/dronehive)
[2.352s] DEBUG:colcon.colcon_core.event_handler.log_command:Invoked command in '/home/fljv/Desktop/new/off_b/EiRT-AscenD-Robotics/ros2_ws/build/hmi' returned '1': AMENT_PREFIX_PATH=/home/fljv/Desktop/new/off_b/EiRT-AscenD-Robotics/ros2_ws/install/dronehive_interfaces:${AMENT_PREFIX_PATH} CMAKE_PREFIX_PATH=/home/fljv/Desktop/new/off_b/EiRT-AscenD-Robotics/ros2_ws/install/dronehive_interfaces:/opt/ros/humble LD_LIBRARY_PATH=/home/fljv/Desktop/new/off_b/EiRT-AscenD-Robotics/ros2_ws/install/dronehive_interfaces/lib:${LD_LIBRARY_PATH} PYTHONPATH=/home/fljv/Desktop/new/off_b/EiRT-AscenD-Robotics/ros2_ws/install/dronehive_interfaces/local/lib/python3.10/dist-packages:${PYTHONPATH} /usr/bin/cmake /home/fljv/Desktop/new/off_b/EiRT-AscenD-Robotics/ros2_ws/src/hmi -DCMAKE_INSTALL_PREFIX=/home/fljv/Desktop/new/off_b/EiRT-AscenD-Robotics/ros2_ws/install/hmi
[2.363s] Level 1:colcon.colcon_core.environment:create_environment_scripts_only(hmi)
[2.364s] Level 1:colcon.colcon_core.environment:checking '/home/fljv/Desktop/new/off_b/EiRT-AscenD-Robotics/ros2_ws/install/hmi' for CMake module files
[2.364s] Level 1:colcon.colcon_core.environment:checking '/home/fljv/Desktop/new/off_b/EiRT-AscenD-Robotics/ros2_ws/install/hmi' for CMake config files
[2.364s] Level 1:colcon.colcon_core.environment:checking '/home/fljv/Desktop/new/off_b/EiRT-AscenD-Robotics/ros2_ws/install/hmi/bin'
[2.364s] Level 1:colcon.colcon_core.environment:checking '/home/fljv/Desktop/new/off_b/EiRT-AscenD-Robotics/ros2_ws/install/hmi/lib/pkgconfig/hmi.pc'
[2.365s] Level 1:colcon.colcon_core.environment:checking '/home/fljv/Desktop/new/off_b/EiRT-AscenD-Robotics/ros2_ws/install/hmi/lib/python3.10/site-packages'
[2.365s] Level 1:colcon.colcon_core.environment:checking '/home/fljv/Desktop/new/off_b/EiRT-AscenD-Robotics/ros2_ws/install/hmi/bin'
[2.365s] INFO:colcon.colcon_core.shell:Creating package script '/home/fljv/Desktop/new/off_b/EiRT-AscenD-Robotics/ros2_ws/install/hmi/share/hmi/package.ps1'
[2.366s] INFO:colcon.colcon_core.shell:Creating package descriptor '/home/fljv/Desktop/new/off_b/EiRT-AscenD-Robotics/ros2_ws/install/hmi/share/hmi/package.dsv'
[2.366s] INFO:colcon.colcon_core.shell:Creating package script '/home/fljv/Desktop/new/off_b/EiRT-AscenD-Robotics/ros2_ws/install/hmi/share/hmi/package.sh'
[2.367s] INFO:colcon.colcon_core.shell:Creating package script '/home/fljv/Desktop/new/off_b/EiRT-AscenD-Robotics/ros2_ws/install/hmi/share/hmi/package.bash'
[2.367s] INFO:colcon.colcon_core.shell:Creating package script '/home/fljv/Desktop/new/off_b/EiRT-AscenD-Robotics/ros2_ws/install/hmi/share/hmi/package.zsh'
[2.367s] Level 1:colcon.colcon_core.environment:create_file_with_runtime_dependencies(/home/fljv/Desktop/new/off_b/EiRT-AscenD-Robotics/ros2_ws/install/hmi/share/colcon-core/packages/hmi)
[2.378s] DEBUG:colcon.colcon_parallel_executor.executor.parallel:closing loop
[2.378s] DEBUG:colcon.colcon_parallel_executor.executor.parallel:loop closed
[2.378s] DEBUG:colcon.colcon_parallel_executor.executor.parallel:run_until_complete finished with '1'
[2.378s] DEBUG:colcon.colcon_core.event_reactor:joining thread
[2.387s] INFO:colcon.colcon_core.plugin_system:Skipping extension 'colcon_notification.desktop_notification.terminal_notifier': Not used on non-Darwin systems
[2.387s] INFO:colcon.colcon_core.plugin_system:Skipping extension 'colcon_notification.desktop_notification.win32': Not used on non-Windows systems
[2.387s] INFO:colcon.colcon_notification.desktop_notification:Sending desktop notification using 'notify2'
[2.400s] DEBUG:colcon.colcon_core.event_reactor:joined thread
[2.400s] INFO:colcon.colcon_core.shell:Creating prefix script '/home/fljv/Desktop/new/off_b/EiRT-AscenD-Robotics/ros2_ws/install/local_setup.ps1'
[2.401s] INFO:colcon.colcon_core.shell:Creating prefix util module '/home/fljv/Desktop/new/off_b/EiRT-AscenD-Robotics/ros2_ws/install/_local_setup_util_ps1.py'
[2.404s] INFO:colcon.colcon_core.shell:Creating prefix chain script '/home/fljv/Desktop/new/off_b/EiRT-AscenD-Robotics/ros2_ws/install/setup.ps1'
[2.405s] INFO:colcon.colcon_core.shell:Creating prefix script '/home/fljv/Desktop/new/off_b/EiRT-AscenD-Robotics/ros2_ws/install/local_setup.sh'
[2.406s] INFO:colcon.colcon_core.shell:Creating prefix util module '/home/fljv/Desktop/new/off_b/EiRT-AscenD-Robotics/ros2_ws/install/_local_setup_util_sh.py'
[2.407s] INFO:colcon.colcon_core.shell:Creating prefix chain script '/home/fljv/Desktop/new/off_b/EiRT-AscenD-Robotics/ros2_ws/install/setup.sh'
[2.408s] INFO:colcon.colcon_core.shell:Creating prefix script '/home/fljv/Desktop/new/off_b/EiRT-AscenD-Robotics/ros2_ws/install/local_setup.bash'
[2.409s] INFO:colcon.colcon_core.shell:Creating prefix chain script '/home/fljv/Desktop/new/off_b/EiRT-AscenD-Robotics/ros2_ws/install/setup.bash'
[2.410s] INFO:colcon.colcon_core.shell:Creating prefix script '/home/fljv/Desktop/new/off_b/EiRT-AscenD-Robotics/ros2_ws/install/local_setup.zsh'
[2.412s] INFO:colcon.colcon_core.shell:Creating prefix chain script '/home/fljv/Desktop/new/off_b/EiRT-AscenD-Robotics/ros2_ws/install/setup.zsh'
