/home/samuel/EiRT-AscenD-Robotics/install/dronehive/lib/python3.10/site-packages/dronehive/box_node.py
/home/samuel/EiRT-AscenD-Robotics/install/dronehive/lib/python3.10/site-packages/dronehive/slave_box_node.py
/home/samuel/EiRT-AscenD-Robotics/install/dronehive/lib/python3.10/site-packages/dronehive/dummy.py
/home/samuel/EiRT-AscenD-Robotics/install/dronehive/lib/python3.10/site-packages/dronehive/dummy_drone.py
/home/samuel/EiRT-AscenD-Robotics/install/dronehive/lib/python3.10/site-packages/dronehive/__init__.py
/home/samuel/EiRT-AscenD-Robotics/install/dronehive/lib/python3.10/site-packages/dronehive/master_box/__init__.py
/home/samuel/EiRT-AscenD-Robotics/install/dronehive/lib/python3.10/site-packages/dronehive/master_box/master.py
/home/samuel/EiRT-AscenD-Robotics/install/dronehive/lib/python3.10/site-packages/dronehive/utils/topics.py
/home/samuel/EiRT-AscenD-Robotics/install/dronehive/lib/python3.10/site-packages/dronehive/utils/initialiser.py
/home/samuel/EiRT-AscenD-Robotics/install/dronehive/lib/python3.10/site-packages/dronehive/utils/client_manager.py
/home/samuel/EiRT-AscenD-Robotics/install/dronehive/lib/python3.10/site-packages/dronehive/utils/utm.py
/home/samuel/EiRT-AscenD-Robotics/install/dronehive/lib/python3.10/site-packages/dronehive/utils/__init__.py
/home/samuel/EiRT-AscenD-Robotics/install/dronehive/lib/python3.10/site-packages/dronehive/utils/transverse_mercator.py
/home/samuel/EiRT-AscenD-Robotics/install/dronehive/lib/python3.10/site-packages/dronehive/utils/config.py
/home/samuel/EiRT-AscenD-Robotics/install/dronehive/lib/python3.10/site-packages/dronehive/slave_box/slave.py
/home/samuel/EiRT-AscenD-Robotics/install/dronehive/lib/python3.10/site-packages/dronehive/slave_box/__init__.py
/home/samuel/EiRT-AscenD-Robotics/install/dronehive/lib/python3.10/site-packages/dronehive/__pycache__/box_node.cpython-310.pyc
/home/samuel/EiRT-AscenD-Robotics/install/dronehive/lib/python3.10/site-packages/dronehive/__pycache__/slave_box_node.cpython-310.pyc
/home/samuel/EiRT-AscenD-Robotics/install/dronehive/lib/python3.10/site-packages/dronehive/__pycache__/dummy.cpython-310.pyc
/home/samuel/EiRT-AscenD-Robotics/install/dronehive/lib/python3.10/site-packages/dronehive/__pycache__/dummy_drone.cpython-310.pyc
/home/samuel/EiRT-AscenD-Robotics/install/dronehive/lib/python3.10/site-packages/dronehive/__pycache__/__init__.cpython-310.pyc
/home/samuel/EiRT-AscenD-Robotics/install/dronehive/lib/python3.10/site-packages/dronehive/master_box/__pycache__/__init__.cpython-310.pyc
/home/samuel/EiRT-AscenD-Robotics/install/dronehive/lib/python3.10/site-packages/dronehive/master_box/__pycache__/master.cpython-310.pyc
/home/samuel/EiRT-AscenD-Robotics/install/dronehive/lib/python3.10/site-packages/dronehive/utils/__pycache__/topics.cpython-310.pyc
/home/samuel/EiRT-AscenD-Robotics/install/dronehive/lib/python3.10/site-packages/dronehive/utils/__pycache__/initialiser.cpython-310.pyc
/home/samuel/EiRT-AscenD-Robotics/install/dronehive/lib/python3.10/site-packages/dronehive/utils/__pycache__/client_manager.cpython-310.pyc
/home/samuel/EiRT-AscenD-Robotics/install/dronehive/lib/python3.10/site-packages/dronehive/utils/__pycache__/utm.cpython-310.pyc
/home/samuel/EiRT-AscenD-Robotics/install/dronehive/lib/python3.10/site-packages/dronehive/utils/__pycache__/__init__.cpython-310.pyc
/home/samuel/EiRT-AscenD-Robotics/install/dronehive/lib/python3.10/site-packages/dronehive/utils/__pycache__/transverse_mercator.cpython-310.pyc
/home/samuel/EiRT-AscenD-Robotics/install/dronehive/lib/python3.10/site-packages/dronehive/utils/__pycache__/config.cpython-310.pyc
/home/samuel/EiRT-AscenD-Robotics/install/dronehive/lib/python3.10/site-packages/dronehive/slave_box/__pycache__/slave.cpython-310.pyc
/home/samuel/EiRT-AscenD-Robotics/install/dronehive/lib/python3.10/site-packages/dronehive/slave_box/__pycache__/__init__.cpython-310.pyc
/home/samuel/EiRT-AscenD-Robotics/install/dronehive/share/ament_index/resource_index/packages/dronehive
/home/samuel/EiRT-AscenD-Robotics/install/dronehive/share/dronehive/package.xml
/home/samuel/EiRT-AscenD-Robotics/install/dronehive/lib/python3.10/site-packages/dronehive-0.0.0-py3.10.egg-info/entry_points.txt
/home/samuel/EiRT-AscenD-Robotics/install/dronehive/lib/python3.10/site-packages/dronehive-0.0.0-py3.10.egg-info/top_level.txt
/home/samuel/EiRT-AscenD-Robotics/install/dronehive/lib/python3.10/site-packages/dronehive-0.0.0-py3.10.egg-info/SOURCES.txt
/home/samuel/EiRT-AscenD-Robotics/install/dronehive/lib/python3.10/site-packages/dronehive-0.0.0-py3.10.egg-info/PKG-INFO
/home/samuel/EiRT-AscenD-Robotics/install/dronehive/lib/python3.10/site-packages/dronehive-0.0.0-py3.10.egg-info/dependency_links.txt
/home/samuel/EiRT-AscenD-Robotics/install/dronehive/lib/python3.10/site-packages/dronehive-0.0.0-py3.10.egg-info/requires.txt
/home/samuel/EiRT-AscenD-Robotics/install/dronehive/lib/python3.10/site-packages/dronehive-0.0.0-py3.10.egg-info/zip-safe
/home/samuel/EiRT-AscenD-Robotics/install/dronehive/lib/dronehive/box_node
/home/samuel/EiRT-AscenD-Robotics/install/dronehive/lib/dronehive/dummy_confirm
/home/samuel/EiRT-AscenD-Robotics/install/dronehive/lib/dronehive/dummy_drone
/home/samuel/EiRT-AscenD-Robotics/install/dronehive/lib/dronehive/slave_node
