[0.076s] DEBUG:colcon:Command line arguments: ['/usr/bin/colcon', 'build']
[0.076s] DEBUG:colcon:Parsed command line arguments: Namespace(log_base=None, log_level=None, verb_name='build', build_base='build', install_base='install', merge_install=False, symlink_install=False, test_result_base=None, continue_on_error=False, executor='parallel', parallel_workers=16, event_handlers=None, ignore_user_meta=False, metas=['./colcon.meta'], base_paths=['.'], packages_ignore=None, packages_ignore_regex=None, paths=None, packages_up_to=None, packages_up_to_regex=None, packages_above=None, packages_above_and_dependencies=None, packages_above_depth=None, packages_select_by_dep=None, packages_skip_by_dep=None, packages_skip_up_to=None, packages_select_build_failed=False, packages_skip_build_finished=False, packages_select_test_failures=False, packages_skip_test_passed=False, packages_select=None, packages_skip=None, packages_select_regex=None, packages_skip_regex=None, packages_start=None, packages_end=None, allow_overriding=[], cmake_args=None, cmake_target=None, cmake_target_skip_unavailable=False, cmake_clean_cache=False, cmake_clean_first=False, cmake_force_configure=False, ament_cmake_args=None, catkin_cmake_args=None, catkin_skip_building_tests=False, mixin_files=None, mixin=None, verb_parser=<colcon_mixin.mixin.mixin_argument.MixinArgumentDecorator object at 0x747ce763c7f0>, verb_extension=<colcon_core.verb.build.BuildVerb object at 0x747ce763c2e0>, main=<bound method BuildVerb.main of <colcon_core.verb.build.BuildVerb object at 0x747ce763c2e0>>, mixin_verb=('build',))
[0.208s] Level 1:colcon.colcon_core.package_discovery:discover_packages(colcon_meta) check parameters
[0.208s] Level 1:colcon.colcon_core.package_discovery:discover_packages(recursive) check parameters
[0.208s] Level 1:colcon.colcon_core.package_discovery:discover_packages(ignore) check parameters
[0.208s] Level 1:colcon.colcon_core.package_discovery:discover_packages(path) check parameters
[0.208s] Level 1:colcon.colcon_core.package_discovery:discover_packages(colcon_meta) discover
[0.208s] Level 1:colcon.colcon_core.package_discovery:discover_packages(recursive) discover
[0.208s] INFO:colcon.colcon_core.package_discovery:Crawling recursively for packages in '/home/samuel/EiRT-AscenD-Robotics'
[0.208s] Level 1:colcon.colcon_core.package_identification:_identify(.) by extensions ['ignore', 'ignore_ament_install']
[0.208s] Level 1:colcon.colcon_core.package_identification:_identify(.) by extension 'ignore'
[0.208s] Level 1:colcon.colcon_core.package_identification:_identify(.) by extension 'ignore_ament_install'
[0.208s] Level 1:colcon.colcon_core.package_identification:_identify(.) by extensions ['colcon_pkg']
[0.208s] Level 1:colcon.colcon_core.package_identification:_identify(.) by extension 'colcon_pkg'
[0.208s] Level 1:colcon.colcon_core.package_identification:_identify(.) by extensions ['colcon_meta']
[0.208s] Level 1:colcon.colcon_core.package_identification:_identify(.) by extension 'colcon_meta'
[0.208s] Level 1:colcon.colcon_core.package_identification:_identify(.) by extensions ['ros']
[0.208s] Level 1:colcon.colcon_core.package_identification:_identify(.) by extension 'ros'
[0.230s] Level 1:colcon.colcon_core.package_identification:_identify(.) by extensions ['cmake', 'python']
[0.230s] Level 1:colcon.colcon_core.package_identification:_identify(.) by extension 'cmake'
[0.230s] Level 1:colcon.colcon_core.package_identification:_identify(.) by extension 'python'
[0.230s] Level 1:colcon.colcon_core.package_identification:_identify(.) by extensions ['python_setup_py']
[0.230s] Level 1:colcon.colcon_core.package_identification:_identify(.) by extension 'python_setup_py'
[0.230s] Level 1:colcon.colcon_core.package_identification:_identify(build) by extensions ['ignore', 'ignore_ament_install']
[0.230s] Level 1:colcon.colcon_core.package_identification:_identify(build) by extension 'ignore'
[0.230s] Level 1:colcon.colcon_core.package_identification:_identify(build) ignored
[0.230s] Level 1:colcon.colcon_core.package_identification:_identify(install) by extensions ['ignore', 'ignore_ament_install']
[0.230s] Level 1:colcon.colcon_core.package_identification:_identify(install) by extension 'ignore'
[0.230s] Level 1:colcon.colcon_core.package_identification:_identify(install) ignored
[0.230s] Level 1:colcon.colcon_core.package_identification:_identify(log) by extensions ['ignore', 'ignore_ament_install']
[0.230s] Level 1:colcon.colcon_core.package_identification:_identify(log) by extension 'ignore'
[0.230s] Level 1:colcon.colcon_core.package_identification:_identify(log) ignored
[0.231s] Level 1:colcon.colcon_core.package_identification:_identify(ros2_ws) by extensions ['ignore', 'ignore_ament_install']
[0.231s] Level 1:colcon.colcon_core.package_identification:_identify(ros2_ws) by extension 'ignore'
[0.231s] Level 1:colcon.colcon_core.package_identification:_identify(ros2_ws) by extension 'ignore_ament_install'
[0.231s] Level 1:colcon.colcon_core.package_identification:_identify(ros2_ws) by extensions ['colcon_pkg']
[0.231s] Level 1:colcon.colcon_core.package_identification:_identify(ros2_ws) by extension 'colcon_pkg'
[0.231s] Level 1:colcon.colcon_core.package_identification:_identify(ros2_ws) by extensions ['colcon_meta']
[0.231s] Level 1:colcon.colcon_core.package_identification:_identify(ros2_ws) by extension 'colcon_meta'
[0.231s] Level 1:colcon.colcon_core.package_identification:_identify(ros2_ws) by extensions ['ros']
[0.231s] Level 1:colcon.colcon_core.package_identification:_identify(ros2_ws) by extension 'ros'
[0.231s] Level 1:colcon.colcon_core.package_identification:_identify(ros2_ws) by extensions ['cmake', 'python']
[0.231s] Level 1:colcon.colcon_core.package_identification:_identify(ros2_ws) by extension 'cmake'
[0.231s] Level 1:colcon.colcon_core.package_identification:_identify(ros2_ws) by extension 'python'
[0.231s] Level 1:colcon.colcon_core.package_identification:_identify(ros2_ws) by extensions ['python_setup_py']
[0.231s] Level 1:colcon.colcon_core.package_identification:_identify(ros2_ws) by extension 'python_setup_py'
[0.231s] Level 1:colcon.colcon_core.package_identification:_identify(ros2_ws/build) by extensions ['ignore', 'ignore_ament_install']
[0.231s] Level 1:colcon.colcon_core.package_identification:_identify(ros2_ws/build) by extension 'ignore'
[0.231s] Level 1:colcon.colcon_core.package_identification:_identify(ros2_ws/build) ignored
[0.231s] Level 1:colcon.colcon_core.package_identification:_identify(ros2_ws/install) by extensions ['ignore', 'ignore_ament_install']
[0.231s] Level 1:colcon.colcon_core.package_identification:_identify(ros2_ws/install) by extension 'ignore'
[0.231s] Level 1:colcon.colcon_core.package_identification:_identify(ros2_ws/install) ignored
[0.231s] Level 1:colcon.colcon_core.package_identification:_identify(ros2_ws/log) by extensions ['ignore', 'ignore_ament_install']
[0.231s] Level 1:colcon.colcon_core.package_identification:_identify(ros2_ws/log) by extension 'ignore'
[0.231s] Level 1:colcon.colcon_core.package_identification:_identify(ros2_ws/log) ignored
[0.232s] Level 1:colcon.colcon_core.package_identification:_identify(ros2_ws/src) by extensions ['ignore', 'ignore_ament_install']
[0.232s] Level 1:colcon.colcon_core.package_identification:_identify(ros2_ws/src) by extension 'ignore'
[0.232s] Level 1:colcon.colcon_core.package_identification:_identify(ros2_ws/src) by extension 'ignore_ament_install'
[0.232s] Level 1:colcon.colcon_core.package_identification:_identify(ros2_ws/src) by extensions ['colcon_pkg']
[0.232s] Level 1:colcon.colcon_core.package_identification:_identify(ros2_ws/src) by extension 'colcon_pkg'
[0.232s] Level 1:colcon.colcon_core.package_identification:_identify(ros2_ws/src) by extensions ['colcon_meta']
[0.232s] Level 1:colcon.colcon_core.package_identification:_identify(ros2_ws/src) by extension 'colcon_meta'
[0.232s] Level 1:colcon.colcon_core.package_identification:_identify(ros2_ws/src) by extensions ['ros']
[0.232s] Level 1:colcon.colcon_core.package_identification:_identify(ros2_ws/src) by extension 'ros'
[0.232s] Level 1:colcon.colcon_core.package_identification:_identify(ros2_ws/src) by extensions ['cmake', 'python']
[0.232s] Level 1:colcon.colcon_core.package_identification:_identify(ros2_ws/src) by extension 'cmake'
[0.232s] Level 1:colcon.colcon_core.package_identification:_identify(ros2_ws/src) by extension 'python'
[0.232s] Level 1:colcon.colcon_core.package_identification:_identify(ros2_ws/src) by extensions ['python_setup_py']
[0.232s] Level 1:colcon.colcon_core.package_identification:_identify(ros2_ws/src) by extension 'python_setup_py'
[0.232s] Level 1:colcon.colcon_core.package_identification:_identify(ros2_ws/src/dronehive) by extensions ['ignore', 'ignore_ament_install']
[0.232s] Level 1:colcon.colcon_core.package_identification:_identify(ros2_ws/src/dronehive) by extension 'ignore'
[0.232s] Level 1:colcon.colcon_core.package_identification:_identify(ros2_ws/src/dronehive) by extension 'ignore_ament_install'
[0.232s] Level 1:colcon.colcon_core.package_identification:_identify(ros2_ws/src/dronehive) by extensions ['colcon_pkg']
[0.232s] Level 1:colcon.colcon_core.package_identification:_identify(ros2_ws/src/dronehive) by extension 'colcon_pkg'
[0.232s] Level 1:colcon.colcon_core.package_identification:_identify(ros2_ws/src/dronehive) by extensions ['colcon_meta']
[0.232s] Level 1:colcon.colcon_core.package_identification:_identify(ros2_ws/src/dronehive) by extension 'colcon_meta'
[0.232s] Level 1:colcon.colcon_core.package_identification:_identify(ros2_ws/src/dronehive) by extensions ['ros']
[0.232s] Level 1:colcon.colcon_core.package_identification:_identify(ros2_ws/src/dronehive) by extension 'ros'
[0.234s] DEBUG:colcon.colcon_core.package_identification:Package 'ros2_ws/src/dronehive' with type 'ros.ament_python' and name 'dronehive'
[0.234s] Level 1:colcon.colcon_core.package_identification:_identify(ros2_ws/src/dronehive_interfaces) by extensions ['ignore', 'ignore_ament_install']
[0.234s] Level 1:colcon.colcon_core.package_identification:_identify(ros2_ws/src/dronehive_interfaces) by extension 'ignore'
[0.234s] Level 1:colcon.colcon_core.package_identification:_identify(ros2_ws/src/dronehive_interfaces) by extension 'ignore_ament_install'
[0.234s] Level 1:colcon.colcon_core.package_identification:_identify(ros2_ws/src/dronehive_interfaces) by extensions ['colcon_pkg']
[0.234s] Level 1:colcon.colcon_core.package_identification:_identify(ros2_ws/src/dronehive_interfaces) by extension 'colcon_pkg'
[0.234s] Level 1:colcon.colcon_core.package_identification:_identify(ros2_ws/src/dronehive_interfaces) by extensions ['colcon_meta']
[0.234s] Level 1:colcon.colcon_core.package_identification:_identify(ros2_ws/src/dronehive_interfaces) by extension 'colcon_meta'
[0.234s] Level 1:colcon.colcon_core.package_identification:_identify(ros2_ws/src/dronehive_interfaces) by extensions ['ros']
[0.234s] Level 1:colcon.colcon_core.package_identification:_identify(ros2_ws/src/dronehive_interfaces) by extension 'ros'
[0.235s] DEBUG:colcon.colcon_core.package_identification:Package 'ros2_ws/src/dronehive_interfaces' with type 'ros.ament_cmake' and name 'dronehive_interfaces'
[0.235s] Level 1:colcon.colcon_core.package_identification:_identify(ros2_ws/src/hmi) by extensions ['ignore', 'ignore_ament_install']
[0.235s] Level 1:colcon.colcon_core.package_identification:_identify(ros2_ws/src/hmi) by extension 'ignore'
[0.235s] Level 1:colcon.colcon_core.package_identification:_identify(ros2_ws/src/hmi) by extension 'ignore_ament_install'
[0.235s] Level 1:colcon.colcon_core.package_identification:_identify(ros2_ws/src/hmi) by extensions ['colcon_pkg']
[0.235s] Level 1:colcon.colcon_core.package_identification:_identify(ros2_ws/src/hmi) by extension 'colcon_pkg'
[0.235s] Level 1:colcon.colcon_core.package_identification:_identify(ros2_ws/src/hmi) by extensions ['colcon_meta']
[0.235s] Level 1:colcon.colcon_core.package_identification:_identify(ros2_ws/src/hmi) by extension 'colcon_meta'
[0.235s] Level 1:colcon.colcon_core.package_identification:_identify(ros2_ws/src/hmi) by extensions ['ros']
[0.235s] Level 1:colcon.colcon_core.package_identification:_identify(ros2_ws/src/hmi) by extension 'ros'
[0.235s] DEBUG:colcon.colcon_core.package_identification:Package 'ros2_ws/src/hmi' with type 'ros.ament_cmake' and name 'hmi'
[0.235s] Level 1:colcon.colcon_core.package_identification:_identify(ros2_ws/src/hmi_backend) by extensions ['ignore', 'ignore_ament_install']
[0.236s] Level 1:colcon.colcon_core.package_identification:_identify(ros2_ws/src/hmi_backend) by extension 'ignore'
[0.236s] Level 1:colcon.colcon_core.package_identification:_identify(ros2_ws/src/hmi_backend) by extension 'ignore_ament_install'
[0.236s] Level 1:colcon.colcon_core.package_identification:_identify(ros2_ws/src/hmi_backend) by extensions ['colcon_pkg']
[0.236s] Level 1:colcon.colcon_core.package_identification:_identify(ros2_ws/src/hmi_backend) by extension 'colcon_pkg'
[0.236s] Level 1:colcon.colcon_core.package_identification:_identify(ros2_ws/src/hmi_backend) by extensions ['colcon_meta']
[0.236s] Level 1:colcon.colcon_core.package_identification:_identify(ros2_ws/src/hmi_backend) by extension 'colcon_meta'
[0.236s] Level 1:colcon.colcon_core.package_identification:_identify(ros2_ws/src/hmi_backend) by extensions ['ros']
[0.236s] Level 1:colcon.colcon_core.package_identification:_identify(ros2_ws/src/hmi_backend) by extension 'ros'
[0.236s] DEBUG:colcon.colcon_core.package_identification:Package 'ros2_ws/src/hmi_backend' with type 'ros.ament_cmake' and name 'hmi_backend'
[0.236s] Level 1:colcon.colcon_core.package_discovery:discover_packages(recursive) using defaults
[0.236s] Level 1:colcon.colcon_core.package_discovery:discover_packages(ignore) discover
[0.236s] Level 1:colcon.colcon_core.package_discovery:discover_packages(ignore) using defaults
[0.236s] Level 1:colcon.colcon_core.package_discovery:discover_packages(path) discover
[0.236s] Level 1:colcon.colcon_core.package_discovery:discover_packages(path) using defaults
[0.249s] Level 1:colcon.colcon_core.package_discovery:discover_packages(prefix_path) check parameters
[0.249s] Level 1:colcon.colcon_core.package_discovery:discover_packages(prefix_path) discover
[0.251s] DEBUG:colcon.colcon_installed_package_information.package_discovery:Found 4 installed packages in /home/samuel/EiRT-AscenD-Robotics/ros2_ws/install
[0.252s] DEBUG:colcon.colcon_installed_package_information.package_discovery:Found 285 installed packages in /opt/ros/humble
[0.253s] Level 1:colcon.colcon_core.package_discovery:discover_packages(prefix_path) using defaults
[0.276s] Level 5:colcon.colcon_core.verb:set package 'dronehive_interfaces' build argument 'cmake_args' from command line to 'None'
[0.276s] Level 5:colcon.colcon_core.verb:set package 'dronehive_interfaces' build argument 'cmake_target' from command line to 'None'
[0.276s] Level 5:colcon.colcon_core.verb:set package 'dronehive_interfaces' build argument 'cmake_target_skip_unavailable' from command line to 'False'
[0.276s] Level 5:colcon.colcon_core.verb:set package 'dronehive_interfaces' build argument 'cmake_clean_cache' from command line to 'False'
[0.276s] Level 5:colcon.colcon_core.verb:set package 'dronehive_interfaces' build argument 'cmake_clean_first' from command line to 'False'
[0.276s] Level 5:colcon.colcon_core.verb:set package 'dronehive_interfaces' build argument 'cmake_force_configure' from command line to 'False'
[0.276s] Level 5:colcon.colcon_core.verb:set package 'dronehive_interfaces' build argument 'ament_cmake_args' from command line to 'None'
[0.276s] Level 5:colcon.colcon_core.verb:set package 'dronehive_interfaces' build argument 'catkin_cmake_args' from command line to 'None'
[0.276s] Level 5:colcon.colcon_core.verb:set package 'dronehive_interfaces' build argument 'catkin_skip_building_tests' from command line to 'False'
[0.276s] DEBUG:colcon.colcon_core.verb:Building package 'dronehive_interfaces' with the following arguments: {'ament_cmake_args': None, 'build_base': '/home/samuel/EiRT-AscenD-Robotics/build/dronehive_interfaces', 'catkin_cmake_args': None, 'catkin_skip_building_tests': False, 'cmake_args': None, 'cmake_clean_cache': False, 'cmake_clean_first': False, 'cmake_force_configure': False, 'cmake_target': None, 'cmake_target_skip_unavailable': False, 'install_base': '/home/samuel/EiRT-AscenD-Robotics/install/dronehive_interfaces', 'merge_install': False, 'path': '/home/samuel/EiRT-AscenD-Robotics/ros2_ws/src/dronehive_interfaces', 'symlink_install': False, 'test_result_base': None}
[0.277s] Level 5:colcon.colcon_core.verb:set package 'dronehive' build argument 'cmake_args' from command line to 'None'
[0.277s] Level 5:colcon.colcon_core.verb:set package 'dronehive' build argument 'cmake_target' from command line to 'None'
[0.277s] Level 5:colcon.colcon_core.verb:set package 'dronehive' build argument 'cmake_target_skip_unavailable' from command line to 'False'
[0.277s] Level 5:colcon.colcon_core.verb:set package 'dronehive' build argument 'cmake_clean_cache' from command line to 'False'
[0.277s] Level 5:colcon.colcon_core.verb:set package 'dronehive' build argument 'cmake_clean_first' from command line to 'False'
[0.277s] Level 5:colcon.colcon_core.verb:set package 'dronehive' build argument 'cmake_force_configure' from command line to 'False'
[0.277s] Level 5:colcon.colcon_core.verb:set package 'dronehive' build argument 'ament_cmake_args' from command line to 'None'
[0.277s] Level 5:colcon.colcon_core.verb:set package 'dronehive' build argument 'catkin_cmake_args' from command line to 'None'
[0.277s] Level 5:colcon.colcon_core.verb:set package 'dronehive' build argument 'catkin_skip_building_tests' from command line to 'False'
[0.277s] DEBUG:colcon.colcon_core.verb:Building package 'dronehive' with the following arguments: {'ament_cmake_args': None, 'build_base': '/home/samuel/EiRT-AscenD-Robotics/build/dronehive', 'catkin_cmake_args': None, 'catkin_skip_building_tests': False, 'cmake_args': None, 'cmake_clean_cache': False, 'cmake_clean_first': False, 'cmake_force_configure': False, 'cmake_target': None, 'cmake_target_skip_unavailable': False, 'install_base': '/home/samuel/EiRT-AscenD-Robotics/install/dronehive', 'merge_install': False, 'path': '/home/samuel/EiRT-AscenD-Robotics/ros2_ws/src/dronehive', 'symlink_install': False, 'test_result_base': None}
[0.277s] Level 5:colcon.colcon_core.verb:set package 'hmi' build argument 'cmake_args' from command line to 'None'
[0.277s] Level 5:colcon.colcon_core.verb:set package 'hmi' build argument 'cmake_target' from command line to 'None'
[0.277s] Level 5:colcon.colcon_core.verb:set package 'hmi' build argument 'cmake_target_skip_unavailable' from command line to 'False'
[0.277s] Level 5:colcon.colcon_core.verb:set package 'hmi' build argument 'cmake_clean_cache' from command line to 'False'
[0.277s] Level 5:colcon.colcon_core.verb:set package 'hmi' build argument 'cmake_clean_first' from command line to 'False'
[0.277s] Level 5:colcon.colcon_core.verb:set package 'hmi' build argument 'cmake_force_configure' from command line to 'False'
[0.277s] Level 5:colcon.colcon_core.verb:set package 'hmi' build argument 'ament_cmake_args' from command line to 'None'
[0.277s] Level 5:colcon.colcon_core.verb:set package 'hmi' build argument 'catkin_cmake_args' from command line to 'None'
[0.277s] Level 5:colcon.colcon_core.verb:set package 'hmi' build argument 'catkin_skip_building_tests' from command line to 'False'
[0.277s] DEBUG:colcon.colcon_core.verb:Building package 'hmi' with the following arguments: {'ament_cmake_args': None, 'build_base': '/home/samuel/EiRT-AscenD-Robotics/build/hmi', 'catkin_cmake_args': None, 'catkin_skip_building_tests': False, 'cmake_args': None, 'cmake_clean_cache': False, 'cmake_clean_first': False, 'cmake_force_configure': False, 'cmake_target': None, 'cmake_target_skip_unavailable': False, 'install_base': '/home/samuel/EiRT-AscenD-Robotics/install/hmi', 'merge_install': False, 'path': '/home/samuel/EiRT-AscenD-Robotics/ros2_ws/src/hmi', 'symlink_install': False, 'test_result_base': None}
[0.277s] Level 5:colcon.colcon_core.verb:set package 'hmi_backend' build argument 'cmake_args' from command line to 'None'
[0.277s] Level 5:colcon.colcon_core.verb:set package 'hmi_backend' build argument 'cmake_target' from command line to 'None'
[0.277s] Level 5:colcon.colcon_core.verb:set package 'hmi_backend' build argument 'cmake_target_skip_unavailable' from command line to 'False'
[0.277s] Level 5:colcon.colcon_core.verb:set package 'hmi_backend' build argument 'cmake_clean_cache' from command line to 'False'
[0.277s] Level 5:colcon.colcon_core.verb:set package 'hmi_backend' build argument 'cmake_clean_first' from command line to 'False'
[0.277s] Level 5:colcon.colcon_core.verb:set package 'hmi_backend' build argument 'cmake_force_configure' from command line to 'False'
[0.277s] Level 5:colcon.colcon_core.verb:set package 'hmi_backend' build argument 'ament_cmake_args' from command line to 'None'
[0.277s] Level 5:colcon.colcon_core.verb:set package 'hmi_backend' build argument 'catkin_cmake_args' from command line to 'None'
[0.277s] Level 5:colcon.colcon_core.verb:set package 'hmi_backend' build argument 'catkin_skip_building_tests' from command line to 'False'
[0.277s] DEBUG:colcon.colcon_core.verb:Building package 'hmi_backend' with the following arguments: {'ament_cmake_args': None, 'build_base': '/home/samuel/EiRT-AscenD-Robotics/build/hmi_backend', 'catkin_cmake_args': None, 'catkin_skip_building_tests': False, 'cmake_args': None, 'cmake_clean_cache': False, 'cmake_clean_first': False, 'cmake_force_configure': False, 'cmake_target': None, 'cmake_target_skip_unavailable': False, 'install_base': '/home/samuel/EiRT-AscenD-Robotics/install/hmi_backend', 'merge_install': False, 'path': '/home/samuel/EiRT-AscenD-Robotics/ros2_ws/src/hmi_backend', 'symlink_install': False, 'test_result_base': None}
[0.278s] INFO:colcon.colcon_core.executor:Executing jobs using 'parallel' executor
[0.278s] DEBUG:colcon.colcon_parallel_executor.executor.parallel:run_until_complete
[0.278s] INFO:colcon.colcon_ros.task.ament_cmake.build:Building ROS package in '/home/samuel/EiRT-AscenD-Robotics/ros2_ws/src/dronehive_interfaces' with build type 'ament_cmake'
[0.279s] INFO:colcon.colcon_cmake.task.cmake.build:Building CMake package in '/home/samuel/EiRT-AscenD-Robotics/ros2_ws/src/dronehive_interfaces'
[0.280s] INFO:colcon.colcon_core.plugin_system:Skipping extension 'colcon_core.shell.bat': Not used on non-Windows systems
[0.280s] INFO:colcon.colcon_core.shell:Skip shell extension 'powershell' for command environment: Not usable outside of PowerShell
[0.280s] DEBUG:colcon.colcon_core.shell:Skip shell extension 'dsv' for command environment
[0.287s] DEBUG:colcon.colcon_core.event_handler.log_command:Invoking command in '/home/samuel/EiRT-AscenD-Robotics/build/dronehive_interfaces': CMAKE_PREFIX_PATH=${CMAKE_PREFIX_PATH}:/home/samuel/EiRT-AscenD-Robotics/ros2_ws/install/dronehive:/opt/ros/humble /usr/bin/cmake /home/samuel/EiRT-AscenD-Robotics/ros2_ws/src/dronehive_interfaces -DCMAKE_INSTALL_PREFIX=/home/samuel/EiRT-AscenD-Robotics/install/dronehive_interfaces
[1.732s] DEBUG:colcon.colcon_core.event_handler.log_command:Invoked command in '/home/samuel/EiRT-AscenD-Robotics/build/dronehive_interfaces' returned '0': CMAKE_PREFIX_PATH=${CMAKE_PREFIX_PATH}:/home/samuel/EiRT-AscenD-Robotics/ros2_ws/install/dronehive:/opt/ros/humble /usr/bin/cmake /home/samuel/EiRT-AscenD-Robotics/ros2_ws/src/dronehive_interfaces -DCMAKE_INSTALL_PREFIX=/home/samuel/EiRT-AscenD-Robotics/install/dronehive_interfaces
[1.734s] DEBUG:colcon.colcon_core.event_handler.log_command:Invoking command in '/home/samuel/EiRT-AscenD-Robotics/build/dronehive_interfaces': CMAKE_PREFIX_PATH=${CMAKE_PREFIX_PATH}:/home/samuel/EiRT-AscenD-Robotics/ros2_ws/install/dronehive:/opt/ros/humble /usr/bin/cmake --build /home/samuel/EiRT-AscenD-Robotics/build/dronehive_interfaces -- -j16 -l16
[10.468s] DEBUG:colcon.colcon_core.event_handler.log_command:Invoked command in '/home/samuel/EiRT-AscenD-Robotics/build/dronehive_interfaces' returned '0': CMAKE_PREFIX_PATH=${CMAKE_PREFIX_PATH}:/home/samuel/EiRT-AscenD-Robotics/ros2_ws/install/dronehive:/opt/ros/humble /usr/bin/cmake --build /home/samuel/EiRT-AscenD-Robotics/build/dronehive_interfaces -- -j16 -l16
[10.477s] DEBUG:colcon.colcon_core.event_handler.log_command:Invoking command in '/home/samuel/EiRT-AscenD-Robotics/build/dronehive_interfaces': CMAKE_PREFIX_PATH=${CMAKE_PREFIX_PATH}:/home/samuel/EiRT-AscenD-Robotics/ros2_ws/install/dronehive:/opt/ros/humble /usr/bin/cmake --install /home/samuel/EiRT-AscenD-Robotics/build/dronehive_interfaces
[10.621s] Level 1:colcon.colcon_core.environment:create_environment_scripts_only(dronehive_interfaces)
[10.621s] DEBUG:colcon.colcon_core.event_handler.log_command:Invoked command in '/home/samuel/EiRT-AscenD-Robotics/build/dronehive_interfaces' returned '0': CMAKE_PREFIX_PATH=${CMAKE_PREFIX_PATH}:/home/samuel/EiRT-AscenD-Robotics/ros2_ws/install/dronehive:/opt/ros/humble /usr/bin/cmake --install /home/samuel/EiRT-AscenD-Robotics/build/dronehive_interfaces
[10.623s] Level 1:colcon.colcon_core.environment:checking '/home/samuel/EiRT-AscenD-Robotics/install/dronehive_interfaces' for CMake module files
[10.624s] Level 1:colcon.colcon_core.environment:checking '/home/samuel/EiRT-AscenD-Robotics/install/dronehive_interfaces' for CMake config files
[10.624s] Level 1:colcon.colcon_core.shell:create_environment_hook('dronehive_interfaces', 'cmake_prefix_path')
[10.624s] INFO:colcon.colcon_core.shell:Creating environment hook '/home/samuel/EiRT-AscenD-Robotics/install/dronehive_interfaces/share/dronehive_interfaces/hook/cmake_prefix_path.ps1'
[10.625s] INFO:colcon.colcon_core.shell:Creating environment descriptor '/home/samuel/EiRT-AscenD-Robotics/install/dronehive_interfaces/share/dronehive_interfaces/hook/cmake_prefix_path.dsv'
[10.625s] INFO:colcon.colcon_core.shell:Creating environment hook '/home/samuel/EiRT-AscenD-Robotics/install/dronehive_interfaces/share/dronehive_interfaces/hook/cmake_prefix_path.sh'
[10.625s] Level 1:colcon.colcon_core.environment:checking '/home/samuel/EiRT-AscenD-Robotics/install/dronehive_interfaces/lib'
[10.626s] Level 1:colcon.colcon_core.shell:create_environment_hook('dronehive_interfaces', 'ld_library_path_lib')
[10.626s] INFO:colcon.colcon_core.shell:Creating environment hook '/home/samuel/EiRT-AscenD-Robotics/install/dronehive_interfaces/share/dronehive_interfaces/hook/ld_library_path_lib.ps1'
[10.626s] INFO:colcon.colcon_core.shell:Creating environment descriptor '/home/samuel/EiRT-AscenD-Robotics/install/dronehive_interfaces/share/dronehive_interfaces/hook/ld_library_path_lib.dsv'
[10.626s] INFO:colcon.colcon_core.shell:Creating environment hook '/home/samuel/EiRT-AscenD-Robotics/install/dronehive_interfaces/share/dronehive_interfaces/hook/ld_library_path_lib.sh'
[10.626s] Level 1:colcon.colcon_core.environment:checking '/home/samuel/EiRT-AscenD-Robotics/install/dronehive_interfaces/bin'
[10.626s] Level 1:colcon.colcon_core.environment:checking '/home/samuel/EiRT-AscenD-Robotics/install/dronehive_interfaces/lib/pkgconfig/dronehive_interfaces.pc'
[10.627s] Level 1:colcon.colcon_core.environment:checking '/home/samuel/EiRT-AscenD-Robotics/install/dronehive_interfaces/lib/python3.10/site-packages'
[10.627s] Level 1:colcon.colcon_core.environment:checking '/home/samuel/EiRT-AscenD-Robotics/install/dronehive_interfaces/bin'
[10.627s] INFO:colcon.colcon_core.shell:Creating package script '/home/samuel/EiRT-AscenD-Robotics/install/dronehive_interfaces/share/dronehive_interfaces/package.ps1'
[10.627s] INFO:colcon.colcon_core.shell:Creating package descriptor '/home/samuel/EiRT-AscenD-Robotics/install/dronehive_interfaces/share/dronehive_interfaces/package.dsv'
[10.628s] INFO:colcon.colcon_core.shell:Creating package script '/home/samuel/EiRT-AscenD-Robotics/install/dronehive_interfaces/share/dronehive_interfaces/package.sh'
[10.628s] INFO:colcon.colcon_core.shell:Creating package script '/home/samuel/EiRT-AscenD-Robotics/install/dronehive_interfaces/share/dronehive_interfaces/package.bash'
[10.629s] INFO:colcon.colcon_core.shell:Creating package script '/home/samuel/EiRT-AscenD-Robotics/install/dronehive_interfaces/share/dronehive_interfaces/package.zsh'
[10.629s] Level 1:colcon.colcon_core.environment:create_file_with_runtime_dependencies(/home/samuel/EiRT-AscenD-Robotics/install/dronehive_interfaces/share/colcon-core/packages/dronehive_interfaces)
[10.630s] Level 1:colcon.colcon_core.environment:create_environment_scripts_only(dronehive_interfaces)
[10.630s] Level 1:colcon.colcon_core.environment:checking '/home/samuel/EiRT-AscenD-Robotics/install/dronehive_interfaces' for CMake module files
[10.630s] Level 1:colcon.colcon_core.environment:checking '/home/samuel/EiRT-AscenD-Robotics/install/dronehive_interfaces' for CMake config files
[10.630s] Level 1:colcon.colcon_core.shell:create_environment_hook('dronehive_interfaces', 'cmake_prefix_path')
[10.631s] INFO:colcon.colcon_core.shell:Creating environment hook '/home/samuel/EiRT-AscenD-Robotics/install/dronehive_interfaces/share/dronehive_interfaces/hook/cmake_prefix_path.ps1'
[10.631s] INFO:colcon.colcon_core.shell:Creating environment descriptor '/home/samuel/EiRT-AscenD-Robotics/install/dronehive_interfaces/share/dronehive_interfaces/hook/cmake_prefix_path.dsv'
[10.631s] INFO:colcon.colcon_core.shell:Creating environment hook '/home/samuel/EiRT-AscenD-Robotics/install/dronehive_interfaces/share/dronehive_interfaces/hook/cmake_prefix_path.sh'
[10.631s] Level 1:colcon.colcon_core.environment:checking '/home/samuel/EiRT-AscenD-Robotics/install/dronehive_interfaces/lib'
[10.631s] Level 1:colcon.colcon_core.shell:create_environment_hook('dronehive_interfaces', 'ld_library_path_lib')
[10.632s] INFO:colcon.colcon_core.shell:Creating environment hook '/home/samuel/EiRT-AscenD-Robotics/install/dronehive_interfaces/share/dronehive_interfaces/hook/ld_library_path_lib.ps1'
[10.632s] INFO:colcon.colcon_core.shell:Creating environment descriptor '/home/samuel/EiRT-AscenD-Robotics/install/dronehive_interfaces/share/dronehive_interfaces/hook/ld_library_path_lib.dsv'
[10.632s] INFO:colcon.colcon_core.shell:Creating environment hook '/home/samuel/EiRT-AscenD-Robotics/install/dronehive_interfaces/share/dronehive_interfaces/hook/ld_library_path_lib.sh'
[10.632s] Level 1:colcon.colcon_core.environment:checking '/home/samuel/EiRT-AscenD-Robotics/install/dronehive_interfaces/bin'
[10.632s] Level 1:colcon.colcon_core.environment:checking '/home/samuel/EiRT-AscenD-Robotics/install/dronehive_interfaces/lib/pkgconfig/dronehive_interfaces.pc'
[10.633s] Level 1:colcon.colcon_core.environment:checking '/home/samuel/EiRT-AscenD-Robotics/install/dronehive_interfaces/lib/python3.10/site-packages'
[10.633s] Level 1:colcon.colcon_core.environment:checking '/home/samuel/EiRT-AscenD-Robotics/install/dronehive_interfaces/bin'
[10.633s] INFO:colcon.colcon_core.shell:Creating package script '/home/samuel/EiRT-AscenD-Robotics/install/dronehive_interfaces/share/dronehive_interfaces/package.ps1'
[10.633s] INFO:colcon.colcon_core.shell:Creating package descriptor '/home/samuel/EiRT-AscenD-Robotics/install/dronehive_interfaces/share/dronehive_interfaces/package.dsv'
[10.634s] INFO:colcon.colcon_core.shell:Creating package script '/home/samuel/EiRT-AscenD-Robotics/install/dronehive_interfaces/share/dronehive_interfaces/package.sh'
[10.634s] INFO:colcon.colcon_core.shell:Creating package script '/home/samuel/EiRT-AscenD-Robotics/install/dronehive_interfaces/share/dronehive_interfaces/package.bash'
[10.634s] INFO:colcon.colcon_core.shell:Creating package script '/home/samuel/EiRT-AscenD-Robotics/install/dronehive_interfaces/share/dronehive_interfaces/package.zsh'
[10.635s] Level 1:colcon.colcon_core.environment:create_file_with_runtime_dependencies(/home/samuel/EiRT-AscenD-Robotics/install/dronehive_interfaces/share/colcon-core/packages/dronehive_interfaces)
[10.635s] INFO:colcon.colcon_ros.task.ament_python.build:Building ROS package in '/home/samuel/EiRT-AscenD-Robotics/ros2_ws/src/dronehive' with build type 'ament_python'
[10.635s] Level 1:colcon.colcon_core.shell:create_environment_hook('dronehive', 'ament_prefix_path')
[10.635s] INFO:colcon.colcon_core.shell:Creating environment hook '/home/samuel/EiRT-AscenD-Robotics/install/dronehive/share/dronehive/hook/ament_prefix_path.ps1'
[10.636s] INFO:colcon.colcon_core.shell:Creating environment descriptor '/home/samuel/EiRT-AscenD-Robotics/install/dronehive/share/dronehive/hook/ament_prefix_path.dsv'
[10.636s] INFO:colcon.colcon_core.shell:Creating environment hook '/home/samuel/EiRT-AscenD-Robotics/install/dronehive/share/dronehive/hook/ament_prefix_path.sh'
[10.637s] INFO:colcon.colcon_core.shell:Skip shell extension 'powershell' for command environment: Not usable outside of PowerShell
[10.637s] DEBUG:colcon.colcon_core.shell:Skip shell extension 'dsv' for command environment
[10.639s] INFO:colcon.colcon_ros.task.ament_cmake.build:Building ROS package in '/home/samuel/EiRT-AscenD-Robotics/ros2_ws/src/hmi' with build type 'ament_cmake'
[10.639s] INFO:colcon.colcon_cmake.task.cmake.build:Building CMake package in '/home/samuel/EiRT-AscenD-Robotics/ros2_ws/src/hmi'
[10.639s] INFO:colcon.colcon_core.shell:Skip shell extension 'powershell' for command environment: Not usable outside of PowerShell
[10.639s] DEBUG:colcon.colcon_core.shell:Skip shell extension 'dsv' for command environment
[10.642s] INFO:colcon.colcon_ros.task.ament_cmake.build:Building ROS package in '/home/samuel/EiRT-AscenD-Robotics/ros2_ws/src/hmi_backend' with build type 'ament_cmake'
[10.642s] INFO:colcon.colcon_cmake.task.cmake.build:Building CMake package in '/home/samuel/EiRT-AscenD-Robotics/ros2_ws/src/hmi_backend'
[10.642s] INFO:colcon.colcon_core.shell:Skip shell extension 'powershell' for command environment: Not usable outside of PowerShell
[10.642s] DEBUG:colcon.colcon_core.shell:Skip shell extension 'dsv' for command environment
[10.859s] INFO:colcon.colcon_core.task.python.build:Building Python package in '/home/samuel/EiRT-AscenD-Robotics/ros2_ws/src/dronehive'
[10.860s] INFO:colcon.colcon_core.shell:Skip shell extension 'powershell' for command environment: Not usable outside of PowerShell
[10.860s] DEBUG:colcon.colcon_core.shell:Skip shell extension 'dsv' for command environment
[10.865s] DEBUG:colcon.colcon_core.event_handler.log_command:Invoking command in '/home/samuel/EiRT-AscenD-Robotics/build/hmi': AMENT_PREFIX_PATH=/home/samuel/EiRT-AscenD-Robotics/install/dronehive_interfaces:${AMENT_PREFIX_PATH} CMAKE_PREFIX_PATH=/home/samuel/EiRT-AscenD-Robotics/install/dronehive_interfaces:/home/samuel/EiRT-AscenD-Robotics/ros2_ws/install/hmi_backend:/home/samuel/EiRT-AscenD-Robotics/ros2_ws/install/hmi:/home/samuel/EiRT-AscenD-Robotics/ros2_ws/install/dronehive_interfaces:/home/samuel/EiRT-AscenD-Robotics/ros2_ws/install/dronehive:/opt/ros/humble LD_LIBRARY_PATH=/home/samuel/EiRT-AscenD-Robotics/install/dronehive_interfaces/lib:${LD_LIBRARY_PATH} PYTHONPATH=/home/samuel/EiRT-AscenD-Robotics/install/dronehive_interfaces/local/lib/python3.10/dist-packages:${PYTHONPATH} /usr/bin/cmake /home/samuel/EiRT-AscenD-Robotics/ros2_ws/src/hmi -DCMAKE_INSTALL_PREFIX=/home/samuel/EiRT-AscenD-Robotics/install/hmi
[10.867s] DEBUG:colcon.colcon_core.event_handler.log_command:Invoking command in '/home/samuel/EiRT-AscenD-Robotics/build/hmi_backend': AMENT_PREFIX_PATH=/home/samuel/EiRT-AscenD-Robotics/install/dronehive_interfaces:${AMENT_PREFIX_PATH} CMAKE_PREFIX_PATH=/home/samuel/EiRT-AscenD-Robotics/install/dronehive_interfaces:/home/samuel/EiRT-AscenD-Robotics/ros2_ws/install/hmi_backend:/home/samuel/EiRT-AscenD-Robotics/ros2_ws/install/hmi:/home/samuel/EiRT-AscenD-Robotics/ros2_ws/install/dronehive_interfaces:/home/samuel/EiRT-AscenD-Robotics/ros2_ws/install/dronehive:/opt/ros/humble LD_LIBRARY_PATH=/home/samuel/EiRT-AscenD-Robotics/install/dronehive_interfaces/lib:${LD_LIBRARY_PATH} PYTHONPATH=/home/samuel/EiRT-AscenD-Robotics/install/dronehive_interfaces/local/lib/python3.10/dist-packages:${PYTHONPATH} /usr/bin/cmake /home/samuel/EiRT-AscenD-Robotics/ros2_ws/src/hmi_backend -DCMAKE_INSTALL_PREFIX=/home/samuel/EiRT-AscenD-Robotics/install/hmi_backend
[11.167s] DEBUG:colcon.colcon_core.event_handler.log_command:Invoking command in '/home/samuel/EiRT-AscenD-Robotics/ros2_ws/src/dronehive': AMENT_PREFIX_PATH=/home/samuel/EiRT-AscenD-Robotics/install/dronehive_interfaces:${AMENT_PREFIX_PATH} CMAKE_PREFIX_PATH=/home/samuel/EiRT-AscenD-Robotics/install/dronehive_interfaces:${CMAKE_PREFIX_PATH} LD_LIBRARY_PATH=/home/samuel/EiRT-AscenD-Robotics/install/dronehive_interfaces/lib:${LD_LIBRARY_PATH} PYTHONPATH=/home/samuel/EiRT-AscenD-Robotics/build/dronehive/prefix_override:/usr/lib/python3/dist-packages/colcon_core/task/python/colcon_distutils_commands:/home/samuel/EiRT-AscenD-Robotics/install/dronehive/lib/python3.10/site-packages:/home/samuel/EiRT-AscenD-Robotics/install/dronehive_interfaces/local/lib/python3.10/dist-packages:${PYTHONPATH} /usr/bin/python3 -W ignore:setup.py install is deprecated -W ignore:easy_install command is deprecated setup.py egg_info --egg-base ../../../build/dronehive build --build-base /home/samuel/EiRT-AscenD-Robotics/build/dronehive/build install --record /home/samuel/EiRT-AscenD-Robotics/build/dronehive/install.log --single-version-externally-managed install_data
[11.410s] Level 1:colcon.colcon_core.environment:checking '/home/samuel/EiRT-AscenD-Robotics/install/dronehive' for CMake module files
[11.411s] DEBUG:colcon.colcon_core.event_handler.log_command:Invoked command in '/home/samuel/EiRT-AscenD-Robotics/ros2_ws/src/dronehive' returned '0': AMENT_PREFIX_PATH=/home/samuel/EiRT-AscenD-Robotics/install/dronehive_interfaces:${AMENT_PREFIX_PATH} CMAKE_PREFIX_PATH=/home/samuel/EiRT-AscenD-Robotics/install/dronehive_interfaces:${CMAKE_PREFIX_PATH} LD_LIBRARY_PATH=/home/samuel/EiRT-AscenD-Robotics/install/dronehive_interfaces/lib:${LD_LIBRARY_PATH} PYTHONPATH=/home/samuel/EiRT-AscenD-Robotics/build/dronehive/prefix_override:/usr/lib/python3/dist-packages/colcon_core/task/python/colcon_distutils_commands:/home/samuel/EiRT-AscenD-Robotics/install/dronehive/lib/python3.10/site-packages:/home/samuel/EiRT-AscenD-Robotics/install/dronehive_interfaces/local/lib/python3.10/dist-packages:${PYTHONPATH} /usr/bin/python3 -W ignore:setup.py install is deprecated -W ignore:easy_install command is deprecated setup.py egg_info --egg-base ../../../build/dronehive build --build-base /home/samuel/EiRT-AscenD-Robotics/build/dronehive/build install --record /home/samuel/EiRT-AscenD-Robotics/build/dronehive/install.log --single-version-externally-managed install_data
[11.411s] Level 1:colcon.colcon_core.environment:checking '/home/samuel/EiRT-AscenD-Robotics/install/dronehive' for CMake config files
[11.412s] Level 1:colcon.colcon_core.environment:checking '/home/samuel/EiRT-AscenD-Robotics/install/dronehive/lib'
[11.412s] Level 1:colcon.colcon_core.environment:checking '/home/samuel/EiRT-AscenD-Robotics/install/dronehive/bin'
[11.413s] Level 1:colcon.colcon_core.environment:checking '/home/samuel/EiRT-AscenD-Robotics/install/dronehive/lib/pkgconfig/dronehive.pc'
[11.413s] Level 1:colcon.colcon_core.environment:checking '/home/samuel/EiRT-AscenD-Robotics/install/dronehive/lib/python3.10/site-packages'
[11.413s] Level 1:colcon.colcon_core.shell:create_environment_hook('dronehive', 'pythonpath')
[11.413s] INFO:colcon.colcon_core.shell:Creating environment hook '/home/samuel/EiRT-AscenD-Robotics/install/dronehive/share/dronehive/hook/pythonpath.ps1'
[11.413s] INFO:colcon.colcon_core.shell:Creating environment descriptor '/home/samuel/EiRT-AscenD-Robotics/install/dronehive/share/dronehive/hook/pythonpath.dsv'
[11.414s] INFO:colcon.colcon_core.shell:Creating environment hook '/home/samuel/EiRT-AscenD-Robotics/install/dronehive/share/dronehive/hook/pythonpath.sh'
[11.415s] Level 1:colcon.colcon_core.environment:checking '/home/samuel/EiRT-AscenD-Robotics/install/dronehive/bin'
[11.415s] Level 1:colcon.colcon_core.environment:create_environment_scripts_only(dronehive)
[11.415s] INFO:colcon.colcon_core.shell:Creating package script '/home/samuel/EiRT-AscenD-Robotics/install/dronehive/share/dronehive/package.ps1'
[11.416s] INFO:colcon.colcon_core.shell:Creating package descriptor '/home/samuel/EiRT-AscenD-Robotics/install/dronehive/share/dronehive/package.dsv'
[11.416s] INFO:colcon.colcon_core.shell:Creating package script '/home/samuel/EiRT-AscenD-Robotics/install/dronehive/share/dronehive/package.sh'
[11.416s] INFO:colcon.colcon_core.shell:Creating package script '/home/samuel/EiRT-AscenD-Robotics/install/dronehive/share/dronehive/package.bash'
[11.416s] INFO:colcon.colcon_core.shell:Creating package script '/home/samuel/EiRT-AscenD-Robotics/install/dronehive/share/dronehive/package.zsh'
[11.417s] Level 1:colcon.colcon_core.environment:create_file_with_runtime_dependencies(/home/samuel/EiRT-AscenD-Robotics/install/dronehive/share/colcon-core/packages/dronehive)
[11.897s] DEBUG:colcon.colcon_core.event_handler.log_command:Invoked command in '/home/samuel/EiRT-AscenD-Robotics/build/hmi_backend' returned '0': AMENT_PREFIX_PATH=/home/samuel/EiRT-AscenD-Robotics/install/dronehive_interfaces:${AMENT_PREFIX_PATH} CMAKE_PREFIX_PATH=/home/samuel/EiRT-AscenD-Robotics/install/dronehive_interfaces:/home/samuel/EiRT-AscenD-Robotics/ros2_ws/install/hmi_backend:/home/samuel/EiRT-AscenD-Robotics/ros2_ws/install/hmi:/home/samuel/EiRT-AscenD-Robotics/ros2_ws/install/dronehive_interfaces:/home/samuel/EiRT-AscenD-Robotics/ros2_ws/install/dronehive:/opt/ros/humble LD_LIBRARY_PATH=/home/samuel/EiRT-AscenD-Robotics/install/dronehive_interfaces/lib:${LD_LIBRARY_PATH} PYTHONPATH=/home/samuel/EiRT-AscenD-Robotics/install/dronehive_interfaces/local/lib/python3.10/dist-packages:${PYTHONPATH} /usr/bin/cmake /home/samuel/EiRT-AscenD-Robotics/ros2_ws/src/hmi_backend -DCMAKE_INSTALL_PREFIX=/home/samuel/EiRT-AscenD-Robotics/install/hmi_backend
[11.898s] DEBUG:colcon.colcon_core.event_handler.log_command:Invoking command in '/home/samuel/EiRT-AscenD-Robotics/build/hmi_backend': AMENT_PREFIX_PATH=/home/samuel/EiRT-AscenD-Robotics/install/dronehive_interfaces:${AMENT_PREFIX_PATH} CMAKE_PREFIX_PATH=/home/samuel/EiRT-AscenD-Robotics/install/dronehive_interfaces:/home/samuel/EiRT-AscenD-Robotics/ros2_ws/install/hmi_backend:/home/samuel/EiRT-AscenD-Robotics/ros2_ws/install/hmi:/home/samuel/EiRT-AscenD-Robotics/ros2_ws/install/dronehive_interfaces:/home/samuel/EiRT-AscenD-Robotics/ros2_ws/install/dronehive:/opt/ros/humble LD_LIBRARY_PATH=/home/samuel/EiRT-AscenD-Robotics/install/dronehive_interfaces/lib:${LD_LIBRARY_PATH} PYTHONPATH=/home/samuel/EiRT-AscenD-Robotics/install/dronehive_interfaces/local/lib/python3.10/dist-packages:${PYTHONPATH} /usr/bin/cmake --build /home/samuel/EiRT-AscenD-Robotics/build/hmi_backend -- -j16 -l16
[11.920s] DEBUG:colcon.colcon_core.event_handler.log_command:Invoked command in '/home/samuel/EiRT-AscenD-Robotics/build/hmi' returned '0': AMENT_PREFIX_PATH=/home/samuel/EiRT-AscenD-Robotics/install/dronehive_interfaces:${AMENT_PREFIX_PATH} CMAKE_PREFIX_PATH=/home/samuel/EiRT-AscenD-Robotics/install/dronehive_interfaces:/home/samuel/EiRT-AscenD-Robotics/ros2_ws/install/hmi_backend:/home/samuel/EiRT-AscenD-Robotics/ros2_ws/install/hmi:/home/samuel/EiRT-AscenD-Robotics/ros2_ws/install/dronehive_interfaces:/home/samuel/EiRT-AscenD-Robotics/ros2_ws/install/dronehive:/opt/ros/humble LD_LIBRARY_PATH=/home/samuel/EiRT-AscenD-Robotics/install/dronehive_interfaces/lib:${LD_LIBRARY_PATH} PYTHONPATH=/home/samuel/EiRT-AscenD-Robotics/install/dronehive_interfaces/local/lib/python3.10/dist-packages:${PYTHONPATH} /usr/bin/cmake /home/samuel/EiRT-AscenD-Robotics/ros2_ws/src/hmi -DCMAKE_INSTALL_PREFIX=/home/samuel/EiRT-AscenD-Robotics/install/hmi
[11.921s] DEBUG:colcon.colcon_core.event_handler.log_command:Invoking command in '/home/samuel/EiRT-AscenD-Robotics/build/hmi': AMENT_PREFIX_PATH=/home/samuel/EiRT-AscenD-Robotics/install/dronehive_interfaces:${AMENT_PREFIX_PATH} CMAKE_PREFIX_PATH=/home/samuel/EiRT-AscenD-Robotics/install/dronehive_interfaces:/home/samuel/EiRT-AscenD-Robotics/ros2_ws/install/hmi_backend:/home/samuel/EiRT-AscenD-Robotics/ros2_ws/install/hmi:/home/samuel/EiRT-AscenD-Robotics/ros2_ws/install/dronehive_interfaces:/home/samuel/EiRT-AscenD-Robotics/ros2_ws/install/dronehive:/opt/ros/humble LD_LIBRARY_PATH=/home/samuel/EiRT-AscenD-Robotics/install/dronehive_interfaces/lib:${LD_LIBRARY_PATH} PYTHONPATH=/home/samuel/EiRT-AscenD-Robotics/install/dronehive_interfaces/local/lib/python3.10/dist-packages:${PYTHONPATH} /usr/bin/cmake --build /home/samuel/EiRT-AscenD-Robotics/build/hmi -- -j16 -l16
[26.897s] DEBUG:colcon.colcon_core.event_handler.log_command:Invoked command in '/home/samuel/EiRT-AscenD-Robotics/build/hmi_backend' returned '0': AMENT_PREFIX_PATH=/home/samuel/EiRT-AscenD-Robotics/install/dronehive_interfaces:${AMENT_PREFIX_PATH} CMAKE_PREFIX_PATH=/home/samuel/EiRT-AscenD-Robotics/install/dronehive_interfaces:/home/samuel/EiRT-AscenD-Robotics/ros2_ws/install/hmi_backend:/home/samuel/EiRT-AscenD-Robotics/ros2_ws/install/hmi:/home/samuel/EiRT-AscenD-Robotics/ros2_ws/install/dronehive_interfaces:/home/samuel/EiRT-AscenD-Robotics/ros2_ws/install/dronehive:/opt/ros/humble LD_LIBRARY_PATH=/home/samuel/EiRT-AscenD-Robotics/install/dronehive_interfaces/lib:${LD_LIBRARY_PATH} PYTHONPATH=/home/samuel/EiRT-AscenD-Robotics/install/dronehive_interfaces/local/lib/python3.10/dist-packages:${PYTHONPATH} /usr/bin/cmake --build /home/samuel/EiRT-AscenD-Robotics/build/hmi_backend -- -j16 -l16
[26.899s] DEBUG:colcon.colcon_core.event_handler.log_command:Invoking command in '/home/samuel/EiRT-AscenD-Robotics/build/hmi_backend': AMENT_PREFIX_PATH=/home/samuel/EiRT-AscenD-Robotics/install/dronehive_interfaces:${AMENT_PREFIX_PATH} CMAKE_PREFIX_PATH=/home/samuel/EiRT-AscenD-Robotics/install/dronehive_interfaces:/home/samuel/EiRT-AscenD-Robotics/ros2_ws/install/hmi_backend:/home/samuel/EiRT-AscenD-Robotics/ros2_ws/install/hmi:/home/samuel/EiRT-AscenD-Robotics/ros2_ws/install/dronehive_interfaces:/home/samuel/EiRT-AscenD-Robotics/ros2_ws/install/dronehive:/opt/ros/humble LD_LIBRARY_PATH=/home/samuel/EiRT-AscenD-Robotics/install/dronehive_interfaces/lib:${LD_LIBRARY_PATH} PYTHONPATH=/home/samuel/EiRT-AscenD-Robotics/install/dronehive_interfaces/local/lib/python3.10/dist-packages:${PYTHONPATH} /usr/bin/cmake --install /home/samuel/EiRT-AscenD-Robotics/build/hmi_backend
[26.919s] Level 1:colcon.colcon_core.environment:create_environment_scripts_only(hmi_backend)
[26.920s] Level 1:colcon.colcon_core.environment:checking '/home/samuel/EiRT-AscenD-Robotics/install/hmi_backend' for CMake module files
[26.920s] DEBUG:colcon.colcon_core.event_handler.log_command:Invoked command in '/home/samuel/EiRT-AscenD-Robotics/build/hmi_backend' returned '0': AMENT_PREFIX_PATH=/home/samuel/EiRT-AscenD-Robotics/install/dronehive_interfaces:${AMENT_PREFIX_PATH} CMAKE_PREFIX_PATH=/home/samuel/EiRT-AscenD-Robotics/install/dronehive_interfaces:/home/samuel/EiRT-AscenD-Robotics/ros2_ws/install/hmi_backend:/home/samuel/EiRT-AscenD-Robotics/ros2_ws/install/hmi:/home/samuel/EiRT-AscenD-Robotics/ros2_ws/install/dronehive_interfaces:/home/samuel/EiRT-AscenD-Robotics/ros2_ws/install/dronehive:/opt/ros/humble LD_LIBRARY_PATH=/home/samuel/EiRT-AscenD-Robotics/install/dronehive_interfaces/lib:${LD_LIBRARY_PATH} PYTHONPATH=/home/samuel/EiRT-AscenD-Robotics/install/dronehive_interfaces/local/lib/python3.10/dist-packages:${PYTHONPATH} /usr/bin/cmake --install /home/samuel/EiRT-AscenD-Robotics/build/hmi_backend
[26.920s] Level 1:colcon.colcon_core.environment:checking '/home/samuel/EiRT-AscenD-Robotics/install/hmi_backend' for CMake config files
[26.921s] Level 1:colcon.colcon_core.shell:create_environment_hook('hmi_backend', 'cmake_prefix_path')
[26.921s] INFO:colcon.colcon_core.shell:Creating environment hook '/home/samuel/EiRT-AscenD-Robotics/install/hmi_backend/share/hmi_backend/hook/cmake_prefix_path.ps1'
[26.921s] INFO:colcon.colcon_core.shell:Creating environment descriptor '/home/samuel/EiRT-AscenD-Robotics/install/hmi_backend/share/hmi_backend/hook/cmake_prefix_path.dsv'
[26.921s] INFO:colcon.colcon_core.shell:Creating environment hook '/home/samuel/EiRT-AscenD-Robotics/install/hmi_backend/share/hmi_backend/hook/cmake_prefix_path.sh'
[26.922s] Level 1:colcon.colcon_core.environment:checking '/home/samuel/EiRT-AscenD-Robotics/install/hmi_backend/lib'
[26.922s] Level 1:colcon.colcon_core.environment:checking '/home/samuel/EiRT-AscenD-Robotics/install/hmi_backend/bin'
[26.922s] Level 1:colcon.colcon_core.environment:checking '/home/samuel/EiRT-AscenD-Robotics/install/hmi_backend/lib/pkgconfig/hmi_backend.pc'
[26.922s] Level 1:colcon.colcon_core.environment:checking '/home/samuel/EiRT-AscenD-Robotics/install/hmi_backend/lib/python3.10/site-packages'
[26.922s] Level 1:colcon.colcon_core.environment:checking '/home/samuel/EiRT-AscenD-Robotics/install/hmi_backend/bin'
[26.922s] INFO:colcon.colcon_core.shell:Creating package script '/home/samuel/EiRT-AscenD-Robotics/install/hmi_backend/share/hmi_backend/package.ps1'
[26.923s] INFO:colcon.colcon_core.shell:Creating package descriptor '/home/samuel/EiRT-AscenD-Robotics/install/hmi_backend/share/hmi_backend/package.dsv'
[26.923s] INFO:colcon.colcon_core.shell:Creating package script '/home/samuel/EiRT-AscenD-Robotics/install/hmi_backend/share/hmi_backend/package.sh'
[26.923s] INFO:colcon.colcon_core.shell:Creating package script '/home/samuel/EiRT-AscenD-Robotics/install/hmi_backend/share/hmi_backend/package.bash'
[26.923s] INFO:colcon.colcon_core.shell:Creating package script '/home/samuel/EiRT-AscenD-Robotics/install/hmi_backend/share/hmi_backend/package.zsh'
[26.924s] Level 1:colcon.colcon_core.environment:create_file_with_runtime_dependencies(/home/samuel/EiRT-AscenD-Robotics/install/hmi_backend/share/colcon-core/packages/hmi_backend)
[26.924s] Level 1:colcon.colcon_core.environment:create_environment_scripts_only(hmi_backend)
[26.924s] Level 1:colcon.colcon_core.environment:checking '/home/samuel/EiRT-AscenD-Robotics/install/hmi_backend' for CMake module files
[26.924s] Level 1:colcon.colcon_core.environment:checking '/home/samuel/EiRT-AscenD-Robotics/install/hmi_backend' for CMake config files
[26.925s] Level 1:colcon.colcon_core.shell:create_environment_hook('hmi_backend', 'cmake_prefix_path')
[26.925s] INFO:colcon.colcon_core.shell:Creating environment hook '/home/samuel/EiRT-AscenD-Robotics/install/hmi_backend/share/hmi_backend/hook/cmake_prefix_path.ps1'
[26.925s] INFO:colcon.colcon_core.shell:Creating environment descriptor '/home/samuel/EiRT-AscenD-Robotics/install/hmi_backend/share/hmi_backend/hook/cmake_prefix_path.dsv'
[26.925s] INFO:colcon.colcon_core.shell:Creating environment hook '/home/samuel/EiRT-AscenD-Robotics/install/hmi_backend/share/hmi_backend/hook/cmake_prefix_path.sh'
[26.926s] Level 1:colcon.colcon_core.environment:checking '/home/samuel/EiRT-AscenD-Robotics/install/hmi_backend/lib'
[26.926s] Level 1:colcon.colcon_core.environment:checking '/home/samuel/EiRT-AscenD-Robotics/install/hmi_backend/bin'
[26.926s] Level 1:colcon.colcon_core.environment:checking '/home/samuel/EiRT-AscenD-Robotics/install/hmi_backend/lib/pkgconfig/hmi_backend.pc'
[26.926s] Level 1:colcon.colcon_core.environment:checking '/home/samuel/EiRT-AscenD-Robotics/install/hmi_backend/lib/python3.10/site-packages'
[26.926s] Level 1:colcon.colcon_core.environment:checking '/home/samuel/EiRT-AscenD-Robotics/install/hmi_backend/bin'
[26.926s] INFO:colcon.colcon_core.shell:Creating package script '/home/samuel/EiRT-AscenD-Robotics/install/hmi_backend/share/hmi_backend/package.ps1'
[26.926s] INFO:colcon.colcon_core.shell:Creating package descriptor '/home/samuel/EiRT-AscenD-Robotics/install/hmi_backend/share/hmi_backend/package.dsv'
[26.927s] INFO:colcon.colcon_core.shell:Creating package script '/home/samuel/EiRT-AscenD-Robotics/install/hmi_backend/share/hmi_backend/package.sh'
[26.927s] INFO:colcon.colcon_core.shell:Creating package script '/home/samuel/EiRT-AscenD-Robotics/install/hmi_backend/share/hmi_backend/package.bash'
[26.927s] INFO:colcon.colcon_core.shell:Creating package script '/home/samuel/EiRT-AscenD-Robotics/install/hmi_backend/share/hmi_backend/package.zsh'
[26.928s] Level 1:colcon.colcon_core.environment:create_file_with_runtime_dependencies(/home/samuel/EiRT-AscenD-Robotics/install/hmi_backend/share/colcon-core/packages/hmi_backend)
[28.071s] DEBUG:colcon.colcon_core.event_handler.log_command:Invoked command in '/home/samuel/EiRT-AscenD-Robotics/build/hmi' returned '0': AMENT_PREFIX_PATH=/home/samuel/EiRT-AscenD-Robotics/install/dronehive_interfaces:${AMENT_PREFIX_PATH} CMAKE_PREFIX_PATH=/home/samuel/EiRT-AscenD-Robotics/install/dronehive_interfaces:/home/samuel/EiRT-AscenD-Robotics/ros2_ws/install/hmi_backend:/home/samuel/EiRT-AscenD-Robotics/ros2_ws/install/hmi:/home/samuel/EiRT-AscenD-Robotics/ros2_ws/install/dronehive_interfaces:/home/samuel/EiRT-AscenD-Robotics/ros2_ws/install/dronehive:/opt/ros/humble LD_LIBRARY_PATH=/home/samuel/EiRT-AscenD-Robotics/install/dronehive_interfaces/lib:${LD_LIBRARY_PATH} PYTHONPATH=/home/samuel/EiRT-AscenD-Robotics/install/dronehive_interfaces/local/lib/python3.10/dist-packages:${PYTHONPATH} /usr/bin/cmake --build /home/samuel/EiRT-AscenD-Robotics/build/hmi -- -j16 -l16
[28.073s] DEBUG:colcon.colcon_core.event_handler.log_command:Invoking command in '/home/samuel/EiRT-AscenD-Robotics/build/hmi': AMENT_PREFIX_PATH=/home/samuel/EiRT-AscenD-Robotics/install/dronehive_interfaces:${AMENT_PREFIX_PATH} CMAKE_PREFIX_PATH=/home/samuel/EiRT-AscenD-Robotics/install/dronehive_interfaces:/home/samuel/EiRT-AscenD-Robotics/ros2_ws/install/hmi_backend:/home/samuel/EiRT-AscenD-Robotics/ros2_ws/install/hmi:/home/samuel/EiRT-AscenD-Robotics/ros2_ws/install/dronehive_interfaces:/home/samuel/EiRT-AscenD-Robotics/ros2_ws/install/dronehive:/opt/ros/humble LD_LIBRARY_PATH=/home/samuel/EiRT-AscenD-Robotics/install/dronehive_interfaces/lib:${LD_LIBRARY_PATH} PYTHONPATH=/home/samuel/EiRT-AscenD-Robotics/install/dronehive_interfaces/local/lib/python3.10/dist-packages:${PYTHONPATH} /usr/bin/cmake --install /home/samuel/EiRT-AscenD-Robotics/build/hmi
[28.092s] Level 1:colcon.colcon_core.environment:create_environment_scripts_only(hmi)
[28.093s] DEBUG:colcon.colcon_core.event_handler.log_command:Invoked command in '/home/samuel/EiRT-AscenD-Robotics/build/hmi' returned '0': AMENT_PREFIX_PATH=/home/samuel/EiRT-AscenD-Robotics/install/dronehive_interfaces:${AMENT_PREFIX_PATH} CMAKE_PREFIX_PATH=/home/samuel/EiRT-AscenD-Robotics/install/dronehive_interfaces:/home/samuel/EiRT-AscenD-Robotics/ros2_ws/install/hmi_backend:/home/samuel/EiRT-AscenD-Robotics/ros2_ws/install/hmi:/home/samuel/EiRT-AscenD-Robotics/ros2_ws/install/dronehive_interfaces:/home/samuel/EiRT-AscenD-Robotics/ros2_ws/install/dronehive:/opt/ros/humble LD_LIBRARY_PATH=/home/samuel/EiRT-AscenD-Robotics/install/dronehive_interfaces/lib:${LD_LIBRARY_PATH} PYTHONPATH=/home/samuel/EiRT-AscenD-Robotics/install/dronehive_interfaces/local/lib/python3.10/dist-packages:${PYTHONPATH} /usr/bin/cmake --install /home/samuel/EiRT-AscenD-Robotics/build/hmi
[28.093s] Level 1:colcon.colcon_core.environment:checking '/home/samuel/EiRT-AscenD-Robotics/install/hmi' for CMake module files
[28.093s] Level 1:colcon.colcon_core.environment:checking '/home/samuel/EiRT-AscenD-Robotics/install/hmi' for CMake config files
[28.093s] Level 1:colcon.colcon_core.shell:create_environment_hook('hmi', 'cmake_prefix_path')
[28.094s] INFO:colcon.colcon_core.shell:Creating environment hook '/home/samuel/EiRT-AscenD-Robotics/install/hmi/share/hmi/hook/cmake_prefix_path.ps1'
[28.094s] INFO:colcon.colcon_core.shell:Creating environment descriptor '/home/samuel/EiRT-AscenD-Robotics/install/hmi/share/hmi/hook/cmake_prefix_path.dsv'
[28.094s] INFO:colcon.colcon_core.shell:Creating environment hook '/home/samuel/EiRT-AscenD-Robotics/install/hmi/share/hmi/hook/cmake_prefix_path.sh'
[28.095s] Level 1:colcon.colcon_core.environment:checking '/home/samuel/EiRT-AscenD-Robotics/install/hmi/lib'
[28.095s] Level 1:colcon.colcon_core.environment:checking '/home/samuel/EiRT-AscenD-Robotics/install/hmi/bin'
[28.095s] Level 1:colcon.colcon_core.environment:checking '/home/samuel/EiRT-AscenD-Robotics/install/hmi/lib/pkgconfig/hmi.pc'
[28.095s] Level 1:colcon.colcon_core.environment:checking '/home/samuel/EiRT-AscenD-Robotics/install/hmi/lib/python3.10/site-packages'
[28.095s] Level 1:colcon.colcon_core.environment:checking '/home/samuel/EiRT-AscenD-Robotics/install/hmi/bin'
[28.095s] INFO:colcon.colcon_core.shell:Creating package script '/home/samuel/EiRT-AscenD-Robotics/install/hmi/share/hmi/package.ps1'
[28.096s] INFO:colcon.colcon_core.shell:Creating package descriptor '/home/samuel/EiRT-AscenD-Robotics/install/hmi/share/hmi/package.dsv'
[28.096s] INFO:colcon.colcon_core.shell:Creating package script '/home/samuel/EiRT-AscenD-Robotics/install/hmi/share/hmi/package.sh'
[28.096s] INFO:colcon.colcon_core.shell:Creating package script '/home/samuel/EiRT-AscenD-Robotics/install/hmi/share/hmi/package.bash'
[28.096s] INFO:colcon.colcon_core.shell:Creating package script '/home/samuel/EiRT-AscenD-Robotics/install/hmi/share/hmi/package.zsh'
[28.097s] Level 1:colcon.colcon_core.environment:create_file_with_runtime_dependencies(/home/samuel/EiRT-AscenD-Robotics/install/hmi/share/colcon-core/packages/hmi)
[28.097s] Level 1:colcon.colcon_core.environment:create_environment_scripts_only(hmi)
[28.097s] Level 1:colcon.colcon_core.environment:checking '/home/samuel/EiRT-AscenD-Robotics/install/hmi' for CMake module files
[28.097s] Level 1:colcon.colcon_core.environment:checking '/home/samuel/EiRT-AscenD-Robotics/install/hmi' for CMake config files
[28.098s] Level 1:colcon.colcon_core.shell:create_environment_hook('hmi', 'cmake_prefix_path')
[28.098s] INFO:colcon.colcon_core.shell:Creating environment hook '/home/samuel/EiRT-AscenD-Robotics/install/hmi/share/hmi/hook/cmake_prefix_path.ps1'
[28.098s] INFO:colcon.colcon_core.shell:Creating environment descriptor '/home/samuel/EiRT-AscenD-Robotics/install/hmi/share/hmi/hook/cmake_prefix_path.dsv'
[28.098s] INFO:colcon.colcon_core.shell:Creating environment hook '/home/samuel/EiRT-AscenD-Robotics/install/hmi/share/hmi/hook/cmake_prefix_path.sh'
[28.099s] Level 1:colcon.colcon_core.environment:checking '/home/samuel/EiRT-AscenD-Robotics/install/hmi/lib'
[28.099s] Level 1:colcon.colcon_core.environment:checking '/home/samuel/EiRT-AscenD-Robotics/install/hmi/bin'
[28.099s] Level 1:colcon.colcon_core.environment:checking '/home/samuel/EiRT-AscenD-Robotics/install/hmi/lib/pkgconfig/hmi.pc'
[28.099s] Level 1:colcon.colcon_core.environment:checking '/home/samuel/EiRT-AscenD-Robotics/install/hmi/lib/python3.10/site-packages'
[28.099s] Level 1:colcon.colcon_core.environment:checking '/home/samuel/EiRT-AscenD-Robotics/install/hmi/bin'
[28.099s] INFO:colcon.colcon_core.shell:Creating package script '/home/samuel/EiRT-AscenD-Robotics/install/hmi/share/hmi/package.ps1'
[28.099s] INFO:colcon.colcon_core.shell:Creating package descriptor '/home/samuel/EiRT-AscenD-Robotics/install/hmi/share/hmi/package.dsv'
[28.100s] INFO:colcon.colcon_core.shell:Creating package script '/home/samuel/EiRT-AscenD-Robotics/install/hmi/share/hmi/package.sh'
[28.100s] INFO:colcon.colcon_core.shell:Creating package script '/home/samuel/EiRT-AscenD-Robotics/install/hmi/share/hmi/package.bash'
[28.100s] INFO:colcon.colcon_core.shell:Creating package script '/home/samuel/EiRT-AscenD-Robotics/install/hmi/share/hmi/package.zsh'
[28.101s] Level 1:colcon.colcon_core.environment:create_file_with_runtime_dependencies(/home/samuel/EiRT-AscenD-Robotics/install/hmi/share/colcon-core/packages/hmi)
[28.101s] DEBUG:colcon.colcon_parallel_executor.executor.parallel:closing loop
[28.101s] DEBUG:colcon.colcon_parallel_executor.executor.parallel:loop closed
[28.101s] DEBUG:colcon.colcon_parallel_executor.executor.parallel:run_until_complete finished with '0'
[28.101s] DEBUG:colcon.colcon_core.event_reactor:joining thread
[28.105s] INFO:colcon.colcon_core.plugin_system:Skipping extension 'colcon_notification.desktop_notification.terminal_notifier': Not used on non-Darwin systems
[28.105s] INFO:colcon.colcon_core.plugin_system:Skipping extension 'colcon_notification.desktop_notification.win32': Not used on non-Windows systems
[28.105s] INFO:colcon.colcon_notification.desktop_notification:Sending desktop notification using 'notify2'
[28.115s] DEBUG:colcon.colcon_core.event_reactor:joined thread
[28.115s] INFO:colcon.colcon_core.shell:Creating prefix script '/home/samuel/EiRT-AscenD-Robotics/install/local_setup.ps1'
[28.116s] INFO:colcon.colcon_core.shell:Creating prefix util module '/home/samuel/EiRT-AscenD-Robotics/install/_local_setup_util_ps1.py'
[28.117s] INFO:colcon.colcon_core.shell:Creating prefix chain script '/home/samuel/EiRT-AscenD-Robotics/install/setup.ps1'
[28.118s] INFO:colcon.colcon_core.shell:Creating prefix script '/home/samuel/EiRT-AscenD-Robotics/install/local_setup.sh'
[28.118s] INFO:colcon.colcon_core.shell:Creating prefix util module '/home/samuel/EiRT-AscenD-Robotics/install/_local_setup_util_sh.py'
[28.118s] INFO:colcon.colcon_core.shell:Creating prefix chain script '/home/samuel/EiRT-AscenD-Robotics/install/setup.sh'
[28.119s] INFO:colcon.colcon_core.shell:Creating prefix script '/home/samuel/EiRT-AscenD-Robotics/install/local_setup.bash'
[28.120s] INFO:colcon.colcon_core.shell:Creating prefix chain script '/home/samuel/EiRT-AscenD-Robotics/install/setup.bash'
[28.120s] INFO:colcon.colcon_core.shell:Creating prefix script '/home/samuel/EiRT-AscenD-Robotics/install/local_setup.zsh'
[28.121s] INFO:colcon.colcon_core.shell:Creating prefix chain script '/home/samuel/EiRT-AscenD-Robotics/install/setup.zsh'
