[0.548s] Invoking command in '/home/samuel/EiRT-AscenD-Robotics/ros2_ws/src/dronehive': CMAKE_PREFIX_PATH=/home/samuel/EiRT-AscenD-Robotics/install/dronehive_interfaces:/home/samuel/EiRT-AscenD-Robotics/install/hmi_backend:/home/samuel/EiRT-AscenD-Robotics/install/hmi:/home/samuel/EiRT-AscenD-Robotics/ros2_ws/install/hmi_backend:/home/samuel/EiRT-AscenD-Robotics/ros2_ws/install/hmi:/home/samuel/EiRT-AscenD-Robotics/ros2_ws/install/dronehive_interfaces PYTHONPATH=/home/samuel/EiRT-AscenD-Robotics/build/dronehive/prefix_override:/usr/lib/python3/dist-packages/colcon_core/task/python/colcon_distutils_commands:/home/samuel/EiRT-AscenD-Robotics/install/dronehive/lib/python3.10/site-packages:${PYTHONPATH} /usr/bin/python3 -W ignore:setup.py install is deprecated -W ignore:easy_install command is deprecated setup.py egg_info --egg-base ../../../build/dronehive build --build-base /home/samuel/EiRT-AscenD-Robotics/build/dronehive/build install --record /home/samuel/EiRT-AscenD-Robotics/build/dronehive/install.log --single-version-externally-managed install_data
[0.747s] running egg_info
[0.747s] writing ../../../build/dronehive/dronehive.egg-info/PKG-INFO
[0.747s] writing dependency_links to ../../../build/dronehive/dronehive.egg-info/dependency_links.txt
[0.747s] writing entry points to ../../../build/dronehive/dronehive.egg-info/entry_points.txt
[0.747s] writing requirements to ../../../build/dronehive/dronehive.egg-info/requires.txt
[0.747s] writing top-level names to ../../../build/dronehive/dronehive.egg-info/top_level.txt
[0.750s] reading manifest file '../../../build/dronehive/dronehive.egg-info/SOURCES.txt'
[0.751s] writing manifest file '../../../build/dronehive/dronehive.egg-info/SOURCES.txt'
[0.751s] running build
[0.751s] running build_py
[0.752s] running install
[0.752s] running install_lib
[0.754s] running install_data
[0.754s] running install_egg_info
[0.756s] removing '/home/samuel/EiRT-AscenD-Robotics/install/dronehive/lib/python3.10/site-packages/dronehive-0.0.0-py3.10.egg-info' (and everything under it)
[0.756s] Copying ../../../build/dronehive/dronehive.egg-info to /home/samuel/EiRT-AscenD-Robotics/install/dronehive/lib/python3.10/site-packages/dronehive-0.0.0-py3.10.egg-info
[0.757s] running install_scripts
[0.773s] Installing box_node script to /home/samuel/EiRT-AscenD-Robotics/install/dronehive/lib/dronehive
[0.773s] Installing dummy_confirm script to /home/samuel/EiRT-AscenD-Robotics/install/dronehive/lib/dronehive
[0.773s] Installing dummy_drone script to /home/samuel/EiRT-AscenD-Robotics/install/dronehive/lib/dronehive
[0.773s] Installing slave_node script to /home/samuel/EiRT-AscenD-Robotics/install/dronehive/lib/dronehive
[0.774s] writing list of installed files to '/home/samuel/EiRT-AscenD-Robotics/build/dronehive/install.log'
[0.797s] Invoked command in '/home/samuel/EiRT-AscenD-Robotics/ros2_ws/src/dronehive' returned '0': CMAKE_PREFIX_PATH=/home/samuel/EiRT-AscenD-Robotics/install/dronehive_interfaces:/home/samuel/EiRT-AscenD-Robotics/install/hmi_backend:/home/samuel/EiRT-AscenD-Robotics/install/hmi:/home/samuel/EiRT-AscenD-Robotics/ros2_ws/install/hmi_backend:/home/samuel/EiRT-AscenD-Robotics/ros2_ws/install/hmi:/home/samuel/EiRT-AscenD-Robotics/ros2_ws/install/dronehive_interfaces PYTHONPATH=/home/samuel/EiRT-AscenD-Robotics/build/dronehive/prefix_override:/usr/lib/python3/dist-packages/colcon_core/task/python/colcon_distutils_commands:/home/samuel/EiRT-AscenD-Robotics/install/dronehive/lib/python3.10/site-packages:${PYTHONPATH} /usr/bin/python3 -W ignore:setup.py install is deprecated -W ignore:easy_install command is deprecated setup.py egg_info --egg-base ../../../build/dronehive build --build-base /home/samuel/EiRT-AscenD-Robotics/build/dronehive/build install --record /home/samuel/EiRT-AscenD-Robotics/build/dronehive/install.log --single-version-externally-managed install_data
