-- The C compiler identification is GNU 11.4.0
-- The CXX compiler identification is GNU 11.4.0
-- Detecting C compiler ABI info
-- Detecting C compiler ABI info - done
-- Check for working C compiler: /usr/bin/cc - skipped
-- Detecting C compile features
-- Detecting C compile features - done
-- Detecting CXX compiler ABI info
-- Detecting CXX compiler ABI info - done
-- Check for working CXX compiler: /usr/bin/c++ - skipped
-- Detecting CXX compile features
-- Detecting CXX compile features - done
-- Found ament_cmake: 1.3.12 (/opt/ros/humble/share/ament_cmake/cmake)
-- Found Python3: /usr/bin/python3 (found version "3.10.12") found components: Interpreter 
-- Found rclcpp: 16.0.14 (/opt/ros/humble/share/rclcpp/cmake)
-- Found rosidl_generator_c: 3.1.7 (/opt/ros/humble/share/rosidl_generator_c/cmake)
-- Found rosidl_adapter: 3.1.7 (/opt/ros/humble/share/rosidl_adapter/cmake)
-- Found rosidl_generator_cpp: 3.1.7 (/opt/ros/humble/share/rosidl_generator_cpp/cmake)
-- Using all available rosidl_typesupport_c: rosidl_typesupport_fastrtps_c;rosidl_typesupport_introspection_c
-- Using all available rosidl_typesupport_cpp: rosidl_typesupport_fastrtps_cpp;rosidl_typesupport_introspection_cpp
-- Found rmw_implementation_cmake: 6.1.2 (/opt/ros/humble/share/rmw_implementation_cmake/cmake)
-- Found rmw_fastrtps_cpp: 6.2.8 (/opt/ros/humble/share/rmw_fastrtps_cpp/cmake)
-- Found OpenSSL: /usr/lib/x86_64-linux-gnu/libcrypto.so (found version "3.0.2")  
-- Found FastRTPS: /opt/ros/humble/include  
-- Using RMW implementation 'rmw_fastrtps_cpp' as default
-- Looking for pthread.h
-- Looking for pthread.h - found
-- Performing Test CMAKE_HAVE_LIBC_PTHREAD
-- Performing Test CMAKE_HAVE_LIBC_PTHREAD - Success
-- Found Threads: TRUE  
-- Found ament_lint_auto: 0.12.14 (/opt/ros/humble/share/ament_lint_auto/cmake)
-- Added test 'cppcheck' to perform static code analysis on C / C++ code
-- Configured cppcheck include dirs: /home/samuel/EiRT-AscenD-Robotics/ros2_ws/src/hmi/include
-- Configured cppcheck exclude dirs and/or files: 
-- Added test 'flake8' to check Python code syntax and style conventions
-- Added test 'lint_cmake' to check CMake code style
-- Added test 'pep257' to check Python code against some of the docstring style conventions in PEP 257
-- Added test 'uncrustify' to check C / C++ code style
-- Configured uncrustify additional arguments: 
-- Added test 'xmllint' to check XML markup files
-- Configuring done
-- Generating done
-- Build files have been written to: /home/samuel/EiRT-AscenD-Robotics/build/hmi
[  7%] [34m[1mAutomatic MOC for target hmi[0m
[  7%] Built target hmi_autogen
[ 15%] [34m[1mGenerating qrc_resources.cpp[0m
[ 46%] [32mBuilding CXX object CMakeFiles/hmi.dir/hmi_autogen/mocs_compilation.cpp.o[0m
[ 46%] [32mBuilding CXX object CMakeFiles/hmi.dir/src/mainwindow.cpp.o[0m
[ 46%] [32mBuilding CXX object CMakeFiles/hmi.dir/src/drone.cpp.o[0m
[ 46%] [32mBuilding CXX object CMakeFiles/hmi.dir/src/slave_box.cpp.o[0m
[ 53%] [32mBuilding CXX object CMakeFiles/hmi.dir/src/backend_manager.cpp.o[0m
[ 61%] [32mBuilding CXX object CMakeFiles/hmi.dir/src/main.cpp.o[0m
[ 69%] [32mBuilding CXX object CMakeFiles/hmi.dir/qrc_resources.cpp.o[0m
[ 76%] [32mBuilding CXX object CMakeFiles/hmi.dir/src/box.cpp.o[0m
[ 84%] [32mBuilding CXX object CMakeFiles/hmi.dir/src/new_box_dialog.cpp.o[0m
[ 92%] [32mBuilding CXX object CMakeFiles/hmi.dir/src/master_box.cpp.o[0m
[100%] [32m[1mLinking CXX executable hmi[0m
[100%] Built target hmi
-- Install configuration: ""
-- Installing: /home/samuel/EiRT-AscenD-Robotics/install/hmi/share/hmi/presets
-- Installing: /home/samuel/EiRT-AscenD-Robotics/install/hmi/share/hmi/drone_configs
-- Installing: /home/samuel/EiRT-AscenD-Robotics/install/hmi/share/ament_index/resource_index/package_run_dependencies/hmi
-- Installing: /home/samuel/EiRT-AscenD-Robotics/install/hmi/share/ament_index/resource_index/parent_prefix_path/hmi
-- Installing: /home/samuel/EiRT-AscenD-Robotics/install/hmi/share/hmi/environment/ament_prefix_path.sh
-- Installing: /home/samuel/EiRT-AscenD-Robotics/install/hmi/share/hmi/environment/ament_prefix_path.dsv
-- Installing: /home/samuel/EiRT-AscenD-Robotics/install/hmi/share/hmi/environment/path.sh
-- Installing: /home/samuel/EiRT-AscenD-Robotics/install/hmi/share/hmi/environment/path.dsv
-- Installing: /home/samuel/EiRT-AscenD-Robotics/install/hmi/share/hmi/local_setup.bash
-- Installing: /home/samuel/EiRT-AscenD-Robotics/install/hmi/share/hmi/local_setup.sh
-- Installing: /home/samuel/EiRT-AscenD-Robotics/install/hmi/share/hmi/local_setup.zsh
-- Installing: /home/samuel/EiRT-AscenD-Robotics/install/hmi/share/hmi/local_setup.dsv
-- Installing: /home/samuel/EiRT-AscenD-Robotics/install/hmi/share/hmi/package.dsv
-- Installing: /home/samuel/EiRT-AscenD-Robotics/install/hmi/share/ament_index/resource_index/packages/hmi
-- Installing: /home/samuel/EiRT-AscenD-Robotics/install/hmi/share/hmi/cmake/hmiConfig.cmake
-- Installing: /home/samuel/EiRT-AscenD-Robotics/install/hmi/share/hmi/cmake/hmiConfig-version.cmake
-- Installing: /home/samuel/EiRT-AscenD-Robotics/install/hmi/share/hmi/package.xml
