[0.013s] Invoking command in '/home/magnus/AscenD/EiRT-AscenD-Robotics/ros2_ws/build/dronehive_interfaces': CMAKE_PREFIX_PATH=/opt/ros/humble /usr/bin/cmake /home/magnus/AscenD/EiRT-AscenD-Robotics/ros2_ws/src/dronehive_interfaces -DCMAKE_INSTALL_PREFIX=/home/magnus/AscenD/EiRT-AscenD-Robotics/ros2_ws/install/dronehive_interfaces
[0.030s] -- Found ament_cmake: 1.3.12 (/opt/ros/humble/share/ament_cmake/cmake)
[0.175s] -- Found rosidl_default_generators: 1.2.0 (/opt/ros/humble/share/rosidl_default_generators/cmake)
[0.176s] -- Using all available rosidl_typesupport_c: rosidl_typesupport_fastrtps_c;rosidl_typesupport_introspection_c
[0.179s] -- Found rosidl_adapter: 3.1.7 (/opt/ros/humble/share/rosidl_adapter/cmake)
[0.206s] -- Using all available rosidl_typesupport_cpp: rosidl_typesupport_fastrtps_cpp;rosidl_typesupport_introspection_cpp
[0.230s] -- Found ament_lint_auto: 0.12.14 (/opt/ros/humble/share/ament_lint_auto/cmake)
[0.504s] -- Found ament_cmake_ros: 0.10.0 (/opt/ros/humble/share/ament_cmake_ros/cmake)
[0.725s] -- Using all available rosidl_typesupport_c: rosidl_typesupport_fastrtps_c;rosidl_typesupport_introspection_c
[0.979s] -- Using all available rosidl_typesupport_cpp: rosidl_typesupport_fastrtps_cpp;rosidl_typesupport_introspection_cpp
[1.006s] -- Found PythonInterp: /usr/bin/python3 (found suitable version "3.10.12", minimum required is "3.6") 
[1.009s] -- Found python_cmake_module: 0.10.0 (/opt/ros/humble/share/python_cmake_module/cmake)
[1.049s] -- Found PythonLibs: /usr/lib/x86_64-linux-gnu/libpython3.10.so (found suitable version "3.10.12", minimum required is "3.5") 
[1.049s] -- Using PYTHON_EXECUTABLE: /usr/bin/python3
[1.049s] -- Using PYTHON_INCLUDE_DIRS: /usr/include/python3.10
[1.049s] -- Using PYTHON_LIBRARIES: /usr/lib/x86_64-linux-gnu/libpython3.10.so
[1.070s] -- Found PythonExtra: .so  
[1.113s] -- Added test 'lint_cmake' to check CMake code style
[1.116s] -- Added test 'xmllint' to check XML markup files
[1.128s] -- Configuring done
[1.159s] -- Generating done
[1.169s] -- Build files have been written to: /home/magnus/AscenD/EiRT-AscenD-Robotics/ros2_ws/build/dronehive_interfaces
[1.182s] Invoked command in '/home/magnus/AscenD/EiRT-AscenD-Robotics/ros2_ws/build/dronehive_interfaces' returned '0': CMAKE_PREFIX_PATH=/opt/ros/humble /usr/bin/cmake /home/magnus/AscenD/EiRT-AscenD-Robotics/ros2_ws/src/dronehive_interfaces -DCMAKE_INSTALL_PREFIX=/home/magnus/AscenD/EiRT-AscenD-Robotics/ros2_ws/install/dronehive_interfaces
[1.186s] Invoking command in '/home/magnus/AscenD/EiRT-AscenD-Robotics/ros2_ws/build/dronehive_interfaces': CMAKE_PREFIX_PATH=/opt/ros/humble /usr/bin/cmake --build /home/magnus/AscenD/EiRT-AscenD-Robotics/ros2_ws/build/dronehive_interfaces -- -j12 -l12
[1.240s] [  3%] [34m[1mGenerating C code for ROS interfaces[0m
[1.252s] [  6%] [34m[1mGenerating C++ code for ROS interfaces[0m
[1.265s] [  6%] Built target ament_cmake_python_copy_dronehive_interfaces
[1.522s] running egg_info
[1.523s] creating dronehive_interfaces.egg-info
[1.523s] writing dronehive_interfaces.egg-info/PKG-INFO
[1.523s] writing dependency_links to dronehive_interfaces.egg-info/dependency_links.txt
[1.523s] writing top-level names to dronehive_interfaces.egg-info/top_level.txt
[1.523s] writing manifest file 'dronehive_interfaces.egg-info/SOURCES.txt'
[1.533s] reading manifest file 'dronehive_interfaces.egg-info/SOURCES.txt'
[1.534s] writing manifest file 'dronehive_interfaces.egg-info/SOURCES.txt'
[1.580s] [  6%] Built target dronehive_interfaces__cpp
[1.593s] [ 12%] [34m[1mGenerating C++ introspection for ROS interfaces[0m
[1.593s] [ 12%] [34m[1mGenerating C++ type support for eProsima Fast-RTPS[0m
[1.596s] [ 16%] [34m[1mGenerating C++ type support dispatch for ROS interfaces[0m
[1.607s] [ 19%] [32mBuilding C object CMakeFiles/dronehive_interfaces__rosidl_generator_c.dir/rosidl_generator_c/dronehive_interfaces/srv/detail/occupancy_service__functions.c.o[0m
[1.634s] [ 19%] Built target ament_cmake_python_build_dronehive_interfaces_egg
[1.744s] [ 22%] [32m[1mLinking C shared library libdronehive_interfaces__rosidl_generator_c.so[0m
[1.792s] [ 22%] Built target dronehive_interfaces__rosidl_generator_c
[1.806s] [ 25%] [34m[1mGenerating C introspection for ROS interfaces[0m
[1.806s] [ 32%] [34m[1mGenerating C type support dispatch for ROS interfaces[0m
[1.806s] [ 32%] [34m[1mGenerating C type support for eProsima Fast-RTPS[0m
[1.885s] [ 35%] [32mBuilding CXX object CMakeFiles/dronehive_interfaces__rosidl_typesupport_cpp.dir/rosidl_typesupport_cpp/dronehive_interfaces/srv/occupancy_service__type_support.cpp.o[0m
[1.905s] [ 38%] [32mBuilding CXX object CMakeFiles/dronehive_interfaces__rosidl_typesupport_introspection_cpp.dir/rosidl_typesupport_introspection_cpp/dronehive_interfaces/srv/detail/occupancy_service__type_support.cpp.o[0m
[1.936s] [ 41%] [32mBuilding CXX object CMakeFiles/dronehive_interfaces__rosidl_typesupport_fastrtps_cpp.dir/rosidl_typesupport_fastrtps_cpp/dronehive_interfaces/srv/detail/dds_fastrtps/occupancy_service__type_support.cpp.o[0m
[2.102s] [ 45%] [32mBuilding CXX object CMakeFiles/dronehive_interfaces__rosidl_typesupport_c.dir/rosidl_typesupport_c/dronehive_interfaces/srv/occupancy_service__type_support.cpp.o[0m
[2.154s] [ 48%] [32m[1mLinking CXX shared library libdronehive_interfaces__rosidl_typesupport_c.so[0m
[2.157s] [ 51%] [32mBuilding C object CMakeFiles/dronehive_interfaces__rosidl_typesupport_introspection_c.dir/rosidl_typesupport_introspection_c/dronehive_interfaces/srv/detail/occupancy_service__type_support.c.o[0m
[2.157s] [ 54%] [32mBuilding CXX object CMakeFiles/dronehive_interfaces__rosidl_typesupport_fastrtps_c.dir/rosidl_typesupport_fastrtps_c/dronehive_interfaces/srv/detail/occupancy_service__type_support_c.cpp.o[0m
[2.211s] [ 58%] [32m[1mLinking C shared library libdronehive_interfaces__rosidl_typesupport_introspection_c.so[0m
[2.214s] [ 58%] Built target dronehive_interfaces__rosidl_typesupport_c
[2.259s] [ 58%] Built target dronehive_interfaces__rosidl_typesupport_introspection_c
[2.271s] [ 61%] [32m[1mLinking CXX shared library libdronehive_interfaces__rosidl_typesupport_cpp.so[0m
[2.327s] [ 61%] Built target dronehive_interfaces__rosidl_typesupport_cpp
[2.397s] [ 64%] [32m[1mLinking CXX shared library libdronehive_interfaces__rosidl_typesupport_introspection_cpp.so[0m
[2.433s] [ 67%] [32m[1mLinking CXX shared library libdronehive_interfaces__rosidl_typesupport_fastrtps_cpp.so[0m
[2.482s] [ 67%] Built target dronehive_interfaces__rosidl_typesupport_introspection_cpp
[2.511s] [ 70%] [32m[1mLinking CXX shared library libdronehive_interfaces__rosidl_typesupport_fastrtps_c.so[0m
[2.538s] [ 70%] Built target dronehive_interfaces__rosidl_typesupport_fastrtps_cpp
[2.606s] [ 70%] Built target dronehive_interfaces__rosidl_typesupport_fastrtps_c
[2.629s] [ 70%] Built target dronehive_interfaces
[2.652s] [ 74%] [34m[1mGenerating Python code for ROS interfaces[0m
[2.960s] [ 74%] Built target dronehive_interfaces__py
[2.981s] [ 77%] [32mBuilding C object CMakeFiles/dronehive_interfaces__rosidl_generator_py.dir/rosidl_generator_py/dronehive_interfaces/srv/_occupancy_service_s.c.o[0m
[3.159s] [ 80%] [32m[1mLinking C shared library rosidl_generator_py/dronehive_interfaces/libdronehive_interfaces__rosidl_generator_py.so[0m
[3.207s] [ 80%] Built target dronehive_interfaces__rosidl_generator_py
[3.231s] [ 90%] [32mBuilding C object CMakeFiles/dronehive_interfaces__rosidl_typesupport_fastrtps_c__pyext.dir/rosidl_generator_py/dronehive_interfaces/_dronehive_interfaces_s.ep.rosidl_typesupport_fastrtps_c.c.o[0m
[3.232s] [ 90%] [32mBuilding C object CMakeFiles/dronehive_interfaces__rosidl_typesupport_c__pyext.dir/rosidl_generator_py/dronehive_interfaces/_dronehive_interfaces_s.ep.rosidl_typesupport_c.c.o[0m
[3.232s] [ 90%] [32mBuilding C object CMakeFiles/dronehive_interfaces__rosidl_typesupport_introspection_c__pyext.dir/rosidl_generator_py/dronehive_interfaces/_dronehive_interfaces_s.ep.rosidl_typesupport_introspection_c.c.o[0m
[3.319s] [ 93%] [32m[1mLinking C shared library rosidl_generator_py/dronehive_interfaces/dronehive_interfaces_s__rosidl_typesupport_c.cpython-310-x86_64-linux-gnu.so[0m
[3.319s] [ 96%] [32m[1mLinking C shared library rosidl_generator_py/dronehive_interfaces/dronehive_interfaces_s__rosidl_typesupport_introspection_c.cpython-310-x86_64-linux-gnu.so[0m
[3.325s] [100%] [32m[1mLinking C shared library rosidl_generator_py/dronehive_interfaces/dronehive_interfaces_s__rosidl_typesupport_fastrtps_c.cpython-310-x86_64-linux-gnu.so[0m
[3.355s] [100%] Built target dronehive_interfaces__rosidl_typesupport_introspection_c__pyext
[3.356s] [100%] Built target dronehive_interfaces__rosidl_typesupport_c__pyext
[3.367s] [100%] Built target dronehive_interfaces__rosidl_typesupport_fastrtps_c__pyext
[3.381s] Invoked command in '/home/magnus/AscenD/EiRT-AscenD-Robotics/ros2_ws/build/dronehive_interfaces' returned '0': CMAKE_PREFIX_PATH=/opt/ros/humble /usr/bin/cmake --build /home/magnus/AscenD/EiRT-AscenD-Robotics/ros2_ws/build/dronehive_interfaces -- -j12 -l12
[3.392s] Invoking command in '/home/magnus/AscenD/EiRT-AscenD-Robotics/ros2_ws/build/dronehive_interfaces': CMAKE_PREFIX_PATH=/opt/ros/humble /usr/bin/cmake --install /home/magnus/AscenD/EiRT-AscenD-Robotics/ros2_ws/build/dronehive_interfaces
[3.401s] -- Install configuration: ""
[3.402s] -- Installing: /home/magnus/AscenD/EiRT-AscenD-Robotics/ros2_ws/install/dronehive_interfaces/share/ament_index/resource_index/rosidl_interfaces/dronehive_interfaces
[3.402s] -- Installing: /home/magnus/AscenD/EiRT-AscenD-Robotics/ros2_ws/install/dronehive_interfaces/include/dronehive_interfaces/dronehive_interfaces
[3.402s] -- Installing: /home/magnus/AscenD/EiRT-AscenD-Robotics/ros2_ws/install/dronehive_interfaces/include/dronehive_interfaces/dronehive_interfaces/srv
[3.402s] -- Installing: /home/magnus/AscenD/EiRT-AscenD-Robotics/ros2_ws/install/dronehive_interfaces/include/dronehive_interfaces/dronehive_interfaces/srv/occupancy_service.h
[3.402s] -- Installing: /home/magnus/AscenD/EiRT-AscenD-Robotics/ros2_ws/install/dronehive_interfaces/include/dronehive_interfaces/dronehive_interfaces/srv/detail
[3.403s] -- Installing: /home/magnus/AscenD/EiRT-AscenD-Robotics/ros2_ws/install/dronehive_interfaces/include/dronehive_interfaces/dronehive_interfaces/srv/detail/occupancy_service__functions.h
[3.403s] -- Installing: /home/magnus/AscenD/EiRT-AscenD-Robotics/ros2_ws/install/dronehive_interfaces/include/dronehive_interfaces/dronehive_interfaces/srv/detail/occupancy_service__struct.h
[3.403s] -- Installing: /home/magnus/AscenD/EiRT-AscenD-Robotics/ros2_ws/install/dronehive_interfaces/include/dronehive_interfaces/dronehive_interfaces/srv/detail/occupancy_service__type_support.h
[3.403s] -- Installing: /home/magnus/AscenD/EiRT-AscenD-Robotics/ros2_ws/install/dronehive_interfaces/include/dronehive_interfaces/dronehive_interfaces/srv/detail/occupancy_service__functions.c
[3.403s] -- Installing: /home/magnus/AscenD/EiRT-AscenD-Robotics/ros2_ws/install/dronehive_interfaces/include/dronehive_interfaces/dronehive_interfaces/msg
[3.403s] -- Installing: /home/magnus/AscenD/EiRT-AscenD-Robotics/ros2_ws/install/dronehive_interfaces/include/dronehive_interfaces/dronehive_interfaces/msg/rosidl_generator_c__visibility_control.h
[3.404s] -- Installing: /home/magnus/AscenD/EiRT-AscenD-Robotics/ros2_ws/install/dronehive_interfaces/share/dronehive_interfaces/environment/library_path.sh
[3.404s] -- Installing: /home/magnus/AscenD/EiRT-AscenD-Robotics/ros2_ws/install/dronehive_interfaces/share/dronehive_interfaces/environment/library_path.dsv
[3.404s] -- Installing: /home/magnus/AscenD/EiRT-AscenD-Robotics/ros2_ws/install/dronehive_interfaces/lib/libdronehive_interfaces__rosidl_generator_c.so
[3.404s] -- Set runtime path of "/home/magnus/AscenD/EiRT-AscenD-Robotics/ros2_ws/install/dronehive_interfaces/lib/libdronehive_interfaces__rosidl_generator_c.so" to ""
[3.404s] -- Up-to-date: /home/magnus/AscenD/EiRT-AscenD-Robotics/ros2_ws/install/dronehive_interfaces/include/dronehive_interfaces/dronehive_interfaces
[3.405s] -- Up-to-date: /home/magnus/AscenD/EiRT-AscenD-Robotics/ros2_ws/install/dronehive_interfaces/include/dronehive_interfaces/dronehive_interfaces/srv
[3.405s] -- Up-to-date: /home/magnus/AscenD/EiRT-AscenD-Robotics/ros2_ws/install/dronehive_interfaces/include/dronehive_interfaces/dronehive_interfaces/srv/detail
[3.405s] -- Installing: /home/magnus/AscenD/EiRT-AscenD-Robotics/ros2_ws/install/dronehive_interfaces/include/dronehive_interfaces/dronehive_interfaces/srv/detail/occupancy_service__rosidl_typesupport_fastrtps_c.h
[3.405s] -- Up-to-date: /home/magnus/AscenD/EiRT-AscenD-Robotics/ros2_ws/install/dronehive_interfaces/include/dronehive_interfaces/dronehive_interfaces/msg
[3.405s] -- Installing: /home/magnus/AscenD/EiRT-AscenD-Robotics/ros2_ws/install/dronehive_interfaces/include/dronehive_interfaces/dronehive_interfaces/msg/rosidl_typesupport_fastrtps_c__visibility_control.h
[3.405s] -- Installing: /home/magnus/AscenD/EiRT-AscenD-Robotics/ros2_ws/install/dronehive_interfaces/lib/libdronehive_interfaces__rosidl_typesupport_fastrtps_c.so
[3.405s] -- Set runtime path of "/home/magnus/AscenD/EiRT-AscenD-Robotics/ros2_ws/install/dronehive_interfaces/lib/libdronehive_interfaces__rosidl_typesupport_fastrtps_c.so" to ""
[3.405s] -- Up-to-date: /home/magnus/AscenD/EiRT-AscenD-Robotics/ros2_ws/install/dronehive_interfaces/include/dronehive_interfaces/dronehive_interfaces
[3.405s] -- Up-to-date: /home/magnus/AscenD/EiRT-AscenD-Robotics/ros2_ws/install/dronehive_interfaces/include/dronehive_interfaces/dronehive_interfaces/srv
[3.405s] -- Up-to-date: /home/magnus/AscenD/EiRT-AscenD-Robotics/ros2_ws/install/dronehive_interfaces/include/dronehive_interfaces/dronehive_interfaces/srv/detail
[3.405s] -- Installing: /home/magnus/AscenD/EiRT-AscenD-Robotics/ros2_ws/install/dronehive_interfaces/include/dronehive_interfaces/dronehive_interfaces/srv/detail/occupancy_service__type_support.c
[3.405s] -- Installing: /home/magnus/AscenD/EiRT-AscenD-Robotics/ros2_ws/install/dronehive_interfaces/include/dronehive_interfaces/dronehive_interfaces/srv/detail/occupancy_service__rosidl_typesupport_introspection_c.h
[3.405s] -- Up-to-date: /home/magnus/AscenD/EiRT-AscenD-Robotics/ros2_ws/install/dronehive_interfaces/include/dronehive_interfaces/dronehive_interfaces/msg
[3.405s] -- Installing: /home/magnus/AscenD/EiRT-AscenD-Robotics/ros2_ws/install/dronehive_interfaces/include/dronehive_interfaces/dronehive_interfaces/msg/rosidl_typesupport_introspection_c__visibility_control.h
[3.405s] -- Installing: /home/magnus/AscenD/EiRT-AscenD-Robotics/ros2_ws/install/dronehive_interfaces/lib/libdronehive_interfaces__rosidl_typesupport_introspection_c.so
[3.405s] -- Set runtime path of "/home/magnus/AscenD/EiRT-AscenD-Robotics/ros2_ws/install/dronehive_interfaces/lib/libdronehive_interfaces__rosidl_typesupport_introspection_c.so" to ""
[3.405s] -- Installing: /home/magnus/AscenD/EiRT-AscenD-Robotics/ros2_ws/install/dronehive_interfaces/lib/libdronehive_interfaces__rosidl_typesupport_c.so
[3.406s] -- Set runtime path of "/home/magnus/AscenD/EiRT-AscenD-Robotics/ros2_ws/install/dronehive_interfaces/lib/libdronehive_interfaces__rosidl_typesupport_c.so" to ""
[3.406s] -- Up-to-date: /home/magnus/AscenD/EiRT-AscenD-Robotics/ros2_ws/install/dronehive_interfaces/include/dronehive_interfaces/dronehive_interfaces
[3.406s] -- Up-to-date: /home/magnus/AscenD/EiRT-AscenD-Robotics/ros2_ws/install/dronehive_interfaces/include/dronehive_interfaces/dronehive_interfaces/srv
[3.406s] -- Installing: /home/magnus/AscenD/EiRT-AscenD-Robotics/ros2_ws/install/dronehive_interfaces/include/dronehive_interfaces/dronehive_interfaces/srv/occupancy_service.hpp
[3.406s] -- Up-to-date: /home/magnus/AscenD/EiRT-AscenD-Robotics/ros2_ws/install/dronehive_interfaces/include/dronehive_interfaces/dronehive_interfaces/srv/detail
[3.406s] -- Installing: /home/magnus/AscenD/EiRT-AscenD-Robotics/ros2_ws/install/dronehive_interfaces/include/dronehive_interfaces/dronehive_interfaces/srv/detail/occupancy_service__builder.hpp
[3.406s] -- Installing: /home/magnus/AscenD/EiRT-AscenD-Robotics/ros2_ws/install/dronehive_interfaces/include/dronehive_interfaces/dronehive_interfaces/srv/detail/occupancy_service__traits.hpp
[3.406s] -- Installing: /home/magnus/AscenD/EiRT-AscenD-Robotics/ros2_ws/install/dronehive_interfaces/include/dronehive_interfaces/dronehive_interfaces/srv/detail/occupancy_service__type_support.hpp
[3.406s] -- Installing: /home/magnus/AscenD/EiRT-AscenD-Robotics/ros2_ws/install/dronehive_interfaces/include/dronehive_interfaces/dronehive_interfaces/srv/detail/occupancy_service__struct.hpp
[3.406s] -- Up-to-date: /home/magnus/AscenD/EiRT-AscenD-Robotics/ros2_ws/install/dronehive_interfaces/include/dronehive_interfaces/dronehive_interfaces/msg
[3.407s] -- Installing: /home/magnus/AscenD/EiRT-AscenD-Robotics/ros2_ws/install/dronehive_interfaces/include/dronehive_interfaces/dronehive_interfaces/msg/rosidl_generator_cpp__visibility_control.hpp
[3.407s] -- Up-to-date: /home/magnus/AscenD/EiRT-AscenD-Robotics/ros2_ws/install/dronehive_interfaces/include/dronehive_interfaces/dronehive_interfaces
[3.407s] -- Up-to-date: /home/magnus/AscenD/EiRT-AscenD-Robotics/ros2_ws/install/dronehive_interfaces/include/dronehive_interfaces/dronehive_interfaces/srv
[3.407s] -- Up-to-date: /home/magnus/AscenD/EiRT-AscenD-Robotics/ros2_ws/install/dronehive_interfaces/include/dronehive_interfaces/dronehive_interfaces/srv/detail
[3.407s] -- Installing: /home/magnus/AscenD/EiRT-AscenD-Robotics/ros2_ws/install/dronehive_interfaces/include/dronehive_interfaces/dronehive_interfaces/srv/detail/dds_fastrtps
[3.407s] -- Installing: /home/magnus/AscenD/EiRT-AscenD-Robotics/ros2_ws/install/dronehive_interfaces/include/dronehive_interfaces/dronehive_interfaces/srv/detail/occupancy_service__rosidl_typesupport_fastrtps_cpp.hpp
[3.407s] -- Up-to-date: /home/magnus/AscenD/EiRT-AscenD-Robotics/ros2_ws/install/dronehive_interfaces/include/dronehive_interfaces/dronehive_interfaces/msg
[3.407s] -- Installing: /home/magnus/AscenD/EiRT-AscenD-Robotics/ros2_ws/install/dronehive_interfaces/include/dronehive_interfaces/dronehive_interfaces/msg/rosidl_typesupport_fastrtps_cpp__visibility_control.h
[3.407s] -- Installing: /home/magnus/AscenD/EiRT-AscenD-Robotics/ros2_ws/install/dronehive_interfaces/lib/libdronehive_interfaces__rosidl_typesupport_fastrtps_cpp.so
[3.408s] -- Set runtime path of "/home/magnus/AscenD/EiRT-AscenD-Robotics/ros2_ws/install/dronehive_interfaces/lib/libdronehive_interfaces__rosidl_typesupport_fastrtps_cpp.so" to ""
[3.408s] -- Up-to-date: /home/magnus/AscenD/EiRT-AscenD-Robotics/ros2_ws/install/dronehive_interfaces/include/dronehive_interfaces/dronehive_interfaces
[3.408s] -- Up-to-date: /home/magnus/AscenD/EiRT-AscenD-Robotics/ros2_ws/install/dronehive_interfaces/include/dronehive_interfaces/dronehive_interfaces/srv
[3.408s] -- Up-to-date: /home/magnus/AscenD/EiRT-AscenD-Robotics/ros2_ws/install/dronehive_interfaces/include/dronehive_interfaces/dronehive_interfaces/srv/detail
[3.408s] -- Installing: /home/magnus/AscenD/EiRT-AscenD-Robotics/ros2_ws/install/dronehive_interfaces/include/dronehive_interfaces/dronehive_interfaces/srv/detail/occupancy_service__type_support.cpp
[3.408s] -- Installing: /home/magnus/AscenD/EiRT-AscenD-Robotics/ros2_ws/install/dronehive_interfaces/include/dronehive_interfaces/dronehive_interfaces/srv/detail/occupancy_service__rosidl_typesupport_introspection_cpp.hpp
[3.408s] -- Installing: /home/magnus/AscenD/EiRT-AscenD-Robotics/ros2_ws/install/dronehive_interfaces/lib/libdronehive_interfaces__rosidl_typesupport_introspection_cpp.so
[3.408s] -- Set runtime path of "/home/magnus/AscenD/EiRT-AscenD-Robotics/ros2_ws/install/dronehive_interfaces/lib/libdronehive_interfaces__rosidl_typesupport_introspection_cpp.so" to ""
[3.408s] -- Installing: /home/magnus/AscenD/EiRT-AscenD-Robotics/ros2_ws/install/dronehive_interfaces/lib/libdronehive_interfaces__rosidl_typesupport_cpp.so
[3.409s] -- Set runtime path of "/home/magnus/AscenD/EiRT-AscenD-Robotics/ros2_ws/install/dronehive_interfaces/lib/libdronehive_interfaces__rosidl_typesupport_cpp.so" to ""
[3.409s] -- Installing: /home/magnus/AscenD/EiRT-AscenD-Robotics/ros2_ws/install/dronehive_interfaces/share/dronehive_interfaces/environment/pythonpath.sh
[3.409s] -- Installing: /home/magnus/AscenD/EiRT-AscenD-Robotics/ros2_ws/install/dronehive_interfaces/share/dronehive_interfaces/environment/pythonpath.dsv
[3.409s] -- Installing: /home/magnus/AscenD/EiRT-AscenD-Robotics/ros2_ws/install/dronehive_interfaces/local/lib/python3.10/dist-packages/dronehive_interfaces-0.0.0-py3.10.egg-info
[3.409s] -- Installing: /home/magnus/AscenD/EiRT-AscenD-Robotics/ros2_ws/install/dronehive_interfaces/local/lib/python3.10/dist-packages/dronehive_interfaces-0.0.0-py3.10.egg-info/PKG-INFO
[3.410s] -- Installing: /home/magnus/AscenD/EiRT-AscenD-Robotics/ros2_ws/install/dronehive_interfaces/local/lib/python3.10/dist-packages/dronehive_interfaces-0.0.0-py3.10.egg-info/SOURCES.txt
[3.410s] -- Installing: /home/magnus/AscenD/EiRT-AscenD-Robotics/ros2_ws/install/dronehive_interfaces/local/lib/python3.10/dist-packages/dronehive_interfaces-0.0.0-py3.10.egg-info/dependency_links.txt
[3.410s] -- Installing: /home/magnus/AscenD/EiRT-AscenD-Robotics/ros2_ws/install/dronehive_interfaces/local/lib/python3.10/dist-packages/dronehive_interfaces-0.0.0-py3.10.egg-info/top_level.txt
[3.410s] -- Installing: /home/magnus/AscenD/EiRT-AscenD-Robotics/ros2_ws/install/dronehive_interfaces/local/lib/python3.10/dist-packages/dronehive_interfaces
[3.410s] -- Installing: /home/magnus/AscenD/EiRT-AscenD-Robotics/ros2_ws/install/dronehive_interfaces/local/lib/python3.10/dist-packages/dronehive_interfaces/_dronehive_interfaces_s.ep.rosidl_typesupport_c.c
[3.410s] -- Installing: /home/magnus/AscenD/EiRT-AscenD-Robotics/ros2_ws/install/dronehive_interfaces/local/lib/python3.10/dist-packages/dronehive_interfaces/libdronehive_interfaces__rosidl_generator_py.so
[3.410s] -- Installing: /home/magnus/AscenD/EiRT-AscenD-Robotics/ros2_ws/install/dronehive_interfaces/local/lib/python3.10/dist-packages/dronehive_interfaces/dronehive_interfaces_s__rosidl_typesupport_fastrtps_c.cpython-310-x86_64-linux-gnu.so
[3.410s] -- Installing: /home/magnus/AscenD/EiRT-AscenD-Robotics/ros2_ws/install/dronehive_interfaces/local/lib/python3.10/dist-packages/dronehive_interfaces/dronehive_interfaces_s__rosidl_typesupport_c.cpython-310-x86_64-linux-gnu.so
[3.411s] -- Installing: /home/magnus/AscenD/EiRT-AscenD-Robotics/ros2_ws/install/dronehive_interfaces/local/lib/python3.10/dist-packages/dronehive_interfaces/__init__.py
[3.411s] -- Installing: /home/magnus/AscenD/EiRT-AscenD-Robotics/ros2_ws/install/dronehive_interfaces/local/lib/python3.10/dist-packages/dronehive_interfaces/srv
[3.411s] -- Installing: /home/magnus/AscenD/EiRT-AscenD-Robotics/ros2_ws/install/dronehive_interfaces/local/lib/python3.10/dist-packages/dronehive_interfaces/srv/__init__.py
[3.411s] -- Installing: /home/magnus/AscenD/EiRT-AscenD-Robotics/ros2_ws/install/dronehive_interfaces/local/lib/python3.10/dist-packages/dronehive_interfaces/srv/_occupancy_service_s.c
[3.411s] -- Installing: /home/magnus/AscenD/EiRT-AscenD-Robotics/ros2_ws/install/dronehive_interfaces/local/lib/python3.10/dist-packages/dronehive_interfaces/srv/_occupancy_service.py
[3.411s] -- Installing: /home/magnus/AscenD/EiRT-AscenD-Robotics/ros2_ws/install/dronehive_interfaces/local/lib/python3.10/dist-packages/dronehive_interfaces/dronehive_interfaces_s__rosidl_typesupport_introspection_c.cpython-310-x86_64-linux-gnu.so
[3.411s] -- Installing: /home/magnus/AscenD/EiRT-AscenD-Robotics/ros2_ws/install/dronehive_interfaces/local/lib/python3.10/dist-packages/dronehive_interfaces/_dronehive_interfaces_s.ep.rosidl_typesupport_fastrtps_c.c
[3.412s] -- Installing: /home/magnus/AscenD/EiRT-AscenD-Robotics/ros2_ws/install/dronehive_interfaces/local/lib/python3.10/dist-packages/dronehive_interfaces/_dronehive_interfaces_s.ep.rosidl_typesupport_introspection_c.c
[3.444s] Listing '/home/magnus/AscenD/EiRT-AscenD-Robotics/ros2_ws/install/dronehive_interfaces/local/lib/python3.10/dist-packages/dronehive_interfaces'...
[3.444s] Compiling '/home/magnus/AscenD/EiRT-AscenD-Robotics/ros2_ws/install/dronehive_interfaces/local/lib/python3.10/dist-packages/dronehive_interfaces/__init__.py'...
[3.444s] Listing '/home/magnus/AscenD/EiRT-AscenD-Robotics/ros2_ws/install/dronehive_interfaces/local/lib/python3.10/dist-packages/dronehive_interfaces/srv'...
[3.444s] Compiling '/home/magnus/AscenD/EiRT-AscenD-Robotics/ros2_ws/install/dronehive_interfaces/local/lib/python3.10/dist-packages/dronehive_interfaces/srv/__init__.py'...
[3.444s] Compiling '/home/magnus/AscenD/EiRT-AscenD-Robotics/ros2_ws/install/dronehive_interfaces/local/lib/python3.10/dist-packages/dronehive_interfaces/srv/_occupancy_service.py'...
[3.449s] -- Installing: /home/magnus/AscenD/EiRT-AscenD-Robotics/ros2_ws/install/dronehive_interfaces/local/lib/python3.10/dist-packages/dronehive_interfaces/dronehive_interfaces_s__rosidl_typesupport_fastrtps_c.cpython-310-x86_64-linux-gnu.so
[3.449s] -- Set runtime path of "/home/magnus/AscenD/EiRT-AscenD-Robotics/ros2_ws/install/dronehive_interfaces/local/lib/python3.10/dist-packages/dronehive_interfaces/dronehive_interfaces_s__rosidl_typesupport_fastrtps_c.cpython-310-x86_64-linux-gnu.so" to ""
[3.450s] -- Installing: /home/magnus/AscenD/EiRT-AscenD-Robotics/ros2_ws/install/dronehive_interfaces/local/lib/python3.10/dist-packages/dronehive_interfaces/dronehive_interfaces_s__rosidl_typesupport_introspection_c.cpython-310-x86_64-linux-gnu.so
[3.451s] -- Set runtime path of "/home/magnus/AscenD/EiRT-AscenD-Robotics/ros2_ws/install/dronehive_interfaces/local/lib/python3.10/dist-packages/dronehive_interfaces/dronehive_interfaces_s__rosidl_typesupport_introspection_c.cpython-310-x86_64-linux-gnu.so" to ""
[3.451s] -- Installing: /home/magnus/AscenD/EiRT-AscenD-Robotics/ros2_ws/install/dronehive_interfaces/local/lib/python3.10/dist-packages/dronehive_interfaces/dronehive_interfaces_s__rosidl_typesupport_c.cpython-310-x86_64-linux-gnu.so
[3.452s] -- Set runtime path of "/home/magnus/AscenD/EiRT-AscenD-Robotics/ros2_ws/install/dronehive_interfaces/local/lib/python3.10/dist-packages/dronehive_interfaces/dronehive_interfaces_s__rosidl_typesupport_c.cpython-310-x86_64-linux-gnu.so" to ""
[3.452s] -- Installing: /home/magnus/AscenD/EiRT-AscenD-Robotics/ros2_ws/install/dronehive_interfaces/lib/libdronehive_interfaces__rosidl_generator_py.so
[3.452s] -- Set runtime path of "/home/magnus/AscenD/EiRT-AscenD-Robotics/ros2_ws/install/dronehive_interfaces/lib/libdronehive_interfaces__rosidl_generator_py.so" to ""
[3.452s] -- Installing: /home/magnus/AscenD/EiRT-AscenD-Robotics/ros2_ws/install/dronehive_interfaces/share/dronehive_interfaces/srv/OccupancyService.idl
[3.452s] -- Installing: /home/magnus/AscenD/EiRT-AscenD-Robotics/ros2_ws/install/dronehive_interfaces/share/dronehive_interfaces/srv/OccupancyService.srv
[3.453s] -- Installing: /home/magnus/AscenD/EiRT-AscenD-Robotics/ros2_ws/install/dronehive_interfaces/share/dronehive_interfaces/srv/OccupancyService_Request.msg
[3.453s] -- Installing: /home/magnus/AscenD/EiRT-AscenD-Robotics/ros2_ws/install/dronehive_interfaces/share/dronehive_interfaces/srv/OccupancyService_Response.msg
[3.453s] -- Installing: /home/magnus/AscenD/EiRT-AscenD-Robotics/ros2_ws/install/dronehive_interfaces/share/ament_index/resource_index/package_run_dependencies/dronehive_interfaces
[3.453s] -- Installing: /home/magnus/AscenD/EiRT-AscenD-Robotics/ros2_ws/install/dronehive_interfaces/share/ament_index/resource_index/parent_prefix_path/dronehive_interfaces
[3.453s] -- Installing: /home/magnus/AscenD/EiRT-AscenD-Robotics/ros2_ws/install/dronehive_interfaces/share/dronehive_interfaces/environment/ament_prefix_path.sh
[3.453s] -- Installing: /home/magnus/AscenD/EiRT-AscenD-Robotics/ros2_ws/install/dronehive_interfaces/share/dronehive_interfaces/environment/ament_prefix_path.dsv
[3.453s] -- Installing: /home/magnus/AscenD/EiRT-AscenD-Robotics/ros2_ws/install/dronehive_interfaces/share/dronehive_interfaces/environment/path.sh
[3.454s] -- Installing: /home/magnus/AscenD/EiRT-AscenD-Robotics/ros2_ws/install/dronehive_interfaces/share/dronehive_interfaces/environment/path.dsv
[3.454s] -- Installing: /home/magnus/AscenD/EiRT-AscenD-Robotics/ros2_ws/install/dronehive_interfaces/share/dronehive_interfaces/local_setup.bash
[3.454s] -- Installing: /home/magnus/AscenD/EiRT-AscenD-Robotics/ros2_ws/install/dronehive_interfaces/share/dronehive_interfaces/local_setup.sh
[3.454s] -- Installing: /home/magnus/AscenD/EiRT-AscenD-Robotics/ros2_ws/install/dronehive_interfaces/share/dronehive_interfaces/local_setup.zsh
[3.454s] -- Installing: /home/magnus/AscenD/EiRT-AscenD-Robotics/ros2_ws/install/dronehive_interfaces/share/dronehive_interfaces/local_setup.dsv
[3.454s] -- Installing: /home/magnus/AscenD/EiRT-AscenD-Robotics/ros2_ws/install/dronehive_interfaces/share/dronehive_interfaces/package.dsv
[3.455s] -- Installing: /home/magnus/AscenD/EiRT-AscenD-Robotics/ros2_ws/install/dronehive_interfaces/share/ament_index/resource_index/packages/dronehive_interfaces
[3.455s] -- Installing: /home/magnus/AscenD/EiRT-AscenD-Robotics/ros2_ws/install/dronehive_interfaces/share/dronehive_interfaces/cmake/export_dronehive_interfaces__rosidl_generator_cExport.cmake
[3.455s] -- Installing: /home/magnus/AscenD/EiRT-AscenD-Robotics/ros2_ws/install/dronehive_interfaces/share/dronehive_interfaces/cmake/export_dronehive_interfaces__rosidl_generator_cExport-noconfig.cmake
[3.455s] -- Installing: /home/magnus/AscenD/EiRT-AscenD-Robotics/ros2_ws/install/dronehive_interfaces/share/dronehive_interfaces/cmake/export_dronehive_interfaces__rosidl_typesupport_fastrtps_cExport.cmake
[3.455s] -- Installing: /home/magnus/AscenD/EiRT-AscenD-Robotics/ros2_ws/install/dronehive_interfaces/share/dronehive_interfaces/cmake/export_dronehive_interfaces__rosidl_typesupport_fastrtps_cExport-noconfig.cmake
[3.455s] -- Installing: /home/magnus/AscenD/EiRT-AscenD-Robotics/ros2_ws/install/dronehive_interfaces/share/dronehive_interfaces/cmake/dronehive_interfaces__rosidl_typesupport_introspection_cExport.cmake
[3.456s] -- Installing: /home/magnus/AscenD/EiRT-AscenD-Robotics/ros2_ws/install/dronehive_interfaces/share/dronehive_interfaces/cmake/dronehive_interfaces__rosidl_typesupport_introspection_cExport-noconfig.cmake
[3.456s] -- Installing: /home/magnus/AscenD/EiRT-AscenD-Robotics/ros2_ws/install/dronehive_interfaces/share/dronehive_interfaces/cmake/dronehive_interfaces__rosidl_typesupport_cExport.cmake
[3.456s] -- Installing: /home/magnus/AscenD/EiRT-AscenD-Robotics/ros2_ws/install/dronehive_interfaces/share/dronehive_interfaces/cmake/dronehive_interfaces__rosidl_typesupport_cExport-noconfig.cmake
[3.456s] -- Installing: /home/magnus/AscenD/EiRT-AscenD-Robotics/ros2_ws/install/dronehive_interfaces/share/dronehive_interfaces/cmake/export_dronehive_interfaces__rosidl_generator_cppExport.cmake
[3.456s] -- Installing: /home/magnus/AscenD/EiRT-AscenD-Robotics/ros2_ws/install/dronehive_interfaces/share/dronehive_interfaces/cmake/export_dronehive_interfaces__rosidl_typesupport_fastrtps_cppExport.cmake
[3.456s] -- Installing: /home/magnus/AscenD/EiRT-AscenD-Robotics/ros2_ws/install/dronehive_interfaces/share/dronehive_interfaces/cmake/export_dronehive_interfaces__rosidl_typesupport_fastrtps_cppExport-noconfig.cmake
[3.457s] -- Installing: /home/magnus/AscenD/EiRT-AscenD-Robotics/ros2_ws/install/dronehive_interfaces/share/dronehive_interfaces/cmake/dronehive_interfaces__rosidl_typesupport_introspection_cppExport.cmake
[3.457s] -- Installing: /home/magnus/AscenD/EiRT-AscenD-Robotics/ros2_ws/install/dronehive_interfaces/share/dronehive_interfaces/cmake/dronehive_interfaces__rosidl_typesupport_introspection_cppExport-noconfig.cmake
[3.457s] -- Installing: /home/magnus/AscenD/EiRT-AscenD-Robotics/ros2_ws/install/dronehive_interfaces/share/dronehive_interfaces/cmake/dronehive_interfaces__rosidl_typesupport_cppExport.cmake
[3.457s] -- Installing: /home/magnus/AscenD/EiRT-AscenD-Robotics/ros2_ws/install/dronehive_interfaces/share/dronehive_interfaces/cmake/dronehive_interfaces__rosidl_typesupport_cppExport-noconfig.cmake
[3.457s] -- Installing: /home/magnus/AscenD/EiRT-AscenD-Robotics/ros2_ws/install/dronehive_interfaces/share/dronehive_interfaces/cmake/export_dronehive_interfaces__rosidl_generator_pyExport.cmake
[3.457s] -- Installing: /home/magnus/AscenD/EiRT-AscenD-Robotics/ros2_ws/install/dronehive_interfaces/share/dronehive_interfaces/cmake/export_dronehive_interfaces__rosidl_generator_pyExport-noconfig.cmake
[3.458s] -- Installing: /home/magnus/AscenD/EiRT-AscenD-Robotics/ros2_ws/install/dronehive_interfaces/share/dronehive_interfaces/cmake/rosidl_cmake-extras.cmake
[3.458s] -- Installing: /home/magnus/AscenD/EiRT-AscenD-Robotics/ros2_ws/install/dronehive_interfaces/share/dronehive_interfaces/cmake/ament_cmake_export_include_directories-extras.cmake
[3.458s] -- Installing: /home/magnus/AscenD/EiRT-AscenD-Robotics/ros2_ws/install/dronehive_interfaces/share/dronehive_interfaces/cmake/ament_cmake_export_libraries-extras.cmake
[3.458s] -- Installing: /home/magnus/AscenD/EiRT-AscenD-Robotics/ros2_ws/install/dronehive_interfaces/share/dronehive_interfaces/cmake/ament_cmake_export_targets-extras.cmake
[3.458s] -- Installing: /home/magnus/AscenD/EiRT-AscenD-Robotics/ros2_ws/install/dronehive_interfaces/share/dronehive_interfaces/cmake/rosidl_cmake_export_typesupport_targets-extras.cmake
[3.458s] -- Installing: /home/magnus/AscenD/EiRT-AscenD-Robotics/ros2_ws/install/dronehive_interfaces/share/dronehive_interfaces/cmake/ament_cmake_export_dependencies-extras.cmake
[3.458s] -- Installing: /home/magnus/AscenD/EiRT-AscenD-Robotics/ros2_ws/install/dronehive_interfaces/share/dronehive_interfaces/cmake/rosidl_cmake_export_typesupport_libraries-extras.cmake
[3.459s] -- Installing: /home/magnus/AscenD/EiRT-AscenD-Robotics/ros2_ws/install/dronehive_interfaces/share/dronehive_interfaces/cmake/dronehive_interfacesConfig.cmake
[3.459s] -- Installing: /home/magnus/AscenD/EiRT-AscenD-Robotics/ros2_ws/install/dronehive_interfaces/share/dronehive_interfaces/cmake/dronehive_interfacesConfig-version.cmake
[3.459s] -- Installing: /home/magnus/AscenD/EiRT-AscenD-Robotics/ros2_ws/install/dronehive_interfaces/share/dronehive_interfaces/package.xml
[3.462s] Invoked command in '/home/magnus/AscenD/EiRT-AscenD-Robotics/ros2_ws/build/dronehive_interfaces' returned '0': CMAKE_PREFIX_PATH=/opt/ros/humble /usr/bin/cmake --install /home/magnus/AscenD/EiRT-AscenD-Robotics/ros2_ws/build/dronehive_interfaces
