running egg_info
writing ../../build/dronehive/dronehive.egg-info/PKG-INFO
writing dependency_links to ../../build/dronehive/dronehive.egg-info/dependency_links.txt
writing entry points to ../../build/dronehive/dronehive.egg-info/entry_points.txt
writing requirements to ../../build/dronehive/dronehive.egg-info/requires.txt
writing top-level names to ../../build/dronehive/dronehive.egg-info/top_level.txt
reading manifest file '../../build/dronehive/dronehive.egg-info/SOURCES.txt'
writing manifest file '../../build/dronehive/dronehive.egg-info/SOURCES.txt'
running build
running build_py
copying dronehive/slave_box/slave.py -> /home/fljv/sim/EiRT-AscenD-Robotics/ros2_ws/build/dronehive/build/lib/dronehive/slave_box
copying dronehive/master_box/master.py -> /home/fljv/sim/EiRT-AscenD-Robotics/ros2_ws/build/dronehive/build/lib/dronehive/master_box
running install
running install_lib
copying /home/fljv/sim/EiRT-AscenD-Robotics/ros2_ws/build/dronehive/build/lib/dronehive/slave_box/slave.py -> /home/fljv/sim/EiRT-AscenD-Robotics/ros2_ws/install/dronehive/lib/python3.10/site-packages/dronehive/slave_box
copying /home/fljv/sim/EiRT-AscenD-Robotics/ros2_ws/build/dronehive/build/lib/dronehive/master_box/master.py -> /home/fljv/sim/EiRT-AscenD-Robotics/ros2_ws/install/dronehive/lib/python3.10/site-packages/dronehive/master_box
byte-compiling /home/fljv/sim/EiRT-AscenD-Robotics/ros2_ws/install/dronehive/lib/python3.10/site-packages/dronehive/slave_box/slave.py to slave.cpython-310.pyc
byte-compiling /home/fljv/sim/EiRT-AscenD-Robotics/ros2_ws/install/dronehive/lib/python3.10/site-packages/dronehive/master_box/master.py to master.cpython-310.pyc
running install_data
running install_egg_info
removing '/home/fljv/sim/EiRT-AscenD-Robotics/ros2_ws/install/dronehive/lib/python3.10/site-packages/dronehive-0.0.0-py3.10.egg-info' (and everything under it)
Copying ../../build/dronehive/dronehive.egg-info to /home/fljv/sim/EiRT-AscenD-Robotics/ros2_ws/install/dronehive/lib/python3.10/site-packages/dronehive-0.0.0-py3.10.egg-info
running install_scripts
Installing box_node script to /home/fljv/sim/EiRT-AscenD-Robotics/ros2_ws/install/dronehive/lib/dronehive
Installing dummy_confirm script to /home/fljv/sim/EiRT-AscenD-Robotics/ros2_ws/install/dronehive/lib/dronehive
Installing dummy_drone script to /home/fljv/sim/EiRT-AscenD-Robotics/ros2_ws/install/dronehive/lib/dronehive
Installing offboard script to /home/fljv/sim/EiRT-AscenD-Robotics/ros2_ws/install/dronehive/lib/dronehive
Installing slave_node script to /home/fljv/sim/EiRT-AscenD-Robotics/ros2_ws/install/dronehive/lib/dronehive
writing list of installed files to '/home/fljv/sim/EiRT-AscenD-Robotics/ros2_ws/build/dronehive/install.log'
