[0.425s] Invoking command in '/home/fljv/Desktop/new/off_b/EiRT-AscenD-Robotics/ros2_ws/src/dronehive': PYTHONPATH=/home/fljv/Desktop/new/off_b/EiRT-AscenD-Robotics/ros2_ws/build/dronehive/prefix_override:/usr/lib/python3/dist-packages/colcon_core/task/python/colcon_distutils_commands:/home/fljv/Desktop/new/off_b/EiRT-AscenD-Robotics/ros2_ws/install/dronehive/lib/python3.10/site-packages:${PYTHONPATH} /usr/bin/python3 -W ignore:setup.py install is deprecated -W ignore:easy_install command is deprecated setup.py egg_info --egg-base ../../build/dronehive build --build-base /home/fljv/Desktop/new/off_b/EiRT-AscenD-Robotics/ros2_ws/build/dronehive/build install --record /home/fljv/Desktop/new/off_b/EiRT-AscenD-Robotics/ros2_ws/build/dronehive/install.log --single-version-externally-managed install_data
[0.582s] running egg_info
[0.582s] writing ../../build/dronehive/dronehive.egg-info/PKG-INFO
[0.583s] writing dependency_links to ../../build/dronehive/dronehive.egg-info/dependency_links.txt
[0.583s] writing entry points to ../../build/dronehive/dronehive.egg-info/entry_points.txt
[0.583s] writing requirements to ../../build/dronehive/dronehive.egg-info/requires.txt
[0.583s] writing top-level names to ../../build/dronehive/dronehive.egg-info/top_level.txt
[0.584s] reading manifest file '../../build/dronehive/dronehive.egg-info/SOURCES.txt'
[0.597s] writing manifest file '../../build/dronehive/dronehive.egg-info/SOURCES.txt'
[0.597s] running build
[0.597s] running build_py
[0.598s] running install
[0.598s] running install_lib
[0.599s] running install_data
[0.599s] running install_egg_info
[0.600s] removing '/home/fljv/Desktop/new/off_b/EiRT-AscenD-Robotics/ros2_ws/install/dronehive/lib/python3.10/site-packages/dronehive-0.0.0-py3.10.egg-info' (and everything under it)
[0.601s] Copying ../../build/dronehive/dronehive.egg-info to /home/fljv/Desktop/new/off_b/EiRT-AscenD-Robotics/ros2_ws/install/dronehive/lib/python3.10/site-packages/dronehive-0.0.0-py3.10.egg-info
[0.602s] running install_scripts
[0.615s] Installing box_node script to /home/fljv/Desktop/new/off_b/EiRT-AscenD-Robotics/ros2_ws/install/dronehive/lib/dronehive
[0.615s] Installing dummy_confirm script to /home/fljv/Desktop/new/off_b/EiRT-AscenD-Robotics/ros2_ws/install/dronehive/lib/dronehive
[0.615s] Installing dummy_drone script to /home/fljv/Desktop/new/off_b/EiRT-AscenD-Robotics/ros2_ws/install/dronehive/lib/dronehive
[0.615s] Installing dynamixel script to /home/fljv/Desktop/new/off_b/EiRT-AscenD-Robotics/ros2_ws/install/dronehive/lib/dronehive
[0.616s] Installing slave_node script to /home/fljv/Desktop/new/off_b/EiRT-AscenD-Robotics/ros2_ws/install/dronehive/lib/dronehive
[0.616s] writing list of installed files to '/home/fljv/Desktop/new/off_b/EiRT-AscenD-Robotics/ros2_ws/build/dronehive/install.log'
[0.632s] Invoked command in '/home/fljv/Desktop/new/off_b/EiRT-AscenD-Robotics/ros2_ws/src/dronehive' returned '0': PYTHONPATH=/home/fljv/Desktop/new/off_b/EiRT-AscenD-Robotics/ros2_ws/build/dronehive/prefix_override:/usr/lib/python3/dist-packages/colcon_core/task/python/colcon_distutils_commands:/home/fljv/Desktop/new/off_b/EiRT-AscenD-Robotics/ros2_ws/install/dronehive/lib/python3.10/site-packages:${PYTHONPATH} /usr/bin/python3 -W ignore:setup.py install is deprecated -W ignore:easy_install command is deprecated setup.py egg_info --egg-base ../../build/dronehive build --build-base /home/fljv/Desktop/new/off_b/EiRT-AscenD-Robotics/ros2_ws/build/dronehive/build install --record /home/fljv/Desktop/new/off_b/EiRT-AscenD-Robotics/ros2_ws/build/dronehive/install.log --single-version-externally-managed install_data
