[0.008s] Invoking command in '/home/samuel/EiRT-AscenD-Robotics/ros2_ws/src/hmi/build/hmi': CMAKE_PREFIX_PATH=/opt/ros/humble /usr/bin/cmake /home/samuel/EiRT-AscenD-Robotics/ros2_ws/src/hmi -DCMAKE_INSTALL_PREFIX=/home/samuel/EiRT-AscenD-Robotics/ros2_ws/src/hmi/install/hmi
[0.092s] -- The C compiler identification is GNU 11.4.0
[0.159s] -- The CXX compiler identification is GNU 11.4.0
[0.169s] -- Detecting C compiler ABI info
[0.234s] -- Detecting C compiler ABI info - done
[0.239s] -- Check for working C compiler: /usr/bin/cc - skipped
[0.240s] -- Detecting C compile features
[0.240s] -- Detecting C compile features - done
[0.243s] -- Detecting CXX compiler ABI info
[0.316s] -- Detecting CXX compiler ABI info - done
[0.322s] -- Check for working CXX compiler: /usr/bin/c++ - skipped
[0.322s] -- Detecting CXX compile features
[0.322s] -- Detecting CXX compile features - done
[0.325s] -- Found ament_cmake: 1.3.12 (/opt/ros/humble/share/ament_cmake/cmake)
[0.449s] -- Found Python3: /usr/bin/python3 (found version "3.10.12") found components: Interpreter 
[0.525s] -- Found rclcpp: 16.0.14 (/opt/ros/humble/share/rclcpp/cmake)
[0.564s] -- Found rosidl_generator_c: 3.1.7 (/opt/ros/humble/share/rosidl_generator_c/cmake)
[0.568s] -- Found rosidl_adapter: 3.1.7 (/opt/ros/humble/share/rosidl_adapter/cmake)
[0.576s] -- Found rosidl_generator_cpp: 3.1.7 (/opt/ros/humble/share/rosidl_generator_cpp/cmake)
[0.587s] -- Using all available rosidl_typesupport_c: rosidl_typesupport_fastrtps_c;rosidl_typesupport_introspection_c
[0.601s] -- Using all available rosidl_typesupport_cpp: rosidl_typesupport_fastrtps_cpp;rosidl_typesupport_introspection_cpp
[0.641s] -- Found rmw_implementation_cmake: 6.1.2 (/opt/ros/humble/share/rmw_implementation_cmake/cmake)
[0.644s] -- Found rmw_fastrtps_cpp: 6.2.8 (/opt/ros/humble/share/rmw_fastrtps_cpp/cmake)
[0.733s] -- Found OpenSSL: /usr/lib/x86_64-linux-gnu/libcrypto.so (found version "3.0.2")  
[0.757s] -- Found FastRTPS: /opt/ros/humble/include  
[0.794s] -- Using RMW implementation 'rmw_fastrtps_cpp' as default
[0.803s] -- Looking for pthread.h
[0.869s] -- Looking for pthread.h - found
[0.869s] -- Performing Test CMAKE_HAVE_LIBC_PTHREAD
[0.941s] -- Performing Test CMAKE_HAVE_LIBC_PTHREAD - Success
[0.942s] -- Found Threads: TRUE  
[1.003s] -- Found ament_lint_auto: 0.12.14 (/opt/ros/humble/share/ament_lint_auto/cmake)
[1.072s] -- Added test 'cppcheck' to perform static code analysis on C / C++ code
[1.073s] -- Configured cppcheck include dirs: /home/samuel/EiRT-AscenD-Robotics/ros2_ws/src/hmi/include
[1.073s] -- Configured cppcheck exclude dirs and/or files: 
[1.074s] -- Added test 'flake8' to check Python code syntax and style conventions
[1.076s] -- Added test 'lint_cmake' to check CMake code style
[1.077s] -- Added test 'pep257' to check Python code against some of the docstring style conventions in PEP 257
[1.083s] -- Added test 'uncrustify' to check C / C++ code style
[1.083s] -- Configured uncrustify additional arguments: 
[1.084s] -- Added test 'xmllint' to check XML markup files
[1.085s] -- Configuring done
[1.111s] -- Generating done
[1.114s] -- Build files have been written to: /home/samuel/EiRT-AscenD-Robotics/ros2_ws/src/hmi/build/hmi
[1.124s] Invoked command in '/home/samuel/EiRT-AscenD-Robotics/ros2_ws/src/hmi/build/hmi' returned '0': CMAKE_PREFIX_PATH=/opt/ros/humble /usr/bin/cmake /home/samuel/EiRT-AscenD-Robotics/ros2_ws/src/hmi -DCMAKE_INSTALL_PREFIX=/home/samuel/EiRT-AscenD-Robotics/ros2_ws/src/hmi/install/hmi
[1.126s] Invoking command in '/home/samuel/EiRT-AscenD-Robotics/ros2_ws/src/hmi/build/hmi': CMAKE_PREFIX_PATH=/opt/ros/humble /usr/bin/cmake --build /home/samuel/EiRT-AscenD-Robotics/ros2_ws/src/hmi/build/hmi -- -j16 -l16
[1.174s] [ 20%] [34m[1mAutomatic MOC for target hmi[0m
[1.430s] [ 20%] Built target hmi_autogen
[1.448s] [ 60%] [32mBuilding CXX object CMakeFiles/hmi.dir/src/main.cpp.o[0m
[1.448s] [ 60%] [32mBuilding CXX object CMakeFiles/hmi.dir/hmi_autogen/mocs_compilation.cpp.o[0m
[1.449s] [ 80%] [32mBuilding CXX object CMakeFiles/hmi.dir/src/mainwindow.cpp.o[0m
[3.746s] [01m[K/home/samuel/EiRT-AscenD-Robotics/ros2_ws/src/hmi/src/mainwindow.cpp:[m[K In constructor ‘[01m[KMainWindow::MainWindow(QWidget*)[m[K’:
[3.746s] [01m[K/home/samuel/EiRT-AscenD-Robotics/ros2_ws/src/hmi/src/mainwindow.cpp:16:10:[m[K [01;35m[Kwarning: [m[Kvariable ‘[01m[Ktimer_callback[m[K’ set but not used [[01;35m[K]8;;https://gcc.gnu.org/onlinedocs/gcc/Warning-Options.html#index-Wunused-but-set-variable-Wunused-but-set-variable]8;;[m[K]
[3.746s]    16 |     auto [01;35m[Ktimer_callback[m[K = [this]() {
[3.746s]       |          [01;35m[K^~~~~~~~~~~~~~[m[K
[5.388s] [100%] [32m[1mLinking CXX executable hmi[0m
[5.863s] [100%] Built target hmi
[5.873s] Invoked command in '/home/samuel/EiRT-AscenD-Robotics/ros2_ws/src/hmi/build/hmi' returned '0': CMAKE_PREFIX_PATH=/opt/ros/humble /usr/bin/cmake --build /home/samuel/EiRT-AscenD-Robotics/ros2_ws/src/hmi/build/hmi -- -j16 -l16
[5.883s] Invoking command in '/home/samuel/EiRT-AscenD-Robotics/ros2_ws/src/hmi/build/hmi': CMAKE_PREFIX_PATH=/opt/ros/humble /usr/bin/cmake --install /home/samuel/EiRT-AscenD-Robotics/ros2_ws/src/hmi/build/hmi
[5.888s] -- Install configuration: ""
[5.888s] -- Installing: /home/samuel/EiRT-AscenD-Robotics/ros2_ws/src/hmi/install/hmi/share/ament_index/resource_index/package_run_dependencies/hmi
[5.889s] -- Installing: /home/samuel/EiRT-AscenD-Robotics/ros2_ws/src/hmi/install/hmi/share/ament_index/resource_index/parent_prefix_path/hmi
[5.889s] -- Installing: /home/samuel/EiRT-AscenD-Robotics/ros2_ws/src/hmi/install/hmi/share/hmi/environment/ament_prefix_path.sh
[5.889s] -- Installing: /home/samuel/EiRT-AscenD-Robotics/ros2_ws/src/hmi/install/hmi/share/hmi/environment/ament_prefix_path.dsv
[5.889s] -- Installing: /home/samuel/EiRT-AscenD-Robotics/ros2_ws/src/hmi/install/hmi/share/hmi/environment/path.sh
[5.889s] -- Installing: /home/samuel/EiRT-AscenD-Robotics/ros2_ws/src/hmi/install/hmi/share/hmi/environment/path.dsv
[5.889s] -- Installing: /home/samuel/EiRT-AscenD-Robotics/ros2_ws/src/hmi/install/hmi/share/hmi/local_setup.bash
[5.889s] -- Installing: /home/samuel/EiRT-AscenD-Robotics/ros2_ws/src/hmi/install/hmi/share/hmi/local_setup.sh
[5.889s] -- Installing: /home/samuel/EiRT-AscenD-Robotics/ros2_ws/src/hmi/install/hmi/share/hmi/local_setup.zsh
[5.890s] -- Installing: /home/samuel/EiRT-AscenD-Robotics/ros2_ws/src/hmi/install/hmi/share/hmi/local_setup.dsv
[5.890s] -- Installing: /home/samuel/EiRT-AscenD-Robotics/ros2_ws/src/hmi/install/hmi/share/hmi/package.dsv
[5.890s] -- Installing: /home/samuel/EiRT-AscenD-Robotics/ros2_ws/src/hmi/install/hmi/share/ament_index/resource_index/packages/hmi
[5.890s] -- Installing: /home/samuel/EiRT-AscenD-Robotics/ros2_ws/src/hmi/install/hmi/share/hmi/cmake/hmiConfig.cmake
[5.890s] -- Installing: /home/samuel/EiRT-AscenD-Robotics/ros2_ws/src/hmi/install/hmi/share/hmi/cmake/hmiConfig-version.cmake
[5.890s] -- Installing: /home/samuel/EiRT-AscenD-Robotics/ros2_ws/src/hmi/install/hmi/share/hmi/package.xml
[5.892s] Invoked command in '/home/samuel/EiRT-AscenD-Robotics/ros2_ws/src/hmi/build/hmi' returned '0': CMAKE_PREFIX_PATH=/opt/ros/humble /usr/bin/cmake --install /home/samuel/EiRT-AscenD-Robotics/ros2_ws/src/hmi/build/hmi
