[0.531s] Invoking command in '/home/samuel/EiRT-AscenD-Robotics/ros2_ws/src/dronehive': AMENT_PREFIX_PATH=/home/samuel/EiRT-AscenD-Robotics/install/dronehive_interfaces:${AMENT_PREFIX_PATH} CMAKE_PREFIX_PATH=/home/samuel/EiRT-AscenD-Robotics/install/dronehive_interfaces:${CMAKE_PREFIX_PATH} LD_LIBRARY_PATH=/home/samuel/EiRT-AscenD-Robotics/install/dronehive_interfaces/lib:${LD_LIBRARY_PATH} PYTHONPATH=/home/samuel/EiRT-AscenD-Robotics/build/dronehive/prefix_override:/usr/lib/python3/dist-packages/colcon_core/task/python/colcon_distutils_commands:/home/samuel/EiRT-AscenD-Robotics/install/dronehive/lib/python3.10/site-packages:/home/samuel/EiRT-AscenD-Robotics/install/dronehive_interfaces/local/lib/python3.10/dist-packages:${PYTHONPATH} /usr/bin/python3 -W ignore:setup.py install is deprecated -W ignore:easy_install command is deprecated setup.py egg_info --egg-base ../../../build/dronehive build --build-base /home/samuel/EiRT-AscenD-Robotics/build/dronehive/build install --record /home/samuel/EiRT-AscenD-Robotics/build/dronehive/install.log --single-version-externally-managed install_data
[0.722s] running egg_info
[0.723s] creating ../../../build/dronehive/dronehive.egg-info
[0.723s] writing ../../../build/dronehive/dronehive.egg-info/PKG-INFO
[0.723s] writing dependency_links to ../../../build/dronehive/dronehive.egg-info/dependency_links.txt
[0.723s] writing entry points to ../../../build/dronehive/dronehive.egg-info/entry_points.txt
[0.723s] writing requirements to ../../../build/dronehive/dronehive.egg-info/requires.txt
[0.723s] writing top-level names to ../../../build/dronehive/dronehive.egg-info/top_level.txt
[0.724s] writing manifest file '../../../build/dronehive/dronehive.egg-info/SOURCES.txt'
[0.725s] reading manifest file '../../../build/dronehive/dronehive.egg-info/SOURCES.txt'
[0.726s] writing manifest file '../../../build/dronehive/dronehive.egg-info/SOURCES.txt'
[0.726s] running build
[0.726s] running build_py
[0.726s] creating /home/samuel/EiRT-AscenD-Robotics/build/dronehive/build
[0.726s] creating /home/samuel/EiRT-AscenD-Robotics/build/dronehive/build/lib
[0.726s] creating /home/samuel/EiRT-AscenD-Robotics/build/dronehive/build/lib/dronehive
[0.727s] copying dronehive/box_node.py -> /home/samuel/EiRT-AscenD-Robotics/build/dronehive/build/lib/dronehive
[0.727s] copying dronehive/slave_box_node.py -> /home/samuel/EiRT-AscenD-Robotics/build/dronehive/build/lib/dronehive
[0.727s] copying dronehive/dummy.py -> /home/samuel/EiRT-AscenD-Robotics/build/dronehive/build/lib/dronehive
[0.728s] copying dronehive/dummy_drone.py -> /home/samuel/EiRT-AscenD-Robotics/build/dronehive/build/lib/dronehive
[0.728s] copying dronehive/__init__.py -> /home/samuel/EiRT-AscenD-Robotics/build/dronehive/build/lib/dronehive
[0.728s] creating /home/samuel/EiRT-AscenD-Robotics/build/dronehive/build/lib/dronehive/master_box
[0.728s] copying dronehive/master_box/__init__.py -> /home/samuel/EiRT-AscenD-Robotics/build/dronehive/build/lib/dronehive/master_box
[0.728s] copying dronehive/master_box/master.py -> /home/samuel/EiRT-AscenD-Robotics/build/dronehive/build/lib/dronehive/master_box
[0.729s] creating /home/samuel/EiRT-AscenD-Robotics/build/dronehive/build/lib/dronehive/utils
[0.729s] copying dronehive/utils/topics.py -> /home/samuel/EiRT-AscenD-Robotics/build/dronehive/build/lib/dronehive/utils
[0.729s] copying dronehive/utils/initialiser.py -> /home/samuel/EiRT-AscenD-Robotics/build/dronehive/build/lib/dronehive/utils
[0.729s] copying dronehive/utils/client_manager.py -> /home/samuel/EiRT-AscenD-Robotics/build/dronehive/build/lib/dronehive/utils
[0.729s] copying dronehive/utils/utm.py -> /home/samuel/EiRT-AscenD-Robotics/build/dronehive/build/lib/dronehive/utils
[0.729s] copying dronehive/utils/__init__.py -> /home/samuel/EiRT-AscenD-Robotics/build/dronehive/build/lib/dronehive/utils
[0.729s] copying dronehive/utils/transverse_mercator.py -> /home/samuel/EiRT-AscenD-Robotics/build/dronehive/build/lib/dronehive/utils
[0.730s] copying dronehive/utils/config.py -> /home/samuel/EiRT-AscenD-Robotics/build/dronehive/build/lib/dronehive/utils
[0.730s] creating /home/samuel/EiRT-AscenD-Robotics/build/dronehive/build/lib/dronehive/slave_box
[0.730s] copying dronehive/slave_box/slave.py -> /home/samuel/EiRT-AscenD-Robotics/build/dronehive/build/lib/dronehive/slave_box
[0.730s] copying dronehive/slave_box/__init__.py -> /home/samuel/EiRT-AscenD-Robotics/build/dronehive/build/lib/dronehive/slave_box
[0.730s] running install
[0.730s] running install_lib
[0.731s] creating /home/samuel/EiRT-AscenD-Robotics/install/dronehive/lib/python3.10/site-packages/dronehive
[0.731s] copying /home/samuel/EiRT-AscenD-Robotics/build/dronehive/build/lib/dronehive/box_node.py -> /home/samuel/EiRT-AscenD-Robotics/install/dronehive/lib/python3.10/site-packages/dronehive
[0.731s] copying /home/samuel/EiRT-AscenD-Robotics/build/dronehive/build/lib/dronehive/slave_box_node.py -> /home/samuel/EiRT-AscenD-Robotics/install/dronehive/lib/python3.10/site-packages/dronehive
[0.731s] copying /home/samuel/EiRT-AscenD-Robotics/build/dronehive/build/lib/dronehive/dummy.py -> /home/samuel/EiRT-AscenD-Robotics/install/dronehive/lib/python3.10/site-packages/dronehive
[0.731s] creating /home/samuel/EiRT-AscenD-Robotics/install/dronehive/lib/python3.10/site-packages/dronehive/master_box
[0.731s] copying /home/samuel/EiRT-AscenD-Robotics/build/dronehive/build/lib/dronehive/master_box/__init__.py -> /home/samuel/EiRT-AscenD-Robotics/install/dronehive/lib/python3.10/site-packages/dronehive/master_box
[0.731s] copying /home/samuel/EiRT-AscenD-Robotics/build/dronehive/build/lib/dronehive/master_box/master.py -> /home/samuel/EiRT-AscenD-Robotics/install/dronehive/lib/python3.10/site-packages/dronehive/master_box
[0.731s] creating /home/samuel/EiRT-AscenD-Robotics/install/dronehive/lib/python3.10/site-packages/dronehive/utils
[0.732s] copying /home/samuel/EiRT-AscenD-Robotics/build/dronehive/build/lib/dronehive/utils/topics.py -> /home/samuel/EiRT-AscenD-Robotics/install/dronehive/lib/python3.10/site-packages/dronehive/utils
[0.732s] copying /home/samuel/EiRT-AscenD-Robotics/build/dronehive/build/lib/dronehive/utils/initialiser.py -> /home/samuel/EiRT-AscenD-Robotics/install/dronehive/lib/python3.10/site-packages/dronehive/utils
[0.732s] copying /home/samuel/EiRT-AscenD-Robotics/build/dronehive/build/lib/dronehive/utils/client_manager.py -> /home/samuel/EiRT-AscenD-Robotics/install/dronehive/lib/python3.10/site-packages/dronehive/utils
[0.732s] copying /home/samuel/EiRT-AscenD-Robotics/build/dronehive/build/lib/dronehive/utils/utm.py -> /home/samuel/EiRT-AscenD-Robotics/install/dronehive/lib/python3.10/site-packages/dronehive/utils
[0.732s] copying /home/samuel/EiRT-AscenD-Robotics/build/dronehive/build/lib/dronehive/utils/__init__.py -> /home/samuel/EiRT-AscenD-Robotics/install/dronehive/lib/python3.10/site-packages/dronehive/utils
[0.732s] copying /home/samuel/EiRT-AscenD-Robotics/build/dronehive/build/lib/dronehive/utils/transverse_mercator.py -> /home/samuel/EiRT-AscenD-Robotics/install/dronehive/lib/python3.10/site-packages/dronehive/utils
[0.732s] copying /home/samuel/EiRT-AscenD-Robotics/build/dronehive/build/lib/dronehive/utils/config.py -> /home/samuel/EiRT-AscenD-Robotics/install/dronehive/lib/python3.10/site-packages/dronehive/utils
[0.732s] copying /home/samuel/EiRT-AscenD-Robotics/build/dronehive/build/lib/dronehive/dummy_drone.py -> /home/samuel/EiRT-AscenD-Robotics/install/dronehive/lib/python3.10/site-packages/dronehive
[0.732s] copying /home/samuel/EiRT-AscenD-Robotics/build/dronehive/build/lib/dronehive/__init__.py -> /home/samuel/EiRT-AscenD-Robotics/install/dronehive/lib/python3.10/site-packages/dronehive
[0.732s] creating /home/samuel/EiRT-AscenD-Robotics/install/dronehive/lib/python3.10/site-packages/dronehive/slave_box
[0.733s] copying /home/samuel/EiRT-AscenD-Robotics/build/dronehive/build/lib/dronehive/slave_box/slave.py -> /home/samuel/EiRT-AscenD-Robotics/install/dronehive/lib/python3.10/site-packages/dronehive/slave_box
[0.733s] copying /home/samuel/EiRT-AscenD-Robotics/build/dronehive/build/lib/dronehive/slave_box/__init__.py -> /home/samuel/EiRT-AscenD-Robotics/install/dronehive/lib/python3.10/site-packages/dronehive/slave_box
[0.733s] byte-compiling /home/samuel/EiRT-AscenD-Robotics/install/dronehive/lib/python3.10/site-packages/dronehive/box_node.py to box_node.cpython-310.pyc
[0.733s] byte-compiling /home/samuel/EiRT-AscenD-Robotics/install/dronehive/lib/python3.10/site-packages/dronehive/slave_box_node.py to slave_box_node.cpython-310.pyc
[0.733s] byte-compiling /home/samuel/EiRT-AscenD-Robotics/install/dronehive/lib/python3.10/site-packages/dronehive/dummy.py to dummy.cpython-310.pyc
[0.733s] byte-compiling /home/samuel/EiRT-AscenD-Robotics/install/dronehive/lib/python3.10/site-packages/dronehive/master_box/__init__.py to __init__.cpython-310.pyc
[0.734s] byte-compiling /home/samuel/EiRT-AscenD-Robotics/install/dronehive/lib/python3.10/site-packages/dronehive/master_box/master.py to master.cpython-310.pyc
[0.735s] byte-compiling /home/samuel/EiRT-AscenD-Robotics/install/dronehive/lib/python3.10/site-packages/dronehive/utils/topics.py to topics.cpython-310.pyc
[0.736s] byte-compiling /home/samuel/EiRT-AscenD-Robotics/install/dronehive/lib/python3.10/site-packages/dronehive/utils/initialiser.py to initialiser.cpython-310.pyc
[0.736s] byte-compiling /home/samuel/EiRT-AscenD-Robotics/install/dronehive/lib/python3.10/site-packages/dronehive/utils/client_manager.py to client_manager.cpython-310.pyc
[0.736s] byte-compiling /home/samuel/EiRT-AscenD-Robotics/install/dronehive/lib/python3.10/site-packages/dronehive/utils/utm.py to utm.cpython-310.pyc
[0.737s] byte-compiling /home/samuel/EiRT-AscenD-Robotics/install/dronehive/lib/python3.10/site-packages/dronehive/utils/__init__.py to __init__.cpython-310.pyc
[0.737s] byte-compiling /home/samuel/EiRT-AscenD-Robotics/install/dronehive/lib/python3.10/site-packages/dronehive/utils/transverse_mercator.py to transverse_mercator.cpython-310.pyc
[0.738s] byte-compiling /home/samuel/EiRT-AscenD-Robotics/install/dronehive/lib/python3.10/site-packages/dronehive/utils/config.py to config.cpython-310.pyc
[0.738s] byte-compiling /home/samuel/EiRT-AscenD-Robotics/install/dronehive/lib/python3.10/site-packages/dronehive/dummy_drone.py to dummy_drone.cpython-310.pyc
[0.738s] byte-compiling /home/samuel/EiRT-AscenD-Robotics/install/dronehive/lib/python3.10/site-packages/dronehive/__init__.py to __init__.cpython-310.pyc
[0.738s] byte-compiling /home/samuel/EiRT-AscenD-Robotics/install/dronehive/lib/python3.10/site-packages/dronehive/slave_box/slave.py to slave.cpython-310.pyc
[0.739s] byte-compiling /home/samuel/EiRT-AscenD-Robotics/install/dronehive/lib/python3.10/site-packages/dronehive/slave_box/__init__.py to __init__.cpython-310.pyc
[0.739s] running install_data
[0.740s] creating /home/samuel/EiRT-AscenD-Robotics/install/dronehive/share/ament_index
[0.740s] creating /home/samuel/EiRT-AscenD-Robotics/install/dronehive/share/ament_index/resource_index
[0.740s] creating /home/samuel/EiRT-AscenD-Robotics/install/dronehive/share/ament_index/resource_index/packages
[0.740s] copying resource/dronehive -> /home/samuel/EiRT-AscenD-Robotics/install/dronehive/share/ament_index/resource_index/packages
[0.740s] copying package.xml -> /home/samuel/EiRT-AscenD-Robotics/install/dronehive/share/dronehive
[0.740s] running install_egg_info
[0.741s] Copying ../../../build/dronehive/dronehive.egg-info to /home/samuel/EiRT-AscenD-Robotics/install/dronehive/lib/python3.10/site-packages/dronehive-0.0.0-py3.10.egg-info
[0.742s] running install_scripts
[0.756s] Installing box_node script to /home/samuel/EiRT-AscenD-Robotics/install/dronehive/lib/dronehive
[0.756s] Installing dummy_confirm script to /home/samuel/EiRT-AscenD-Robotics/install/dronehive/lib/dronehive
[0.756s] Installing dummy_drone script to /home/samuel/EiRT-AscenD-Robotics/install/dronehive/lib/dronehive
[0.757s] Installing slave_node script to /home/samuel/EiRT-AscenD-Robotics/install/dronehive/lib/dronehive
[0.757s] writing list of installed files to '/home/samuel/EiRT-AscenD-Robotics/build/dronehive/install.log'
[0.775s] Invoked command in '/home/samuel/EiRT-AscenD-Robotics/ros2_ws/src/dronehive' returned '0': AMENT_PREFIX_PATH=/home/samuel/EiRT-AscenD-Robotics/install/dronehive_interfaces:${AMENT_PREFIX_PATH} CMAKE_PREFIX_PATH=/home/samuel/EiRT-AscenD-Robotics/install/dronehive_interfaces:${CMAKE_PREFIX_PATH} LD_LIBRARY_PATH=/home/samuel/EiRT-AscenD-Robotics/install/dronehive_interfaces/lib:${LD_LIBRARY_PATH} PYTHONPATH=/home/samuel/EiRT-AscenD-Robotics/build/dronehive/prefix_override:/usr/lib/python3/dist-packages/colcon_core/task/python/colcon_distutils_commands:/home/samuel/EiRT-AscenD-Robotics/install/dronehive/lib/python3.10/site-packages:/home/samuel/EiRT-AscenD-Robotics/install/dronehive_interfaces/local/lib/python3.10/dist-packages:${PYTHONPATH} /usr/bin/python3 -W ignore:setup.py install is deprecated -W ignore:easy_install command is deprecated setup.py egg_info --egg-base ../../../build/dronehive build --build-base /home/samuel/EiRT-AscenD-Robotics/build/dronehive/build install --record /home/samuel/EiRT-AscenD-Robotics/build/dronehive/install.log --single-version-externally-managed install_data
