[0.076s] DEBUG:colcon:Command line arguments: ['/usr/bin/colcon', 'build']
[0.076s] DEBUG:colcon:Parsed command line arguments: Namespace(log_base=None, log_level=None, verb_name='build', build_base='build', install_base='install', merge_install=False, symlink_install=False, test_result_base=None, continue_on_error=False, executor='parallel', parallel_workers=16, event_handlers=None, ignore_user_meta=False, metas=['./colcon.meta'], base_paths=['.'], packages_ignore=None, packages_ignore_regex=None, paths=None, packages_up_to=None, packages_up_to_regex=None, packages_above=None, packages_above_and_dependencies=None, packages_above_depth=None, packages_select_by_dep=None, packages_skip_by_dep=None, packages_skip_up_to=None, packages_select_build_failed=False, packages_skip_build_finished=False, packages_select_test_failures=False, packages_skip_test_passed=False, packages_select=None, packages_skip=None, packages_select_regex=None, packages_skip_regex=None, packages_start=None, packages_end=None, allow_overriding=[], cmake_args=None, cmake_target=None, cmake_target_skip_unavailable=False, cmake_clean_cache=False, cmake_clean_first=False, cmake_force_configure=False, ament_cmake_args=None, catkin_cmake_args=None, catkin_skip_building_tests=False, mixin_files=None, mixin=None, verb_parser=<colcon_mixin.mixin.mixin_argument.MixinArgumentDecorator object at 0x7bcc6869d270>, verb_extension=<colcon_core.verb.build.BuildVerb object at 0x7bcc6869cd60>, main=<bound method BuildVerb.main of <colcon_core.verb.build.BuildVerb object at 0x7bcc6869cd60>>, mixin_verb=('build',))
[0.213s] Level 1:colcon.colcon_core.package_discovery:discover_packages(colcon_meta) check parameters
[0.213s] Level 1:colcon.colcon_core.package_discovery:discover_packages(recursive) check parameters
[0.213s] Level 1:colcon.colcon_core.package_discovery:discover_packages(ignore) check parameters
[0.213s] Level 1:colcon.colcon_core.package_discovery:discover_packages(path) check parameters
[0.213s] Level 1:colcon.colcon_core.package_discovery:discover_packages(colcon_meta) discover
[0.213s] Level 1:colcon.colcon_core.package_discovery:discover_packages(recursive) discover
[0.213s] INFO:colcon.colcon_core.package_discovery:Crawling recursively for packages in '/home/samuel/EiRT-AscenD-Robotics'
[0.213s] Level 1:colcon.colcon_core.package_identification:_identify(.) by extensions ['ignore', 'ignore_ament_install']
[0.213s] Level 1:colcon.colcon_core.package_identification:_identify(.) by extension 'ignore'
[0.213s] Level 1:colcon.colcon_core.package_identification:_identify(.) by extension 'ignore_ament_install'
[0.213s] Level 1:colcon.colcon_core.package_identification:_identify(.) by extensions ['colcon_pkg']
[0.213s] Level 1:colcon.colcon_core.package_identification:_identify(.) by extension 'colcon_pkg'
[0.213s] Level 1:colcon.colcon_core.package_identification:_identify(.) by extensions ['colcon_meta']
[0.213s] Level 1:colcon.colcon_core.package_identification:_identify(.) by extension 'colcon_meta'
[0.213s] Level 1:colcon.colcon_core.package_identification:_identify(.) by extensions ['ros']
[0.213s] Level 1:colcon.colcon_core.package_identification:_identify(.) by extension 'ros'
[0.235s] Level 1:colcon.colcon_core.package_identification:_identify(.) by extensions ['cmake', 'python']
[0.235s] Level 1:colcon.colcon_core.package_identification:_identify(.) by extension 'cmake'
[0.235s] Level 1:colcon.colcon_core.package_identification:_identify(.) by extension 'python'
[0.235s] Level 1:colcon.colcon_core.package_identification:_identify(.) by extensions ['python_setup_py']
[0.235s] Level 1:colcon.colcon_core.package_identification:_identify(.) by extension 'python_setup_py'
[0.235s] Level 1:colcon.colcon_core.package_identification:_identify(build) by extensions ['ignore', 'ignore_ament_install']
[0.235s] Level 1:colcon.colcon_core.package_identification:_identify(build) by extension 'ignore'
[0.235s] Level 1:colcon.colcon_core.package_identification:_identify(build) ignored
[0.236s] Level 1:colcon.colcon_core.package_identification:_identify(install) by extensions ['ignore', 'ignore_ament_install']
[0.236s] Level 1:colcon.colcon_core.package_identification:_identify(install) by extension 'ignore'
[0.236s] Level 1:colcon.colcon_core.package_identification:_identify(install) ignored
[0.236s] Level 1:colcon.colcon_core.package_identification:_identify(log) by extensions ['ignore', 'ignore_ament_install']
[0.236s] Level 1:colcon.colcon_core.package_identification:_identify(log) by extension 'ignore'
[0.236s] Level 1:colcon.colcon_core.package_identification:_identify(log) ignored
[0.236s] Level 1:colcon.colcon_core.package_identification:_identify(ros2_ws) by extensions ['ignore', 'ignore_ament_install']
[0.236s] Level 1:colcon.colcon_core.package_identification:_identify(ros2_ws) by extension 'ignore'
[0.236s] Level 1:colcon.colcon_core.package_identification:_identify(ros2_ws) by extension 'ignore_ament_install'
[0.236s] Level 1:colcon.colcon_core.package_identification:_identify(ros2_ws) by extensions ['colcon_pkg']
[0.236s] Level 1:colcon.colcon_core.package_identification:_identify(ros2_ws) by extension 'colcon_pkg'
[0.236s] Level 1:colcon.colcon_core.package_identification:_identify(ros2_ws) by extensions ['colcon_meta']
[0.236s] Level 1:colcon.colcon_core.package_identification:_identify(ros2_ws) by extension 'colcon_meta'
[0.236s] Level 1:colcon.colcon_core.package_identification:_identify(ros2_ws) by extensions ['ros']
[0.236s] Level 1:colcon.colcon_core.package_identification:_identify(ros2_ws) by extension 'ros'
[0.236s] Level 1:colcon.colcon_core.package_identification:_identify(ros2_ws) by extensions ['cmake', 'python']
[0.236s] Level 1:colcon.colcon_core.package_identification:_identify(ros2_ws) by extension 'cmake'
[0.236s] Level 1:colcon.colcon_core.package_identification:_identify(ros2_ws) by extension 'python'
[0.236s] Level 1:colcon.colcon_core.package_identification:_identify(ros2_ws) by extensions ['python_setup_py']
[0.236s] Level 1:colcon.colcon_core.package_identification:_identify(ros2_ws) by extension 'python_setup_py'
[0.236s] Level 1:colcon.colcon_core.package_identification:_identify(ros2_ws/build) by extensions ['ignore', 'ignore_ament_install']
[0.236s] Level 1:colcon.colcon_core.package_identification:_identify(ros2_ws/build) by extension 'ignore'
[0.236s] Level 1:colcon.colcon_core.package_identification:_identify(ros2_ws/build) ignored
[0.236s] Level 1:colcon.colcon_core.package_identification:_identify(ros2_ws/install) by extensions ['ignore', 'ignore_ament_install']
[0.237s] Level 1:colcon.colcon_core.package_identification:_identify(ros2_ws/install) by extension 'ignore'
[0.237s] Level 1:colcon.colcon_core.package_identification:_identify(ros2_ws/install) ignored
[0.237s] Level 1:colcon.colcon_core.package_identification:_identify(ros2_ws/log) by extensions ['ignore', 'ignore_ament_install']
[0.237s] Level 1:colcon.colcon_core.package_identification:_identify(ros2_ws/log) by extension 'ignore'
[0.237s] Level 1:colcon.colcon_core.package_identification:_identify(ros2_ws/log) ignored
[0.237s] Level 1:colcon.colcon_core.package_identification:_identify(ros2_ws/src) by extensions ['ignore', 'ignore_ament_install']
[0.237s] Level 1:colcon.colcon_core.package_identification:_identify(ros2_ws/src) by extension 'ignore'
[0.237s] Level 1:colcon.colcon_core.package_identification:_identify(ros2_ws/src) by extension 'ignore_ament_install'
[0.237s] Level 1:colcon.colcon_core.package_identification:_identify(ros2_ws/src) by extensions ['colcon_pkg']
[0.237s] Level 1:colcon.colcon_core.package_identification:_identify(ros2_ws/src) by extension 'colcon_pkg'
[0.237s] Level 1:colcon.colcon_core.package_identification:_identify(ros2_ws/src) by extensions ['colcon_meta']
[0.237s] Level 1:colcon.colcon_core.package_identification:_identify(ros2_ws/src) by extension 'colcon_meta'
[0.237s] Level 1:colcon.colcon_core.package_identification:_identify(ros2_ws/src) by extensions ['ros']
[0.237s] Level 1:colcon.colcon_core.package_identification:_identify(ros2_ws/src) by extension 'ros'
[0.237s] Level 1:colcon.colcon_core.package_identification:_identify(ros2_ws/src) by extensions ['cmake', 'python']
[0.237s] Level 1:colcon.colcon_core.package_identification:_identify(ros2_ws/src) by extension 'cmake'
[0.237s] Level 1:colcon.colcon_core.package_identification:_identify(ros2_ws/src) by extension 'python'
[0.237s] Level 1:colcon.colcon_core.package_identification:_identify(ros2_ws/src) by extensions ['python_setup_py']
[0.237s] Level 1:colcon.colcon_core.package_identification:_identify(ros2_ws/src) by extension 'python_setup_py'
[0.237s] Level 1:colcon.colcon_core.package_identification:_identify(ros2_ws/src/dronehive) by extensions ['ignore', 'ignore_ament_install']
[0.237s] Level 1:colcon.colcon_core.package_identification:_identify(ros2_ws/src/dronehive) by extension 'ignore'
[0.237s] Level 1:colcon.colcon_core.package_identification:_identify(ros2_ws/src/dronehive) by extension 'ignore_ament_install'
[0.237s] Level 1:colcon.colcon_core.package_identification:_identify(ros2_ws/src/dronehive) by extensions ['colcon_pkg']
[0.237s] Level 1:colcon.colcon_core.package_identification:_identify(ros2_ws/src/dronehive) by extension 'colcon_pkg'
[0.238s] Level 1:colcon.colcon_core.package_identification:_identify(ros2_ws/src/dronehive) by extensions ['colcon_meta']
[0.238s] Level 1:colcon.colcon_core.package_identification:_identify(ros2_ws/src/dronehive) by extension 'colcon_meta'
[0.238s] Level 1:colcon.colcon_core.package_identification:_identify(ros2_ws/src/dronehive) by extensions ['ros']
[0.238s] Level 1:colcon.colcon_core.package_identification:_identify(ros2_ws/src/dronehive) by extension 'ros'
[0.239s] DEBUG:colcon.colcon_core.package_identification:Package 'ros2_ws/src/dronehive' with type 'ros.ament_python' and name 'dronehive'
[0.239s] Level 1:colcon.colcon_core.package_identification:_identify(ros2_ws/src/dronehive_interfaces) by extensions ['ignore', 'ignore_ament_install']
[0.240s] Level 1:colcon.colcon_core.package_identification:_identify(ros2_ws/src/dronehive_interfaces) by extension 'ignore'
[0.240s] Level 1:colcon.colcon_core.package_identification:_identify(ros2_ws/src/dronehive_interfaces) by extension 'ignore_ament_install'
[0.240s] Level 1:colcon.colcon_core.package_identification:_identify(ros2_ws/src/dronehive_interfaces) by extensions ['colcon_pkg']
[0.240s] Level 1:colcon.colcon_core.package_identification:_identify(ros2_ws/src/dronehive_interfaces) by extension 'colcon_pkg'
[0.240s] Level 1:colcon.colcon_core.package_identification:_identify(ros2_ws/src/dronehive_interfaces) by extensions ['colcon_meta']
[0.240s] Level 1:colcon.colcon_core.package_identification:_identify(ros2_ws/src/dronehive_interfaces) by extension 'colcon_meta'
[0.240s] Level 1:colcon.colcon_core.package_identification:_identify(ros2_ws/src/dronehive_interfaces) by extensions ['ros']
[0.240s] Level 1:colcon.colcon_core.package_identification:_identify(ros2_ws/src/dronehive_interfaces) by extension 'ros'
[0.240s] DEBUG:colcon.colcon_core.package_identification:Package 'ros2_ws/src/dronehive_interfaces' with type 'ros.ament_cmake' and name 'dronehive_interfaces'
[0.240s] Level 1:colcon.colcon_core.package_identification:_identify(ros2_ws/src/hmi) by extensions ['ignore', 'ignore_ament_install']
[0.240s] Level 1:colcon.colcon_core.package_identification:_identify(ros2_ws/src/hmi) by extension 'ignore'
[0.240s] Level 1:colcon.colcon_core.package_identification:_identify(ros2_ws/src/hmi) by extension 'ignore_ament_install'
[0.240s] Level 1:colcon.colcon_core.package_identification:_identify(ros2_ws/src/hmi) by extensions ['colcon_pkg']
[0.240s] Level 1:colcon.colcon_core.package_identification:_identify(ros2_ws/src/hmi) by extension 'colcon_pkg'
[0.240s] Level 1:colcon.colcon_core.package_identification:_identify(ros2_ws/src/hmi) by extensions ['colcon_meta']
[0.240s] Level 1:colcon.colcon_core.package_identification:_identify(ros2_ws/src/hmi) by extension 'colcon_meta'
[0.240s] Level 1:colcon.colcon_core.package_identification:_identify(ros2_ws/src/hmi) by extensions ['ros']
[0.240s] Level 1:colcon.colcon_core.package_identification:_identify(ros2_ws/src/hmi) by extension 'ros'
[0.241s] DEBUG:colcon.colcon_core.package_identification:Package 'ros2_ws/src/hmi' with type 'ros.ament_cmake' and name 'hmi'
[0.241s] Level 1:colcon.colcon_core.package_identification:_identify(ros2_ws/src/hmi_backend) by extensions ['ignore', 'ignore_ament_install']
[0.241s] Level 1:colcon.colcon_core.package_identification:_identify(ros2_ws/src/hmi_backend) by extension 'ignore'
[0.241s] Level 1:colcon.colcon_core.package_identification:_identify(ros2_ws/src/hmi_backend) by extension 'ignore_ament_install'
[0.241s] Level 1:colcon.colcon_core.package_identification:_identify(ros2_ws/src/hmi_backend) by extensions ['colcon_pkg']
[0.241s] Level 1:colcon.colcon_core.package_identification:_identify(ros2_ws/src/hmi_backend) by extension 'colcon_pkg'
[0.241s] Level 1:colcon.colcon_core.package_identification:_identify(ros2_ws/src/hmi_backend) by extensions ['colcon_meta']
[0.241s] Level 1:colcon.colcon_core.package_identification:_identify(ros2_ws/src/hmi_backend) by extension 'colcon_meta'
[0.241s] Level 1:colcon.colcon_core.package_identification:_identify(ros2_ws/src/hmi_backend) by extensions ['ros']
[0.241s] Level 1:colcon.colcon_core.package_identification:_identify(ros2_ws/src/hmi_backend) by extension 'ros'
[0.242s] DEBUG:colcon.colcon_core.package_identification:Package 'ros2_ws/src/hmi_backend' with type 'ros.ament_cmake' and name 'hmi_backend'
[0.242s] Level 1:colcon.colcon_core.package_discovery:discover_packages(recursive) using defaults
[0.242s] Level 1:colcon.colcon_core.package_discovery:discover_packages(ignore) discover
[0.242s] Level 1:colcon.colcon_core.package_discovery:discover_packages(ignore) using defaults
[0.242s] Level 1:colcon.colcon_core.package_discovery:discover_packages(path) discover
[0.242s] Level 1:colcon.colcon_core.package_discovery:discover_packages(path) using defaults
[0.255s] Level 1:colcon.colcon_core.package_discovery:discover_packages(prefix_path) check parameters
[0.255s] Level 1:colcon.colcon_core.package_discovery:discover_packages(prefix_path) discover
[0.257s] DEBUG:colcon.colcon_installed_package_information.package_discovery:Found 4 installed packages in /home/samuel/EiRT-AscenD-Robotics/install
[0.257s] DEBUG:colcon.colcon_installed_package_information.package_discovery:Found 4 installed packages in /home/samuel/EiRT-AscenD-Robotics/ros2_ws/install
[0.258s] DEBUG:colcon.colcon_installed_package_information.package_discovery:Found 285 installed packages in /opt/ros/humble
[0.259s] Level 1:colcon.colcon_core.package_discovery:discover_packages(prefix_path) using defaults
[0.283s] Level 5:colcon.colcon_core.verb:set package 'dronehive_interfaces' build argument 'cmake_args' from command line to 'None'
[0.284s] Level 5:colcon.colcon_core.verb:set package 'dronehive_interfaces' build argument 'cmake_target' from command line to 'None'
[0.284s] Level 5:colcon.colcon_core.verb:set package 'dronehive_interfaces' build argument 'cmake_target_skip_unavailable' from command line to 'False'
[0.284s] Level 5:colcon.colcon_core.verb:set package 'dronehive_interfaces' build argument 'cmake_clean_cache' from command line to 'False'
[0.284s] Level 5:colcon.colcon_core.verb:set package 'dronehive_interfaces' build argument 'cmake_clean_first' from command line to 'False'
[0.284s] Level 5:colcon.colcon_core.verb:set package 'dronehive_interfaces' build argument 'cmake_force_configure' from command line to 'False'
[0.284s] Level 5:colcon.colcon_core.verb:set package 'dronehive_interfaces' build argument 'ament_cmake_args' from command line to 'None'
[0.284s] Level 5:colcon.colcon_core.verb:set package 'dronehive_interfaces' build argument 'catkin_cmake_args' from command line to 'None'
[0.284s] Level 5:colcon.colcon_core.verb:set package 'dronehive_interfaces' build argument 'catkin_skip_building_tests' from command line to 'False'
[0.284s] DEBUG:colcon.colcon_core.verb:Building package 'dronehive_interfaces' with the following arguments: {'ament_cmake_args': None, 'build_base': '/home/samuel/EiRT-AscenD-Robotics/build/dronehive_interfaces', 'catkin_cmake_args': None, 'catkin_skip_building_tests': False, 'cmake_args': None, 'cmake_clean_cache': False, 'cmake_clean_first': False, 'cmake_force_configure': False, 'cmake_target': None, 'cmake_target_skip_unavailable': False, 'install_base': '/home/samuel/EiRT-AscenD-Robotics/install/dronehive_interfaces', 'merge_install': False, 'path': '/home/samuel/EiRT-AscenD-Robotics/ros2_ws/src/dronehive_interfaces', 'symlink_install': False, 'test_result_base': None}
[0.284s] Level 5:colcon.colcon_core.verb:set package 'dronehive' build argument 'cmake_args' from command line to 'None'
[0.284s] Level 5:colcon.colcon_core.verb:set package 'dronehive' build argument 'cmake_target' from command line to 'None'
[0.284s] Level 5:colcon.colcon_core.verb:set package 'dronehive' build argument 'cmake_target_skip_unavailable' from command line to 'False'
[0.284s] Level 5:colcon.colcon_core.verb:set package 'dronehive' build argument 'cmake_clean_cache' from command line to 'False'
[0.284s] Level 5:colcon.colcon_core.verb:set package 'dronehive' build argument 'cmake_clean_first' from command line to 'False'
[0.284s] Level 5:colcon.colcon_core.verb:set package 'dronehive' build argument 'cmake_force_configure' from command line to 'False'
[0.284s] Level 5:colcon.colcon_core.verb:set package 'dronehive' build argument 'ament_cmake_args' from command line to 'None'
[0.284s] Level 5:colcon.colcon_core.verb:set package 'dronehive' build argument 'catkin_cmake_args' from command line to 'None'
[0.284s] Level 5:colcon.colcon_core.verb:set package 'dronehive' build argument 'catkin_skip_building_tests' from command line to 'False'
[0.284s] DEBUG:colcon.colcon_core.verb:Building package 'dronehive' with the following arguments: {'ament_cmake_args': None, 'build_base': '/home/samuel/EiRT-AscenD-Robotics/build/dronehive', 'catkin_cmake_args': None, 'catkin_skip_building_tests': False, 'cmake_args': None, 'cmake_clean_cache': False, 'cmake_clean_first': False, 'cmake_force_configure': False, 'cmake_target': None, 'cmake_target_skip_unavailable': False, 'install_base': '/home/samuel/EiRT-AscenD-Robotics/install/dronehive', 'merge_install': False, 'path': '/home/samuel/EiRT-AscenD-Robotics/ros2_ws/src/dronehive', 'symlink_install': False, 'test_result_base': None}
[0.284s] Level 5:colcon.colcon_core.verb:set package 'hmi' build argument 'cmake_args' from command line to 'None'
[0.284s] Level 5:colcon.colcon_core.verb:set package 'hmi' build argument 'cmake_target' from command line to 'None'
[0.284s] Level 5:colcon.colcon_core.verb:set package 'hmi' build argument 'cmake_target_skip_unavailable' from command line to 'False'
[0.284s] Level 5:colcon.colcon_core.verb:set package 'hmi' build argument 'cmake_clean_cache' from command line to 'False'
[0.284s] Level 5:colcon.colcon_core.verb:set package 'hmi' build argument 'cmake_clean_first' from command line to 'False'
[0.284s] Level 5:colcon.colcon_core.verb:set package 'hmi' build argument 'cmake_force_configure' from command line to 'False'
[0.284s] Level 5:colcon.colcon_core.verb:set package 'hmi' build argument 'ament_cmake_args' from command line to 'None'
[0.284s] Level 5:colcon.colcon_core.verb:set package 'hmi' build argument 'catkin_cmake_args' from command line to 'None'
[0.284s] Level 5:colcon.colcon_core.verb:set package 'hmi' build argument 'catkin_skip_building_tests' from command line to 'False'
[0.284s] DEBUG:colcon.colcon_core.verb:Building package 'hmi' with the following arguments: {'ament_cmake_args': None, 'build_base': '/home/samuel/EiRT-AscenD-Robotics/build/hmi', 'catkin_cmake_args': None, 'catkin_skip_building_tests': False, 'cmake_args': None, 'cmake_clean_cache': False, 'cmake_clean_first': False, 'cmake_force_configure': False, 'cmake_target': None, 'cmake_target_skip_unavailable': False, 'install_base': '/home/samuel/EiRT-AscenD-Robotics/install/hmi', 'merge_install': False, 'path': '/home/samuel/EiRT-AscenD-Robotics/ros2_ws/src/hmi', 'symlink_install': False, 'test_result_base': None}
[0.285s] Level 5:colcon.colcon_core.verb:set package 'hmi_backend' build argument 'cmake_args' from command line to 'None'
[0.285s] Level 5:colcon.colcon_core.verb:set package 'hmi_backend' build argument 'cmake_target' from command line to 'None'
[0.285s] Level 5:colcon.colcon_core.verb:set package 'hmi_backend' build argument 'cmake_target_skip_unavailable' from command line to 'False'
[0.285s] Level 5:colcon.colcon_core.verb:set package 'hmi_backend' build argument 'cmake_clean_cache' from command line to 'False'
[0.285s] Level 5:colcon.colcon_core.verb:set package 'hmi_backend' build argument 'cmake_clean_first' from command line to 'False'
[0.285s] Level 5:colcon.colcon_core.verb:set package 'hmi_backend' build argument 'cmake_force_configure' from command line to 'False'
[0.285s] Level 5:colcon.colcon_core.verb:set package 'hmi_backend' build argument 'ament_cmake_args' from command line to 'None'
[0.285s] Level 5:colcon.colcon_core.verb:set package 'hmi_backend' build argument 'catkin_cmake_args' from command line to 'None'
[0.285s] Level 5:colcon.colcon_core.verb:set package 'hmi_backend' build argument 'catkin_skip_building_tests' from command line to 'False'
[0.285s] DEBUG:colcon.colcon_core.verb:Building package 'hmi_backend' with the following arguments: {'ament_cmake_args': None, 'build_base': '/home/samuel/EiRT-AscenD-Robotics/build/hmi_backend', 'catkin_cmake_args': None, 'catkin_skip_building_tests': False, 'cmake_args': None, 'cmake_clean_cache': False, 'cmake_clean_first': False, 'cmake_force_configure': False, 'cmake_target': None, 'cmake_target_skip_unavailable': False, 'install_base': '/home/samuel/EiRT-AscenD-Robotics/install/hmi_backend', 'merge_install': False, 'path': '/home/samuel/EiRT-AscenD-Robotics/ros2_ws/src/hmi_backend', 'symlink_install': False, 'test_result_base': None}
[0.285s] INFO:colcon.colcon_core.executor:Executing jobs using 'parallel' executor
[0.286s] DEBUG:colcon.colcon_parallel_executor.executor.parallel:run_until_complete
[0.286s] INFO:colcon.colcon_ros.task.ament_cmake.build:Building ROS package in '/home/samuel/EiRT-AscenD-Robotics/ros2_ws/src/dronehive_interfaces' with build type 'ament_cmake'
[0.286s] INFO:colcon.colcon_cmake.task.cmake.build:Building CMake package in '/home/samuel/EiRT-AscenD-Robotics/ros2_ws/src/dronehive_interfaces'
[0.288s] INFO:colcon.colcon_core.plugin_system:Skipping extension 'colcon_core.shell.bat': Not used on non-Windows systems
[0.288s] INFO:colcon.colcon_core.shell:Skip shell extension 'powershell' for command environment: Not usable outside of PowerShell
[0.288s] DEBUG:colcon.colcon_core.shell:Skip shell extension 'dsv' for command environment
[0.297s] DEBUG:colcon.colcon_core.event_handler.log_command:Invoking command in '/home/samuel/EiRT-AscenD-Robotics/build/dronehive_interfaces': CMAKE_PREFIX_PATH=${CMAKE_PREFIX_PATH}:/home/samuel/EiRT-AscenD-Robotics/install/dronehive:/home/samuel/EiRT-AscenD-Robotics/ros2_ws/install/dronehive:/opt/ros/humble /usr/bin/cmake --build /home/samuel/EiRT-AscenD-Robotics/build/dronehive_interfaces -- -j16 -l16
[0.590s] DEBUG:colcon.colcon_core.event_handler.log_command:Invoked command in '/home/samuel/EiRT-AscenD-Robotics/build/dronehive_interfaces' returned '0': CMAKE_PREFIX_PATH=${CMAKE_PREFIX_PATH}:/home/samuel/EiRT-AscenD-Robotics/install/dronehive:/home/samuel/EiRT-AscenD-Robotics/ros2_ws/install/dronehive:/opt/ros/humble /usr/bin/cmake --build /home/samuel/EiRT-AscenD-Robotics/build/dronehive_interfaces -- -j16 -l16
[0.600s] DEBUG:colcon.colcon_core.event_handler.log_command:Invoking command in '/home/samuel/EiRT-AscenD-Robotics/build/dronehive_interfaces': CMAKE_PREFIX_PATH=${CMAKE_PREFIX_PATH}:/home/samuel/EiRT-AscenD-Robotics/install/dronehive:/home/samuel/EiRT-AscenD-Robotics/ros2_ws/install/dronehive:/opt/ros/humble /usr/bin/cmake --install /home/samuel/EiRT-AscenD-Robotics/build/dronehive_interfaces
[0.663s] Level 1:colcon.colcon_core.environment:create_environment_scripts_only(dronehive_interfaces)
[0.663s] DEBUG:colcon.colcon_core.event_handler.log_command:Invoked command in '/home/samuel/EiRT-AscenD-Robotics/build/dronehive_interfaces' returned '0': CMAKE_PREFIX_PATH=${CMAKE_PREFIX_PATH}:/home/samuel/EiRT-AscenD-Robotics/install/dronehive:/home/samuel/EiRT-AscenD-Robotics/ros2_ws/install/dronehive:/opt/ros/humble /usr/bin/cmake --install /home/samuel/EiRT-AscenD-Robotics/build/dronehive_interfaces
[0.665s] Level 1:colcon.colcon_core.environment:checking '/home/samuel/EiRT-AscenD-Robotics/install/dronehive_interfaces' for CMake module files
[0.665s] Level 1:colcon.colcon_core.environment:checking '/home/samuel/EiRT-AscenD-Robotics/install/dronehive_interfaces' for CMake config files
[0.666s] Level 1:colcon.colcon_core.shell:create_environment_hook('dronehive_interfaces', 'cmake_prefix_path')
[0.666s] INFO:colcon.colcon_core.shell:Creating environment hook '/home/samuel/EiRT-AscenD-Robotics/install/dronehive_interfaces/share/dronehive_interfaces/hook/cmake_prefix_path.ps1'
[0.666s] INFO:colcon.colcon_core.shell:Creating environment descriptor '/home/samuel/EiRT-AscenD-Robotics/install/dronehive_interfaces/share/dronehive_interfaces/hook/cmake_prefix_path.dsv'
[0.667s] INFO:colcon.colcon_core.shell:Creating environment hook '/home/samuel/EiRT-AscenD-Robotics/install/dronehive_interfaces/share/dronehive_interfaces/hook/cmake_prefix_path.sh'
[0.667s] Level 1:colcon.colcon_core.environment:checking '/home/samuel/EiRT-AscenD-Robotics/install/dronehive_interfaces/lib'
[0.667s] Level 1:colcon.colcon_core.shell:create_environment_hook('dronehive_interfaces', 'ld_library_path_lib')
[0.667s] INFO:colcon.colcon_core.shell:Creating environment hook '/home/samuel/EiRT-AscenD-Robotics/install/dronehive_interfaces/share/dronehive_interfaces/hook/ld_library_path_lib.ps1'
[0.668s] INFO:colcon.colcon_core.shell:Creating environment descriptor '/home/samuel/EiRT-AscenD-Robotics/install/dronehive_interfaces/share/dronehive_interfaces/hook/ld_library_path_lib.dsv'
[0.668s] INFO:colcon.colcon_core.shell:Creating environment hook '/home/samuel/EiRT-AscenD-Robotics/install/dronehive_interfaces/share/dronehive_interfaces/hook/ld_library_path_lib.sh'
[0.668s] Level 1:colcon.colcon_core.environment:checking '/home/samuel/EiRT-AscenD-Robotics/install/dronehive_interfaces/bin'
[0.668s] Level 1:colcon.colcon_core.environment:checking '/home/samuel/EiRT-AscenD-Robotics/install/dronehive_interfaces/lib/pkgconfig/dronehive_interfaces.pc'
[0.668s] Level 1:colcon.colcon_core.environment:checking '/home/samuel/EiRT-AscenD-Robotics/install/dronehive_interfaces/lib/python3.10/site-packages'
[0.669s] Level 1:colcon.colcon_core.environment:checking '/home/samuel/EiRT-AscenD-Robotics/install/dronehive_interfaces/bin'
[0.669s] INFO:colcon.colcon_core.shell:Creating package script '/home/samuel/EiRT-AscenD-Robotics/install/dronehive_interfaces/share/dronehive_interfaces/package.ps1'
[0.669s] INFO:colcon.colcon_core.shell:Creating package descriptor '/home/samuel/EiRT-AscenD-Robotics/install/dronehive_interfaces/share/dronehive_interfaces/package.dsv'
[0.670s] INFO:colcon.colcon_core.shell:Creating package script '/home/samuel/EiRT-AscenD-Robotics/install/dronehive_interfaces/share/dronehive_interfaces/package.sh'
[0.670s] INFO:colcon.colcon_core.shell:Creating package script '/home/samuel/EiRT-AscenD-Robotics/install/dronehive_interfaces/share/dronehive_interfaces/package.bash'
[0.671s] INFO:colcon.colcon_core.shell:Creating package script '/home/samuel/EiRT-AscenD-Robotics/install/dronehive_interfaces/share/dronehive_interfaces/package.zsh'
[0.671s] Level 1:colcon.colcon_core.environment:create_file_with_runtime_dependencies(/home/samuel/EiRT-AscenD-Robotics/install/dronehive_interfaces/share/colcon-core/packages/dronehive_interfaces)
[0.672s] Level 1:colcon.colcon_core.environment:create_environment_scripts_only(dronehive_interfaces)
[0.672s] Level 1:colcon.colcon_core.environment:checking '/home/samuel/EiRT-AscenD-Robotics/install/dronehive_interfaces' for CMake module files
[0.672s] Level 1:colcon.colcon_core.environment:checking '/home/samuel/EiRT-AscenD-Robotics/install/dronehive_interfaces' for CMake config files
[0.673s] Level 1:colcon.colcon_core.shell:create_environment_hook('dronehive_interfaces', 'cmake_prefix_path')
[0.673s] INFO:colcon.colcon_core.shell:Creating environment hook '/home/samuel/EiRT-AscenD-Robotics/install/dronehive_interfaces/share/dronehive_interfaces/hook/cmake_prefix_path.ps1'
[0.673s] INFO:colcon.colcon_core.shell:Creating environment descriptor '/home/samuel/EiRT-AscenD-Robotics/install/dronehive_interfaces/share/dronehive_interfaces/hook/cmake_prefix_path.dsv'
[0.673s] INFO:colcon.colcon_core.shell:Creating environment hook '/home/samuel/EiRT-AscenD-Robotics/install/dronehive_interfaces/share/dronehive_interfaces/hook/cmake_prefix_path.sh'
[0.674s] Level 1:colcon.colcon_core.environment:checking '/home/samuel/EiRT-AscenD-Robotics/install/dronehive_interfaces/lib'
[0.674s] Level 1:colcon.colcon_core.shell:create_environment_hook('dronehive_interfaces', 'ld_library_path_lib')
[0.674s] INFO:colcon.colcon_core.shell:Creating environment hook '/home/samuel/EiRT-AscenD-Robotics/install/dronehive_interfaces/share/dronehive_interfaces/hook/ld_library_path_lib.ps1'
[0.674s] INFO:colcon.colcon_core.shell:Creating environment descriptor '/home/samuel/EiRT-AscenD-Robotics/install/dronehive_interfaces/share/dronehive_interfaces/hook/ld_library_path_lib.dsv'
[0.674s] INFO:colcon.colcon_core.shell:Creating environment hook '/home/samuel/EiRT-AscenD-Robotics/install/dronehive_interfaces/share/dronehive_interfaces/hook/ld_library_path_lib.sh'
[0.674s] Level 1:colcon.colcon_core.environment:checking '/home/samuel/EiRT-AscenD-Robotics/install/dronehive_interfaces/bin'
[0.675s] Level 1:colcon.colcon_core.environment:checking '/home/samuel/EiRT-AscenD-Robotics/install/dronehive_interfaces/lib/pkgconfig/dronehive_interfaces.pc'
[0.675s] Level 1:colcon.colcon_core.environment:checking '/home/samuel/EiRT-AscenD-Robotics/install/dronehive_interfaces/lib/python3.10/site-packages'
[0.675s] Level 1:colcon.colcon_core.environment:checking '/home/samuel/EiRT-AscenD-Robotics/install/dronehive_interfaces/bin'
[0.675s] INFO:colcon.colcon_core.shell:Creating package script '/home/samuel/EiRT-AscenD-Robotics/install/dronehive_interfaces/share/dronehive_interfaces/package.ps1'
[0.675s] INFO:colcon.colcon_core.shell:Creating package descriptor '/home/samuel/EiRT-AscenD-Robotics/install/dronehive_interfaces/share/dronehive_interfaces/package.dsv'
[0.676s] INFO:colcon.colcon_core.shell:Creating package script '/home/samuel/EiRT-AscenD-Robotics/install/dronehive_interfaces/share/dronehive_interfaces/package.sh'
[0.676s] INFO:colcon.colcon_core.shell:Creating package script '/home/samuel/EiRT-AscenD-Robotics/install/dronehive_interfaces/share/dronehive_interfaces/package.bash'
[0.676s] INFO:colcon.colcon_core.shell:Creating package script '/home/samuel/EiRT-AscenD-Robotics/install/dronehive_interfaces/share/dronehive_interfaces/package.zsh'
[0.677s] Level 1:colcon.colcon_core.environment:create_file_with_runtime_dependencies(/home/samuel/EiRT-AscenD-Robotics/install/dronehive_interfaces/share/colcon-core/packages/dronehive_interfaces)
[0.677s] INFO:colcon.colcon_ros.task.ament_python.build:Building ROS package in '/home/samuel/EiRT-AscenD-Robotics/ros2_ws/src/dronehive' with build type 'ament_python'
[0.677s] Level 1:colcon.colcon_core.shell:create_environment_hook('dronehive', 'ament_prefix_path')
[0.677s] INFO:colcon.colcon_core.shell:Creating environment hook '/home/samuel/EiRT-AscenD-Robotics/install/dronehive/share/dronehive/hook/ament_prefix_path.ps1'
[0.678s] INFO:colcon.colcon_core.shell:Creating environment descriptor '/home/samuel/EiRT-AscenD-Robotics/install/dronehive/share/dronehive/hook/ament_prefix_path.dsv'
[0.678s] INFO:colcon.colcon_core.shell:Creating environment hook '/home/samuel/EiRT-AscenD-Robotics/install/dronehive/share/dronehive/hook/ament_prefix_path.sh'
[0.678s] INFO:colcon.colcon_core.shell:Skip shell extension 'powershell' for command environment: Not usable outside of PowerShell
[0.678s] DEBUG:colcon.colcon_core.shell:Skip shell extension 'dsv' for command environment
[0.681s] INFO:colcon.colcon_ros.task.ament_cmake.build:Building ROS package in '/home/samuel/EiRT-AscenD-Robotics/ros2_ws/src/hmi' with build type 'ament_cmake'
[0.681s] INFO:colcon.colcon_cmake.task.cmake.build:Building CMake package in '/home/samuel/EiRT-AscenD-Robotics/ros2_ws/src/hmi'
[0.681s] INFO:colcon.colcon_core.shell:Skip shell extension 'powershell' for command environment: Not usable outside of PowerShell
[0.682s] DEBUG:colcon.colcon_core.shell:Skip shell extension 'dsv' for command environment
[0.685s] INFO:colcon.colcon_ros.task.ament_cmake.build:Building ROS package in '/home/samuel/EiRT-AscenD-Robotics/ros2_ws/src/hmi_backend' with build type 'ament_cmake'
[0.685s] INFO:colcon.colcon_cmake.task.cmake.build:Building CMake package in '/home/samuel/EiRT-AscenD-Robotics/ros2_ws/src/hmi_backend'
[0.685s] INFO:colcon.colcon_core.shell:Skip shell extension 'powershell' for command environment: Not usable outside of PowerShell
[0.685s] DEBUG:colcon.colcon_core.shell:Skip shell extension 'dsv' for command environment
[0.901s] INFO:colcon.colcon_core.task.python.build:Building Python package in '/home/samuel/EiRT-AscenD-Robotics/ros2_ws/src/dronehive'
[0.901s] INFO:colcon.colcon_core.shell:Skip shell extension 'powershell' for command environment: Not usable outside of PowerShell
[0.901s] DEBUG:colcon.colcon_core.shell:Skip shell extension 'dsv' for command environment
[0.908s] DEBUG:colcon.colcon_core.event_handler.log_command:Invoking command in '/home/samuel/EiRT-AscenD-Robotics/build/hmi': CMAKE_PREFIX_PATH=/home/samuel/EiRT-AscenD-Robotics/install/dronehive_interfaces:/home/samuel/EiRT-AscenD-Robotics/install/hmi_backend:/home/samuel/EiRT-AscenD-Robotics/install/hmi:/home/samuel/EiRT-AscenD-Robotics/ros2_ws/install/hmi_backend:/home/samuel/EiRT-AscenD-Robotics/ros2_ws/install/hmi:/home/samuel/EiRT-AscenD-Robotics/ros2_ws/install/dronehive_interfaces:/home/samuel/EiRT-AscenD-Robotics/install/dronehive:/home/samuel/EiRT-AscenD-Robotics/ros2_ws/install/dronehive:/opt/ros/humble /usr/bin/cmake --build /home/samuel/EiRT-AscenD-Robotics/build/hmi -- -j16 -l16
[0.910s] DEBUG:colcon.colcon_core.event_handler.log_command:Invoking command in '/home/samuel/EiRT-AscenD-Robotics/build/hmi_backend': CMAKE_PREFIX_PATH=/home/samuel/EiRT-AscenD-Robotics/install/dronehive_interfaces:/home/samuel/EiRT-AscenD-Robotics/install/hmi_backend:/home/samuel/EiRT-AscenD-Robotics/install/hmi:/home/samuel/EiRT-AscenD-Robotics/ros2_ws/install/hmi_backend:/home/samuel/EiRT-AscenD-Robotics/ros2_ws/install/hmi:/home/samuel/EiRT-AscenD-Robotics/ros2_ws/install/dronehive_interfaces:/home/samuel/EiRT-AscenD-Robotics/install/dronehive:/home/samuel/EiRT-AscenD-Robotics/ros2_ws/install/dronehive:/opt/ros/humble /usr/bin/cmake --build /home/samuel/EiRT-AscenD-Robotics/build/hmi_backend -- -j16 -l16
[1.004s] DEBUG:colcon.colcon_core.event_handler.log_command:Invoked command in '/home/samuel/EiRT-AscenD-Robotics/build/hmi_backend' returned '0': CMAKE_PREFIX_PATH=/home/samuel/EiRT-AscenD-Robotics/install/dronehive_interfaces:/home/samuel/EiRT-AscenD-Robotics/install/hmi_backend:/home/samuel/EiRT-AscenD-Robotics/install/hmi:/home/samuel/EiRT-AscenD-Robotics/ros2_ws/install/hmi_backend:/home/samuel/EiRT-AscenD-Robotics/ros2_ws/install/hmi:/home/samuel/EiRT-AscenD-Robotics/ros2_ws/install/dronehive_interfaces:/home/samuel/EiRT-AscenD-Robotics/install/dronehive:/home/samuel/EiRT-AscenD-Robotics/ros2_ws/install/dronehive:/opt/ros/humble /usr/bin/cmake --build /home/samuel/EiRT-AscenD-Robotics/build/hmi_backend -- -j16 -l16
[1.005s] DEBUG:colcon.colcon_core.event_handler.log_command:Invoking command in '/home/samuel/EiRT-AscenD-Robotics/build/hmi_backend': CMAKE_PREFIX_PATH=/home/samuel/EiRT-AscenD-Robotics/install/dronehive_interfaces:/home/samuel/EiRT-AscenD-Robotics/install/hmi_backend:/home/samuel/EiRT-AscenD-Robotics/install/hmi:/home/samuel/EiRT-AscenD-Robotics/ros2_ws/install/hmi_backend:/home/samuel/EiRT-AscenD-Robotics/ros2_ws/install/hmi:/home/samuel/EiRT-AscenD-Robotics/ros2_ws/install/dronehive_interfaces:/home/samuel/EiRT-AscenD-Robotics/install/dronehive:/home/samuel/EiRT-AscenD-Robotics/ros2_ws/install/dronehive:/opt/ros/humble /usr/bin/cmake --install /home/samuel/EiRT-AscenD-Robotics/build/hmi_backend
[1.014s] Level 1:colcon.colcon_core.environment:create_environment_scripts_only(hmi_backend)
[1.014s] Level 1:colcon.colcon_core.environment:checking '/home/samuel/EiRT-AscenD-Robotics/install/hmi_backend' for CMake module files
[1.014s] DEBUG:colcon.colcon_core.event_handler.log_command:Invoked command in '/home/samuel/EiRT-AscenD-Robotics/build/hmi_backend' returned '0': CMAKE_PREFIX_PATH=/home/samuel/EiRT-AscenD-Robotics/install/dronehive_interfaces:/home/samuel/EiRT-AscenD-Robotics/install/hmi_backend:/home/samuel/EiRT-AscenD-Robotics/install/hmi:/home/samuel/EiRT-AscenD-Robotics/ros2_ws/install/hmi_backend:/home/samuel/EiRT-AscenD-Robotics/ros2_ws/install/hmi:/home/samuel/EiRT-AscenD-Robotics/ros2_ws/install/dronehive_interfaces:/home/samuel/EiRT-AscenD-Robotics/install/dronehive:/home/samuel/EiRT-AscenD-Robotics/ros2_ws/install/dronehive:/opt/ros/humble /usr/bin/cmake --install /home/samuel/EiRT-AscenD-Robotics/build/hmi_backend
[1.015s] Level 1:colcon.colcon_core.environment:checking '/home/samuel/EiRT-AscenD-Robotics/install/hmi_backend' for CMake config files
[1.015s] Level 1:colcon.colcon_core.shell:create_environment_hook('hmi_backend', 'cmake_prefix_path')
[1.015s] INFO:colcon.colcon_core.shell:Creating environment hook '/home/samuel/EiRT-AscenD-Robotics/install/hmi_backend/share/hmi_backend/hook/cmake_prefix_path.ps1'
[1.015s] INFO:colcon.colcon_core.shell:Creating environment descriptor '/home/samuel/EiRT-AscenD-Robotics/install/hmi_backend/share/hmi_backend/hook/cmake_prefix_path.dsv'
[1.016s] INFO:colcon.colcon_core.shell:Creating environment hook '/home/samuel/EiRT-AscenD-Robotics/install/hmi_backend/share/hmi_backend/hook/cmake_prefix_path.sh'
[1.016s] Level 1:colcon.colcon_core.environment:checking '/home/samuel/EiRT-AscenD-Robotics/install/hmi_backend/lib'
[1.016s] Level 1:colcon.colcon_core.environment:checking '/home/samuel/EiRT-AscenD-Robotics/install/hmi_backend/bin'
[1.016s] Level 1:colcon.colcon_core.environment:checking '/home/samuel/EiRT-AscenD-Robotics/install/hmi_backend/lib/pkgconfig/hmi_backend.pc'
[1.016s] Level 1:colcon.colcon_core.environment:checking '/home/samuel/EiRT-AscenD-Robotics/install/hmi_backend/lib/python3.10/site-packages'
[1.017s] Level 1:colcon.colcon_core.environment:checking '/home/samuel/EiRT-AscenD-Robotics/install/hmi_backend/bin'
[1.017s] INFO:colcon.colcon_core.shell:Creating package script '/home/samuel/EiRT-AscenD-Robotics/install/hmi_backend/share/hmi_backend/package.ps1'
[1.017s] INFO:colcon.colcon_core.shell:Creating package descriptor '/home/samuel/EiRT-AscenD-Robotics/install/hmi_backend/share/hmi_backend/package.dsv'
[1.017s] INFO:colcon.colcon_core.shell:Creating package script '/home/samuel/EiRT-AscenD-Robotics/install/hmi_backend/share/hmi_backend/package.sh'
[1.018s] INFO:colcon.colcon_core.shell:Creating package script '/home/samuel/EiRT-AscenD-Robotics/install/hmi_backend/share/hmi_backend/package.bash'
[1.018s] INFO:colcon.colcon_core.shell:Creating package script '/home/samuel/EiRT-AscenD-Robotics/install/hmi_backend/share/hmi_backend/package.zsh'
[1.018s] Level 1:colcon.colcon_core.environment:create_file_with_runtime_dependencies(/home/samuel/EiRT-AscenD-Robotics/install/hmi_backend/share/colcon-core/packages/hmi_backend)
[1.019s] Level 1:colcon.colcon_core.environment:create_environment_scripts_only(hmi_backend)
[1.019s] Level 1:colcon.colcon_core.environment:checking '/home/samuel/EiRT-AscenD-Robotics/install/hmi_backend' for CMake module files
[1.019s] Level 1:colcon.colcon_core.environment:checking '/home/samuel/EiRT-AscenD-Robotics/install/hmi_backend' for CMake config files
[1.019s] Level 1:colcon.colcon_core.shell:create_environment_hook('hmi_backend', 'cmake_prefix_path')
[1.019s] INFO:colcon.colcon_core.shell:Creating environment hook '/home/samuel/EiRT-AscenD-Robotics/install/hmi_backend/share/hmi_backend/hook/cmake_prefix_path.ps1'
[1.020s] INFO:colcon.colcon_core.shell:Creating environment descriptor '/home/samuel/EiRT-AscenD-Robotics/install/hmi_backend/share/hmi_backend/hook/cmake_prefix_path.dsv'
[1.020s] INFO:colcon.colcon_core.shell:Creating environment hook '/home/samuel/EiRT-AscenD-Robotics/install/hmi_backend/share/hmi_backend/hook/cmake_prefix_path.sh'
[1.020s] Level 1:colcon.colcon_core.environment:checking '/home/samuel/EiRT-AscenD-Robotics/install/hmi_backend/lib'
[1.020s] Level 1:colcon.colcon_core.environment:checking '/home/samuel/EiRT-AscenD-Robotics/install/hmi_backend/bin'
[1.020s] Level 1:colcon.colcon_core.environment:checking '/home/samuel/EiRT-AscenD-Robotics/install/hmi_backend/lib/pkgconfig/hmi_backend.pc'
[1.021s] Level 1:colcon.colcon_core.environment:checking '/home/samuel/EiRT-AscenD-Robotics/install/hmi_backend/lib/python3.10/site-packages'
[1.021s] Level 1:colcon.colcon_core.environment:checking '/home/samuel/EiRT-AscenD-Robotics/install/hmi_backend/bin'
[1.021s] INFO:colcon.colcon_core.shell:Creating package script '/home/samuel/EiRT-AscenD-Robotics/install/hmi_backend/share/hmi_backend/package.ps1'
[1.021s] INFO:colcon.colcon_core.shell:Creating package descriptor '/home/samuel/EiRT-AscenD-Robotics/install/hmi_backend/share/hmi_backend/package.dsv'
[1.022s] INFO:colcon.colcon_core.shell:Creating package script '/home/samuel/EiRT-AscenD-Robotics/install/hmi_backend/share/hmi_backend/package.sh'
[1.022s] INFO:colcon.colcon_core.shell:Creating package script '/home/samuel/EiRT-AscenD-Robotics/install/hmi_backend/share/hmi_backend/package.bash'
[1.022s] INFO:colcon.colcon_core.shell:Creating package script '/home/samuel/EiRT-AscenD-Robotics/install/hmi_backend/share/hmi_backend/package.zsh'
[1.022s] Level 1:colcon.colcon_core.environment:create_file_with_runtime_dependencies(/home/samuel/EiRT-AscenD-Robotics/install/hmi_backend/share/colcon-core/packages/hmi_backend)
[1.198s] DEBUG:colcon.colcon_core.event_handler.log_command:Invoking command in '/home/samuel/EiRT-AscenD-Robotics/ros2_ws/src/dronehive': CMAKE_PREFIX_PATH=/home/samuel/EiRT-AscenD-Robotics/install/dronehive_interfaces:/home/samuel/EiRT-AscenD-Robotics/install/hmi_backend:/home/samuel/EiRT-AscenD-Robotics/install/hmi:/home/samuel/EiRT-AscenD-Robotics/ros2_ws/install/hmi_backend:/home/samuel/EiRT-AscenD-Robotics/ros2_ws/install/hmi:/home/samuel/EiRT-AscenD-Robotics/ros2_ws/install/dronehive_interfaces PYTHONPATH=/home/samuel/EiRT-AscenD-Robotics/build/dronehive/prefix_override:/usr/lib/python3/dist-packages/colcon_core/task/python/colcon_distutils_commands:/home/samuel/EiRT-AscenD-Robotics/install/dronehive/lib/python3.10/site-packages:${PYTHONPATH} /usr/bin/python3 -W ignore:setup.py install is deprecated -W ignore:easy_install command is deprecated setup.py egg_info --egg-base ../../../build/dronehive build --build-base /home/samuel/EiRT-AscenD-Robotics/build/dronehive/build install --record /home/samuel/EiRT-AscenD-Robotics/build/dronehive/install.log --single-version-externally-managed install_data
[1.442s] Level 1:colcon.colcon_core.environment:checking '/home/samuel/EiRT-AscenD-Robotics/install/dronehive' for CMake module files
[1.442s] DEBUG:colcon.colcon_core.event_handler.log_command:Invoked command in '/home/samuel/EiRT-AscenD-Robotics/ros2_ws/src/dronehive' returned '0': CMAKE_PREFIX_PATH=/home/samuel/EiRT-AscenD-Robotics/install/dronehive_interfaces:/home/samuel/EiRT-AscenD-Robotics/install/hmi_backend:/home/samuel/EiRT-AscenD-Robotics/install/hmi:/home/samuel/EiRT-AscenD-Robotics/ros2_ws/install/hmi_backend:/home/samuel/EiRT-AscenD-Robotics/ros2_ws/install/hmi:/home/samuel/EiRT-AscenD-Robotics/ros2_ws/install/dronehive_interfaces PYTHONPATH=/home/samuel/EiRT-AscenD-Robotics/build/dronehive/prefix_override:/usr/lib/python3/dist-packages/colcon_core/task/python/colcon_distutils_commands:/home/samuel/EiRT-AscenD-Robotics/install/dronehive/lib/python3.10/site-packages:${PYTHONPATH} /usr/bin/python3 -W ignore:setup.py install is deprecated -W ignore:easy_install command is deprecated setup.py egg_info --egg-base ../../../build/dronehive build --build-base /home/samuel/EiRT-AscenD-Robotics/build/dronehive/build install --record /home/samuel/EiRT-AscenD-Robotics/build/dronehive/install.log --single-version-externally-managed install_data
[1.443s] Level 1:colcon.colcon_core.environment:checking '/home/samuel/EiRT-AscenD-Robotics/install/dronehive' for CMake config files
[1.443s] Level 1:colcon.colcon_core.environment:checking '/home/samuel/EiRT-AscenD-Robotics/install/dronehive/lib'
[1.443s] Level 1:colcon.colcon_core.environment:checking '/home/samuel/EiRT-AscenD-Robotics/install/dronehive/bin'
[1.443s] Level 1:colcon.colcon_core.environment:checking '/home/samuel/EiRT-AscenD-Robotics/install/dronehive/lib/pkgconfig/dronehive.pc'
[1.444s] Level 1:colcon.colcon_core.environment:checking '/home/samuel/EiRT-AscenD-Robotics/install/dronehive/lib/python3.10/site-packages'
[1.444s] Level 1:colcon.colcon_core.shell:create_environment_hook('dronehive', 'pythonpath')
[1.444s] INFO:colcon.colcon_core.shell:Creating environment hook '/home/samuel/EiRT-AscenD-Robotics/install/dronehive/share/dronehive/hook/pythonpath.ps1'
[1.444s] INFO:colcon.colcon_core.shell:Creating environment descriptor '/home/samuel/EiRT-AscenD-Robotics/install/dronehive/share/dronehive/hook/pythonpath.dsv'
[1.444s] INFO:colcon.colcon_core.shell:Creating environment hook '/home/samuel/EiRT-AscenD-Robotics/install/dronehive/share/dronehive/hook/pythonpath.sh'
[1.445s] Level 1:colcon.colcon_core.environment:checking '/home/samuel/EiRT-AscenD-Robotics/install/dronehive/bin'
[1.445s] Level 1:colcon.colcon_core.environment:create_environment_scripts_only(dronehive)
[1.445s] INFO:colcon.colcon_core.shell:Creating package script '/home/samuel/EiRT-AscenD-Robotics/install/dronehive/share/dronehive/package.ps1'
[1.445s] INFO:colcon.colcon_core.shell:Creating package descriptor '/home/samuel/EiRT-AscenD-Robotics/install/dronehive/share/dronehive/package.dsv'
[1.446s] INFO:colcon.colcon_core.shell:Creating package script '/home/samuel/EiRT-AscenD-Robotics/install/dronehive/share/dronehive/package.sh'
[1.446s] INFO:colcon.colcon_core.shell:Creating package script '/home/samuel/EiRT-AscenD-Robotics/install/dronehive/share/dronehive/package.bash'
[1.446s] INFO:colcon.colcon_core.shell:Creating package script '/home/samuel/EiRT-AscenD-Robotics/install/dronehive/share/dronehive/package.zsh'
[1.447s] Level 1:colcon.colcon_core.environment:create_file_with_runtime_dependencies(/home/samuel/EiRT-AscenD-Robotics/install/dronehive/share/colcon-core/packages/dronehive)
[15.145s] DEBUG:colcon.colcon_core.event_handler.log_command:Invoked command in '/home/samuel/EiRT-AscenD-Robotics/build/hmi' returned '0': CMAKE_PREFIX_PATH=/home/samuel/EiRT-AscenD-Robotics/install/dronehive_interfaces:/home/samuel/EiRT-AscenD-Robotics/install/hmi_backend:/home/samuel/EiRT-AscenD-Robotics/install/hmi:/home/samuel/EiRT-AscenD-Robotics/ros2_ws/install/hmi_backend:/home/samuel/EiRT-AscenD-Robotics/ros2_ws/install/hmi:/home/samuel/EiRT-AscenD-Robotics/ros2_ws/install/dronehive_interfaces:/home/samuel/EiRT-AscenD-Robotics/install/dronehive:/home/samuel/EiRT-AscenD-Robotics/ros2_ws/install/dronehive:/opt/ros/humble /usr/bin/cmake --build /home/samuel/EiRT-AscenD-Robotics/build/hmi -- -j16 -l16
[15.146s] DEBUG:colcon.colcon_core.event_handler.log_command:Invoking command in '/home/samuel/EiRT-AscenD-Robotics/build/hmi': CMAKE_PREFIX_PATH=/home/samuel/EiRT-AscenD-Robotics/install/dronehive_interfaces:/home/samuel/EiRT-AscenD-Robotics/install/hmi_backend:/home/samuel/EiRT-AscenD-Robotics/install/hmi:/home/samuel/EiRT-AscenD-Robotics/ros2_ws/install/hmi_backend:/home/samuel/EiRT-AscenD-Robotics/ros2_ws/install/hmi:/home/samuel/EiRT-AscenD-Robotics/ros2_ws/install/dronehive_interfaces:/home/samuel/EiRT-AscenD-Robotics/install/dronehive:/home/samuel/EiRT-AscenD-Robotics/ros2_ws/install/dronehive:/opt/ros/humble /usr/bin/cmake --install /home/samuel/EiRT-AscenD-Robotics/build/hmi
[15.167s] Level 1:colcon.colcon_core.environment:create_environment_scripts_only(hmi)
[15.168s] Level 1:colcon.colcon_core.environment:checking '/home/samuel/EiRT-AscenD-Robotics/install/hmi' for CMake module files
[15.168s] DEBUG:colcon.colcon_core.event_handler.log_command:Invoked command in '/home/samuel/EiRT-AscenD-Robotics/build/hmi' returned '0': CMAKE_PREFIX_PATH=/home/samuel/EiRT-AscenD-Robotics/install/dronehive_interfaces:/home/samuel/EiRT-AscenD-Robotics/install/hmi_backend:/home/samuel/EiRT-AscenD-Robotics/install/hmi:/home/samuel/EiRT-AscenD-Robotics/ros2_ws/install/hmi_backend:/home/samuel/EiRT-AscenD-Robotics/ros2_ws/install/hmi:/home/samuel/EiRT-AscenD-Robotics/ros2_ws/install/dronehive_interfaces:/home/samuel/EiRT-AscenD-Robotics/install/dronehive:/home/samuel/EiRT-AscenD-Robotics/ros2_ws/install/dronehive:/opt/ros/humble /usr/bin/cmake --install /home/samuel/EiRT-AscenD-Robotics/build/hmi
[15.168s] Level 1:colcon.colcon_core.environment:checking '/home/samuel/EiRT-AscenD-Robotics/install/hmi' for CMake config files
[15.169s] Level 1:colcon.colcon_core.shell:create_environment_hook('hmi', 'cmake_prefix_path')
[15.169s] INFO:colcon.colcon_core.shell:Creating environment hook '/home/samuel/EiRT-AscenD-Robotics/install/hmi/share/hmi/hook/cmake_prefix_path.ps1'
[15.169s] INFO:colcon.colcon_core.shell:Creating environment descriptor '/home/samuel/EiRT-AscenD-Robotics/install/hmi/share/hmi/hook/cmake_prefix_path.dsv'
[15.169s] INFO:colcon.colcon_core.shell:Creating environment hook '/home/samuel/EiRT-AscenD-Robotics/install/hmi/share/hmi/hook/cmake_prefix_path.sh'
[15.170s] Level 1:colcon.colcon_core.environment:checking '/home/samuel/EiRT-AscenD-Robotics/install/hmi/lib'
[15.170s] Level 1:colcon.colcon_core.environment:checking '/home/samuel/EiRT-AscenD-Robotics/install/hmi/bin'
[15.170s] Level 1:colcon.colcon_core.environment:checking '/home/samuel/EiRT-AscenD-Robotics/install/hmi/lib/pkgconfig/hmi.pc'
[15.170s] Level 1:colcon.colcon_core.environment:checking '/home/samuel/EiRT-AscenD-Robotics/install/hmi/lib/python3.10/site-packages'
[15.170s] Level 1:colcon.colcon_core.environment:checking '/home/samuel/EiRT-AscenD-Robotics/install/hmi/bin'
[15.170s] INFO:colcon.colcon_core.shell:Creating package script '/home/samuel/EiRT-AscenD-Robotics/install/hmi/share/hmi/package.ps1'
[15.171s] INFO:colcon.colcon_core.shell:Creating package descriptor '/home/samuel/EiRT-AscenD-Robotics/install/hmi/share/hmi/package.dsv'
[15.171s] INFO:colcon.colcon_core.shell:Creating package script '/home/samuel/EiRT-AscenD-Robotics/install/hmi/share/hmi/package.sh'
[15.171s] INFO:colcon.colcon_core.shell:Creating package script '/home/samuel/EiRT-AscenD-Robotics/install/hmi/share/hmi/package.bash'
[15.171s] INFO:colcon.colcon_core.shell:Creating package script '/home/samuel/EiRT-AscenD-Robotics/install/hmi/share/hmi/package.zsh'
[15.172s] Level 1:colcon.colcon_core.environment:create_file_with_runtime_dependencies(/home/samuel/EiRT-AscenD-Robotics/install/hmi/share/colcon-core/packages/hmi)
[15.172s] Level 1:colcon.colcon_core.environment:create_environment_scripts_only(hmi)
[15.172s] Level 1:colcon.colcon_core.environment:checking '/home/samuel/EiRT-AscenD-Robotics/install/hmi' for CMake module files
[15.172s] Level 1:colcon.colcon_core.environment:checking '/home/samuel/EiRT-AscenD-Robotics/install/hmi' for CMake config files
[15.172s] Level 1:colcon.colcon_core.shell:create_environment_hook('hmi', 'cmake_prefix_path')
[15.173s] INFO:colcon.colcon_core.shell:Creating environment hook '/home/samuel/EiRT-AscenD-Robotics/install/hmi/share/hmi/hook/cmake_prefix_path.ps1'
[15.173s] INFO:colcon.colcon_core.shell:Creating environment descriptor '/home/samuel/EiRT-AscenD-Robotics/install/hmi/share/hmi/hook/cmake_prefix_path.dsv'
[15.173s] INFO:colcon.colcon_core.shell:Creating environment hook '/home/samuel/EiRT-AscenD-Robotics/install/hmi/share/hmi/hook/cmake_prefix_path.sh'
[15.173s] Level 1:colcon.colcon_core.environment:checking '/home/samuel/EiRT-AscenD-Robotics/install/hmi/lib'
[15.173s] Level 1:colcon.colcon_core.environment:checking '/home/samuel/EiRT-AscenD-Robotics/install/hmi/bin'
[15.173s] Level 1:colcon.colcon_core.environment:checking '/home/samuel/EiRT-AscenD-Robotics/install/hmi/lib/pkgconfig/hmi.pc'
[15.174s] Level 1:colcon.colcon_core.environment:checking '/home/samuel/EiRT-AscenD-Robotics/install/hmi/lib/python3.10/site-packages'
[15.174s] Level 1:colcon.colcon_core.environment:checking '/home/samuel/EiRT-AscenD-Robotics/install/hmi/bin'
[15.174s] INFO:colcon.colcon_core.shell:Creating package script '/home/samuel/EiRT-AscenD-Robotics/install/hmi/share/hmi/package.ps1'
[15.174s] INFO:colcon.colcon_core.shell:Creating package descriptor '/home/samuel/EiRT-AscenD-Robotics/install/hmi/share/hmi/package.dsv'
[15.175s] INFO:colcon.colcon_core.shell:Creating package script '/home/samuel/EiRT-AscenD-Robotics/install/hmi/share/hmi/package.sh'
[15.175s] INFO:colcon.colcon_core.shell:Creating package script '/home/samuel/EiRT-AscenD-Robotics/install/hmi/share/hmi/package.bash'
[15.175s] INFO:colcon.colcon_core.shell:Creating package script '/home/samuel/EiRT-AscenD-Robotics/install/hmi/share/hmi/package.zsh'
[15.176s] Level 1:colcon.colcon_core.environment:create_file_with_runtime_dependencies(/home/samuel/EiRT-AscenD-Robotics/install/hmi/share/colcon-core/packages/hmi)
[15.176s] DEBUG:colcon.colcon_parallel_executor.executor.parallel:closing loop
[15.176s] DEBUG:colcon.colcon_parallel_executor.executor.parallel:loop closed
[15.176s] DEBUG:colcon.colcon_parallel_executor.executor.parallel:run_until_complete finished with '0'
[15.176s] DEBUG:colcon.colcon_core.event_reactor:joining thread
[15.181s] INFO:colcon.colcon_core.plugin_system:Skipping extension 'colcon_notification.desktop_notification.terminal_notifier': Not used on non-Darwin systems
[15.181s] INFO:colcon.colcon_core.plugin_system:Skipping extension 'colcon_notification.desktop_notification.win32': Not used on non-Windows systems
[15.181s] INFO:colcon.colcon_notification.desktop_notification:Sending desktop notification using 'notify2'
[15.189s] DEBUG:colcon.colcon_core.event_reactor:joined thread
[15.189s] INFO:colcon.colcon_core.shell:Creating prefix script '/home/samuel/EiRT-AscenD-Robotics/install/local_setup.ps1'
[15.190s] INFO:colcon.colcon_core.shell:Creating prefix util module '/home/samuel/EiRT-AscenD-Robotics/install/_local_setup_util_ps1.py'
[15.191s] INFO:colcon.colcon_core.shell:Creating prefix chain script '/home/samuel/EiRT-AscenD-Robotics/install/setup.ps1'
[15.192s] INFO:colcon.colcon_core.shell:Creating prefix script '/home/samuel/EiRT-AscenD-Robotics/install/local_setup.sh'
[15.193s] INFO:colcon.colcon_core.shell:Creating prefix util module '/home/samuel/EiRT-AscenD-Robotics/install/_local_setup_util_sh.py'
[15.193s] INFO:colcon.colcon_core.shell:Creating prefix chain script '/home/samuel/EiRT-AscenD-Robotics/install/setup.sh'
[15.194s] INFO:colcon.colcon_core.shell:Creating prefix script '/home/samuel/EiRT-AscenD-Robotics/install/local_setup.bash'
[15.194s] INFO:colcon.colcon_core.shell:Creating prefix chain script '/home/samuel/EiRT-AscenD-Robotics/install/setup.bash'
[15.195s] INFO:colcon.colcon_core.shell:Creating prefix script '/home/samuel/EiRT-AscenD-Robotics/install/local_setup.zsh'
[15.195s] INFO:colcon.colcon_core.shell:Creating prefix chain script '/home/samuel/EiRT-AscenD-Robotics/install/setup.zsh'
