[0.413s] DEBUG:colcon:Command line arguments: ['/usr/bin/colcon', 'build']
[0.413s] DEBUG:colcon:Parsed command line arguments: Namespace(log_base=None, log_level=None, verb_name='build', build_base='build', install_base='install', merge_install=False, symlink_install=False, test_result_base=None, continue_on_error=False, executor='parallel', parallel_workers=8, event_handlers=None, ignore_user_meta=False, metas=['./colcon.meta'], base_paths=['.'], packages_ignore=None, packages_ignore_regex=None, paths=None, packages_up_to=None, packages_up_to_regex=None, packages_above=None, packages_above_and_dependencies=None, packages_above_depth=None, packages_select_by_dep=None, packages_skip_by_dep=None, packages_skip_up_to=None, packages_select_build_failed=False, packages_skip_build_finished=False, packages_select_test_failures=False, packages_skip_test_passed=False, packages_select=None, packages_skip=None, packages_select_regex=None, packages_skip_regex=None, packages_start=None, packages_end=None, allow_overriding=[], cmake_args=None, cmake_target=None, cmake_target_skip_unavailable=False, cmake_clean_cache=False, cmake_clean_first=False, cmake_force_configure=False, ament_cmake_args=None, catkin_cmake_args=None, catkin_skip_building_tests=False, mixin_files=None, mixin=None, verb_parser=<colcon_mixin.mixin.mixin_argument.MixinArgumentDecorator object at 0x7e774986ad10>, verb_extension=<colcon_core.verb.build.BuildVerb object at 0x7e774986a710>, main=<bound method BuildVerb.main of <colcon_core.verb.build.BuildVerb object at 0x7e774986a710>>, mixin_verb=('build',))
[1.001s] Level 1:colcon.colcon_core.package_discovery:discover_packages(colcon_meta) check parameters
[1.001s] Level 1:colcon.colcon_core.package_discovery:discover_packages(recursive) check parameters
[1.001s] Level 1:colcon.colcon_core.package_discovery:discover_packages(ignore) check parameters
[1.001s] Level 1:colcon.colcon_core.package_discovery:discover_packages(path) check parameters
[1.001s] Level 1:colcon.colcon_core.package_discovery:discover_packages(colcon_meta) discover
[1.001s] Level 1:colcon.colcon_core.package_discovery:discover_packages(recursive) discover
[1.002s] INFO:colcon.colcon_core.package_discovery:Crawling recursively for packages in '/home/fljv/Desktop/new/off_b/EiRT-AscenD-Robotics/ros2_ws'
[1.002s] Level 1:colcon.colcon_core.package_identification:_identify(.) by extensions ['ignore', 'ignore_ament_install']
[1.002s] Level 1:colcon.colcon_core.package_identification:_identify(.) by extension 'ignore'
[1.002s] Level 1:colcon.colcon_core.package_identification:_identify(.) by extension 'ignore_ament_install'
[1.003s] Level 1:colcon.colcon_core.package_identification:_identify(.) by extensions ['colcon_pkg']
[1.003s] Level 1:colcon.colcon_core.package_identification:_identify(.) by extension 'colcon_pkg'
[1.003s] Level 1:colcon.colcon_core.package_identification:_identify(.) by extensions ['colcon_meta']
[1.003s] Level 1:colcon.colcon_core.package_identification:_identify(.) by extension 'colcon_meta'
[1.003s] Level 1:colcon.colcon_core.package_identification:_identify(.) by extensions ['ros']
[1.003s] Level 1:colcon.colcon_core.package_identification:_identify(.) by extension 'ros'
[1.109s] Level 1:colcon.colcon_core.package_identification:_identify(.) by extensions ['cmake', 'python']
[1.109s] Level 1:colcon.colcon_core.package_identification:_identify(.) by extension 'cmake'
[1.109s] Level 1:colcon.colcon_core.package_identification:_identify(.) by extension 'python'
[1.110s] Level 1:colcon.colcon_core.package_identification:_identify(.) by extensions ['python_setup_py']
[1.110s] Level 1:colcon.colcon_core.package_identification:_identify(.) by extension 'python_setup_py'
[1.110s] Level 1:colcon.colcon_core.package_identification:_identify(build) by extensions ['ignore', 'ignore_ament_install']
[1.110s] Level 1:colcon.colcon_core.package_identification:_identify(build) by extension 'ignore'
[1.111s] Level 1:colcon.colcon_core.package_identification:_identify(build) ignored
[1.111s] Level 1:colcon.colcon_core.package_identification:_identify(install) by extensions ['ignore', 'ignore_ament_install']
[1.112s] Level 1:colcon.colcon_core.package_identification:_identify(install) by extension 'ignore'
[1.112s] Level 1:colcon.colcon_core.package_identification:_identify(install) ignored
[1.112s] Level 1:colcon.colcon_core.package_identification:_identify(log) by extensions ['ignore', 'ignore_ament_install']
[1.112s] Level 1:colcon.colcon_core.package_identification:_identify(log) by extension 'ignore'
[1.113s] Level 1:colcon.colcon_core.package_identification:_identify(log) ignored
[1.113s] Level 1:colcon.colcon_core.package_identification:_identify(src) by extensions ['ignore', 'ignore_ament_install']
[1.113s] Level 1:colcon.colcon_core.package_identification:_identify(src) by extension 'ignore'
[1.113s] Level 1:colcon.colcon_core.package_identification:_identify(src) by extension 'ignore_ament_install'
[1.114s] Level 1:colcon.colcon_core.package_identification:_identify(src) by extensions ['colcon_pkg']
[1.114s] Level 1:colcon.colcon_core.package_identification:_identify(src) by extension 'colcon_pkg'
[1.114s] Level 1:colcon.colcon_core.package_identification:_identify(src) by extensions ['colcon_meta']
[1.114s] Level 1:colcon.colcon_core.package_identification:_identify(src) by extension 'colcon_meta'
[1.114s] Level 1:colcon.colcon_core.package_identification:_identify(src) by extensions ['ros']
[1.114s] Level 1:colcon.colcon_core.package_identification:_identify(src) by extension 'ros'
[1.115s] Level 1:colcon.colcon_core.package_identification:_identify(src) by extensions ['cmake', 'python']
[1.115s] Level 1:colcon.colcon_core.package_identification:_identify(src) by extension 'cmake'
[1.115s] Level 1:colcon.colcon_core.package_identification:_identify(src) by extension 'python'
[1.115s] Level 1:colcon.colcon_core.package_identification:_identify(src) by extensions ['python_setup_py']
[1.115s] Level 1:colcon.colcon_core.package_identification:_identify(src) by extension 'python_setup_py'
[1.116s] Level 1:colcon.colcon_core.package_identification:_identify(src/dronehive) by extensions ['ignore', 'ignore_ament_install']
[1.116s] Level 1:colcon.colcon_core.package_identification:_identify(src/dronehive) by extension 'ignore'
[1.116s] Level 1:colcon.colcon_core.package_identification:_identify(src/dronehive) by extension 'ignore_ament_install'
[1.116s] Level 1:colcon.colcon_core.package_identification:_identify(src/dronehive) by extensions ['colcon_pkg']
[1.117s] Level 1:colcon.colcon_core.package_identification:_identify(src/dronehive) by extension 'colcon_pkg'
[1.117s] Level 1:colcon.colcon_core.package_identification:_identify(src/dronehive) by extensions ['colcon_meta']
[1.117s] Level 1:colcon.colcon_core.package_identification:_identify(src/dronehive) by extension 'colcon_meta'
[1.117s] Level 1:colcon.colcon_core.package_identification:_identify(src/dronehive) by extensions ['ros']
[1.117s] Level 1:colcon.colcon_core.package_identification:_identify(src/dronehive) by extension 'ros'
[1.126s] DEBUG:colcon.colcon_core.package_identification:Package 'src/dronehive' with type 'ros.ament_python' and name 'dronehive'
[1.126s] Level 1:colcon.colcon_core.package_identification:_identify(src/dronehive_interfaces) by extensions ['ignore', 'ignore_ament_install']
[1.127s] Level 1:colcon.colcon_core.package_identification:_identify(src/dronehive_interfaces) by extension 'ignore'
[1.127s] Level 1:colcon.colcon_core.package_identification:_identify(src/dronehive_interfaces) by extension 'ignore_ament_install'
[1.127s] Level 1:colcon.colcon_core.package_identification:_identify(src/dronehive_interfaces) by extensions ['colcon_pkg']
[1.127s] Level 1:colcon.colcon_core.package_identification:_identify(src/dronehive_interfaces) by extension 'colcon_pkg'
[1.128s] Level 1:colcon.colcon_core.package_identification:_identify(src/dronehive_interfaces) by extensions ['colcon_meta']
[1.128s] Level 1:colcon.colcon_core.package_identification:_identify(src/dronehive_interfaces) by extension 'colcon_meta'
[1.128s] Level 1:colcon.colcon_core.package_identification:_identify(src/dronehive_interfaces) by extensions ['ros']
[1.128s] Level 1:colcon.colcon_core.package_identification:_identify(src/dronehive_interfaces) by extension 'ros'
[1.130s] DEBUG:colcon.colcon_core.package_identification:Package 'src/dronehive_interfaces' with type 'ros.ament_cmake' and name 'dronehive_interfaces'
[1.130s] Level 1:colcon.colcon_core.package_identification:_identify(src/eit-playground) by extensions ['ignore', 'ignore_ament_install']
[1.130s] Level 1:colcon.colcon_core.package_identification:_identify(src/eit-playground) by extension 'ignore'
[1.131s] Level 1:colcon.colcon_core.package_identification:_identify(src/eit-playground) by extension 'ignore_ament_install'
[1.131s] Level 1:colcon.colcon_core.package_identification:_identify(src/eit-playground) by extensions ['colcon_pkg']
[1.131s] Level 1:colcon.colcon_core.package_identification:_identify(src/eit-playground) by extension 'colcon_pkg'
[1.131s] Level 1:colcon.colcon_core.package_identification:_identify(src/eit-playground) by extensions ['colcon_meta']
[1.131s] Level 1:colcon.colcon_core.package_identification:_identify(src/eit-playground) by extension 'colcon_meta'
[1.132s] Level 1:colcon.colcon_core.package_identification:_identify(src/eit-playground) by extensions ['ros']
[1.132s] Level 1:colcon.colcon_core.package_identification:_identify(src/eit-playground) by extension 'ros'
[1.132s] Level 1:colcon.colcon_core.package_identification:_identify(src/eit-playground) by extensions ['cmake', 'python']
[1.132s] Level 1:colcon.colcon_core.package_identification:_identify(src/eit-playground) by extension 'cmake'
[1.133s] Level 1:colcon.colcon_core.package_identification:_identify(src/eit-playground) by extension 'python'
[1.133s] Level 1:colcon.colcon_core.package_identification:_identify(src/eit-playground) by extensions ['python_setup_py']
[1.133s] Level 1:colcon.colcon_core.package_identification:_identify(src/eit-playground) by extension 'python_setup_py'
[1.133s] Level 1:colcon.colcon_core.package_identification:_identify(src/hmi) by extensions ['ignore', 'ignore_ament_install']
[1.133s] Level 1:colcon.colcon_core.package_identification:_identify(src/hmi) by extension 'ignore'
[1.134s] Level 1:colcon.colcon_core.package_identification:_identify(src/hmi) by extension 'ignore_ament_install'
[1.134s] Level 1:colcon.colcon_core.package_identification:_identify(src/hmi) by extensions ['colcon_pkg']
[1.134s] Level 1:colcon.colcon_core.package_identification:_identify(src/hmi) by extension 'colcon_pkg'
[1.134s] Level 1:colcon.colcon_core.package_identification:_identify(src/hmi) by extensions ['colcon_meta']
[1.134s] Level 1:colcon.colcon_core.package_identification:_identify(src/hmi) by extension 'colcon_meta'
[1.134s] Level 1:colcon.colcon_core.package_identification:_identify(src/hmi) by extensions ['ros']
[1.135s] Level 1:colcon.colcon_core.package_identification:_identify(src/hmi) by extension 'ros'
[1.137s] DEBUG:colcon.colcon_core.package_identification:Package 'src/hmi' with type 'ros.ament_cmake' and name 'hmi'
[1.137s] Level 1:colcon.colcon_core.package_identification:_identify(src/hmi_backend) by extensions ['ignore', 'ignore_ament_install']
[1.138s] Level 1:colcon.colcon_core.package_identification:_identify(src/hmi_backend) by extension 'ignore'
[1.138s] Level 1:colcon.colcon_core.package_identification:_identify(src/hmi_backend) by extension 'ignore_ament_install'
[1.138s] Level 1:colcon.colcon_core.package_identification:_identify(src/hmi_backend) by extensions ['colcon_pkg']
[1.138s] Level 1:colcon.colcon_core.package_identification:_identify(src/hmi_backend) by extension 'colcon_pkg'
[1.138s] Level 1:colcon.colcon_core.package_identification:_identify(src/hmi_backend) by extensions ['colcon_meta']
[1.138s] Level 1:colcon.colcon_core.package_identification:_identify(src/hmi_backend) by extension 'colcon_meta'
[1.139s] Level 1:colcon.colcon_core.package_identification:_identify(src/hmi_backend) by extensions ['ros']
[1.139s] Level 1:colcon.colcon_core.package_identification:_identify(src/hmi_backend) by extension 'ros'
[1.141s] DEBUG:colcon.colcon_core.package_identification:Package 'src/hmi_backend' with type 'ros.ament_cmake' and name 'hmi_backend'
[1.141s] Level 1:colcon.colcon_core.package_identification:_identify(src/offboard) by extensions ['ignore', 'ignore_ament_install']
[1.142s] Level 1:colcon.colcon_core.package_identification:_identify(src/offboard) by extension 'ignore'
[1.142s] Level 1:colcon.colcon_core.package_identification:_identify(src/offboard) by extension 'ignore_ament_install'
[1.142s] Level 1:colcon.colcon_core.package_identification:_identify(src/offboard) by extensions ['colcon_pkg']
[1.142s] Level 1:colcon.colcon_core.package_identification:_identify(src/offboard) by extension 'colcon_pkg'
[1.142s] Level 1:colcon.colcon_core.package_identification:_identify(src/offboard) by extensions ['colcon_meta']
[1.142s] Level 1:colcon.colcon_core.package_identification:_identify(src/offboard) by extension 'colcon_meta'
[1.143s] Level 1:colcon.colcon_core.package_identification:_identify(src/offboard) by extensions ['ros']
[1.143s] Level 1:colcon.colcon_core.package_identification:_identify(src/offboard) by extension 'ros'
[1.145s] DEBUG:colcon.colcon_core.package_identification:Package 'src/offboard' with type 'ros.ament_python' and name 'offboard'
[1.145s] Level 1:colcon.colcon_core.package_discovery:discover_packages(recursive) using defaults
[1.146s] Level 1:colcon.colcon_core.package_discovery:discover_packages(ignore) discover
[1.146s] Level 1:colcon.colcon_core.package_discovery:discover_packages(ignore) using defaults
[1.146s] Level 1:colcon.colcon_core.package_discovery:discover_packages(path) discover
[1.146s] Level 1:colcon.colcon_core.package_discovery:discover_packages(path) using defaults
[1.211s] Level 1:colcon.colcon_core.package_discovery:discover_packages(prefix_path) check parameters
[1.211s] Level 1:colcon.colcon_core.package_discovery:discover_packages(prefix_path) discover
[1.220s] DEBUG:colcon.colcon_installed_package_information.package_discovery:Found 383 installed packages in /opt/ros/humble
[1.227s] Level 1:colcon.colcon_core.package_discovery:discover_packages(prefix_path) using defaults
[1.400s] Level 5:colcon.colcon_core.verb:set package 'dronehive_interfaces' build argument 'cmake_args' from command line to 'None'
[1.400s] Level 5:colcon.colcon_core.verb:set package 'dronehive_interfaces' build argument 'cmake_target' from command line to 'None'
[1.400s] Level 5:colcon.colcon_core.verb:set package 'dronehive_interfaces' build argument 'cmake_target_skip_unavailable' from command line to 'False'
[1.400s] Level 5:colcon.colcon_core.verb:set package 'dronehive_interfaces' build argument 'cmake_clean_cache' from command line to 'False'
[1.400s] Level 5:colcon.colcon_core.verb:set package 'dronehive_interfaces' build argument 'cmake_clean_first' from command line to 'False'
[1.400s] Level 5:colcon.colcon_core.verb:set package 'dronehive_interfaces' build argument 'cmake_force_configure' from command line to 'False'
[1.400s] Level 5:colcon.colcon_core.verb:set package 'dronehive_interfaces' build argument 'ament_cmake_args' from command line to 'None'
[1.400s] Level 5:colcon.colcon_core.verb:set package 'dronehive_interfaces' build argument 'catkin_cmake_args' from command line to 'None'
[1.400s] Level 5:colcon.colcon_core.verb:set package 'dronehive_interfaces' build argument 'catkin_skip_building_tests' from command line to 'False'
[1.400s] DEBUG:colcon.colcon_core.verb:Building package 'dronehive_interfaces' with the following arguments: {'ament_cmake_args': None, 'build_base': '/home/fljv/Desktop/new/off_b/EiRT-AscenD-Robotics/ros2_ws/build/dronehive_interfaces', 'catkin_cmake_args': None, 'catkin_skip_building_tests': False, 'cmake_args': None, 'cmake_clean_cache': False, 'cmake_clean_first': False, 'cmake_force_configure': False, 'cmake_target': None, 'cmake_target_skip_unavailable': False, 'install_base': '/home/fljv/Desktop/new/off_b/EiRT-AscenD-Robotics/ros2_ws/install/dronehive_interfaces', 'merge_install': False, 'path': '/home/fljv/Desktop/new/off_b/EiRT-AscenD-Robotics/ros2_ws/src/dronehive_interfaces', 'symlink_install': False, 'test_result_base': None}
[1.402s] Level 5:colcon.colcon_core.verb:set package 'dronehive' build argument 'cmake_args' from command line to 'None'
[1.402s] Level 5:colcon.colcon_core.verb:set package 'dronehive' build argument 'cmake_target' from command line to 'None'
[1.402s] Level 5:colcon.colcon_core.verb:set package 'dronehive' build argument 'cmake_target_skip_unavailable' from command line to 'False'
[1.402s] Level 5:colcon.colcon_core.verb:set package 'dronehive' build argument 'cmake_clean_cache' from command line to 'False'
[1.402s] Level 5:colcon.colcon_core.verb:set package 'dronehive' build argument 'cmake_clean_first' from command line to 'False'
[1.402s] Level 5:colcon.colcon_core.verb:set package 'dronehive' build argument 'cmake_force_configure' from command line to 'False'
[1.402s] Level 5:colcon.colcon_core.verb:set package 'dronehive' build argument 'ament_cmake_args' from command line to 'None'
[1.402s] Level 5:colcon.colcon_core.verb:set package 'dronehive' build argument 'catkin_cmake_args' from command line to 'None'
[1.403s] Level 5:colcon.colcon_core.verb:set package 'dronehive' build argument 'catkin_skip_building_tests' from command line to 'False'
[1.403s] DEBUG:colcon.colcon_core.verb:Building package 'dronehive' with the following arguments: {'ament_cmake_args': None, 'build_base': '/home/fljv/Desktop/new/off_b/EiRT-AscenD-Robotics/ros2_ws/build/dronehive', 'catkin_cmake_args': None, 'catkin_skip_building_tests': False, 'cmake_args': None, 'cmake_clean_cache': False, 'cmake_clean_first': False, 'cmake_force_configure': False, 'cmake_target': None, 'cmake_target_skip_unavailable': False, 'install_base': '/home/fljv/Desktop/new/off_b/EiRT-AscenD-Robotics/ros2_ws/install/dronehive', 'merge_install': False, 'path': '/home/fljv/Desktop/new/off_b/EiRT-AscenD-Robotics/ros2_ws/src/dronehive', 'symlink_install': False, 'test_result_base': None}
[1.404s] Level 5:colcon.colcon_core.verb:set package 'hmi' build argument 'cmake_args' from command line to 'None'
[1.404s] Level 5:colcon.colcon_core.verb:set package 'hmi' build argument 'cmake_target' from command line to 'None'
[1.404s] Level 5:colcon.colcon_core.verb:set package 'hmi' build argument 'cmake_target_skip_unavailable' from command line to 'False'
[1.404s] Level 5:colcon.colcon_core.verb:set package 'hmi' build argument 'cmake_clean_cache' from command line to 'False'
[1.404s] Level 5:colcon.colcon_core.verb:set package 'hmi' build argument 'cmake_clean_first' from command line to 'False'
[1.404s] Level 5:colcon.colcon_core.verb:set package 'hmi' build argument 'cmake_force_configure' from command line to 'False'
[1.405s] Level 5:colcon.colcon_core.verb:set package 'hmi' build argument 'ament_cmake_args' from command line to 'None'
[1.405s] Level 5:colcon.colcon_core.verb:set package 'hmi' build argument 'catkin_cmake_args' from command line to 'None'
[1.405s] Level 5:colcon.colcon_core.verb:set package 'hmi' build argument 'catkin_skip_building_tests' from command line to 'False'
[1.405s] DEBUG:colcon.colcon_core.verb:Building package 'hmi' with the following arguments: {'ament_cmake_args': None, 'build_base': '/home/fljv/Desktop/new/off_b/EiRT-AscenD-Robotics/ros2_ws/build/hmi', 'catkin_cmake_args': None, 'catkin_skip_building_tests': False, 'cmake_args': None, 'cmake_clean_cache': False, 'cmake_clean_first': False, 'cmake_force_configure': False, 'cmake_target': None, 'cmake_target_skip_unavailable': False, 'install_base': '/home/fljv/Desktop/new/off_b/EiRT-AscenD-Robotics/ros2_ws/install/hmi', 'merge_install': False, 'path': '/home/fljv/Desktop/new/off_b/EiRT-AscenD-Robotics/ros2_ws/src/hmi', 'symlink_install': False, 'test_result_base': None}
[1.406s] Level 5:colcon.colcon_core.verb:set package 'hmi_backend' build argument 'cmake_args' from command line to 'None'
[1.406s] Level 5:colcon.colcon_core.verb:set package 'hmi_backend' build argument 'cmake_target' from command line to 'None'
[1.406s] Level 5:colcon.colcon_core.verb:set package 'hmi_backend' build argument 'cmake_target_skip_unavailable' from command line to 'False'
[1.407s] Level 5:colcon.colcon_core.verb:set package 'hmi_backend' build argument 'cmake_clean_cache' from command line to 'False'
[1.407s] Level 5:colcon.colcon_core.verb:set package 'hmi_backend' build argument 'cmake_clean_first' from command line to 'False'
[1.407s] Level 5:colcon.colcon_core.verb:set package 'hmi_backend' build argument 'cmake_force_configure' from command line to 'False'
[1.407s] Level 5:colcon.colcon_core.verb:set package 'hmi_backend' build argument 'ament_cmake_args' from command line to 'None'
[1.407s] Level 5:colcon.colcon_core.verb:set package 'hmi_backend' build argument 'catkin_cmake_args' from command line to 'None'
[1.407s] Level 5:colcon.colcon_core.verb:set package 'hmi_backend' build argument 'catkin_skip_building_tests' from command line to 'False'
[1.407s] DEBUG:colcon.colcon_core.verb:Building package 'hmi_backend' with the following arguments: {'ament_cmake_args': None, 'build_base': '/home/fljv/Desktop/new/off_b/EiRT-AscenD-Robotics/ros2_ws/build/hmi_backend', 'catkin_cmake_args': None, 'catkin_skip_building_tests': False, 'cmake_args': None, 'cmake_clean_cache': False, 'cmake_clean_first': False, 'cmake_force_configure': False, 'cmake_target': None, 'cmake_target_skip_unavailable': False, 'install_base': '/home/fljv/Desktop/new/off_b/EiRT-AscenD-Robotics/ros2_ws/install/hmi_backend', 'merge_install': False, 'path': '/home/fljv/Desktop/new/off_b/EiRT-AscenD-Robotics/ros2_ws/src/hmi_backend', 'symlink_install': False, 'test_result_base': None}
[1.408s] Level 5:colcon.colcon_core.verb:set package 'offboard' build argument 'cmake_args' from command line to 'None'
[1.408s] Level 5:colcon.colcon_core.verb:set package 'offboard' build argument 'cmake_target' from command line to 'None'
[1.409s] Level 5:colcon.colcon_core.verb:set package 'offboard' build argument 'cmake_target_skip_unavailable' from command line to 'False'
[1.409s] Level 5:colcon.colcon_core.verb:set package 'offboard' build argument 'cmake_clean_cache' from command line to 'False'
[1.409s] Level 5:colcon.colcon_core.verb:set package 'offboard' build argument 'cmake_clean_first' from command line to 'False'
[1.409s] Level 5:colcon.colcon_core.verb:set package 'offboard' build argument 'cmake_force_configure' from command line to 'False'
[1.409s] Level 5:colcon.colcon_core.verb:set package 'offboard' build argument 'ament_cmake_args' from command line to 'None'
[1.409s] Level 5:colcon.colcon_core.verb:set package 'offboard' build argument 'catkin_cmake_args' from command line to 'None'
[1.409s] Level 5:colcon.colcon_core.verb:set package 'offboard' build argument 'catkin_skip_building_tests' from command line to 'False'
[1.409s] DEBUG:colcon.colcon_core.verb:Building package 'offboard' with the following arguments: {'ament_cmake_args': None, 'build_base': '/home/fljv/Desktop/new/off_b/EiRT-AscenD-Robotics/ros2_ws/build/offboard', 'catkin_cmake_args': None, 'catkin_skip_building_tests': False, 'cmake_args': None, 'cmake_clean_cache': False, 'cmake_clean_first': False, 'cmake_force_configure': False, 'cmake_target': None, 'cmake_target_skip_unavailable': False, 'install_base': '/home/fljv/Desktop/new/off_b/EiRT-AscenD-Robotics/ros2_ws/install/offboard', 'merge_install': False, 'path': '/home/fljv/Desktop/new/off_b/EiRT-AscenD-Robotics/ros2_ws/src/offboard', 'symlink_install': False, 'test_result_base': None}
[1.410s] INFO:colcon.colcon_core.executor:Executing jobs using 'parallel' executor
[1.412s] DEBUG:colcon.colcon_parallel_executor.executor.parallel:run_until_complete
[1.414s] INFO:colcon.colcon_ros.task.ament_cmake.build:Building ROS package in '/home/fljv/Desktop/new/off_b/EiRT-AscenD-Robotics/ros2_ws/src/dronehive_interfaces' with build type 'ament_cmake'
[1.414s] INFO:colcon.colcon_cmake.task.cmake.build:Building CMake package in '/home/fljv/Desktop/new/off_b/EiRT-AscenD-Robotics/ros2_ws/src/dronehive_interfaces'
[1.419s] INFO:colcon.colcon_core.plugin_system:Skipping extension 'colcon_core.shell.bat': Not used on non-Windows systems
[1.420s] INFO:colcon.colcon_core.shell:Skip shell extension 'powershell' for command environment: Not usable outside of PowerShell
[1.420s] DEBUG:colcon.colcon_core.shell:Skip shell extension 'dsv' for command environment
[1.446s] DEBUG:colcon.colcon_core.event_handler.log_command:Invoking command in '/home/fljv/Desktop/new/off_b/EiRT-AscenD-Robotics/ros2_ws/build/dronehive_interfaces': CMAKE_PREFIX_PATH=/opt/ros/humble /usr/bin/cmake /home/fljv/Desktop/new/off_b/EiRT-AscenD-Robotics/ros2_ws/src/dronehive_interfaces -DCMAKE_INSTALL_PREFIX=/home/fljv/Desktop/new/off_b/EiRT-AscenD-Robotics/ros2_ws/install/dronehive_interfaces
[5.237s] DEBUG:colcon.colcon_core.event_handler.log_command:Invoked command in '/home/fljv/Desktop/new/off_b/EiRT-AscenD-Robotics/ros2_ws/build/dronehive_interfaces' returned '0': CMAKE_PREFIX_PATH=/opt/ros/humble /usr/bin/cmake /home/fljv/Desktop/new/off_b/EiRT-AscenD-Robotics/ros2_ws/src/dronehive_interfaces -DCMAKE_INSTALL_PREFIX=/home/fljv/Desktop/new/off_b/EiRT-AscenD-Robotics/ros2_ws/install/dronehive_interfaces
[5.240s] DEBUG:colcon.colcon_core.event_handler.log_command:Invoking command in '/home/fljv/Desktop/new/off_b/EiRT-AscenD-Robotics/ros2_ws/build/dronehive_interfaces': CMAKE_PREFIX_PATH=/opt/ros/humble /usr/bin/cmake --build /home/fljv/Desktop/new/off_b/EiRT-AscenD-Robotics/ros2_ws/build/dronehive_interfaces -- -j8 -l8
[36.176s] DEBUG:colcon.colcon_core.event_handler.log_command:Invoked command in '/home/fljv/Desktop/new/off_b/EiRT-AscenD-Robotics/ros2_ws/build/dronehive_interfaces' returned '0': CMAKE_PREFIX_PATH=/opt/ros/humble /usr/bin/cmake --build /home/fljv/Desktop/new/off_b/EiRT-AscenD-Robotics/ros2_ws/build/dronehive_interfaces -- -j8 -l8
[36.189s] DEBUG:colcon.colcon_core.event_handler.log_command:Invoking command in '/home/fljv/Desktop/new/off_b/EiRT-AscenD-Robotics/ros2_ws/build/dronehive_interfaces': CMAKE_PREFIX_PATH=/opt/ros/humble /usr/bin/cmake --install /home/fljv/Desktop/new/off_b/EiRT-AscenD-Robotics/ros2_ws/build/dronehive_interfaces
[36.477s] Level 1:colcon.colcon_core.environment:create_environment_scripts_only(dronehive_interfaces)
[36.478s] DEBUG:colcon.colcon_core.event_handler.log_command:Invoked command in '/home/fljv/Desktop/new/off_b/EiRT-AscenD-Robotics/ros2_ws/build/dronehive_interfaces' returned '0': CMAKE_PREFIX_PATH=/opt/ros/humble /usr/bin/cmake --install /home/fljv/Desktop/new/off_b/EiRT-AscenD-Robotics/ros2_ws/build/dronehive_interfaces
[36.480s] Level 1:colcon.colcon_core.environment:checking '/home/fljv/Desktop/new/off_b/EiRT-AscenD-Robotics/ros2_ws/install/dronehive_interfaces' for CMake module files
[36.481s] Level 1:colcon.colcon_core.environment:checking '/home/fljv/Desktop/new/off_b/EiRT-AscenD-Robotics/ros2_ws/install/dronehive_interfaces' for CMake config files
[36.482s] Level 1:colcon.colcon_core.shell:create_environment_hook('dronehive_interfaces', 'cmake_prefix_path')
[36.483s] INFO:colcon.colcon_core.shell:Creating environment hook '/home/fljv/Desktop/new/off_b/EiRT-AscenD-Robotics/ros2_ws/install/dronehive_interfaces/share/dronehive_interfaces/hook/cmake_prefix_path.ps1'
[36.483s] INFO:colcon.colcon_core.shell:Creating environment descriptor '/home/fljv/Desktop/new/off_b/EiRT-AscenD-Robotics/ros2_ws/install/dronehive_interfaces/share/dronehive_interfaces/hook/cmake_prefix_path.dsv'
[36.484s] INFO:colcon.colcon_core.shell:Creating environment hook '/home/fljv/Desktop/new/off_b/EiRT-AscenD-Robotics/ros2_ws/install/dronehive_interfaces/share/dronehive_interfaces/hook/cmake_prefix_path.sh'
[36.485s] Level 1:colcon.colcon_core.environment:checking '/home/fljv/Desktop/new/off_b/EiRT-AscenD-Robotics/ros2_ws/install/dronehive_interfaces/lib'
[36.485s] Level 1:colcon.colcon_core.shell:create_environment_hook('dronehive_interfaces', 'ld_library_path_lib')
[36.485s] INFO:colcon.colcon_core.shell:Creating environment hook '/home/fljv/Desktop/new/off_b/EiRT-AscenD-Robotics/ros2_ws/install/dronehive_interfaces/share/dronehive_interfaces/hook/ld_library_path_lib.ps1'
[36.485s] INFO:colcon.colcon_core.shell:Creating environment descriptor '/home/fljv/Desktop/new/off_b/EiRT-AscenD-Robotics/ros2_ws/install/dronehive_interfaces/share/dronehive_interfaces/hook/ld_library_path_lib.dsv'
[36.486s] INFO:colcon.colcon_core.shell:Creating environment hook '/home/fljv/Desktop/new/off_b/EiRT-AscenD-Robotics/ros2_ws/install/dronehive_interfaces/share/dronehive_interfaces/hook/ld_library_path_lib.sh'
[36.486s] Level 1:colcon.colcon_core.environment:checking '/home/fljv/Desktop/new/off_b/EiRT-AscenD-Robotics/ros2_ws/install/dronehive_interfaces/bin'
[36.486s] Level 1:colcon.colcon_core.environment:checking '/home/fljv/Desktop/new/off_b/EiRT-AscenD-Robotics/ros2_ws/install/dronehive_interfaces/lib/pkgconfig/dronehive_interfaces.pc'
[36.486s] Level 1:colcon.colcon_core.environment:checking '/home/fljv/Desktop/new/off_b/EiRT-AscenD-Robotics/ros2_ws/install/dronehive_interfaces/lib/python3.10/site-packages'
[36.487s] Level 1:colcon.colcon_core.environment:checking '/home/fljv/Desktop/new/off_b/EiRT-AscenD-Robotics/ros2_ws/install/dronehive_interfaces/bin'
[36.487s] INFO:colcon.colcon_core.shell:Creating package script '/home/fljv/Desktop/new/off_b/EiRT-AscenD-Robotics/ros2_ws/install/dronehive_interfaces/share/dronehive_interfaces/package.ps1'
[36.488s] INFO:colcon.colcon_core.shell:Creating package descriptor '/home/fljv/Desktop/new/off_b/EiRT-AscenD-Robotics/ros2_ws/install/dronehive_interfaces/share/dronehive_interfaces/package.dsv'
[36.489s] INFO:colcon.colcon_core.shell:Creating package script '/home/fljv/Desktop/new/off_b/EiRT-AscenD-Robotics/ros2_ws/install/dronehive_interfaces/share/dronehive_interfaces/package.sh'
[36.489s] INFO:colcon.colcon_core.shell:Creating package script '/home/fljv/Desktop/new/off_b/EiRT-AscenD-Robotics/ros2_ws/install/dronehive_interfaces/share/dronehive_interfaces/package.bash'
[36.490s] INFO:colcon.colcon_core.shell:Creating package script '/home/fljv/Desktop/new/off_b/EiRT-AscenD-Robotics/ros2_ws/install/dronehive_interfaces/share/dronehive_interfaces/package.zsh'
[36.491s] Level 1:colcon.colcon_core.environment:create_file_with_runtime_dependencies(/home/fljv/Desktop/new/off_b/EiRT-AscenD-Robotics/ros2_ws/install/dronehive_interfaces/share/colcon-core/packages/dronehive_interfaces)
[36.491s] Level 1:colcon.colcon_core.environment:create_environment_scripts_only(dronehive_interfaces)
[36.492s] Level 1:colcon.colcon_core.environment:checking '/home/fljv/Desktop/new/off_b/EiRT-AscenD-Robotics/ros2_ws/install/dronehive_interfaces' for CMake module files
[36.492s] Level 1:colcon.colcon_core.environment:checking '/home/fljv/Desktop/new/off_b/EiRT-AscenD-Robotics/ros2_ws/install/dronehive_interfaces' for CMake config files
[36.494s] Level 1:colcon.colcon_core.shell:create_environment_hook('dronehive_interfaces', 'cmake_prefix_path')
[36.494s] INFO:colcon.colcon_core.shell:Creating environment hook '/home/fljv/Desktop/new/off_b/EiRT-AscenD-Robotics/ros2_ws/install/dronehive_interfaces/share/dronehive_interfaces/hook/cmake_prefix_path.ps1'
[36.494s] INFO:colcon.colcon_core.shell:Creating environment descriptor '/home/fljv/Desktop/new/off_b/EiRT-AscenD-Robotics/ros2_ws/install/dronehive_interfaces/share/dronehive_interfaces/hook/cmake_prefix_path.dsv'
[36.495s] INFO:colcon.colcon_core.shell:Creating environment hook '/home/fljv/Desktop/new/off_b/EiRT-AscenD-Robotics/ros2_ws/install/dronehive_interfaces/share/dronehive_interfaces/hook/cmake_prefix_path.sh'
[36.495s] Level 1:colcon.colcon_core.environment:checking '/home/fljv/Desktop/new/off_b/EiRT-AscenD-Robotics/ros2_ws/install/dronehive_interfaces/lib'
[36.495s] Level 1:colcon.colcon_core.shell:create_environment_hook('dronehive_interfaces', 'ld_library_path_lib')
[36.495s] INFO:colcon.colcon_core.shell:Creating environment hook '/home/fljv/Desktop/new/off_b/EiRT-AscenD-Robotics/ros2_ws/install/dronehive_interfaces/share/dronehive_interfaces/hook/ld_library_path_lib.ps1'
[36.496s] INFO:colcon.colcon_core.shell:Creating environment descriptor '/home/fljv/Desktop/new/off_b/EiRT-AscenD-Robotics/ros2_ws/install/dronehive_interfaces/share/dronehive_interfaces/hook/ld_library_path_lib.dsv'
[36.496s] INFO:colcon.colcon_core.shell:Creating environment hook '/home/fljv/Desktop/new/off_b/EiRT-AscenD-Robotics/ros2_ws/install/dronehive_interfaces/share/dronehive_interfaces/hook/ld_library_path_lib.sh'
[36.497s] Level 1:colcon.colcon_core.environment:checking '/home/fljv/Desktop/new/off_b/EiRT-AscenD-Robotics/ros2_ws/install/dronehive_interfaces/bin'
[36.497s] Level 1:colcon.colcon_core.environment:checking '/home/fljv/Desktop/new/off_b/EiRT-AscenD-Robotics/ros2_ws/install/dronehive_interfaces/lib/pkgconfig/dronehive_interfaces.pc'
[36.497s] Level 1:colcon.colcon_core.environment:checking '/home/fljv/Desktop/new/off_b/EiRT-AscenD-Robotics/ros2_ws/install/dronehive_interfaces/lib/python3.10/site-packages'
[36.497s] Level 1:colcon.colcon_core.environment:checking '/home/fljv/Desktop/new/off_b/EiRT-AscenD-Robotics/ros2_ws/install/dronehive_interfaces/bin'
[36.498s] INFO:colcon.colcon_core.shell:Creating package script '/home/fljv/Desktop/new/off_b/EiRT-AscenD-Robotics/ros2_ws/install/dronehive_interfaces/share/dronehive_interfaces/package.ps1'
[36.498s] INFO:colcon.colcon_core.shell:Creating package descriptor '/home/fljv/Desktop/new/off_b/EiRT-AscenD-Robotics/ros2_ws/install/dronehive_interfaces/share/dronehive_interfaces/package.dsv'
[36.502s] INFO:colcon.colcon_core.shell:Creating package script '/home/fljv/Desktop/new/off_b/EiRT-AscenD-Robotics/ros2_ws/install/dronehive_interfaces/share/dronehive_interfaces/package.sh'
[36.502s] INFO:colcon.colcon_core.shell:Creating package script '/home/fljv/Desktop/new/off_b/EiRT-AscenD-Robotics/ros2_ws/install/dronehive_interfaces/share/dronehive_interfaces/package.bash'
[36.502s] INFO:colcon.colcon_core.shell:Creating package script '/home/fljv/Desktop/new/off_b/EiRT-AscenD-Robotics/ros2_ws/install/dronehive_interfaces/share/dronehive_interfaces/package.zsh'
[36.503s] Level 1:colcon.colcon_core.environment:create_file_with_runtime_dependencies(/home/fljv/Desktop/new/off_b/EiRT-AscenD-Robotics/ros2_ws/install/dronehive_interfaces/share/colcon-core/packages/dronehive_interfaces)
[36.504s] INFO:colcon.colcon_ros.task.ament_python.build:Building ROS package in '/home/fljv/Desktop/new/off_b/EiRT-AscenD-Robotics/ros2_ws/src/dronehive' with build type 'ament_python'
[36.504s] Level 1:colcon.colcon_core.shell:create_environment_hook('dronehive', 'ament_prefix_path')
[36.505s] INFO:colcon.colcon_core.shell:Creating environment hook '/home/fljv/Desktop/new/off_b/EiRT-AscenD-Robotics/ros2_ws/install/dronehive/share/dronehive/hook/ament_prefix_path.ps1'
[36.507s] INFO:colcon.colcon_core.shell:Creating environment descriptor '/home/fljv/Desktop/new/off_b/EiRT-AscenD-Robotics/ros2_ws/install/dronehive/share/dronehive/hook/ament_prefix_path.dsv'
[36.507s] INFO:colcon.colcon_core.shell:Creating environment hook '/home/fljv/Desktop/new/off_b/EiRT-AscenD-Robotics/ros2_ws/install/dronehive/share/dronehive/hook/ament_prefix_path.sh'
[36.508s] INFO:colcon.colcon_core.shell:Skip shell extension 'powershell' for command environment: Not usable outside of PowerShell
[36.509s] DEBUG:colcon.colcon_core.shell:Skip shell extension 'dsv' for command environment
[36.515s] INFO:colcon.colcon_ros.task.ament_cmake.build:Building ROS package in '/home/fljv/Desktop/new/off_b/EiRT-AscenD-Robotics/ros2_ws/src/hmi' with build type 'ament_cmake'
[36.515s] INFO:colcon.colcon_cmake.task.cmake.build:Building CMake package in '/home/fljv/Desktop/new/off_b/EiRT-AscenD-Robotics/ros2_ws/src/hmi'
[36.516s] INFO:colcon.colcon_core.shell:Skip shell extension 'powershell' for command environment: Not usable outside of PowerShell
[36.516s] DEBUG:colcon.colcon_core.shell:Skip shell extension 'dsv' for command environment
[36.527s] INFO:colcon.colcon_ros.task.ament_cmake.build:Building ROS package in '/home/fljv/Desktop/new/off_b/EiRT-AscenD-Robotics/ros2_ws/src/hmi_backend' with build type 'ament_cmake'
[36.527s] INFO:colcon.colcon_cmake.task.cmake.build:Building CMake package in '/home/fljv/Desktop/new/off_b/EiRT-AscenD-Robotics/ros2_ws/src/hmi_backend'
[36.528s] INFO:colcon.colcon_core.shell:Skip shell extension 'powershell' for command environment: Not usable outside of PowerShell
[36.528s] DEBUG:colcon.colcon_core.shell:Skip shell extension 'dsv' for command environment
[36.537s] INFO:colcon.colcon_ros.task.ament_python.build:Building ROS package in '/home/fljv/Desktop/new/off_b/EiRT-AscenD-Robotics/ros2_ws/src/offboard' with build type 'ament_python'
[36.537s] Level 1:colcon.colcon_core.shell:create_environment_hook('offboard', 'ament_prefix_path')
[36.538s] INFO:colcon.colcon_core.shell:Creating environment hook '/home/fljv/Desktop/new/off_b/EiRT-AscenD-Robotics/ros2_ws/install/offboard/share/offboard/hook/ament_prefix_path.ps1'
[36.539s] INFO:colcon.colcon_core.shell:Creating environment descriptor '/home/fljv/Desktop/new/off_b/EiRT-AscenD-Robotics/ros2_ws/install/offboard/share/offboard/hook/ament_prefix_path.dsv'
[36.539s] INFO:colcon.colcon_core.shell:Creating environment hook '/home/fljv/Desktop/new/off_b/EiRT-AscenD-Robotics/ros2_ws/install/offboard/share/offboard/hook/ament_prefix_path.sh'
[36.540s] INFO:colcon.colcon_core.shell:Skip shell extension 'powershell' for command environment: Not usable outside of PowerShell
[36.540s] DEBUG:colcon.colcon_core.shell:Skip shell extension 'dsv' for command environment
[36.845s] INFO:colcon.colcon_core.task.python.build:Building Python package in '/home/fljv/Desktop/new/off_b/EiRT-AscenD-Robotics/ros2_ws/src/dronehive'
[36.846s] INFO:colcon.colcon_core.shell:Skip shell extension 'powershell' for command environment: Not usable outside of PowerShell
[36.846s] DEBUG:colcon.colcon_core.shell:Skip shell extension 'dsv' for command environment
[36.858s] DEBUG:colcon.colcon_core.event_handler.log_command:Invoking command in '/home/fljv/Desktop/new/off_b/EiRT-AscenD-Robotics/ros2_ws/build/hmi': AMENT_PREFIX_PATH=/home/fljv/Desktop/new/off_b/EiRT-AscenD-Robotics/ros2_ws/install/dronehive_interfaces:${AMENT_PREFIX_PATH} CMAKE_PREFIX_PATH=/home/fljv/Desktop/new/off_b/EiRT-AscenD-Robotics/ros2_ws/install/dronehive_interfaces:/opt/ros/humble LD_LIBRARY_PATH=/home/fljv/Desktop/new/off_b/EiRT-AscenD-Robotics/ros2_ws/install/dronehive_interfaces/lib:${LD_LIBRARY_PATH} PYTHONPATH=/home/fljv/Desktop/new/off_b/EiRT-AscenD-Robotics/ros2_ws/install/dronehive_interfaces/local/lib/python3.10/dist-packages:${PYTHONPATH} /usr/bin/cmake /home/fljv/Desktop/new/off_b/EiRT-AscenD-Robotics/ros2_ws/src/hmi -DCMAKE_INSTALL_PREFIX=/home/fljv/Desktop/new/off_b/EiRT-AscenD-Robotics/ros2_ws/install/hmi
[36.862s] DEBUG:colcon.colcon_core.event_handler.log_command:Invoking command in '/home/fljv/Desktop/new/off_b/EiRT-AscenD-Robotics/ros2_ws/build/hmi_backend': AMENT_PREFIX_PATH=/home/fljv/Desktop/new/off_b/EiRT-AscenD-Robotics/ros2_ws/install/dronehive_interfaces:${AMENT_PREFIX_PATH} CMAKE_PREFIX_PATH=/home/fljv/Desktop/new/off_b/EiRT-AscenD-Robotics/ros2_ws/install/dronehive_interfaces:/opt/ros/humble LD_LIBRARY_PATH=/home/fljv/Desktop/new/off_b/EiRT-AscenD-Robotics/ros2_ws/install/dronehive_interfaces/lib:${LD_LIBRARY_PATH} PYTHONPATH=/home/fljv/Desktop/new/off_b/EiRT-AscenD-Robotics/ros2_ws/install/dronehive_interfaces/local/lib/python3.10/dist-packages:${PYTHONPATH} /usr/bin/cmake /home/fljv/Desktop/new/off_b/EiRT-AscenD-Robotics/ros2_ws/src/hmi_backend -DCMAKE_INSTALL_PREFIX=/home/fljv/Desktop/new/off_b/EiRT-AscenD-Robotics/ros2_ws/install/hmi_backend
[37.187s] INFO:colcon.colcon_core.task.python.build:Building Python package in '/home/fljv/Desktop/new/off_b/EiRT-AscenD-Robotics/ros2_ws/src/offboard'
[37.187s] INFO:colcon.colcon_core.shell:Skip shell extension 'powershell' for command environment: Not usable outside of PowerShell
[37.188s] DEBUG:colcon.colcon_core.shell:Skip shell extension 'dsv' for command environment
[37.692s] DEBUG:colcon.colcon_core.event_handler.log_command:Invoking command in '/home/fljv/Desktop/new/off_b/EiRT-AscenD-Robotics/ros2_ws/src/offboard': AMENT_PREFIX_PATH=/home/fljv/Desktop/new/off_b/EiRT-AscenD-Robotics/ros2_ws/install/dronehive_interfaces:${AMENT_PREFIX_PATH} CMAKE_PREFIX_PATH=/home/fljv/Desktop/new/off_b/EiRT-AscenD-Robotics/ros2_ws/install/dronehive_interfaces LD_LIBRARY_PATH=/home/fljv/Desktop/new/off_b/EiRT-AscenD-Robotics/ros2_ws/install/dronehive_interfaces/lib:${LD_LIBRARY_PATH} PYTHONPATH=/home/fljv/Desktop/new/off_b/EiRT-AscenD-Robotics/ros2_ws/build/offboard/prefix_override:/usr/lib/python3/dist-packages/colcon_core/task/python/colcon_distutils_commands:/home/fljv/Desktop/new/off_b/EiRT-AscenD-Robotics/ros2_ws/install/offboard/lib/python3.10/site-packages:/home/fljv/Desktop/new/off_b/EiRT-AscenD-Robotics/ros2_ws/install/dronehive_interfaces/local/lib/python3.10/dist-packages:${PYTHONPATH} /usr/bin/python3 -W ignore:setup.py install is deprecated -W ignore:easy_install command is deprecated setup.py egg_info --egg-base ../../build/offboard build --build-base /home/fljv/Desktop/new/off_b/EiRT-AscenD-Robotics/ros2_ws/build/offboard/build install --record /home/fljv/Desktop/new/off_b/EiRT-AscenD-Robotics/ros2_ws/build/offboard/install.log --single-version-externally-managed install_data
[37.731s] DEBUG:colcon.colcon_core.event_handler.log_command:Invoking command in '/home/fljv/Desktop/new/off_b/EiRT-AscenD-Robotics/ros2_ws/src/dronehive': AMENT_PREFIX_PATH=/home/fljv/Desktop/new/off_b/EiRT-AscenD-Robotics/ros2_ws/install/dronehive_interfaces:${AMENT_PREFIX_PATH} CMAKE_PREFIX_PATH=/home/fljv/Desktop/new/off_b/EiRT-AscenD-Robotics/ros2_ws/install/dronehive_interfaces LD_LIBRARY_PATH=/home/fljv/Desktop/new/off_b/EiRT-AscenD-Robotics/ros2_ws/install/dronehive_interfaces/lib:${LD_LIBRARY_PATH} PYTHONPATH=/home/fljv/Desktop/new/off_b/EiRT-AscenD-Robotics/ros2_ws/build/dronehive/prefix_override:/usr/lib/python3/dist-packages/colcon_core/task/python/colcon_distutils_commands:/home/fljv/Desktop/new/off_b/EiRT-AscenD-Robotics/ros2_ws/install/dronehive/lib/python3.10/site-packages:/home/fljv/Desktop/new/off_b/EiRT-AscenD-Robotics/ros2_ws/install/dronehive_interfaces/local/lib/python3.10/dist-packages:${PYTHONPATH} /usr/bin/python3 -W ignore:setup.py install is deprecated -W ignore:easy_install command is deprecated setup.py egg_info --egg-base ../../build/dronehive build --build-base /home/fljv/Desktop/new/off_b/EiRT-AscenD-Robotics/ros2_ws/build/dronehive/build install --record /home/fljv/Desktop/new/off_b/EiRT-AscenD-Robotics/ros2_ws/build/dronehive/install.log --single-version-externally-managed install_data
[38.111s] Level 1:colcon.colcon_core.environment:checking '/home/fljv/Desktop/new/off_b/EiRT-AscenD-Robotics/ros2_ws/install/dronehive' for CMake module files
[38.112s] DEBUG:colcon.colcon_core.event_handler.log_command:Invoked command in '/home/fljv/Desktop/new/off_b/EiRT-AscenD-Robotics/ros2_ws/src/dronehive' returned '0': AMENT_PREFIX_PATH=/home/fljv/Desktop/new/off_b/EiRT-AscenD-Robotics/ros2_ws/install/dronehive_interfaces:${AMENT_PREFIX_PATH} CMAKE_PREFIX_PATH=/home/fljv/Desktop/new/off_b/EiRT-AscenD-Robotics/ros2_ws/install/dronehive_interfaces LD_LIBRARY_PATH=/home/fljv/Desktop/new/off_b/EiRT-AscenD-Robotics/ros2_ws/install/dronehive_interfaces/lib:${LD_LIBRARY_PATH} PYTHONPATH=/home/fljv/Desktop/new/off_b/EiRT-AscenD-Robotics/ros2_ws/build/dronehive/prefix_override:/usr/lib/python3/dist-packages/colcon_core/task/python/colcon_distutils_commands:/home/fljv/Desktop/new/off_b/EiRT-AscenD-Robotics/ros2_ws/install/dronehive/lib/python3.10/site-packages:/home/fljv/Desktop/new/off_b/EiRT-AscenD-Robotics/ros2_ws/install/dronehive_interfaces/local/lib/python3.10/dist-packages:${PYTHONPATH} /usr/bin/python3 -W ignore:setup.py install is deprecated -W ignore:easy_install command is deprecated setup.py egg_info --egg-base ../../build/dronehive build --build-base /home/fljv/Desktop/new/off_b/EiRT-AscenD-Robotics/ros2_ws/build/dronehive/build install --record /home/fljv/Desktop/new/off_b/EiRT-AscenD-Robotics/ros2_ws/build/dronehive/install.log --single-version-externally-managed install_data
[38.112s] Level 1:colcon.colcon_core.environment:checking '/home/fljv/Desktop/new/off_b/EiRT-AscenD-Robotics/ros2_ws/install/dronehive' for CMake config files
[38.115s] Level 1:colcon.colcon_core.environment:checking '/home/fljv/Desktop/new/off_b/EiRT-AscenD-Robotics/ros2_ws/install/dronehive/lib'
[38.115s] Level 1:colcon.colcon_core.environment:checking '/home/fljv/Desktop/new/off_b/EiRT-AscenD-Robotics/ros2_ws/install/dronehive/bin'
[38.116s] Level 1:colcon.colcon_core.environment:checking '/home/fljv/Desktop/new/off_b/EiRT-AscenD-Robotics/ros2_ws/install/dronehive/lib/pkgconfig/dronehive.pc'
[38.117s] Level 1:colcon.colcon_core.environment:checking '/home/fljv/Desktop/new/off_b/EiRT-AscenD-Robotics/ros2_ws/install/dronehive/lib/python3.10/site-packages'
[38.117s] Level 1:colcon.colcon_core.shell:create_environment_hook('dronehive', 'pythonpath')
[38.118s] INFO:colcon.colcon_core.shell:Creating environment hook '/home/fljv/Desktop/new/off_b/EiRT-AscenD-Robotics/ros2_ws/install/dronehive/share/dronehive/hook/pythonpath.ps1'
[38.118s] INFO:colcon.colcon_core.shell:Creating environment descriptor '/home/fljv/Desktop/new/off_b/EiRT-AscenD-Robotics/ros2_ws/install/dronehive/share/dronehive/hook/pythonpath.dsv'
[38.119s] INFO:colcon.colcon_core.shell:Creating environment hook '/home/fljv/Desktop/new/off_b/EiRT-AscenD-Robotics/ros2_ws/install/dronehive/share/dronehive/hook/pythonpath.sh'
[38.121s] Level 1:colcon.colcon_core.environment:checking '/home/fljv/Desktop/new/off_b/EiRT-AscenD-Robotics/ros2_ws/install/dronehive/bin'
[38.121s] Level 1:colcon.colcon_core.environment:create_environment_scripts_only(dronehive)
[38.122s] INFO:colcon.colcon_core.shell:Creating package script '/home/fljv/Desktop/new/off_b/EiRT-AscenD-Robotics/ros2_ws/install/dronehive/share/dronehive/package.ps1'
[38.123s] INFO:colcon.colcon_core.shell:Creating package descriptor '/home/fljv/Desktop/new/off_b/EiRT-AscenD-Robotics/ros2_ws/install/dronehive/share/dronehive/package.dsv'
[38.124s] INFO:colcon.colcon_core.shell:Creating package script '/home/fljv/Desktop/new/off_b/EiRT-AscenD-Robotics/ros2_ws/install/dronehive/share/dronehive/package.sh'
[38.126s] INFO:colcon.colcon_core.shell:Creating package script '/home/fljv/Desktop/new/off_b/EiRT-AscenD-Robotics/ros2_ws/install/dronehive/share/dronehive/package.bash'
[38.127s] INFO:colcon.colcon_core.shell:Creating package script '/home/fljv/Desktop/new/off_b/EiRT-AscenD-Robotics/ros2_ws/install/dronehive/share/dronehive/package.zsh'
[38.128s] Level 1:colcon.colcon_core.environment:create_file_with_runtime_dependencies(/home/fljv/Desktop/new/off_b/EiRT-AscenD-Robotics/ros2_ws/install/dronehive/share/colcon-core/packages/dronehive)
[38.140s] Level 1:colcon.colcon_core.environment:checking '/home/fljv/Desktop/new/off_b/EiRT-AscenD-Robotics/ros2_ws/install/offboard' for CMake module files
[38.141s] DEBUG:colcon.colcon_core.event_handler.log_command:Invoked command in '/home/fljv/Desktop/new/off_b/EiRT-AscenD-Robotics/ros2_ws/src/offboard' returned '0': AMENT_PREFIX_PATH=/home/fljv/Desktop/new/off_b/EiRT-AscenD-Robotics/ros2_ws/install/dronehive_interfaces:${AMENT_PREFIX_PATH} CMAKE_PREFIX_PATH=/home/fljv/Desktop/new/off_b/EiRT-AscenD-Robotics/ros2_ws/install/dronehive_interfaces LD_LIBRARY_PATH=/home/fljv/Desktop/new/off_b/EiRT-AscenD-Robotics/ros2_ws/install/dronehive_interfaces/lib:${LD_LIBRARY_PATH} PYTHONPATH=/home/fljv/Desktop/new/off_b/EiRT-AscenD-Robotics/ros2_ws/build/offboard/prefix_override:/usr/lib/python3/dist-packages/colcon_core/task/python/colcon_distutils_commands:/home/fljv/Desktop/new/off_b/EiRT-AscenD-Robotics/ros2_ws/install/offboard/lib/python3.10/site-packages:/home/fljv/Desktop/new/off_b/EiRT-AscenD-Robotics/ros2_ws/install/dronehive_interfaces/local/lib/python3.10/dist-packages:${PYTHONPATH} /usr/bin/python3 -W ignore:setup.py install is deprecated -W ignore:easy_install command is deprecated setup.py egg_info --egg-base ../../build/offboard build --build-base /home/fljv/Desktop/new/off_b/EiRT-AscenD-Robotics/ros2_ws/build/offboard/build install --record /home/fljv/Desktop/new/off_b/EiRT-AscenD-Robotics/ros2_ws/build/offboard/install.log --single-version-externally-managed install_data
[38.142s] Level 1:colcon.colcon_core.environment:checking '/home/fljv/Desktop/new/off_b/EiRT-AscenD-Robotics/ros2_ws/install/offboard' for CMake config files
[38.142s] Level 1:colcon.colcon_core.environment:checking '/home/fljv/Desktop/new/off_b/EiRT-AscenD-Robotics/ros2_ws/install/offboard/lib'
[38.142s] Level 1:colcon.colcon_core.environment:checking '/home/fljv/Desktop/new/off_b/EiRT-AscenD-Robotics/ros2_ws/install/offboard/bin'
[38.142s] Level 1:colcon.colcon_core.environment:checking '/home/fljv/Desktop/new/off_b/EiRT-AscenD-Robotics/ros2_ws/install/offboard/lib/pkgconfig/offboard.pc'
[38.143s] Level 1:colcon.colcon_core.environment:checking '/home/fljv/Desktop/new/off_b/EiRT-AscenD-Robotics/ros2_ws/install/offboard/lib/python3.10/site-packages'
[38.143s] Level 1:colcon.colcon_core.shell:create_environment_hook('offboard', 'pythonpath')
[38.143s] INFO:colcon.colcon_core.shell:Creating environment hook '/home/fljv/Desktop/new/off_b/EiRT-AscenD-Robotics/ros2_ws/install/offboard/share/offboard/hook/pythonpath.ps1'
[38.144s] INFO:colcon.colcon_core.shell:Creating environment descriptor '/home/fljv/Desktop/new/off_b/EiRT-AscenD-Robotics/ros2_ws/install/offboard/share/offboard/hook/pythonpath.dsv'
[38.144s] INFO:colcon.colcon_core.shell:Creating environment hook '/home/fljv/Desktop/new/off_b/EiRT-AscenD-Robotics/ros2_ws/install/offboard/share/offboard/hook/pythonpath.sh'
[38.145s] Level 1:colcon.colcon_core.environment:checking '/home/fljv/Desktop/new/off_b/EiRT-AscenD-Robotics/ros2_ws/install/offboard/bin'
[38.145s] Level 1:colcon.colcon_core.environment:create_environment_scripts_only(offboard)
[38.146s] INFO:colcon.colcon_core.shell:Creating package script '/home/fljv/Desktop/new/off_b/EiRT-AscenD-Robotics/ros2_ws/install/offboard/share/offboard/package.ps1'
[38.146s] INFO:colcon.colcon_core.shell:Creating package descriptor '/home/fljv/Desktop/new/off_b/EiRT-AscenD-Robotics/ros2_ws/install/offboard/share/offboard/package.dsv'
[38.147s] INFO:colcon.colcon_core.shell:Creating package script '/home/fljv/Desktop/new/off_b/EiRT-AscenD-Robotics/ros2_ws/install/offboard/share/offboard/package.sh'
[38.147s] INFO:colcon.colcon_core.shell:Creating package script '/home/fljv/Desktop/new/off_b/EiRT-AscenD-Robotics/ros2_ws/install/offboard/share/offboard/package.bash'
[38.148s] INFO:colcon.colcon_core.shell:Creating package script '/home/fljv/Desktop/new/off_b/EiRT-AscenD-Robotics/ros2_ws/install/offboard/share/offboard/package.zsh'
[38.148s] Level 1:colcon.colcon_core.environment:create_file_with_runtime_dependencies(/home/fljv/Desktop/new/off_b/EiRT-AscenD-Robotics/ros2_ws/install/offboard/share/colcon-core/packages/offboard)
[38.436s] DEBUG:colcon.colcon_core.event_handler.log_command:Invoked command in '/home/fljv/Desktop/new/off_b/EiRT-AscenD-Robotics/ros2_ws/build/hmi' returned '1': AMENT_PREFIX_PATH=/home/fljv/Desktop/new/off_b/EiRT-AscenD-Robotics/ros2_ws/install/dronehive_interfaces:${AMENT_PREFIX_PATH} CMAKE_PREFIX_PATH=/home/fljv/Desktop/new/off_b/EiRT-AscenD-Robotics/ros2_ws/install/dronehive_interfaces:/opt/ros/humble LD_LIBRARY_PATH=/home/fljv/Desktop/new/off_b/EiRT-AscenD-Robotics/ros2_ws/install/dronehive_interfaces/lib:${LD_LIBRARY_PATH} PYTHONPATH=/home/fljv/Desktop/new/off_b/EiRT-AscenD-Robotics/ros2_ws/install/dronehive_interfaces/local/lib/python3.10/dist-packages:${PYTHONPATH} /usr/bin/cmake /home/fljv/Desktop/new/off_b/EiRT-AscenD-Robotics/ros2_ws/src/hmi -DCMAKE_INSTALL_PREFIX=/home/fljv/Desktop/new/off_b/EiRT-AscenD-Robotics/ros2_ws/install/hmi
[38.463s] Level 1:colcon.colcon_core.environment:create_environment_scripts_only(hmi)
[38.463s] Level 1:colcon.colcon_core.environment:checking '/home/fljv/Desktop/new/off_b/EiRT-AscenD-Robotics/ros2_ws/install/hmi' for CMake module files
[38.464s] Level 1:colcon.colcon_core.environment:checking '/home/fljv/Desktop/new/off_b/EiRT-AscenD-Robotics/ros2_ws/install/hmi' for CMake config files
[38.464s] Level 1:colcon.colcon_core.environment:checking '/home/fljv/Desktop/new/off_b/EiRT-AscenD-Robotics/ros2_ws/install/hmi/bin'
[38.464s] Level 1:colcon.colcon_core.environment:checking '/home/fljv/Desktop/new/off_b/EiRT-AscenD-Robotics/ros2_ws/install/hmi/lib/pkgconfig/hmi.pc'
[38.464s] Level 1:colcon.colcon_core.environment:checking '/home/fljv/Desktop/new/off_b/EiRT-AscenD-Robotics/ros2_ws/install/hmi/lib/python3.10/site-packages'
[38.465s] Level 1:colcon.colcon_core.environment:checking '/home/fljv/Desktop/new/off_b/EiRT-AscenD-Robotics/ros2_ws/install/hmi/bin'
[38.465s] INFO:colcon.colcon_core.shell:Creating package script '/home/fljv/Desktop/new/off_b/EiRT-AscenD-Robotics/ros2_ws/install/hmi/share/hmi/package.ps1'
[38.465s] INFO:colcon.colcon_core.shell:Creating package descriptor '/home/fljv/Desktop/new/off_b/EiRT-AscenD-Robotics/ros2_ws/install/hmi/share/hmi/package.dsv'
[38.466s] INFO:colcon.colcon_core.shell:Creating package script '/home/fljv/Desktop/new/off_b/EiRT-AscenD-Robotics/ros2_ws/install/hmi/share/hmi/package.sh'
[38.466s] INFO:colcon.colcon_core.shell:Creating package script '/home/fljv/Desktop/new/off_b/EiRT-AscenD-Robotics/ros2_ws/install/hmi/share/hmi/package.bash'
[38.466s] INFO:colcon.colcon_core.shell:Creating package script '/home/fljv/Desktop/new/off_b/EiRT-AscenD-Robotics/ros2_ws/install/hmi/share/hmi/package.zsh'
[38.467s] Level 1:colcon.colcon_core.environment:create_file_with_runtime_dependencies(/home/fljv/Desktop/new/off_b/EiRT-AscenD-Robotics/ros2_ws/install/hmi/share/colcon-core/packages/hmi)
[38.488s] DEBUG:colcon.colcon_parallel_executor.executor.parallel:closing loop
[38.489s] DEBUG:colcon.colcon_parallel_executor.executor.parallel:loop closed
[38.489s] DEBUG:colcon.colcon_parallel_executor.executor.parallel:run_until_complete finished with '1'
[38.489s] DEBUG:colcon.colcon_core.event_reactor:joining thread
[38.504s] INFO:colcon.colcon_core.plugin_system:Skipping extension 'colcon_notification.desktop_notification.terminal_notifier': Not used on non-Darwin systems
[38.504s] INFO:colcon.colcon_core.plugin_system:Skipping extension 'colcon_notification.desktop_notification.win32': Not used on non-Windows systems
[38.504s] INFO:colcon.colcon_notification.desktop_notification:Sending desktop notification using 'notify2'
[38.522s] DEBUG:colcon.colcon_core.event_reactor:joined thread
[38.523s] INFO:colcon.colcon_core.shell:Creating prefix script '/home/fljv/Desktop/new/off_b/EiRT-AscenD-Robotics/ros2_ws/install/local_setup.ps1'
[38.525s] INFO:colcon.colcon_core.shell:Creating prefix util module '/home/fljv/Desktop/new/off_b/EiRT-AscenD-Robotics/ros2_ws/install/_local_setup_util_ps1.py'
[38.529s] INFO:colcon.colcon_core.shell:Creating prefix chain script '/home/fljv/Desktop/new/off_b/EiRT-AscenD-Robotics/ros2_ws/install/setup.ps1'
[38.531s] INFO:colcon.colcon_core.shell:Creating prefix script '/home/fljv/Desktop/new/off_b/EiRT-AscenD-Robotics/ros2_ws/install/local_setup.sh'
[38.532s] INFO:colcon.colcon_core.shell:Creating prefix util module '/home/fljv/Desktop/new/off_b/EiRT-AscenD-Robotics/ros2_ws/install/_local_setup_util_sh.py'
[38.534s] INFO:colcon.colcon_core.shell:Creating prefix chain script '/home/fljv/Desktop/new/off_b/EiRT-AscenD-Robotics/ros2_ws/install/setup.sh'
[38.536s] INFO:colcon.colcon_core.shell:Creating prefix script '/home/fljv/Desktop/new/off_b/EiRT-AscenD-Robotics/ros2_ws/install/local_setup.bash'
[38.537s] INFO:colcon.colcon_core.shell:Creating prefix chain script '/home/fljv/Desktop/new/off_b/EiRT-AscenD-Robotics/ros2_ws/install/setup.bash'
[38.539s] INFO:colcon.colcon_core.shell:Creating prefix script '/home/fljv/Desktop/new/off_b/EiRT-AscenD-Robotics/ros2_ws/install/local_setup.zsh'
[38.540s] INFO:colcon.colcon_core.shell:Creating prefix chain script '/home/fljv/Desktop/new/off_b/EiRT-AscenD-Robotics/ros2_ws/install/setup.zsh'
