[  7%] [34m[1mAutomatic MOC for target frontend_node[0m
[  7%] Built target frontend_node_autogen
[35m[1mConsolidate compiler generated dependencies of target frontend_node[0m
[ 15%] [32mBuilding CXX object CMakeFiles/frontend_node.dir/src/mainwindow.cpp.o[0m
[ 23%] [32mBuilding CXX object CMakeFiles/frontend_node.dir/src/warehouseframe.cpp.o[0m
[ 30%] [32m[1mLinking CXX executable frontend_node[0m
[100%] Built target frontend_node
-- Install configuration: ""
-- Installing: /home/samuel/EiRT-AscenD-Robotics/install/hmi/lib/hmi/frontend_node
-- Set runtime path of "/home/samuel/EiRT-AscenD-Robotics/install/hmi/lib/hmi/frontend_node" to ""
-- Installing: /home/samuel/EiRT-AscenD-Robotics/install/hmi/share/ament_index/resource_index/package_run_dependencies/hmi
-- Installing: /home/samuel/EiRT-AscenD-Robotics/install/hmi/share/ament_index/resource_index/parent_prefix_path/hmi
-- Installing: /home/samuel/EiRT-AscenD-Robotics/install/hmi/share/hmi/environment/ament_prefix_path.sh
-- Installing: /home/samuel/EiRT-AscenD-Robotics/install/hmi/share/hmi/environment/ament_prefix_path.dsv
-- Installing: /home/samuel/EiRT-AscenD-Robotics/install/hmi/share/hmi/environment/path.sh
-- Installing: /home/samuel/EiRT-AscenD-Robotics/install/hmi/share/hmi/environment/path.dsv
-- Installing: /home/samuel/EiRT-AscenD-Robotics/install/hmi/share/hmi/local_setup.bash
-- Installing: /home/samuel/EiRT-AscenD-Robotics/install/hmi/share/hmi/local_setup.sh
-- Installing: /home/samuel/EiRT-AscenD-Robotics/install/hmi/share/hmi/local_setup.zsh
-- Installing: /home/samuel/EiRT-AscenD-Robotics/install/hmi/share/hmi/local_setup.dsv
-- Installing: /home/samuel/EiRT-AscenD-Robotics/install/hmi/share/hmi/package.dsv
-- Installing: /home/samuel/EiRT-AscenD-Robotics/install/hmi/share/ament_index/resource_index/packages/hmi
-- Installing: /home/samuel/EiRT-AscenD-Robotics/install/hmi/share/hmi/cmake/hmiConfig.cmake
-- Installing: /home/samuel/EiRT-AscenD-Robotics/install/hmi/share/hmi/cmake/hmiConfig-version.cmake
-- Installing: /home/samuel/EiRT-AscenD-Robotics/install/hmi/share/hmi/package.xml
